WARNING: for repeatability, setting FPU to use double precision
============================[ Problem Statistics ]=============================
|                                                                             |
|  Number of variables:            50                                         |
|  Number of clauses:             218                                         |
|  Parse time:                   0.00 s                                       |
|                                                                             |
============================[ Search Statistics ]==============================
| Conflicts |          ORIGINAL         |          LEARNT          | Progress |
|           |    Vars  Clauses Literals |    Limit  Clauses Lit/Cl |          |
===============================================================================
===============================================================================
restarts              : 1
conflicts             : 32             (142857 /sec)
decisions             : 45             (0.00 % random) (200893 /sec)
propagations          : 498            (2223214 /sec)
conflict literals     : 153            (8.93 % deleted)
Memory used           : 20.00 MB
CPU time              : 0.000224 s

SATISFIABLE
