WARNING: for repeatability, setting FPU to use double precision
============================[ Problem Statistics ]=============================
|                                                                             |
|  Number of variables:            50                                         |
|  Number of clauses:             218                                         |
|  Parse time:                   0.00 s                                       |
|                                                                             |
============================[ Search Statistics ]==============================
| Conflicts |          ORIGINAL         |          LEARNT          | Progress |
|           |    Vars  Clauses Literals |    Limit  Clauses Lit/Cl |          |
===============================================================================
===============================================================================
restarts              : 1
conflicts             : 44             (30598 /sec)
decisions             : 60             (0.00 % random) (41725 /sec)
propagations          : 628            (436718 /sec)
conflict literals     : 182            (10.78 % deleted)
Memory used           : 20.00 MB
CPU time              : 0.001438 s

SATISFIABLE
