WARNING: for repeatability, setting FPU to use double precision
============================[ Problem Statistics ]=============================
|                                                                             |
|  Number of variables:            50                                         |
|  Number of clauses:             218                                         |
|  Parse time:                   0.00 s                                       |
|                                                                             |
============================[ Search Statistics ]==============================
| Conflicts |          ORIGINAL         |          LEARNT          | Progress |
|           |    Vars  Clauses Literals |    Limit  Clauses Lit/Cl |          |
===============================================================================
===============================================================================
restarts              : 1
conflicts             : 66             (44444 /sec)
decisions             : 84             (0.00 % random) (56566 /sec)
propagations          : 891            (600000 /sec)
conflict literals     : 330            (13.84 % deleted)
Memory used           : 20.00 MB
CPU time              : 0.001485 s

SATISFIABLE
