WARNING: for repeatability, setting FPU to use double precision
============================[ Problem Statistics ]=============================
|                                                                             |
|  Number of variables:            50                                         |
|  Number of clauses:             218                                         |
|  Parse time:                   0.00 s                                       |
|                                                                             |
============================[ Search Statistics ]==============================
| Conflicts |          ORIGINAL         |          LEARNT          | Progress |
|           |    Vars  Clauses Literals |    Limit  Clauses Lit/Cl |          |
===============================================================================
===============================================================================
restarts              : 1
conflicts             : 34             (23660 /sec)
decisions             : 47             (0.00 % random) (32707 /sec)
propagations          : 552            (384134 /sec)
conflict literals     : 160            (13.98 % deleted)
Memory used           : 20.00 MB
CPU time              : 0.001437 s

SATISFIABLE
