WARNING: for repeatability, setting FPU to use double precision
============================[ Problem Statistics ]=============================
|                                                                             |
|  Number of variables:            50                                         |
|  Number of clauses:             218                                         |
|  Parse time:                   0.00 s                                       |
|                                                                             |
============================[ Search Statistics ]==============================
| Conflicts |          ORIGINAL         |          LEARNT          | Progress |
|           |    Vars  Clauses Literals |    Limit  Clauses Lit/Cl |          |
===============================================================================
===============================================================================
restarts              : 1
conflicts             : 12             (64865 /sec)
decisions             : 30             (0.00 % random) (162162 /sec)
propagations          : 223            (1205405 /sec)
conflict literals     : 62             (7.46 % deleted)
Memory used           : 20.00 MB
CPU time              : 0.000185 s

SATISFIABLE
