WARNING: for repeatability, setting FPU to use double precision
============================[ Problem Statistics ]=============================
|                                                                             |
|  Number of variables:            50                                         |
|  Number of clauses:             218                                         |
|  Parse time:                   0.00 s                                       |
|                                                                             |
============================[ Search Statistics ]==============================
| Conflicts |          ORIGINAL         |          LEARNT          | Progress |
|           |    Vars  Clauses Literals |    Limit  Clauses Lit/Cl |          |
===============================================================================
===============================================================================
restarts              : 1
conflicts             : 57             (38076 /sec)
decisions             : 70             (0.00 % random) (46760 /sec)
propagations          : 882            (589178 /sec)
conflict literals     : 213            (17.44 % deleted)
Memory used           : 20.00 MB
CPU time              : 0.001497 s

SATISFIABLE
