WARNING: for repeatability, setting FPU to use double precision
============================[ Problem Statistics ]=============================
|                                                                             |
|  Number of variables:            50                                         |
|  Number of clauses:             218                                         |
|  Parse time:                   0.00 s                                       |
|                                                                             |
============================[ Search Statistics ]==============================
| Conflicts |          ORIGINAL         |          LEARNT          | Progress |
|           |    Vars  Clauses Literals |    Limit  Clauses Lit/Cl |          |
===============================================================================
===============================================================================
restarts              : 1
conflicts             : 12             (187500 /sec)
decisions             : 32             (0.00 % random) (500000 /sec)
propagations          : 186            (2906250 /sec)
conflict literals     : 42             (19.23 % deleted)
Memory used           : 20.00 MB
CPU time              : 6.4e-05 s

SATISFIABLE
