WARNING: for repeatability, setting FPU to use double precision
============================[ Problem Statistics ]=============================
|                                                                             |
|  Number of variables:            50                                         |
|  Number of clauses:             218                                         |
|  Parse time:                   0.00 s                                       |
|                                                                             |
============================[ Search Statistics ]==============================
| Conflicts |          ORIGINAL         |          LEARNT          | Progress |
|           |    Vars  Clauses Literals |    Limit  Clauses Lit/Cl |          |
===============================================================================
===============================================================================
restarts              : 1
conflicts             : 41             (28276 /sec)
decisions             : 50             (0.00 % random) (34483 /sec)
propagations          : 593            (408966 /sec)
conflict literals     : 181            (17.35 % deleted)
Memory used           : 20.00 MB
CPU time              : 0.00145 s

SATISFIABLE
