WARNING: for repeatability, setting FPU to use double precision
============================[ Problem Statistics ]=============================
|                                                                             |
|  Number of variables:            50                                         |
|  Number of clauses:             218                                         |
|  Parse time:                   0.00 s                                       |
|                                                                             |
============================[ Search Statistics ]==============================
| Conflicts |          ORIGINAL         |          LEARNT          | Progress |
|           |    Vars  Clauses Literals |    Limit  Clauses Lit/Cl |          |
===============================================================================
===============================================================================
restarts              : 1
conflicts             : 33             (23454 /sec)
decisions             : 44             (0.00 % random) (31272 /sec)
propagations          : 458            (325515 /sec)
conflict literals     : 152            (8.98 % deleted)
Memory used           : 20.00 MB
CPU time              : 0.001407 s

SATISFIABLE
