WARNING: for repeatability, setting FPU to use double precision
============================[ Problem Statistics ]=============================
|                                                                             |
|  Number of variables:            50                                         |
|  Number of clauses:             218                                         |
|  Parse time:                   0.00 s                                       |
|                                                                             |
============================[ Search Statistics ]==============================
| Conflicts |          ORIGINAL         |          LEARNT          | Progress |
|           |    Vars  Clauses Literals |    Limit  Clauses Lit/Cl |          |
===============================================================================
===============================================================================
restarts              : 1
conflicts             : 4              (85106 /sec)
decisions             : 22             (0.00 % random) (468085 /sec)
propagations          : 103            (2191489 /sec)
conflict literals     : 16             (5.88 % deleted)
Memory used           : 20.00 MB
CPU time              : 4.7e-05 s

SATISFIABLE
