WARNING: for repeatability, setting FPU to use double precision
============================[ Problem Statistics ]=============================
|                                                                             |
|  Number of variables:            50                                         |
|  Number of clauses:             218                                         |
|  Parse time:                   0.00 s                                       |
|                                                                             |
============================[ Search Statistics ]==============================
| Conflicts |          ORIGINAL         |          LEARNT          | Progress |
|           |    Vars  Clauses Literals |    Limit  Clauses Lit/Cl |          |
===============================================================================
===============================================================================
restarts              : 1
conflicts             : 30             (21157 /sec)
decisions             : 41             (0.00 % random) (28914 /sec)
propagations          : 475            (334979 /sec)
conflict literals     : 126            (13.70 % deleted)
Memory used           : 20.00 MB
CPU time              : 0.001418 s

SATISFIABLE
