WARNING: for repeatability, setting FPU to use double precision
============================[ Problem Statistics ]=============================
|                                                                             |
|  Number of variables:            50                                         |
|  Number of clauses:             218                                         |
|  Parse time:                   0.00 s                                       |
|                                                                             |
============================[ Search Statistics ]==============================
| Conflicts |          ORIGINAL         |          LEARNT          | Progress |
|           |    Vars  Clauses Literals |    Limit  Clauses Lit/Cl |          |
===============================================================================
===============================================================================
restarts              : 1
conflicts             : 7              (5201 /sec)
decisions             : 16             (0.00 % random) (11887 /sec)
propagations          : 147            (109212 /sec)
conflict literals     : 40             (2.44 % deleted)
Memory used           : 20.00 MB
CPU time              : 0.001346 s

SATISFIABLE
