WARNING: for repeatability, setting FPU to use double precision
============================[ Problem Statistics ]=============================
|                                                                             |
|  Number of variables:            50                                         |
|  Number of clauses:             218                                         |
|  Parse time:                   0.00 s                                       |
|                                                                             |
============================[ Search Statistics ]==============================
| Conflicts |          ORIGINAL         |          LEARNT          | Progress |
|           |    Vars  Clauses Literals |    Limit  Clauses Lit/Cl |          |
===============================================================================
===============================================================================
restarts              : 1
conflicts             : 69             (198847 /sec)
decisions             : 86             (0.00 % random) (247839 /sec)
propagations          : 986            (2841499 /sec)
conflict literals     : 329            (17.34 % deleted)
Memory used           : 20.00 MB
CPU time              : 0.000347 s

SATISFIABLE
