WARNING: for repeatability, setting FPU to use double precision
============================[ Problem Statistics ]=============================
|                                                                             |
|  Number of variables:            50                                         |
|  Number of clauses:             218                                         |
|  Parse time:                   0.00 s                                       |
|                                                                             |
============================[ Search Statistics ]==============================
| Conflicts |          ORIGINAL         |          LEARNT          | Progress |
|           |    Vars  Clauses Literals |    Limit  Clauses Lit/Cl |          |
===============================================================================
===============================================================================
restarts              : 1
conflicts             : 22             (15827 /sec)
decisions             : 31             (0.00 % random) (22302 /sec)
propagations          : 401            (288489 /sec)
conflict literals     : 91             (21.55 % deleted)
Memory used           : 20.00 MB
CPU time              : 0.00139 s

SATISFIABLE
