WARNING: for repeatability, setting FPU to use double precision
============================[ Problem Statistics ]=============================
|                                                                             |
|  Number of variables:            50                                         |
|  Number of clauses:             218                                         |
|  Parse time:                   0.00 s                                       |
|                                                                             |
============================[ Search Statistics ]==============================
| Conflicts |          ORIGINAL         |          LEARNT          | Progress |
|           |    Vars  Clauses Literals |    Limit  Clauses Lit/Cl |          |
===============================================================================
===============================================================================
restarts              : 1
conflicts             : 40             (30395 /sec)
decisions             : 64             (0.00 % random) (48632 /sec)
propagations          : 596            (452888 /sec)
conflict literals     : 205            (8.89 % deleted)
Memory used           : 20.00 MB
CPU time              : 0.001316 s

SATISFIABLE
