WARNING: for repeatability, setting FPU to use double precision
============================[ Problem Statistics ]=============================
|                                                                             |
|  Number of variables:            50                                         |
|  Number of clauses:             218                                         |
|  Parse time:                   0.00 s                                       |
|                                                                             |
============================[ Search Statistics ]==============================
| Conflicts |          ORIGINAL         |          LEARNT          | Progress |
|           |    Vars  Clauses Literals |    Limit  Clauses Lit/Cl |          |
===============================================================================
===============================================================================
restarts              : 1
conflicts             : 38             (155102 /sec)
decisions             : 48             (0.00 % random) (195918 /sec)
propagations          : 604            (2465306 /sec)
conflict literals     : 151            (20.94 % deleted)
Memory used           : 20.00 MB
CPU time              : 0.000245 s

SATISFIABLE
