WARNING: for repeatability, setting FPU to use double precision
============================[ Problem Statistics ]=============================
|                                                                             |
|  Number of variables:            50                                         |
|  Number of clauses:             218                                         |
|  Parse time:                   0.00 s                                       |
|                                                                             |
============================[ Search Statistics ]==============================
| Conflicts |          ORIGINAL         |          LEARNT          | Progress |
|           |    Vars  Clauses Literals |    Limit  Clauses Lit/Cl |          |
===============================================================================
===============================================================================
restarts              : 1
conflicts             : 45             (30801 /sec)
decisions             : 58             (0.00 % random) (39699 /sec)
propagations          : 641            (438741 /sec)
conflict literals     : 191            (10.33 % deleted)
Memory used           : 20.00 MB
CPU time              : 0.001461 s

SATISFIABLE
