WARNING: for repeatability, setting FPU to use double precision
============================[ Problem Statistics ]=============================
|                                                                             |
|  Number of variables:            50                                         |
|  Number of clauses:             218                                         |
|  Parse time:                   0.00 s                                       |
|                                                                             |
============================[ Search Statistics ]==============================
| Conflicts |          ORIGINAL         |          LEARNT          | Progress |
|           |    Vars  Clauses Literals |    Limit  Clauses Lit/Cl |          |
===============================================================================
===============================================================================
restarts              : 1
conflicts             : 8              (5900 /sec)
decisions             : 23             (0.00 % random) (16962 /sec)
propagations          : 158            (116519 /sec)
conflict literals     : 32             (8.57 % deleted)
Memory used           : 20.00 MB
CPU time              : 0.001356 s

SATISFIABLE
