WARNING: for repeatability, setting FPU to use double precision
============================[ Problem Statistics ]=============================
|                                                                             |
|  Number of variables:            50                                         |
|  Number of clauses:             218                                         |
|  Parse time:                   0.00 s                                       |
|                                                                             |
============================[ Search Statistics ]==============================
| Conflicts |          ORIGINAL         |          LEARNT          | Progress |
|           |    Vars  Clauses Literals |    Limit  Clauses Lit/Cl |          |
===============================================================================
===============================================================================
restarts              : 1
conflicts             : 7              (5185 /sec)
decisions             : 27             (0.00 % random) (20000 /sec)
propagations          : 146            (108148 /sec)
conflict literals     : 27             (10.00 % deleted)
Memory used           : 20.00 MB
CPU time              : 0.00135 s

SATISFIABLE
