WARNING: for repeatability, setting FPU to use double precision
============================[ Problem Statistics ]=============================
|                                                                             |
|  Number of variables:            50                                         |
|  Number of clauses:             218                                         |
|  Parse time:                   0.00 s                                       |
|                                                                             |
============================[ Search Statistics ]==============================
| Conflicts |          ORIGINAL         |          LEARNT          | Progress |
|           |    Vars  Clauses Literals |    Limit  Clauses Lit/Cl |          |
===============================================================================
===============================================================================
restarts              : 1
conflicts             : 12             (8778 /sec)
decisions             : 27             (0.00 % random) (19751 /sec)
propagations          : 243            (177762 /sec)
conflict literals     : 55             (5.17 % deleted)
Memory used           : 20.00 MB
CPU time              : 0.001367 s

SATISFIABLE
