WARNING: for repeatability, setting FPU to use double precision
============================[ Problem Statistics ]=============================
|                                                                             |
|  Number of variables:            50                                         |
|  Number of clauses:             218                                         |
|  Parse time:                   0.00 s                                       |
|                                                                             |
============================[ Search Statistics ]==============================
| Conflicts |          ORIGINAL         |          LEARNT          | Progress |
|           |    Vars  Clauses Literals |    Limit  Clauses Lit/Cl |          |
===============================================================================
===============================================================================
restarts              : 1
conflicts             : 40             (27855 /sec)
decisions             : 49             (0.00 % random) (34123 /sec)
propagations          : 651            (453343 /sec)
conflict literals     : 196            (7.98 % deleted)
Memory used           : 20.00 MB
CPU time              : 0.001436 s

SATISFIABLE
