WARNING: for repeatability, setting FPU to use double precision
============================[ Problem Statistics ]=============================
|                                                                             |
|  Number of variables:            50                                         |
|  Number of clauses:             218                                         |
|  Parse time:                   0.00 s                                       |
|                                                                             |
============================[ Search Statistics ]==============================
| Conflicts |          ORIGINAL         |          LEARNT          | Progress |
|           |    Vars  Clauses Literals |    Limit  Clauses Lit/Cl |          |
===============================================================================
===============================================================================
restarts              : 1
conflicts             : 34             (23826 /sec)
decisions             : 48             (0.00 % random) (33637 /sec)
propagations          : 510            (357393 /sec)
conflict literals     : 119            (16.20 % deleted)
Memory used           : 20.00 MB
CPU time              : 0.001427 s

SATISFIABLE
