WARNING: for repeatability, setting FPU to use double precision
============================[ Problem Statistics ]=============================
|                                                                             |
|  Number of variables:            50                                         |
|  Number of clauses:             218                                         |
|  Parse time:                   0.00 s                                       |
|                                                                             |
============================[ Search Statistics ]==============================
| Conflicts |          ORIGINAL         |          LEARNT          | Progress |
|           |    Vars  Clauses Literals |    Limit  Clauses Lit/Cl |          |
===============================================================================
===============================================================================
restarts              : 1
conflicts             : 2              (12739 /sec)
decisions             : 17             (0.00 % random) (108280 /sec)
propagations          : 65             (414013 /sec)
conflict literals     : 6              (0.00 % deleted)
Memory used           : 20.00 MB
CPU time              : 0.000157 s

SATISFIABLE
