WARNING: for repeatability, setting FPU to use double precision
============================[ Problem Statistics ]=============================
|                                                                             |
|  Number of variables:            50                                         |
|  Number of clauses:             218                                         |
|  Parse time:                   0.00 s                                       |
|                                                                             |
============================[ Search Statistics ]==============================
| Conflicts |          ORIGINAL         |          LEARNT          | Progress |
|           |    Vars  Clauses Literals |    Limit  Clauses Lit/Cl |          |
===============================================================================
===============================================================================
restarts              : 1
conflicts             : 30             (21262 /sec)
decisions             : 43             (0.00 % random) (30475 /sec)
propagations          : 493            (349398 /sec)
conflict literals     : 160            (4.19 % deleted)
Memory used           : 20.00 MB
CPU time              : 0.001411 s

SATISFIABLE
