WARNING: for repeatability, setting FPU to use double precision
============================[ Problem Statistics ]=============================
|                                                                             |
|  Number of variables:            50                                         |
|  Number of clauses:             218                                         |
|  Parse time:                   0.00 s                                       |
|                                                                             |
============================[ Search Statistics ]==============================
| Conflicts |          ORIGINAL         |          LEARNT          | Progress |
|           |    Vars  Clauses Literals |    Limit  Clauses Lit/Cl |          |
===============================================================================
===============================================================================
restarts              : 1
conflicts             : 62             (208054 /sec)
decisions             : 79             (0.00 % random) (265101 /sec)
propagations          : 938            (3147651 /sec)
conflict literals     : 253            (16.78 % deleted)
Memory used           : 20.00 MB
CPU time              : 0.000298 s

SATISFIABLE
