WARNING: for repeatability, setting FPU to use double precision
============================[ Problem Statistics ]=============================
|                                                                             |
|  Number of variables:            50                                         |
|  Number of clauses:             218                                         |
|  Parse time:                   0.00 s                                       |
|                                                                             |
============================[ Search Statistics ]==============================
| Conflicts |          ORIGINAL         |          LEARNT          | Progress |
|           |    Vars  Clauses Literals |    Limit  Clauses Lit/Cl |          |
===============================================================================
===============================================================================
restarts              : 1
conflicts             : 58             (39945 /sec)
decisions             : 77             (0.00 % random) (53030 /sec)
propagations          : 721            (496556 /sec)
conflict literals     : 269            (12.38 % deleted)
Memory used           : 20.00 MB
CPU time              : 0.001452 s

SATISFIABLE
