WARNING: for repeatability, setting FPU to use double precision
============================[ Problem Statistics ]=============================
|                                                                             |
|  Number of variables:            50                                         |
|  Number of clauses:             218                                         |
|  Parse time:                   0.00 s                                       |
|                                                                             |
============================[ Search Statistics ]==============================
| Conflicts |          ORIGINAL         |          LEARNT          | Progress |
|           |    Vars  Clauses Literals |    Limit  Clauses Lit/Cl |          |
===============================================================================
===============================================================================
restarts              : 1
conflicts             : 34             (24011 /sec)
decisions             : 43             (0.00 % random) (30367 /sec)
propagations          : 456            (322034 /sec)
conflict literals     : 182            (7.14 % deleted)
Memory used           : 20.00 MB
CPU time              : 0.001416 s

SATISFIABLE
