WARNING: for repeatability, setting FPU to use double precision
============================[ Problem Statistics ]=============================
|                                                                             |
|  Number of variables:            50                                         |
|  Number of clauses:             218                                         |
|  Parse time:                   0.00 s                                       |
|                                                                             |
============================[ Search Statistics ]==============================
| Conflicts |          ORIGINAL         |          LEARNT          | Progress |
|           |    Vars  Clauses Literals |    Limit  Clauses Lit/Cl |          |
===============================================================================
===============================================================================
restarts              : 1
conflicts             : 71             (46927 /sec)
decisions             : 92             (0.00 % random) (60806 /sec)
propagations          : 981            (648381 /sec)
conflict literals     : 299            (15.30 % deleted)
Memory used           : 20.00 MB
CPU time              : 0.001513 s

SATISFIABLE
