WARNING: for repeatability, setting FPU to use double precision
============================[ Problem Statistics ]=============================
|                                                                             |
|  Number of variables:            50                                         |
|  Number of clauses:             218                                         |
|  Parse time:                   0.00 s                                       |
|                                                                             |
============================[ Search Statistics ]==============================
| Conflicts |          ORIGINAL         |          LEARNT          | Progress |
|           |    Vars  Clauses Literals |    Limit  Clauses Lit/Cl |          |
===============================================================================
===============================================================================
restarts              : 1
conflicts             : 35             (24561 /sec)
decisions             : 46             (0.00 % random) (32281 /sec)
propagations          : 484            (339649 /sec)
conflict literals     : 153            (15.47 % deleted)
Memory used           : 20.00 MB
CPU time              : 0.001425 s

SATISFIABLE
