WARNING: for repeatability, setting FPU to use double precision
============================[ Problem Statistics ]=============================
|                                                                             |
|  Number of variables:            50                                         |
|  Number of clauses:             218                                         |
|  Parse time:                   0.00 s                                       |
|                                                                             |
============================[ Search Statistics ]==============================
| Conflicts |          ORIGINAL         |          LEARNT          | Progress |
|           |    Vars  Clauses Literals |    Limit  Clauses Lit/Cl |          |
===============================================================================
===============================================================================
restarts              : 1
conflicts             : 29             (20700 /sec)
decisions             : 40             (0.00 % random) (28551 /sec)
propagations          : 466            (332620 /sec)
conflict literals     : 147            (8.12 % deleted)
Memory used           : 20.00 MB
CPU time              : 0.001401 s

SATISFIABLE
