WARNING: for repeatability, setting FPU to use double precision
============================[ Problem Statistics ]=============================
|                                                                             |
|  Number of variables:            50                                         |
|  Number of clauses:             218                                         |
|  Parse time:                   0.00 s                                       |
|                                                                             |
============================[ Search Statistics ]==============================
| Conflicts |          ORIGINAL         |          LEARNT          | Progress |
|           |    Vars  Clauses Literals |    Limit  Clauses Lit/Cl |          |
===============================================================================
===============================================================================
restarts              : 1
conflicts             : 69             (45187 /sec)
decisions             : 85             (0.00 % random) (55665 /sec)
propagations          : 1013           (663392 /sec)
conflict literals     : 291            (17.56 % deleted)
Memory used           : 20.00 MB
CPU time              : 0.001527 s

SATISFIABLE
