WARNING: for repeatability, setting FPU to use double precision
============================[ Problem Statistics ]=============================
|                                                                             |
|  Number of variables:            50                                         |
|  Number of clauses:             218                                         |
|  Parse time:                   0.00 s                                       |
|                                                                             |
============================[ Search Statistics ]==============================
| Conflicts |          ORIGINAL         |          LEARNT          | Progress |
|           |    Vars  Clauses Literals |    Limit  Clauses Lit/Cl |          |
===============================================================================
===============================================================================
restarts              : 1
conflicts             : 28             (19957 /sec)
decisions             : 43             (0.00 % random) (30649 /sec)
propagations          : 450            (320741 /sec)
conflict literals     : 122            (10.95 % deleted)
Memory used           : 20.00 MB
CPU time              : 0.001403 s

SATISFIABLE
