WARNING: for repeatability, setting FPU to use double precision
============================[ Problem Statistics ]=============================
|                                                                             |
|  Number of variables:            50                                         |
|  Number of clauses:             218                                         |
|  Parse time:                   0.00 s                                       |
|                                                                             |
============================[ Search Statistics ]==============================
| Conflicts |          ORIGINAL         |          LEARNT          | Progress |
|           |    Vars  Clauses Literals |    Limit  Clauses Lit/Cl |          |
===============================================================================
===============================================================================
restarts              : 1
conflicts             : 11             (8012 /sec)
decisions             : 26             (0.00 % random) (18937 /sec)
propagations          : 167            (121631 /sec)
conflict literals     : 58             (7.94 % deleted)
Memory used           : 20.00 MB
CPU time              : 0.001373 s

SATISFIABLE
