WARNING: for repeatability, setting FPU to use double precision
============================[ Problem Statistics ]=============================
|                                                                             |
|  Number of variables:            50                                         |
|  Number of clauses:             218                                         |
|  Parse time:                   0.00 s                                       |
|                                                                             |
============================[ Search Statistics ]==============================
| Conflicts |          ORIGINAL         |          LEARNT          | Progress |
|           |    Vars  Clauses Literals |    Limit  Clauses Lit/Cl |          |
===============================================================================
===============================================================================
restarts              : 1
conflicts             : 49             (33700 /sec)
decisions             : 72             (0.00 % random) (49519 /sec)
propagations          : 754            (518569 /sec)
conflict literals     : 220            (10.93 % deleted)
Memory used           : 20.00 MB
CPU time              : 0.001454 s

SATISFIABLE
