WARNING: for repeatability, setting FPU to use double precision
============================[ Problem Statistics ]=============================
|                                                                             |
|  Number of variables:            50                                         |
|  Number of clauses:             218                                         |
|  Parse time:                   0.00 s                                       |
|                                                                             |
============================[ Search Statistics ]==============================
| Conflicts |          ORIGINAL         |          LEARNT          | Progress |
|           |    Vars  Clauses Literals |    Limit  Clauses Lit/Cl |          |
===============================================================================
===============================================================================
restarts              : 1
conflicts             : 35             (24579 /sec)
decisions             : 56             (0.00 % random) (39326 /sec)
propagations          : 489            (343399 /sec)
conflict literals     : 161            (13.44 % deleted)
Memory used           : 20.00 MB
CPU time              : 0.001424 s

SATISFIABLE
