WARNING: for repeatability, setting FPU to use double precision
============================[ Problem Statistics ]=============================
|                                                                             |
|  Number of variables:            50                                         |
|  Number of clauses:             218                                         |
|  Parse time:                   0.00 s                                       |
|                                                                             |
============================[ Search Statistics ]==============================
| Conflicts |          ORIGINAL         |          LEARNT          | Progress |
|           |    Vars  Clauses Literals |    Limit  Clauses Lit/Cl |          |
===============================================================================
===============================================================================
restarts              : 1
conflicts             : 31             (21862 /sec)
decisions             : 39             (0.00 % random) (27504 /sec)
propagations          : 486            (342736 /sec)
conflict literals     : 146            (17.05 % deleted)
Memory used           : 20.00 MB
CPU time              : 0.001418 s

SATISFIABLE
