WARNING: for repeatability, setting FPU to use double precision
============================[ Problem Statistics ]=============================
|                                                                             |
|  Number of variables:            50                                         |
|  Number of clauses:             218                                         |
|  Parse time:                   0.00 s                                       |
|                                                                             |
============================[ Search Statistics ]==============================
| Conflicts |          ORIGINAL         |          LEARNT          | Progress |
|           |    Vars  Clauses Literals |    Limit  Clauses Lit/Cl |          |
===============================================================================
===============================================================================
restarts              : 1
conflicts             : 57             (39148 /sec)
decisions             : 69             (0.00 % random) (47390 /sec)
propagations          : 738            (506868 /sec)
conflict literals     : 234            (14.91 % deleted)
Memory used           : 20.00 MB
CPU time              : 0.001456 s

SATISFIABLE
