WARNING: for repeatability, setting FPU to use double precision
============================[ Problem Statistics ]=============================
|                                                                             |
|  Number of variables:            50                                         |
|  Number of clauses:             218                                         |
|  Parse time:                   0.00 s                                       |
|                                                                             |
============================[ Search Statistics ]==============================
| Conflicts |          ORIGINAL         |          LEARNT          | Progress |
|           |    Vars  Clauses Literals |    Limit  Clauses Lit/Cl |          |
===============================================================================
===============================================================================
restarts              : 1
conflicts             : 16             (11252 /sec)
decisions             : 35             (0.00 % random) (24613 /sec)
propagations          : 288            (202532 /sec)
conflict literals     : 67             (8.22 % deleted)
Memory used           : 20.00 MB
CPU time              : 0.001422 s

SATISFIABLE
