WARNING: for repeatability, setting FPU to use double precision
============================[ Problem Statistics ]=============================
|                                                                             |
|  Number of variables:            50                                         |
|  Number of clauses:             218                                         |
|  Parse time:                   0.00 s                                       |
|                                                                             |
============================[ Search Statistics ]==============================
| Conflicts |          ORIGINAL         |          LEARNT          | Progress |
|           |    Vars  Clauses Literals |    Limit  Clauses Lit/Cl |          |
===============================================================================
===============================================================================
restarts              : 1
conflicts             : 2              (12658 /sec)
decisions             : 13             (0.00 % random) (82278 /sec)
propagations          : 102            (645570 /sec)
conflict literals     : 8              (20.00 % deleted)
Memory used           : 20.00 MB
CPU time              : 0.000158 s

SATISFIABLE
