WARNING: for repeatability, setting FPU to use double precision
============================[ Problem Statistics ]=============================
|                                                                             |
|  Number of variables:            50                                         |
|  Number of clauses:             218                                         |
|  Parse time:                   0.00 s                                       |
|                                                                             |
============================[ Search Statistics ]==============================
| Conflicts |          ORIGINAL         |          LEARNT          | Progress |
|           |    Vars  Clauses Literals |    Limit  Clauses Lit/Cl |          |
===============================================================================
===============================================================================
restarts              : 1
conflicts             : 11             (63584 /sec)
decisions             : 19             (0.00 % random) (109827 /sec)
propagations          : 162            (936416 /sec)
conflict literals     : 49             (9.26 % deleted)
Memory used           : 20.00 MB
CPU time              : 0.000173 s

SATISFIABLE
