WARNING: for repeatability, setting FPU to use double precision
============================[ Problem Statistics ]=============================
|                                                                             |
|  Number of variables:            50                                         |
|  Number of clauses:             218                                         |
|  Parse time:                   0.00 s                                       |
|                                                                             |
============================[ Search Statistics ]==============================
| Conflicts |          ORIGINAL         |          LEARNT          | Progress |
|           |    Vars  Clauses Literals |    Limit  Clauses Lit/Cl |          |
===============================================================================
===============================================================================
restarts              : 1
conflicts             : 20             (14472 /sec)
decisions             : 33             (0.00 % random) (23878 /sec)
propagations          : 346            (250362 /sec)
conflict literals     : 127            (14.19 % deleted)
Memory used           : 20.00 MB
CPU time              : 0.001382 s

SATISFIABLE
