WARNING: for repeatability, setting FPU to use double precision
============================[ Problem Statistics ]=============================
|                                                                             |
|  Number of variables:            50                                         |
|  Number of clauses:             218                                         |
|  Parse time:                   0.00 s                                       |
|                                                                             |
============================[ Search Statistics ]==============================
| Conflicts |          ORIGINAL         |          LEARNT          | Progress |
|           |    Vars  Clauses Literals |    Limit  Clauses Lit/Cl |          |
===============================================================================
===============================================================================
restarts              : 1
conflicts             : 25             (17832 /sec)
decisions             : 39             (0.00 % random) (27817 /sec)
propagations          : 388            (276748 /sec)
conflict literals     : 109            (9.92 % deleted)
Memory used           : 20.00 MB
CPU time              : 0.001402 s

SATISFIABLE
