WARNING: for repeatability, setting FPU to use double precision
============================[ Problem Statistics ]=============================
|                                                                             |
|  Number of variables:            50                                         |
|  Number of clauses:             218                                         |
|  Parse time:                   0.00 s                                       |
|                                                                             |
============================[ Search Statistics ]==============================
| Conflicts |          ORIGINAL         |          LEARNT          | Progress |
|           |    Vars  Clauses Literals |    Limit  Clauses Lit/Cl |          |
===============================================================================
===============================================================================
restarts              : 1
conflicts             : 7              (5155 /sec)
decisions             : 18             (0.00 % random) (13255 /sec)
propagations          : 151            (111193 /sec)
conflict literals     : 31             (8.82 % deleted)
Memory used           : 20.00 MB
CPU time              : 0.001358 s

SATISFIABLE
