WARNING: for repeatability, setting FPU to use double precision
============================[ Problem Statistics ]=============================
|                                                                             |
|  Number of variables:            50                                         |
|  Number of clauses:             218                                         |
|  Parse time:                   0.00 s                                       |
|                                                                             |
============================[ Search Statistics ]==============================
| Conflicts |          ORIGINAL         |          LEARNT          | Progress |
|           |    Vars  Clauses Literals |    Limit  Clauses Lit/Cl |          |
===============================================================================
===============================================================================
restarts              : 1
conflicts             : 37             (26335 /sec)
decisions             : 47             (0.00 % random) (33452 /sec)
propagations          : 494            (351601 /sec)
conflict literals     : 134            (6.29 % deleted)
Memory used           : 20.00 MB
CPU time              : 0.001405 s

SATISFIABLE
