WARNING: for repeatability, setting FPU to use double precision
============================[ Problem Statistics ]=============================
|                                                                             |
|  Number of variables:            50                                         |
|  Number of clauses:             218                                         |
|  Parse time:                   0.00 s                                       |
|                                                                             |
============================[ Search Statistics ]==============================
| Conflicts |          ORIGINAL         |          LEARNT          | Progress |
|           |    Vars  Clauses Literals |    Limit  Clauses Lit/Cl |          |
===============================================================================
===============================================================================
restarts              : 1
conflicts             : 22             (244444 /sec)
decisions             : 37             (0.00 % random) (411111 /sec)
propagations          : 346            (3844444 /sec)
conflict literals     : 113            (5.04 % deleted)
Memory used           : 20.00 MB
CPU time              : 9e-05 s

SATISFIABLE
