WARNING: for repeatability, setting FPU to use double precision
============================[ Problem Statistics ]=============================
|                                                                             |
|  Number of variables:            50                                         |
|  Number of clauses:             218                                         |
|  Parse time:                   0.00 s                                       |
|                                                                             |
============================[ Search Statistics ]==============================
| Conflicts |          ORIGINAL         |          LEARNT          | Progress |
|           |    Vars  Clauses Literals |    Limit  Clauses Lit/Cl |          |
===============================================================================
===============================================================================
restarts              : 1
conflicts             : 45             (31272 /sec)
decisions             : 60             (0.00 % random) (41696 /sec)
propagations          : 644            (447533 /sec)
conflict literals     : 229            (15.81 % deleted)
Memory used           : 20.00 MB
CPU time              : 0.001439 s

SATISFIABLE
