WARNING: for repeatability, setting FPU to use double precision
============================[ Problem Statistics ]=============================
|                                                                             |
|  Number of variables:            50                                         |
|  Number of clauses:             218                                         |
|  Parse time:                   0.00 s                                       |
|                                                                             |
============================[ Search Statistics ]==============================
| Conflicts |          ORIGINAL         |          LEARNT          | Progress |
|           |    Vars  Clauses Literals |    Limit  Clauses Lit/Cl |          |
===============================================================================
===============================================================================
restarts              : 1
conflicts             : 76             (49351 /sec)
decisions             : 94             (0.00 % random) (61039 /sec)
propagations          : 1109           (720130 /sec)
conflict literals     : 375            (8.54 % deleted)
Memory used           : 20.00 MB
CPU time              : 0.00154 s

SATISFIABLE
