WARNING: for repeatability, setting FPU to use double precision
============================[ Problem Statistics ]=============================
|                                                                             |
|  Number of variables:            50                                         |
|  Number of clauses:             218                                         |
|  Parse time:                   0.00 s                                       |
|                                                                             |
============================[ Search Statistics ]==============================
| Conflicts |          ORIGINAL         |          LEARNT          | Progress |
|           |    Vars  Clauses Literals |    Limit  Clauses Lit/Cl |          |
===============================================================================
===============================================================================
restarts              : 1
conflicts             : 16             (11519 /sec)
decisions             : 32             (0.00 % random) (23038 /sec)
propagations          : 283            (203744 /sec)
conflict literals     : 63             (10.00 % deleted)
Memory used           : 20.00 MB
CPU time              : 0.001389 s

SATISFIABLE
