WARNING: for repeatability, setting FPU to use double precision
============================[ Problem Statistics ]=============================
|                                                                             |
|  Number of variables:            50                                         |
|  Number of clauses:             218                                         |
|  Parse time:                   0.00 s                                       |
|                                                                             |
============================[ Search Statistics ]==============================
| Conflicts |          ORIGINAL         |          LEARNT          | Progress |
|           |    Vars  Clauses Literals |    Limit  Clauses Lit/Cl |          |
===============================================================================
===============================================================================
restarts              : 1
conflicts             : 59             (331461 /sec)
decisions             : 77             (0.00 % random) (432584 /sec)
propagations          : 994            (5584270 /sec)
conflict literals     : 251            (18.77 % deleted)
Memory used           : 20.00 MB
CPU time              : 0.000178 s

SATISFIABLE
