WARNING: for repeatability, setting FPU to use double precision
============================[ Problem Statistics ]=============================
|                                                                             |
|  Number of variables:            50                                         |
|  Number of clauses:             218                                         |
|  Parse time:                   0.00 s                                       |
|                                                                             |
============================[ Search Statistics ]==============================
| Conflicts |          ORIGINAL         |          LEARNT          | Progress |
|           |    Vars  Clauses Literals |    Limit  Clauses Lit/Cl |          |
===============================================================================
===============================================================================
restarts              : 1
conflicts             : 41             (308271 /sec)
decisions             : 58             (0.00 % random) (436090 /sec)
propagations          : 558            (4195489 /sec)
conflict literals     : 219            (6.81 % deleted)
Memory used           : 20.00 MB
CPU time              : 0.000133 s

SATISFIABLE
