WARNING: for repeatability, setting FPU to use double precision
============================[ Problem Statistics ]=============================
|                                                                             |
|  Number of variables:            50                                         |
|  Number of clauses:             218                                         |
|  Parse time:                   0.00 s                                       |
|                                                                             |
============================[ Search Statistics ]==============================
| Conflicts |          ORIGINAL         |          LEARNT          | Progress |
|           |    Vars  Clauses Literals |    Limit  Clauses Lit/Cl |          |
===============================================================================
===============================================================================
restarts              : 1
conflicts             : 69             (45695 /sec)
decisions             : 95             (0.00 % random) (62914 /sec)
propagations          : 1064           (704636 /sec)
conflict literals     : 241            (16.90 % deleted)
Memory used           : 20.00 MB
CPU time              : 0.00151 s

SATISFIABLE
