WARNING: for repeatability, setting FPU to use double precision
============================[ Problem Statistics ]=============================
|                                                                             |
|  Number of variables:            50                                         |
|  Number of clauses:             218                                         |
|  Parse time:                   0.00 s                                       |
|                                                                             |
============================[ Search Statistics ]==============================
| Conflicts |          ORIGINAL         |          LEARNT          | Progress |
|           |    Vars  Clauses Literals |    Limit  Clauses Lit/Cl |          |
===============================================================================
===============================================================================
restarts              : 1
conflicts             : 36             (24691 /sec)
decisions             : 45             (0.00 % random) (30864 /sec)
propagations          : 645            (442387 /sec)
conflict literals     : 159            (15.87 % deleted)
Memory used           : 20.00 MB
CPU time              : 0.001458 s

SATISFIABLE
