WARNING: for repeatability, setting FPU to use double precision
============================[ Problem Statistics ]=============================
|                                                                             |
|  Number of variables:            50                                         |
|  Number of clauses:             218                                         |
|  Parse time:                   0.00 s                                       |
|                                                                             |
============================[ Search Statistics ]==============================
| Conflicts |          ORIGINAL         |          LEARNT          | Progress |
|           |    Vars  Clauses Literals |    Limit  Clauses Lit/Cl |          |
===============================================================================
===============================================================================
restarts              : 1
conflicts             : 7              (5155 /sec)
decisions             : 16             (0.00 % random) (11782 /sec)
propagations          : 157            (115611 /sec)
conflict literals     : 39             (15.22 % deleted)
Memory used           : 20.00 MB
CPU time              : 0.001358 s

SATISFIABLE
