WARNING: for repeatability, setting FPU to use double precision
============================[ Problem Statistics ]=============================
|                                                                             |
|  Number of variables:            50                                         |
|  Number of clauses:             218                                         |
|  Parse time:                   0.00 s                                       |
|                                                                             |
============================[ Search Statistics ]==============================
| Conflicts |          ORIGINAL         |          LEARNT          | Progress |
|           |    Vars  Clauses Literals |    Limit  Clauses Lit/Cl |          |
===============================================================================
===============================================================================
restarts              : 1
conflicts             : 56             (37433 /sec)
decisions             : 76             (0.00 % random) (50802 /sec)
propagations          : 846            (565508 /sec)
conflict literals     : 254            (15.05 % deleted)
Memory used           : 20.00 MB
CPU time              : 0.001496 s

SATISFIABLE
