WARNING: for repeatability, setting FPU to use double precision
============================[ Problem Statistics ]=============================
|                                                                             |
|  Number of variables:            50                                         |
|  Number of clauses:             218                                         |
|  Parse time:                   0.00 s                                       |
|                                                                             |
============================[ Search Statistics ]==============================
| Conflicts |          ORIGINAL         |          LEARNT          | Progress |
|           |    Vars  Clauses Literals |    Limit  Clauses Lit/Cl |          |
===============================================================================
===============================================================================
restarts              : 1
conflicts             : 16             (11577 /sec)
decisions             : 28             (0.00 % random) (20260 /sec)
propagations          : 246            (178003 /sec)
conflict literals     : 71             (15.48 % deleted)
Memory used           : 20.00 MB
CPU time              : 0.001382 s

SATISFIABLE
