WARNING: for repeatability, setting FPU to use double precision
============================[ Problem Statistics ]=============================
|                                                                             |
|  Number of variables:            50                                         |
|  Number of clauses:             218                                         |
|  Parse time:                   0.00 s                                       |
|                                                                             |
============================[ Search Statistics ]==============================
| Conflicts |          ORIGINAL         |          LEARNT          | Progress |
|           |    Vars  Clauses Literals |    Limit  Clauses Lit/Cl |          |
===============================================================================
===============================================================================
restarts              : 1
conflicts             : 7              (5189 /sec)
decisions             : 13             (0.00 % random) (9637 /sec)
propagations          : 115            (85248 /sec)
conflict literals     : 28             (6.67 % deleted)
Memory used           : 20.00 MB
CPU time              : 0.001349 s

SATISFIABLE
