WARNING: for repeatability, setting FPU to use double precision
============================[ Problem Statistics ]=============================
|                                                                             |
|  Number of variables:            50                                         |
|  Number of clauses:             218                                         |
|  Parse time:                   0.00 s                                       |
|                                                                             |
============================[ Search Statistics ]==============================
| Conflicts |          ORIGINAL         |          LEARNT          | Progress |
|           |    Vars  Clauses Literals |    Limit  Clauses Lit/Cl |          |
===============================================================================
===============================================================================
restarts              : 1
conflicts             : 7              (5185 /sec)
decisions             : 18             (0.00 % random) (13333 /sec)
propagations          : 147            (108889 /sec)
conflict literals     : 30             (9.09 % deleted)
Memory used           : 20.00 MB
CPU time              : 0.00135 s

SATISFIABLE
