WARNING: for repeatability, setting FPU to use double precision
============================[ Problem Statistics ]=============================
|                                                                             |
|  Number of variables:            50                                         |
|  Number of clauses:             218                                         |
|  Parse time:                   0.00 s                                       |
|                                                                             |
============================[ Search Statistics ]==============================
| Conflicts |          ORIGINAL         |          LEARNT          | Progress |
|           |    Vars  Clauses Literals |    Limit  Clauses Lit/Cl |          |
===============================================================================
===============================================================================
restarts              : 1
conflicts             : 34             (24028 /sec)
decisions             : 41             (0.00 % random) (28975 /sec)
propagations          : 491            (346996 /sec)
conflict literals     : 120            (17.24 % deleted)
Memory used           : 20.00 MB
CPU time              : 0.001415 s

SATISFIABLE
