WARNING: for repeatability, setting FPU to use double precision
============================[ Problem Statistics ]=============================
|                                                                             |
|  Number of variables:            50                                         |
|  Number of clauses:             218                                         |
|  Parse time:                   0.00 s                                       |
|                                                                             |
============================[ Search Statistics ]==============================
| Conflicts |          ORIGINAL         |          LEARNT          | Progress |
|           |    Vars  Clauses Literals |    Limit  Clauses Lit/Cl |          |
===============================================================================
===============================================================================
restarts              : 1
conflicts             : 50             (34014 /sec)
decisions             : 63             (0.00 % random) (42857 /sec)
propagations          : 854            (580952 /sec)
conflict literals     : 223            (17.10 % deleted)
Memory used           : 20.00 MB
CPU time              : 0.00147 s

SATISFIABLE
