WARNING: for repeatability, setting FPU to use double precision
============================[ Problem Statistics ]=============================
|                                                                             |
|  Number of variables:            50                                         |
|  Number of clauses:             218                                         |
|  Parse time:                   0.00 s                                       |
|                                                                             |
============================[ Search Statistics ]==============================
| Conflicts |          ORIGINAL         |          LEARNT          | Progress |
|           |    Vars  Clauses Literals |    Limit  Clauses Lit/Cl |          |
===============================================================================
===============================================================================
restarts              : 1
conflicts             : 73             (47588 /sec)
decisions             : 94             (0.00 % random) (61278 /sec)
propagations          : 1120           (730117 /sec)
conflict literals     : 318            (23.00 % deleted)
Memory used           : 20.00 MB
CPU time              : 0.001534 s

SATISFIABLE
