WARNING: for repeatability, setting FPU to use double precision
============================[ Problem Statistics ]=============================
|                                                                             |
|  Number of variables:            50                                         |
|  Number of clauses:             218                                         |
|  Parse time:                   0.00 s                                       |
|                                                                             |
============================[ Search Statistics ]==============================
| Conflicts |          ORIGINAL         |          LEARNT          | Progress |
|           |    Vars  Clauses Literals |    Limit  Clauses Lit/Cl |          |
===============================================================================
===============================================================================
restarts              : 1
conflicts             : 24             (240000 /sec)
decisions             : 35             (0.00 % random) (350000 /sec)
propagations          : 352            (3520000 /sec)
conflict literals     : 70             (15.66 % deleted)
Memory used           : 20.00 MB
CPU time              : 0.0001 s

SATISFIABLE
