WARNING: for repeatability, setting FPU to use double precision
============================[ Problem Statistics ]=============================
|                                                                             |
|  Number of variables:            50                                         |
|  Number of clauses:             218                                         |
|  Parse time:                   0.00 s                                       |
|                                                                             |
============================[ Search Statistics ]==============================
| Conflicts |          ORIGINAL         |          LEARNT          | Progress |
|           |    Vars  Clauses Literals |    Limit  Clauses Lit/Cl |          |
===============================================================================
===============================================================================
restarts              : 1
conflicts             : 54             (37164 /sec)
decisions             : 62             (0.00 % random) (42670 /sec)
propagations          : 738            (507915 /sec)
conflict literals     : 217            (13.55 % deleted)
Memory used           : 20.00 MB
CPU time              : 0.001453 s

SATISFIABLE
