WARNING: for repeatability, setting FPU to use double precision
============================[ Problem Statistics ]=============================
|                                                                             |
|  Number of variables:            50                                         |
|  Number of clauses:             218                                         |
|  Parse time:                   0.00 s                                       |
|                                                                             |
============================[ Search Statistics ]==============================
| Conflicts |          ORIGINAL         |          LEARNT          | Progress |
|           |    Vars  Clauses Literals |    Limit  Clauses Lit/Cl |          |
===============================================================================
===============================================================================
restarts              : 1
conflicts             : 16             (195122 /sec)
decisions             : 31             (0.00 % random) (378049 /sec)
propagations          : 309            (3768293 /sec)
conflict literals     : 88             (8.33 % deleted)
Memory used           : 20.00 MB
CPU time              : 8.2e-05 s

SATISFIABLE
