WARNING: for repeatability, setting FPU to use double precision
============================[ Problem Statistics ]=============================
|                                                                             |
|  Number of variables:            50                                         |
|  Number of clauses:             218                                         |
|  Parse time:                   0.00 s                                       |
|                                                                             |
============================[ Search Statistics ]==============================
| Conflicts |          ORIGINAL         |          LEARNT          | Progress |
|           |    Vars  Clauses Literals |    Limit  Clauses Lit/Cl |          |
===============================================================================
===============================================================================
restarts              : 1
conflicts             : 35             (24752 /sec)
decisions             : 49             (0.00 % random) (34653 /sec)
propagations          : 536            (379066 /sec)
conflict literals     : 166            (12.63 % deleted)
Memory used           : 20.00 MB
CPU time              : 0.001414 s

SATISFIABLE
