WARNING: for repeatability, setting FPU to use double precision
============================[ Problem Statistics ]=============================
|                                                                             |
|  Number of variables:            50                                         |
|  Number of clauses:             218                                         |
|  Parse time:                   0.00 s                                       |
|                                                                             |
============================[ Search Statistics ]==============================
| Conflicts |          ORIGINAL         |          LEARNT          | Progress |
|           |    Vars  Clauses Literals |    Limit  Clauses Lit/Cl |          |
===============================================================================
===============================================================================
restarts              : 1
conflicts             : 55             (37671 /sec)
decisions             : 82             (0.00 % random) (56164 /sec)
propagations          : 785            (537671 /sec)
conflict literals     : 226            (13.41 % deleted)
Memory used           : 20.00 MB
CPU time              : 0.00146 s

SATISFIABLE
