WARNING: for repeatability, setting FPU to use double precision
============================[ Problem Statistics ]=============================
|                                                                             |
|  Number of variables:            50                                         |
|  Number of clauses:             218                                         |
|  Parse time:                   0.00 s                                       |
|                                                                             |
============================[ Search Statistics ]==============================
| Conflicts |          ORIGINAL         |          LEARNT          | Progress |
|           |    Vars  Clauses Literals |    Limit  Clauses Lit/Cl |          |
===============================================================================
===============================================================================
restarts              : 1
conflicts             : 3              (55556 /sec)
decisions             : 24             (0.00 % random) (444444 /sec)
propagations          : 99             (1833333 /sec)
conflict literals     : 18             (0.00 % deleted)
Memory used           : 20.00 MB
CPU time              : 5.4e-05 s

SATISFIABLE
