WARNING: for repeatability, setting FPU to use double precision
============================[ Problem Statistics ]=============================
|                                                                             |
|  Number of variables:            50                                         |
|  Number of clauses:             218                                         |
|  Parse time:                   0.00 s                                       |
|                                                                             |
============================[ Search Statistics ]==============================
| Conflicts |          ORIGINAL         |          LEARNT          | Progress |
|           |    Vars  Clauses Literals |    Limit  Clauses Lit/Cl |          |
===============================================================================
===============================================================================
restarts              : 1
conflicts             : 35             (24476 /sec)
decisions             : 49             (0.00 % random) (34266 /sec)
propagations          : 638            (446154 /sec)
conflict literals     : 205            (14.94 % deleted)
Memory used           : 20.00 MB
CPU time              : 0.00143 s

SATISFIABLE
