WARNING: for repeatability, setting FPU to use double precision
============================[ Problem Statistics ]=============================
|                                                                             |
|  Number of variables:            50                                         |
|  Number of clauses:             218                                         |
|  Parse time:                   0.00 s                                       |
|                                                                             |
============================[ Search Statistics ]==============================
| Conflicts |          ORIGINAL         |          LEARNT          | Progress |
|           |    Vars  Clauses Literals |    Limit  Clauses Lit/Cl |          |
===============================================================================
===============================================================================
restarts              : 1
conflicts             : 43             (29737 /sec)
decisions             : 64             (0.00 % random) (44260 /sec)
propagations          : 627            (433610 /sec)
conflict literals     : 200            (15.97 % deleted)
Memory used           : 20.00 MB
CPU time              : 0.001446 s

SATISFIABLE
