WARNING: for repeatability, setting FPU to use double precision
============================[ Problem Statistics ]=============================
|                                                                             |
|  Number of variables:            50                                         |
|  Number of clauses:             218                                         |
|  Parse time:                   0.00 s                                       |
|                                                                             |
============================[ Search Statistics ]==============================
| Conflicts |          ORIGINAL         |          LEARNT          | Progress |
|           |    Vars  Clauses Literals |    Limit  Clauses Lit/Cl |          |
===============================================================================
===============================================================================
restarts              : 1
conflicts             : 21             (15075 /sec)
decisions             : 27             (0.00 % random) (19383 /sec)
propagations          : 363            (260589 /sec)
conflict literals     : 81             (25.00 % deleted)
Memory used           : 20.00 MB
CPU time              : 0.001393 s

SATISFIABLE
