WARNING: for repeatability, setting FPU to use double precision
============================[ Problem Statistics ]=============================
|                                                                             |
|  Number of variables:            50                                         |
|  Number of clauses:             218                                         |
|  Parse time:                   0.00 s                                       |
|                                                                             |
============================[ Search Statistics ]==============================
| Conflicts |          ORIGINAL         |          LEARNT          | Progress |
|           |    Vars  Clauses Literals |    Limit  Clauses Lit/Cl |          |
===============================================================================
===============================================================================
restarts              : 1
conflicts             : 10             (7364 /sec)
decisions             : 19             (0.00 % random) (13991 /sec)
propagations          : 183            (134757 /sec)
conflict literals     : 43             (2.27 % deleted)
Memory used           : 20.00 MB
CPU time              : 0.001358 s

SATISFIABLE
