WARNING: for repeatability, setting FPU to use double precision
============================[ Problem Statistics ]=============================
|                                                                             |
|  Number of variables:            50                                         |
|  Number of clauses:             218                                         |
|  Parse time:                   0.00 s                                       |
|                                                                             |
============================[ Search Statistics ]==============================
| Conflicts |          ORIGINAL         |          LEARNT          | Progress |
|           |    Vars  Clauses Literals |    Limit  Clauses Lit/Cl |          |
===============================================================================
===============================================================================
restarts              : 1
conflicts             : 53             (35193 /sec)
decisions             : 76             (0.00 % random) (50465 /sec)
propagations          : 792            (525896 /sec)
conflict literals     : 212            (15.54 % deleted)
Memory used           : 20.00 MB
CPU time              : 0.001506 s

SATISFIABLE
