WARNING: for repeatability, setting FPU to use double precision
============================[ Problem Statistics ]=============================
|                                                                             |
|  Number of variables:            50                                         |
|  Number of clauses:             218                                         |
|  Parse time:                   0.00 s                                       |
|                                                                             |
============================[ Search Statistics ]==============================
| Conflicts |          ORIGINAL         |          LEARNT          | Progress |
|           |    Vars  Clauses Literals |    Limit  Clauses Lit/Cl |          |
===============================================================================
===============================================================================
restarts              : 1
conflicts             : 39             (27027 /sec)
decisions             : 52             (0.00 % random) (36036 /sec)
propagations          : 604            (418572 /sec)
conflict literals     : 184            (12.38 % deleted)
Memory used           : 20.00 MB
CPU time              : 0.001443 s

SATISFIABLE
