WARNING: for repeatability, setting FPU to use double precision
============================[ Problem Statistics ]=============================
|                                                                             |
|  Number of variables:            50                                         |
|  Number of clauses:             218                                         |
|  Parse time:                   0.00 s                                       |
|                                                                             |
============================[ Search Statistics ]==============================
| Conflicts |          ORIGINAL         |          LEARNT          | Progress |
|           |    Vars  Clauses Literals |    Limit  Clauses Lit/Cl |          |
===============================================================================
===============================================================================
restarts              : 1
conflicts             : 66             (43709 /sec)
decisions             : 82             (0.00 % random) (54305 /sec)
propagations          : 971            (643046 /sec)
conflict literals     : 277            (15.55 % deleted)
Memory used           : 20.00 MB
CPU time              : 0.00151 s

SATISFIABLE
