WARNING: for repeatability, setting FPU to use double precision
============================[ Problem Statistics ]=============================
|                                                                             |
|  Number of variables:            50                                         |
|  Number of clauses:             218                                         |
|  Parse time:                   0.00 s                                       |
|                                                                             |
============================[ Search Statistics ]==============================
| Conflicts |          ORIGINAL         |          LEARNT          | Progress |
|           |    Vars  Clauses Literals |    Limit  Clauses Lit/Cl |          |
===============================================================================
===============================================================================
restarts              : 1
conflicts             : 15             (82873 /sec)
decisions             : 29             (0.00 % random) (160221 /sec)
propagations          : 220            (1215470 /sec)
conflict literals     : 70             (6.67 % deleted)
Memory used           : 20.00 MB
CPU time              : 0.000181 s

SATISFIABLE
