WARNING: for repeatability, setting FPU to use double precision
============================[ Problem Statistics ]=============================
|                                                                             |
|  Number of variables:            50                                         |
|  Number of clauses:             218                                         |
|  Parse time:                   0.00 s                                       |
|                                                                             |
============================[ Search Statistics ]==============================
| Conflicts |          ORIGINAL         |          LEARNT          | Progress |
|           |    Vars  Clauses Literals |    Limit  Clauses Lit/Cl |          |
===============================================================================
===============================================================================
restarts              : 1
conflicts             : 42             (29412 /sec)
decisions             : 58             (0.00 % random) (40616 /sec)
propagations          : 670            (469188 /sec)
conflict literals     : 168            (19.23 % deleted)
Memory used           : 20.00 MB
CPU time              : 0.001428 s

SATISFIABLE
