WARNING: for repeatability, setting FPU to use double precision
============================[ Problem Statistics ]=============================
|                                                                             |
|  Number of variables:            50                                         |
|  Number of clauses:             218                                         |
|  Parse time:                   0.00 s                                       |
|                                                                             |
============================[ Search Statistics ]==============================
| Conflicts |          ORIGINAL         |          LEARNT          | Progress |
|           |    Vars  Clauses Literals |    Limit  Clauses Lit/Cl |          |
===============================================================================
===============================================================================
restarts              : 1
conflicts             : 18             (13006 /sec)
decisions             : 29             (0.00 % random) (20954 /sec)
propagations          : 308            (222543 /sec)
conflict literals     : 77             (10.47 % deleted)
Memory used           : 20.00 MB
CPU time              : 0.001384 s

SATISFIABLE
