WARNING: for repeatability, setting FPU to use double precision
============================[ Problem Statistics ]=============================
|                                                                             |
|  Number of variables:            50                                         |
|  Number of clauses:             218                                         |
|  Parse time:                   0.00 s                                       |
|                                                                             |
============================[ Search Statistics ]==============================
| Conflicts |          ORIGINAL         |          LEARNT          | Progress |
|           |    Vars  Clauses Literals |    Limit  Clauses Lit/Cl |          |
===============================================================================
===============================================================================
restarts              : 1
conflicts             : 6              (4428 /sec)
decisions             : 27             (0.00 % random) (19926 /sec)
propagations          : 149            (109963 /sec)
conflict literals     : 33             (5.71 % deleted)
Memory used           : 20.00 MB
CPU time              : 0.001355 s

SATISFIABLE
