WARNING: for repeatability, setting FPU to use double precision
============================[ Problem Statistics ]=============================
|                                                                             |
|  Number of variables:            50                                         |
|  Number of clauses:             218                                         |
|  Parse time:                   0.00 s                                       |
|                                                                             |
============================[ Search Statistics ]==============================
| Conflicts |          ORIGINAL         |          LEARNT          | Progress |
|           |    Vars  Clauses Literals |    Limit  Clauses Lit/Cl |          |
===============================================================================
===============================================================================
restarts              : 1
conflicts             : 51             (184116 /sec)
decisions             : 69             (0.00 % random) (249097 /sec)
propagations          : 821            (2963899 /sec)
conflict literals     : 261            (13.00 % deleted)
Memory used           : 20.00 MB
CPU time              : 0.000277 s

SATISFIABLE
