WARNING: for repeatability, setting FPU to use double precision
============================[ Problem Statistics ]=============================
|                                                                             |
|  Number of variables:            50                                         |
|  Number of clauses:             218                                         |
|  Parse time:                   0.00 s                                       |
|                                                                             |
============================[ Search Statistics ]==============================
| Conflicts |          ORIGINAL         |          LEARNT          | Progress |
|           |    Vars  Clauses Literals |    Limit  Clauses Lit/Cl |          |
===============================================================================
===============================================================================
restarts              : 1
conflicts             : 23             (32857 /sec)
decisions             : 36             (0.00 % random) (51429 /sec)
propagations          : 388            (554286 /sec)
conflict literals     : 93             (13.08 % deleted)
Memory used           : 20.00 MB
CPU time              : 0.0007 s

SATISFIABLE
