WARNING: for repeatability, setting FPU to use double precision
============================[ Problem Statistics ]=============================
|                                                                             |
|  Number of variables:            50                                         |
|  Number of clauses:             218                                         |
|  Parse time:                   0.00 s                                       |
|                                                                             |
============================[ Search Statistics ]==============================
| Conflicts |          ORIGINAL         |          LEARNT          | Progress |
|           |    Vars  Clauses Literals |    Limit  Clauses Lit/Cl |          |
===============================================================================
===============================================================================
restarts              : 1
conflicts             : 28             (20187 /sec)
decisions             : 41             (0.00 % random) (29560 /sec)
propagations          : 414            (298486 /sec)
conflict literals     : 90             (26.23 % deleted)
Memory used           : 20.00 MB
CPU time              : 0.001387 s

SATISFIABLE
