WARNING: for repeatability, setting FPU to use double precision
============================[ Problem Statistics ]=============================
|                                                                             |
|  Number of variables:            50                                         |
|  Number of clauses:             218                                         |
|  Parse time:                   0.00 s                                       |
|                                                                             |
============================[ Search Statistics ]==============================
| Conflicts |          ORIGINAL         |          LEARNT          | Progress |
|           |    Vars  Clauses Literals |    Limit  Clauses Lit/Cl |          |
===============================================================================
===============================================================================
restarts              : 1
conflicts             : 34             (23977 /sec)
decisions             : 58             (0.00 % random) (40903 /sec)
propagations          : 450            (317348 /sec)
conflict literals     : 144            (8.28 % deleted)
Memory used           : 20.00 MB
CPU time              : 0.001418 s

SATISFIABLE
