WARNING: for repeatability, setting FPU to use double precision
============================[ Problem Statistics ]=============================
|                                                                             |
|  Number of variables:            50                                         |
|  Number of clauses:             218                                         |
|  Parse time:                   0.00 s                                       |
|                                                                             |
============================[ Search Statistics ]==============================
| Conflicts |          ORIGINAL         |          LEARNT          | Progress |
|           |    Vars  Clauses Literals |    Limit  Clauses Lit/Cl |          |
===============================================================================
===============================================================================
restarts              : 1
conflicts             : 35             (291667 /sec)
decisions             : 60             (0.00 % random) (500000 /sec)
propagations          : 528            (4400000 /sec)
conflict literals     : 170            (7.10 % deleted)
Memory used           : 20.00 MB
CPU time              : 0.00012 s

SATISFIABLE
