WARNING: for repeatability, setting FPU to use double precision
============================[ Problem Statistics ]=============================
|                                                                             |
|  Number of variables:            50                                         |
|  Number of clauses:             218                                         |
|  Parse time:                   0.00 s                                       |
|                                                                             |
============================[ Search Statistics ]==============================
| Conflicts |          ORIGINAL         |          LEARNT          | Progress |
|           |    Vars  Clauses Literals |    Limit  Clauses Lit/Cl |          |
===============================================================================
===============================================================================
restarts              : 1
conflicts             : 8              (45455 /sec)
decisions             : 19             (0.00 % random) (107955 /sec)
propagations          : 146            (829545 /sec)
conflict literals     : 31             (8.82 % deleted)
Memory used           : 20.00 MB
CPU time              : 0.000176 s

SATISFIABLE
