WARNING: for repeatability, setting FPU to use double precision
============================[ Problem Statistics ]=============================
|                                                                             |
|  Number of variables:            50                                         |
|  Number of clauses:             218                                         |
|  Parse time:                   0.00 s                                       |
|                                                                             |
============================[ Search Statistics ]==============================
| Conflicts |          ORIGINAL         |          LEARNT          | Progress |
|           |    Vars  Clauses Literals |    Limit  Clauses Lit/Cl |          |
===============================================================================
===============================================================================
restarts              : 1
conflicts             : 38             (285714 /sec)
decisions             : 63             (0.00 % random) (473684 /sec)
propagations          : 593            (4458647 /sec)
conflict literals     : 162            (16.06 % deleted)
Memory used           : 20.00 MB
CPU time              : 0.000133 s

SATISFIABLE
