WARNING: for repeatability, setting FPU to use double precision
============================[ Problem Statistics ]=============================
|                                                                             |
|  Number of variables:            50                                         |
|  Number of clauses:             218                                         |
|  Parse time:                   0.00 s                                       |
|                                                                             |
============================[ Search Statistics ]==============================
| Conflicts |          ORIGINAL         |          LEARNT          | Progress |
|           |    Vars  Clauses Literals |    Limit  Clauses Lit/Cl |          |
===============================================================================
===============================================================================
restarts              : 1
conflicts             : 37             (25784 /sec)
decisions             : 51             (0.00 % random) (35540 /sec)
propagations          : 593            (413240 /sec)
conflict literals     : 184            (4.66 % deleted)
Memory used           : 20.00 MB
CPU time              : 0.001435 s

SATISFIABLE
