WARNING: for repeatability, setting FPU to use double precision
============================[ Problem Statistics ]=============================
|                                                                             |
|  Number of variables:            50                                         |
|  Number of clauses:             218                                         |
|  Parse time:                   0.00 s                                       |
|                                                                             |
============================[ Search Statistics ]==============================
| Conflicts |          ORIGINAL         |          LEARNT          | Progress |
|           |    Vars  Clauses Literals |    Limit  Clauses Lit/Cl |          |
===============================================================================
===============================================================================
restarts              : 1
conflicts             : 5              (3636 /sec)
decisions             : 17             (0.00 % random) (12364 /sec)
propagations          : 111            (80727 /sec)
conflict literals     : 27             (3.57 % deleted)
Memory used           : 20.00 MB
CPU time              : 0.001375 s

SATISFIABLE
