WARNING: for repeatability, setting FPU to use double precision
============================[ Problem Statistics ]=============================
|                                                                             |
|  Number of variables:            50                                         |
|  Number of clauses:             218                                         |
|  Parse time:                   0.00 s                                       |
|                                                                             |
============================[ Search Statistics ]==============================
| Conflicts |          ORIGINAL         |          LEARNT          | Progress |
|           |    Vars  Clauses Literals |    Limit  Clauses Lit/Cl |          |
===============================================================================
===============================================================================
restarts              : 1
conflicts             : 33             (124528 /sec)
decisions             : 47             (0.00 % random) (177358 /sec)
propagations          : 476            (1796226 /sec)
conflict literals     : 148            (12.43 % deleted)
Memory used           : 20.00 MB
CPU time              : 0.000265 s

SATISFIABLE
