WARNING: for repeatability, setting FPU to use double precision
============================[ Problem Statistics ]=============================
|                                                                             |
|  Number of variables:            50                                         |
|  Number of clauses:             218                                         |
|  Parse time:                   0.00 s                                       |
|                                                                             |
============================[ Search Statistics ]==============================
| Conflicts |          ORIGINAL         |          LEARNT          | Progress |
|           |    Vars  Clauses Literals |    Limit  Clauses Lit/Cl |          |
===============================================================================
===============================================================================
restarts              : 1
conflicts             : 37             (25838 /sec)
decisions             : 52             (0.00 % random) (36313 /sec)
propagations          : 505            (352654 /sec)
conflict literals     : 131            (16.03 % deleted)
Memory used           : 20.00 MB
CPU time              : 0.001432 s

SATISFIABLE
