WARNING: for repeatability, setting FPU to use double precision
============================[ Problem Statistics ]=============================
|                                                                             |
|  Number of variables:            50                                         |
|  Number of clauses:             218                                         |
|  Parse time:                   0.00 s                                       |
|                                                                             |
============================[ Search Statistics ]==============================
| Conflicts |          ORIGINAL         |          LEARNT          | Progress |
|           |    Vars  Clauses Literals |    Limit  Clauses Lit/Cl |          |
===============================================================================
===============================================================================
restarts              : 1
conflicts             : 16             (11544 /sec)
decisions             : 25             (0.00 % random) (18038 /sec)
propagations          : 273            (196970 /sec)
conflict literals     : 67             (15.19 % deleted)
Memory used           : 20.00 MB
CPU time              : 0.001386 s

SATISFIABLE
