WARNING: for repeatability, setting FPU to use double precision
============================[ Problem Statistics ]=============================
|                                                                             |
|  Number of variables:            50                                         |
|  Number of clauses:             218                                         |
|  Parse time:                   0.00 s                                       |
|                                                                             |
============================[ Search Statistics ]==============================
| Conflicts |          ORIGINAL         |          LEARNT          | Progress |
|           |    Vars  Clauses Literals |    Limit  Clauses Lit/Cl |          |
===============================================================================
===============================================================================
restarts              : 1
conflicts             : 20             (104712 /sec)
decisions             : 31             (0.00 % random) (162304 /sec)
propagations          : 261            (1366492 /sec)
conflict literals     : 97             (3.00 % deleted)
Memory used           : 20.00 MB
CPU time              : 0.000191 s

SATISFIABLE
