WARNING: for repeatability, setting FPU to use double precision
============================[ Problem Statistics ]=============================
|                                                                             |
|  Number of variables:            50                                         |
|  Number of clauses:             218                                         |
|  Parse time:                   0.00 s                                       |
|                                                                             |
============================[ Search Statistics ]==============================
| Conflicts |          ORIGINAL         |          LEARNT          | Progress |
|           |    Vars  Clauses Literals |    Limit  Clauses Lit/Cl |          |
===============================================================================
===============================================================================
restarts              : 1
conflicts             : 68             (44914 /sec)
decisions             : 89             (0.00 % random) (58785 /sec)
propagations          : 999            (659841 /sec)
conflict literals     : 291            (20.05 % deleted)
Memory used           : 20.00 MB
CPU time              : 0.001514 s

SATISFIABLE
