WARNING: for repeatability, setting FPU to use double precision
============================[ Problem Statistics ]=============================
|                                                                             |
|  Number of variables:            50                                         |
|  Number of clauses:             218                                         |
|  Parse time:                   0.00 s                                       |
|                                                                             |
============================[ Search Statistics ]==============================
| Conflicts |          ORIGINAL         |          LEARNT          | Progress |
|           |    Vars  Clauses Literals |    Limit  Clauses Lit/Cl |          |
===============================================================================
===============================================================================
restarts              : 1
conflicts             : 28             (19802 /sec)
decisions             : 40             (0.00 % random) (28289 /sec)
propagations          : 463            (327440 /sec)
conflict literals     : 112            (11.81 % deleted)
Memory used           : 20.00 MB
CPU time              : 0.001414 s

SATISFIABLE
