WARNING: for repeatability, setting FPU to use double precision
============================[ Problem Statistics ]=============================
|                                                                             |
|  Number of variables:            50                                         |
|  Number of clauses:             218                                         |
|  Parse time:                   0.00 s                                       |
|                                                                             |
============================[ Search Statistics ]==============================
| Conflicts |          ORIGINAL         |          LEARNT          | Progress |
|           |    Vars  Clauses Literals |    Limit  Clauses Lit/Cl |          |
===============================================================================
===============================================================================
restarts              : 1
conflicts             : 39             (157895 /sec)
decisions             : 56             (0.00 % random) (226721 /sec)
propagations          : 678            (2744939 /sec)
conflict literals     : 184            (8.91 % deleted)
Memory used           : 20.00 MB
CPU time              : 0.000247 s

SATISFIABLE
