WARNING: for repeatability, setting FPU to use double precision
============================[ Problem Statistics ]=============================
|                                                                             |
|  Number of variables:            50                                         |
|  Number of clauses:             218                                         |
|  Parse time:                   0.00 s                                       |
|                                                                             |
============================[ Search Statistics ]==============================
| Conflicts |          ORIGINAL         |          LEARNT          | Progress |
|           |    Vars  Clauses Literals |    Limit  Clauses Lit/Cl |          |
===============================================================================
===============================================================================
restarts              : 1
conflicts             : 19             (13838 /sec)
decisions             : 30             (0.00 % random) (21850 /sec)
propagations          : 343            (249818 /sec)
conflict literals     : 90             (3.23 % deleted)
Memory used           : 20.00 MB
CPU time              : 0.001373 s

SATISFIABLE
