WARNING: for repeatability, setting FPU to use double precision
============================[ Problem Statistics ]=============================
|                                                                             |
|  Number of variables:            50                                         |
|  Number of clauses:             218                                         |
|  Parse time:                   0.00 s                                       |
|                                                                             |
============================[ Search Statistics ]==============================
| Conflicts |          ORIGINAL         |          LEARNT          | Progress |
|           |    Vars  Clauses Literals |    Limit  Clauses Lit/Cl |          |
===============================================================================
===============================================================================
restarts              : 1
conflicts             : 49             (55872 /sec)
decisions             : 65             (0.00 % random) (74116 /sec)
propagations          : 849            (968073 /sec)
conflict literals     : 210            (17.65 % deleted)
Memory used           : 20.00 MB
CPU time              : 0.000877 s

SATISFIABLE
