WARNING: for repeatability, setting FPU to use double precision
============================[ Problem Statistics ]=============================
|                                                                             |
|  Number of variables:            50                                         |
|  Number of clauses:             218                                         |
|  Parse time:                   0.00 s                                       |
|                                                                             |
============================[ Search Statistics ]==============================
| Conflicts |          ORIGINAL         |          LEARNT          | Progress |
|           |    Vars  Clauses Literals |    Limit  Clauses Lit/Cl |          |
===============================================================================
===============================================================================
restarts              : 1
conflicts             : 22             (220000 /sec)
decisions             : 37             (0.00 % random) (370000 /sec)
propagations          : 389            (3890000 /sec)
conflict literals     : 90             (12.62 % deleted)
Memory used           : 20.00 MB
CPU time              : 0.0001 s

SATISFIABLE
