WARNING: for repeatability, setting FPU to use double precision
============================[ Problem Statistics ]=============================
|                                                                             |
|  Number of variables:            50                                         |
|  Number of clauses:             218                                         |
|  Parse time:                   0.00 s                                       |
|                                                                             |
============================[ Search Statistics ]==============================
| Conflicts |          ORIGINAL         |          LEARNT          | Progress |
|           |    Vars  Clauses Literals |    Limit  Clauses Lit/Cl |          |
===============================================================================
===============================================================================
restarts              : 1
conflicts             : 17             (86294 /sec)
decisions             : 35             (0.00 % random) (177665 /sec)
propagations          : 312            (1583756 /sec)
conflict literals     : 84             (3.45 % deleted)
Memory used           : 20.00 MB
CPU time              : 0.000197 s

SATISFIABLE
