WARNING: for repeatability, setting FPU to use double precision
============================[ Problem Statistics ]=============================
|                                                                             |
|  Number of variables:            50                                         |
|  Number of clauses:             218                                         |
|  Parse time:                   0.00 s                                       |
|                                                                             |
============================[ Search Statistics ]==============================
| Conflicts |          ORIGINAL         |          LEARNT          | Progress |
|           |    Vars  Clauses Literals |    Limit  Clauses Lit/Cl |          |
===============================================================================
===============================================================================
restarts              : 1
conflicts             : 21             (15032 /sec)
decisions             : 37             (0.00 % random) (26485 /sec)
propagations          : 354            (253400 /sec)
conflict literals     : 125            (0.79 % deleted)
Memory used           : 20.00 MB
CPU time              : 0.001397 s

SATISFIABLE
