WARNING: for repeatability, setting FPU to use double precision
============================[ Problem Statistics ]=============================
|                                                                             |
|  Number of variables:            50                                         |
|  Number of clauses:             218                                         |
|  Parse time:                   0.00 s                                       |
|                                                                             |
============================[ Search Statistics ]==============================
| Conflicts |          ORIGINAL         |          LEARNT          | Progress |
|           |    Vars  Clauses Literals |    Limit  Clauses Lit/Cl |          |
===============================================================================
===============================================================================
restarts              : 1
conflicts             : 9              (12784 /sec)
decisions             : 18             (0.00 % random) (25568 /sec)
propagations          : 146            (207386 /sec)
conflict literals     : 40             (2.44 % deleted)
Memory used           : 20.00 MB
CPU time              : 0.000704 s

SATISFIABLE
