WARNING: for repeatability, setting FPU to use double precision
============================[ Problem Statistics ]=============================
|                                                                             |
|  Number of variables:            50                                         |
|  Number of clauses:             218                                         |
|  Parse time:                   0.00 s                                       |
|                                                                             |
============================[ Search Statistics ]==============================
| Conflicts |          ORIGINAL         |          LEARNT          | Progress |
|           |    Vars  Clauses Literals |    Limit  Clauses Lit/Cl |          |
===============================================================================
===============================================================================
restarts              : 1
conflicts             : 25             (17730 /sec)
decisions             : 43             (0.00 % random) (30496 /sec)
propagations          : 395            (280142 /sec)
conflict literals     : 108            (7.69 % deleted)
Memory used           : 20.00 MB
CPU time              : 0.00141 s

SATISFIABLE
