WARNING: for repeatability, setting FPU to use double precision
============================[ Problem Statistics ]=============================
|                                                                             |
|  Number of variables:            50                                         |
|  Number of clauses:             218                                         |
|  Parse time:                   0.00 s                                       |
|                                                                             |
============================[ Search Statistics ]==============================
| Conflicts |          ORIGINAL         |          LEARNT          | Progress |
|           |    Vars  Clauses Literals |    Limit  Clauses Lit/Cl |          |
===============================================================================
===============================================================================
restarts              : 1
conflicts             : 47             (32730 /sec)
decisions             : 58             (0.00 % random) (40390 /sec)
propagations          : 629            (438022 /sec)
conflict literals     : 174            (16.35 % deleted)
Memory used           : 20.00 MB
CPU time              : 0.001436 s

SATISFIABLE
