WARNING: for repeatability, setting FPU to use double precision
============================[ Problem Statistics ]=============================
|                                                                             |
|  Number of variables:            50                                         |
|  Number of clauses:             218                                         |
|  Parse time:                   0.00 s                                       |
|                                                                             |
============================[ Search Statistics ]==============================
| Conflicts |          ORIGINAL         |          LEARNT          | Progress |
|           |    Vars  Clauses Literals |    Limit  Clauses Lit/Cl |          |
===============================================================================
===============================================================================
restarts              : 1
conflicts             : 39             (27008 /sec)
decisions             : 47             (0.00 % random) (32548 /sec)
propagations          : 603            (417590 /sec)
conflict literals     : 149            (16.76 % deleted)
Memory used           : 20.00 MB
CPU time              : 0.001444 s

SATISFIABLE
