WARNING: for repeatability, setting FPU to use double precision
============================[ Problem Statistics ]=============================
|                                                                             |
|  Number of variables:            50                                         |
|  Number of clauses:             218                                         |
|  Parse time:                   0.00 s                                       |
|                                                                             |
============================[ Search Statistics ]==============================
| Conflicts |          ORIGINAL         |          LEARNT          | Progress |
|           |    Vars  Clauses Literals |    Limit  Clauses Lit/Cl |          |
===============================================================================
===============================================================================
restarts              : 1
conflicts             : 34             (274194 /sec)
decisions             : 42             (0.00 % random) (338710 /sec)
propagations          : 445            (3588710 /sec)
conflict literals     : 157            (11.80 % deleted)
Memory used           : 20.00 MB
CPU time              : 0.000124 s

SATISFIABLE
