WARNING: for repeatability, setting FPU to use double precision
============================[ Problem Statistics ]=============================
|                                                                             |
|  Number of variables:            50                                         |
|  Number of clauses:             218                                         |
|  Parse time:                   0.00 s                                       |
|                                                                             |
============================[ Search Statistics ]==============================
| Conflicts |          ORIGINAL         |          LEARNT          | Progress |
|           |    Vars  Clauses Literals |    Limit  Clauses Lit/Cl |          |
===============================================================================
===============================================================================
restarts              : 1
conflicts             : 28             (19774 /sec)
decisions             : 46             (0.00 % random) (32486 /sec)
propagations          : 414            (292373 /sec)
conflict literals     : 151            (10.65 % deleted)
Memory used           : 20.00 MB
CPU time              : 0.001416 s

SATISFIABLE
