WARNING: for repeatability, setting FPU to use double precision
============================[ Problem Statistics ]=============================
|                                                                             |
|  Number of variables:            50                                         |
|  Number of clauses:             218                                         |
|  Parse time:                   0.00 s                                       |
|                                                                             |
============================[ Search Statistics ]==============================
| Conflicts |          ORIGINAL         |          LEARNT          | Progress |
|           |    Vars  Clauses Literals |    Limit  Clauses Lit/Cl |          |
===============================================================================
===============================================================================
restarts              : 1
conflicts             : 24             (17167 /sec)
decisions             : 37             (0.00 % random) (26466 /sec)
propagations          : 403            (288269 /sec)
conflict literals     : 89             (24.58 % deleted)
Memory used           : 20.00 MB
CPU time              : 0.001398 s

SATISFIABLE
