WARNING: for repeatability, setting FPU to use double precision
============================[ Problem Statistics ]=============================
|                                                                             |
|  Number of variables:            50                                         |
|  Number of clauses:             218                                         |
|  Parse time:                   0.00 s                                       |
|                                                                             |
============================[ Search Statistics ]==============================
| Conflicts |          ORIGINAL         |          LEARNT          | Progress |
|           |    Vars  Clauses Literals |    Limit  Clauses Lit/Cl |          |
===============================================================================
===============================================================================
restarts              : 1
conflicts             : 34             (23910 /sec)
decisions             : 46             (0.00 % random) (32349 /sec)
propagations          : 582            (409283 /sec)
conflict literals     : 124            (20.51 % deleted)
Memory used           : 20.00 MB
CPU time              : 0.001422 s

SATISFIABLE
