WARNING: for repeatability, setting FPU to use double precision
============================[ Problem Statistics ]=============================
|                                                                             |
|  Number of variables:            50                                         |
|  Number of clauses:             218                                         |
|  Parse time:                   0.00 s                                       |
|                                                                             |
============================[ Search Statistics ]==============================
| Conflicts |          ORIGINAL         |          LEARNT          | Progress |
|           |    Vars  Clauses Literals |    Limit  Clauses Lit/Cl |          |
===============================================================================
===============================================================================
restarts              : 1
conflicts             : 14             (9838 /sec)
decisions             : 24             (0.00 % random) (16866 /sec)
propagations          : 230            (161630 /sec)
conflict literals     : 58             (19.44 % deleted)
Memory used           : 20.00 MB
CPU time              : 0.001423 s

SATISFIABLE
