WARNING: for repeatability, setting FPU to use double precision
============================[ Problem Statistics ]=============================
|                                                                             |
|  Number of variables:            50                                         |
|  Number of clauses:             218                                         |
|  Parse time:                   0.00 s                                       |
|                                                                             |
============================[ Search Statistics ]==============================
| Conflicts |          ORIGINAL         |          LEARNT          | Progress |
|           |    Vars  Clauses Literals |    Limit  Clauses Lit/Cl |          |
===============================================================================
===============================================================================
restarts              : 1
conflicts             : 5              (3706 /sec)
decisions             : 15             (0.00 % random) (11119 /sec)
propagations          : 106            (78577 /sec)
conflict literals     : 31             (3.12 % deleted)
Memory used           : 20.00 MB
CPU time              : 0.001349 s

SATISFIABLE
