WARNING: for repeatability, setting FPU to use double precision
============================[ Problem Statistics ]=============================
|                                                                             |
|  Number of variables:            50                                         |
|  Number of clauses:             218                                         |
|  Parse time:                   0.00 s                                       |
|                                                                             |
============================[ Search Statistics ]==============================
| Conflicts |          ORIGINAL         |          LEARNT          | Progress |
|           |    Vars  Clauses Literals |    Limit  Clauses Lit/Cl |          |
===============================================================================
===============================================================================
restarts              : 1
conflicts             : 58             (38848 /sec)
decisions             : 84             (0.00 % random) (56263 /sec)
propagations          : 878            (588078 /sec)
conflict literals     : 240            (18.09 % deleted)
Memory used           : 20.00 MB
CPU time              : 0.001493 s

SATISFIABLE
