WARNING: for repeatability, setting FPU to use double precision
============================[ Problem Statistics ]=============================
|                                                                             |
|  Number of variables:            50                                         |
|  Number of clauses:             218                                         |
|  Parse time:                   0.00 s                                       |
|                                                                             |
============================[ Search Statistics ]==============================
| Conflicts |          ORIGINAL         |          LEARNT          | Progress |
|           |    Vars  Clauses Literals |    Limit  Clauses Lit/Cl |          |
===============================================================================
===============================================================================
restarts              : 1
conflicts             : 30             (20027 /sec)
decisions             : 44             (0.00 % random) (29372 /sec)
propagations          : 433            (289052 /sec)
conflict literals     : 133            (10.74 % deleted)
Memory used           : 20.00 MB
CPU time              : 0.001498 s

SATISFIABLE
