WARNING: for repeatability, setting FPU to use double precision
============================[ Problem Statistics ]=============================
|                                                                             |
|  Number of variables:            50                                         |
|  Number of clauses:             218                                         |
|  Parse time:                   0.00 s                                       |
|                                                                             |
============================[ Search Statistics ]==============================
| Conflicts |          ORIGINAL         |          LEARNT          | Progress |
|           |    Vars  Clauses Literals |    Limit  Clauses Lit/Cl |          |
===============================================================================
===============================================================================
restarts              : 1
conflicts             : 32             (22393 /sec)
decisions             : 52             (0.00 % random) (36389 /sec)
propagations          : 528            (369489 /sec)
conflict literals     : 132            (20.00 % deleted)
Memory used           : 20.00 MB
CPU time              : 0.001429 s

SATISFIABLE
