WARNING: for repeatability, setting FPU to use double precision
============================[ Problem Statistics ]=============================
|                                                                             |
|  Number of variables:            50                                         |
|  Number of clauses:             218                                         |
|  Parse time:                   0.00 s                                       |
|                                                                             |
============================[ Search Statistics ]==============================
| Conflicts |          ORIGINAL         |          LEARNT          | Progress |
|           |    Vars  Clauses Literals |    Limit  Clauses Lit/Cl |          |
===============================================================================
===============================================================================
restarts              : 1
conflicts             : 56             (323699 /sec)
decisions             : 71             (0.00 % random) (410405 /sec)
propagations          : 797            (4606936 /sec)
conflict literals     : 236            (17.48 % deleted)
Memory used           : 20.00 MB
CPU time              : 0.000173 s

SATISFIABLE
