WARNING: for repeatability, setting FPU to use double precision
============================[ Problem Statistics ]=============================
|                                                                             |
|  Number of variables:            50                                         |
|  Number of clauses:             218                                         |
|  Parse time:                   0.00 s                                       |
|                                                                             |
============================[ Search Statistics ]==============================
| Conflicts |          ORIGINAL         |          LEARNT          | Progress |
|           |    Vars  Clauses Literals |    Limit  Clauses Lit/Cl |          |
===============================================================================
===============================================================================
restarts              : 1
conflicts             : 6              (4402 /sec)
decisions             : 19             (0.00 % random) (13940 /sec)
propagations          : 150            (110051 /sec)
conflict literals     : 33             (5.71 % deleted)
Memory used           : 20.00 MB
CPU time              : 0.001363 s

SATISFIABLE
