WARNING: for repeatability, setting FPU to use double precision
============================[ Problem Statistics ]=============================
|                                                                             |
|  Number of variables:            50                                         |
|  Number of clauses:             218                                         |
|  Parse time:                   0.00 s                                       |
|                                                                             |
============================[ Search Statistics ]==============================
| Conflicts |          ORIGINAL         |          LEARNT          | Progress |
|           |    Vars  Clauses Literals |    Limit  Clauses Lit/Cl |          |
===============================================================================
===============================================================================
restarts              : 1
conflicts             : 42             (174274 /sec)
decisions             : 64             (0.00 % random) (265560 /sec)
propagations          : 538            (2232365 /sec)
conflict literals     : 183            (14.49 % deleted)
Memory used           : 20.00 MB
CPU time              : 0.000241 s

SATISFIABLE
