WARNING: for repeatability, setting FPU to use double precision
============================[ Problem Statistics ]=============================
|                                                                             |
|  Number of variables:            50                                         |
|  Number of clauses:             218                                         |
|  Parse time:                   0.00 s                                       |
|                                                                             |
============================[ Search Statistics ]==============================
| Conflicts |          ORIGINAL         |          LEARNT          | Progress |
|           |    Vars  Clauses Literals |    Limit  Clauses Lit/Cl |          |
===============================================================================
===============================================================================
restarts              : 1
conflicts             : 50             (34130 /sec)
decisions             : 67             (0.00 % random) (45734 /sec)
propagations          : 671            (458020 /sec)
conflict literals     : 197            (15.09 % deleted)
Memory used           : 20.00 MB
CPU time              : 0.001465 s

SATISFIABLE
