WARNING: for repeatability, setting FPU to use double precision
============================[ Problem Statistics ]=============================
|                                                                             |
|  Number of variables:            50                                         |
|  Number of clauses:             218                                         |
|  Parse time:                   0.00 s                                       |
|                                                                             |
============================[ Search Statistics ]==============================
| Conflicts |          ORIGINAL         |          LEARNT          | Progress |
|           |    Vars  Clauses Literals |    Limit  Clauses Lit/Cl |          |
===============================================================================
===============================================================================
restarts              : 1
conflicts             : 37             (25153 /sec)
decisions             : 57             (0.00 % random) (38749 /sec)
propagations          : 529            (359619 /sec)
conflict literals     : 134            (14.65 % deleted)
Memory used           : 20.00 MB
CPU time              : 0.001471 s

SATISFIABLE
