WARNING: for repeatability, setting FPU to use double precision
============================[ Problem Statistics ]=============================
|                                                                             |
|  Number of variables:            50                                         |
|  Number of clauses:             218                                         |
|  Parse time:                   0.00 s                                       |
|                                                                             |
============================[ Search Statistics ]==============================
| Conflicts |          ORIGINAL         |          LEARNT          | Progress |
|           |    Vars  Clauses Literals |    Limit  Clauses Lit/Cl |          |
===============================================================================
===============================================================================
restarts              : 1
conflicts             : 39             (27140 /sec)
decisions             : 56             (0.00 % random) (38970 /sec)
propagations          : 614            (427279 /sec)
conflict literals     : 156            (22.77 % deleted)
Memory used           : 20.00 MB
CPU time              : 0.001437 s

SATISFIABLE
