WARNING: for repeatability, setting FPU to use double precision
============================[ Problem Statistics ]=============================
|                                                                             |
|  Number of variables:            50                                         |
|  Number of clauses:             218                                         |
|  Parse time:                   0.00 s                                       |
|                                                                             |
============================[ Search Statistics ]==============================
| Conflicts |          ORIGINAL         |          LEARNT          | Progress |
|           |    Vars  Clauses Literals |    Limit  Clauses Lit/Cl |          |
===============================================================================
===============================================================================
restarts              : 1
conflicts             : 66             (43738 /sec)
decisions             : 81             (0.00 % random) (53678 /sec)
propagations          : 915            (606362 /sec)
conflict literals     : 278            (15.24 % deleted)
Memory used           : 20.00 MB
CPU time              : 0.001509 s

SATISFIABLE
