WARNING: for repeatability, setting FPU to use double precision
============================[ Problem Statistics ]=============================
|                                                                             |
|  Number of variables:            50                                         |
|  Number of clauses:             218                                         |
|  Parse time:                   0.00 s                                       |
|                                                                             |
============================[ Search Statistics ]==============================
| Conflicts |          ORIGINAL         |          LEARNT          | Progress |
|           |    Vars  Clauses Literals |    Limit  Clauses Lit/Cl |          |
===============================================================================
===============================================================================
restarts              : 1
conflicts             : 14             (10226 /sec)
decisions             : 28             (0.00 % random) (20453 /sec)
propagations          : 217            (158510 /sec)
conflict literals     : 68             (4.23 % deleted)
Memory used           : 20.00 MB
CPU time              : 0.001369 s

SATISFIABLE
