WARNING: for repeatability, setting FPU to use double precision
============================[ Problem Statistics ]=============================
|                                                                             |
|  Number of variables:            50                                         |
|  Number of clauses:             218                                         |
|  Parse time:                   0.00 s                                       |
|                                                                             |
============================[ Search Statistics ]==============================
| Conflicts |          ORIGINAL         |          LEARNT          | Progress |
|           |    Vars  Clauses Literals |    Limit  Clauses Lit/Cl |          |
===============================================================================
===============================================================================
restarts              : 1
conflicts             : 1              (754 /sec)
decisions             : 10             (0.00 % random) (7536 /sec)
propagations          : 72             (54258 /sec)
conflict literals     : 5              (16.67 % deleted)
Memory used           : 20.00 MB
CPU time              : 0.001327 s

SATISFIABLE
