WARNING: for repeatability, setting FPU to use double precision
============================[ Problem Statistics ]=============================
|                                                                             |
|  Number of variables:            50                                         |
|  Number of clauses:             218                                         |
|  Parse time:                   0.00 s                                       |
|                                                                             |
============================[ Search Statistics ]==============================
| Conflicts |          ORIGINAL         |          LEARNT          | Progress |
|           |    Vars  Clauses Literals |    Limit  Clauses Lit/Cl |          |
===============================================================================
===============================================================================
restarts              : 1
conflicts             : 11             (8142 /sec)
decisions             : 28             (0.00 % random) (20725 /sec)
propagations          : 159            (117691 /sec)
conflict literals     : 53             (1.85 % deleted)
Memory used           : 20.00 MB
CPU time              : 0.001351 s

SATISFIABLE
