WARNING: for repeatability, setting FPU to use double precision
============================[ Problem Statistics ]=============================
|                                                                             |
|  Number of variables:            50                                         |
|  Number of clauses:             218                                         |
|  Parse time:                   0.00 s                                       |
|                                                                             |
============================[ Search Statistics ]==============================
| Conflicts |          ORIGINAL         |          LEARNT          | Progress |
|           |    Vars  Clauses Literals |    Limit  Clauses Lit/Cl |          |
===============================================================================
===============================================================================
restarts              : 1
conflicts             : 57             (38934 /sec)
decisions             : 77             (0.00 % random) (52596 /sec)
propagations          : 784            (535519 /sec)
conflict literals     : 215            (22.94 % deleted)
Memory used           : 20.00 MB
CPU time              : 0.001464 s

SATISFIABLE
