WARNING: for repeatability, setting FPU to use double precision
============================[ Problem Statistics ]=============================
|                                                                             |
|  Number of variables:            50                                         |
|  Number of clauses:             218                                         |
|  Parse time:                   0.00 s                                       |
|                                                                             |
============================[ Search Statistics ]==============================
| Conflicts |          ORIGINAL         |          LEARNT          | Progress |
|           |    Vars  Clauses Literals |    Limit  Clauses Lit/Cl |          |
===============================================================================
===============================================================================
restarts              : 1
conflicts             : 25             (33512 /sec)
decisions             : 37             (0.00 % random) (49598 /sec)
propagations          : 395            (529491 /sec)
conflict literals     : 100            (13.04 % deleted)
Memory used           : 20.00 MB
CPU time              : 0.000746 s

SATISFIABLE
