WARNING: for repeatability, setting FPU to use double precision
============================[ Problem Statistics ]=============================
|                                                                             |
|  Number of variables:            50                                         |
|  Number of clauses:             218                                         |
|  Parse time:                   0.00 s                                       |
|                                                                             |
============================[ Search Statistics ]==============================
| Conflicts |          ORIGINAL         |          LEARNT          | Progress |
|           |    Vars  Clauses Literals |    Limit  Clauses Lit/Cl |          |
===============================================================================
===============================================================================
restarts              : 1
conflicts             : 19             (13858 /sec)
decisions             : 30             (0.00 % random) (21882 /sec)
propagations          : 311            (226842 /sec)
conflict literals     : 89             (13.59 % deleted)
Memory used           : 20.00 MB
CPU time              : 0.001371 s

SATISFIABLE
