WARNING: for repeatability, setting FPU to use double precision
============================[ Problem Statistics ]=============================
|                                                                             |
|  Number of variables:            50                                         |
|  Number of clauses:             218                                         |
|  Parse time:                   0.00 s                                       |
|                                                                             |
============================[ Search Statistics ]==============================
| Conflicts |          ORIGINAL         |          LEARNT          | Progress |
|           |    Vars  Clauses Literals |    Limit  Clauses Lit/Cl |          |
===============================================================================
===============================================================================
restarts              : 1
conflicts             : 56             (38199 /sec)
decisions             : 82             (0.00 % random) (55935 /sec)
propagations          : 869            (592769 /sec)
conflict literals     : 235            (19.52 % deleted)
Memory used           : 20.00 MB
CPU time              : 0.001466 s

SATISFIABLE
