WARNING: for repeatability, setting FPU to use double precision
============================[ Problem Statistics ]=============================
|                                                                             |
|  Number of variables:            50                                         |
|  Number of clauses:             218                                         |
|  Parse time:                   0.00 s                                       |
|                                                                             |
============================[ Search Statistics ]==============================
| Conflicts |          ORIGINAL         |          LEARNT          | Progress |
|           |    Vars  Clauses Literals |    Limit  Clauses Lit/Cl |          |
===============================================================================
===============================================================================
restarts              : 1
conflicts             : 41             (28334 /sec)
decisions             : 56             (0.00 % random) (38701 /sec)
propagations          : 601            (415342 /sec)
conflict literals     : 156            (18.32 % deleted)
Memory used           : 20.00 MB
CPU time              : 0.001447 s

SATISFIABLE
