WARNING: for repeatability, setting FPU to use double precision
============================[ Problem Statistics ]=============================
|                                                                             |
|  Number of variables:            50                                         |
|  Number of clauses:             218                                         |
|  Parse time:                   0.00 s                                       |
|                                                                             |
============================[ Search Statistics ]==============================
| Conflicts |          ORIGINAL         |          LEARNT          | Progress |
|           |    Vars  Clauses Literals |    Limit  Clauses Lit/Cl |          |
===============================================================================
===============================================================================
restarts              : 1
conflicts             : 17             (11863 /sec)
decisions             : 33             (0.00 % random) (23029 /sec)
propagations          : 239            (166783 /sec)
conflict literals     : 64             (13.51 % deleted)
Memory used           : 20.00 MB
CPU time              : 0.001433 s

SATISFIABLE
