WARNING: for repeatability, setting FPU to use double precision
============================[ Problem Statistics ]=============================
|                                                                             |
|  Number of variables:            50                                         |
|  Number of clauses:             218                                         |
|  Parse time:                   0.00 s                                       |
|                                                                             |
============================[ Search Statistics ]==============================
| Conflicts |          ORIGINAL         |          LEARNT          | Progress |
|           |    Vars  Clauses Literals |    Limit  Clauses Lit/Cl |          |
===============================================================================
===============================================================================
restarts              : 1
conflicts             : 21             (15306 /sec)
decisions             : 52             (0.00 % random) (37901 /sec)
propagations          : 320            (233236 /sec)
conflict literals     : 78             (13.33 % deleted)
Memory used           : 20.00 MB
CPU time              : 0.001372 s

SATISFIABLE
