WARNING: for repeatability, setting FPU to use double precision
============================[ Problem Statistics ]=============================
|                                                                             |
|  Number of variables:            50                                         |
|  Number of clauses:             218                                         |
|  Parse time:                   0.00 s                                       |
|                                                                             |
============================[ Search Statistics ]==============================
| Conflicts |          ORIGINAL         |          LEARNT          | Progress |
|           |    Vars  Clauses Literals |    Limit  Clauses Lit/Cl |          |
===============================================================================
===============================================================================
restarts              : 1
conflicts             : 7              (5193 /sec)
decisions             : 22             (0.00 % random) (16320 /sec)
propagations          : 124            (91988 /sec)
conflict literals     : 36             (7.69 % deleted)
Memory used           : 20.00 MB
CPU time              : 0.001348 s

SATISFIABLE
