WARNING: for repeatability, setting FPU to use double precision
============================[ Problem Statistics ]=============================
|                                                                             |
|  Number of variables:            50                                         |
|  Number of clauses:             218                                         |
|  Parse time:                   0.00 s                                       |
|                                                                             |
============================[ Search Statistics ]==============================
| Conflicts |          ORIGINAL         |          LEARNT          | Progress |
|           |    Vars  Clauses Literals |    Limit  Clauses Lit/Cl |          |
===============================================================================
===============================================================================
restarts              : 1
conflicts             : 11             (8047 /sec)
decisions             : 30             (0.00 % random) (21946 /sec)
propagations          : 220            (160936 /sec)
conflict literals     : 69             (2.82 % deleted)
Memory used           : 20.00 MB
CPU time              : 0.001367 s

SATISFIABLE
