WARNING: for repeatability, setting FPU to use double precision
============================[ Problem Statistics ]=============================
|                                                                             |
|  Number of variables:            50                                         |
|  Number of clauses:             218                                         |
|  Parse time:                   0.00 s                                       |
|                                                                             |
============================[ Search Statistics ]==============================
| Conflicts |          ORIGINAL         |          LEARNT          | Progress |
|           |    Vars  Clauses Literals |    Limit  Clauses Lit/Cl |          |
===============================================================================
===============================================================================
restarts              : 1
conflicts             : 17             (12418 /sec)
decisions             : 31             (0.00 % random) (22644 /sec)
propagations          : 308            (224982 /sec)
conflict literals     : 80             (12.09 % deleted)
Memory used           : 20.00 MB
CPU time              : 0.001369 s

SATISFIABLE
