WARNING: for repeatability, setting FPU to use double precision
============================[ Problem Statistics ]=============================
|                                                                             |
|  Number of variables:            50                                         |
|  Number of clauses:             218                                         |
|  Parse time:                   0.00 s                                       |
|                                                                             |
============================[ Search Statistics ]==============================
| Conflicts |          ORIGINAL         |          LEARNT          | Progress |
|           |    Vars  Clauses Literals |    Limit  Clauses Lit/Cl |          |
===============================================================================
===============================================================================
restarts              : 1
conflicts             : 23             (16440 /sec)
decisions             : 40             (0.00 % random) (28592 /sec)
propagations          : 397            (283774 /sec)
conflict literals     : 104            (14.75 % deleted)
Memory used           : 20.00 MB
CPU time              : 0.001399 s

SATISFIABLE
