WARNING: for repeatability, setting FPU to use double precision
============================[ Problem Statistics ]=============================
|                                                                             |
|  Number of variables:            50                                         |
|  Number of clauses:             218                                         |
|  Parse time:                   0.00 s                                       |
|                                                                             |
============================[ Search Statistics ]==============================
| Conflicts |          ORIGINAL         |          LEARNT          | Progress |
|           |    Vars  Clauses Literals |    Limit  Clauses Lit/Cl |          |
===============================================================================
===============================================================================
restarts              : 1
conflicts             : 29             (20670 /sec)
decisions             : 41             (0.00 % random) (29223 /sec)
propagations          : 419            (298646 /sec)
conflict literals     : 125            (11.97 % deleted)
Memory used           : 20.00 MB
CPU time              : 0.001403 s

SATISFIABLE
