WARNING: for repeatability, setting FPU to use double precision
============================[ Problem Statistics ]=============================
|                                                                             |
|  Number of variables:            50                                         |
|  Number of clauses:             218                                         |
|  Parse time:                   0.00 s                                       |
|                                                                             |
============================[ Search Statistics ]==============================
| Conflicts |          ORIGINAL         |          LEARNT          | Progress |
|           |    Vars  Clauses Literals |    Limit  Clauses Lit/Cl |          |
===============================================================================
===============================================================================
restarts              : 1
conflicts             : 71             (46496 /sec)
decisions             : 87             (0.00 % random) (56974 /sec)
propagations          : 1023           (669941 /sec)
conflict literals     : 287            (18.47 % deleted)
Memory used           : 20.00 MB
CPU time              : 0.001527 s

SATISFIABLE
