WARNING: for repeatability, setting FPU to use double precision
============================[ Problem Statistics ]=============================
|                                                                             |
|  Number of variables:            50                                         |
|  Number of clauses:             218                                         |
|  Parse time:                   0.00 s                                       |
|                                                                             |
============================[ Search Statistics ]==============================
| Conflicts |          ORIGINAL         |          LEARNT          | Progress |
|           |    Vars  Clauses Literals |    Limit  Clauses Lit/Cl |          |
===============================================================================
===============================================================================
restarts              : 1
conflicts             : 18             (12987 /sec)
decisions             : 31             (0.00 % random) (22367 /sec)
propagations          : 347            (250361 /sec)
conflict literals     : 85             (13.27 % deleted)
Memory used           : 20.00 MB
CPU time              : 0.001386 s

SATISFIABLE
