WARNING: for repeatability, setting FPU to use double precision
============================[ Problem Statistics ]=============================
|                                                                             |
|  Number of variables:            50                                         |
|  Number of clauses:             218                                         |
|  Parse time:                   0.00 s                                       |
|                                                                             |
============================[ Search Statistics ]==============================
| Conflicts |          ORIGINAL         |          LEARNT          | Progress |
|           |    Vars  Clauses Literals |    Limit  Clauses Lit/Cl |          |
===============================================================================
===============================================================================
restarts              : 1
conflicts             : 51             (35197 /sec)
decisions             : 63             (0.00 % random) (43478 /sec)
propagations          : 719            (496204 /sec)
conflict literals     : 245            (7.20 % deleted)
Memory used           : 20.00 MB
CPU time              : 0.001449 s

SATISFIABLE
