WARNING: for repeatability, setting FPU to use double precision
============================[ Problem Statistics ]=============================
|                                                                             |
|  Number of variables:            50                                         |
|  Number of clauses:             218                                         |
|  Parse time:                   0.00 s                                       |
|                                                                             |
============================[ Search Statistics ]==============================
| Conflicts |          ORIGINAL         |          LEARNT          | Progress |
|           |    Vars  Clauses Literals |    Limit  Clauses Lit/Cl |          |
===============================================================================
===============================================================================
restarts              : 1
conflicts             : 54             (33457 /sec)
decisions             : 69             (0.00 % random) (42751 /sec)
propagations          : 714            (442379 /sec)
conflict literals     : 246            (11.83 % deleted)
Memory used           : 20.00 MB
CPU time              : 0.001614 s

SATISFIABLE
