WARNING: for repeatability, setting FPU to use double precision
============================[ Problem Statistics ]=============================
|                                                                             |
|  Number of variables:            50                                         |
|  Number of clauses:             218                                         |
|  Parse time:                   0.00 s                                       |
|                                                                             |
============================[ Search Statistics ]==============================
| Conflicts |          ORIGINAL         |          LEARNT          | Progress |
|           |    Vars  Clauses Literals |    Limit  Clauses Lit/Cl |          |
===============================================================================
===============================================================================
restarts              : 1
conflicts             : 46             (31812 /sec)
decisions             : 64             (0.00 % random) (44260 /sec)
propagations          : 658            (455048 /sec)
conflict literals     : 190            (7.77 % deleted)
Memory used           : 20.00 MB
CPU time              : 0.001446 s

SATISFIABLE
