WARNING: for repeatability, setting FPU to use double precision
============================[ Problem Statistics ]=============================
|                                                                             |
|  Number of variables:            50                                         |
|  Number of clauses:             218                                         |
|  Parse time:                   0.00 s                                       |
|                                                                             |
============================[ Search Statistics ]==============================
| Conflicts |          ORIGINAL         |          LEARNT          | Progress |
|           |    Vars  Clauses Literals |    Limit  Clauses Lit/Cl |          |
===============================================================================
===============================================================================
restarts              : 1
conflicts             : 48             (33403 /sec)
decisions             : 61             (0.00 % random) (42450 /sec)
propagations          : 684            (475992 /sec)
conflict literals     : 222            (15.27 % deleted)
Memory used           : 20.00 MB
CPU time              : 0.001437 s

SATISFIABLE
