WARNING: for repeatability, setting FPU to use double precision
============================[ Problem Statistics ]=============================
|                                                                             |
|  Number of variables:            50                                         |
|  Number of clauses:             218                                         |
|  Parse time:                   0.00 s                                       |
|                                                                             |
============================[ Search Statistics ]==============================
| Conflicts |          ORIGINAL         |          LEARNT          | Progress |
|           |    Vars  Clauses Literals |    Limit  Clauses Lit/Cl |          |
===============================================================================
===============================================================================
restarts              : 1
conflicts             : 11             (6901 /sec)
decisions             : 26             (0.00 % random) (16311 /sec)
propagations          : 192            (120452 /sec)
conflict literals     : 46             (4.17 % deleted)
Memory used           : 20.00 MB
CPU time              : 0.001594 s

SATISFIABLE
