WARNING: for repeatability, setting FPU to use double precision
============================[ Problem Statistics ]=============================
|                                                                             |
|  Number of variables:            50                                         |
|  Number of clauses:             218                                         |
|  Parse time:                   0.00 s                                       |
|                                                                             |
============================[ Search Statistics ]==============================
| Conflicts |          ORIGINAL         |          LEARNT          | Progress |
|           |    Vars  Clauses Literals |    Limit  Clauses Lit/Cl |          |
===============================================================================
===============================================================================
restarts              : 1
conflicts             : 21             (15141 /sec)
decisions             : 35             (0.00 % random) (25234 /sec)
propagations          : 332            (239366 /sec)
conflict literals     : 98             (11.71 % deleted)
Memory used           : 20.00 MB
CPU time              : 0.001387 s

SATISFIABLE
