WARNING: for repeatability, setting FPU to use double precision
============================[ Problem Statistics ]=============================
|                                                                             |
|  Number of variables:            50                                         |
|  Number of clauses:             218                                         |
|  Parse time:                   0.00 s                                       |
|                                                                             |
============================[ Search Statistics ]==============================
| Conflicts |          ORIGINAL         |          LEARNT          | Progress |
|           |    Vars  Clauses Literals |    Limit  Clauses Lit/Cl |          |
===============================================================================
===============================================================================
restarts              : 1
conflicts             : 40             (28031 /sec)
decisions             : 53             (0.00 % random) (37141 /sec)
propagations          : 576            (403644 /sec)
conflict literals     : 155            (16.67 % deleted)
Memory used           : 20.00 MB
CPU time              : 0.001427 s

SATISFIABLE
