WARNING: for repeatability, setting FPU to use double precision
============================[ Problem Statistics ]=============================
|                                                                             |
|  Number of variables:            50                                         |
|  Number of clauses:             218                                         |
|  Parse time:                   0.00 s                                       |
|                                                                             |
============================[ Search Statistics ]==============================
| Conflicts |          ORIGINAL         |          LEARNT          | Progress |
|           |    Vars  Clauses Literals |    Limit  Clauses Lit/Cl |          |
===============================================================================
===============================================================================
restarts              : 1
conflicts             : 79             (51466 /sec)
decisions             : 96             (0.00 % random) (62541 /sec)
propagations          : 1121           (730293 /sec)
conflict literals     : 359            (13.70 % deleted)
Memory used           : 20.00 MB
CPU time              : 0.001535 s

SATISFIABLE
