WARNING: for repeatability, setting FPU to use double precision
============================[ Problem Statistics ]=============================
|                                                                             |
|  Number of variables:            50                                         |
|  Number of clauses:             218                                         |
|  Parse time:                   0.00 s                                       |
|                                                                             |
============================[ Search Statistics ]==============================
| Conflicts |          ORIGINAL         |          LEARNT          | Progress |
|           |    Vars  Clauses Literals |    Limit  Clauses Lit/Cl |          |
===============================================================================
===============================================================================
restarts              : 1
conflicts             : 94             (333333 /sec)
decisions             : 111            (0.00 % random) (393617 /sec)
propagations          : 1338           (4744681 /sec)
conflict literals     : 377            (16.04 % deleted)
Memory used           : 20.00 MB
CPU time              : 0.000282 s

SATISFIABLE
