WARNING: for repeatability, setting FPU to use double precision
============================[ Problem Statistics ]=============================
|                                                                             |
|  Number of variables:            50                                         |
|  Number of clauses:             218                                         |
|  Parse time:                   0.00 s                                       |
|                                                                             |
============================[ Search Statistics ]==============================
| Conflicts |          ORIGINAL         |          LEARNT          | Progress |
|           |    Vars  Clauses Literals |    Limit  Clauses Lit/Cl |          |
===============================================================================
===============================================================================
restarts              : 1
conflicts             : 41             (28532 /sec)
decisions             : 53             (0.00 % random) (36882 /sec)
propagations          : 577            (401531 /sec)
conflict literals     : 162            (20.59 % deleted)
Memory used           : 20.00 MB
CPU time              : 0.001437 s

SATISFIABLE
