WARNING: for repeatability, setting FPU to use double precision
============================[ Problem Statistics ]=============================
|                                                                             |
|  Number of variables:            50                                         |
|  Number of clauses:             218                                         |
|  Parse time:                   0.00 s                                       |
|                                                                             |
============================[ Search Statistics ]==============================
| Conflicts |          ORIGINAL         |          LEARNT          | Progress |
|           |    Vars  Clauses Literals |    Limit  Clauses Lit/Cl |          |
===============================================================================
===============================================================================
restarts              : 1
conflicts             : 53             (35452 /sec)
decisions             : 72             (0.00 % random) (48161 /sec)
propagations          : 856            (572575 /sec)
conflict literals     : 226            (14.07 % deleted)
Memory used           : 20.00 MB
CPU time              : 0.001495 s

SATISFIABLE
