WARNING: for repeatability, setting FPU to use double precision
============================[ Problem Statistics ]=============================
|                                                                             |
|  Number of variables:            50                                         |
|  Number of clauses:             218                                         |
|  Parse time:                   0.00 s                                       |
|                                                                             |
============================[ Search Statistics ]==============================
| Conflicts |          ORIGINAL         |          LEARNT          | Progress |
|           |    Vars  Clauses Literals |    Limit  Clauses Lit/Cl |          |
===============================================================================
===============================================================================
restarts              : 1
conflicts             : 45             (30970 /sec)
decisions             : 77             (0.00 % random) (52994 /sec)
propagations          : 787            (541638 /sec)
conflict literals     : 224            (15.15 % deleted)
Memory used           : 20.00 MB
CPU time              : 0.001453 s

SATISFIABLE
