WARNING: for repeatability, setting FPU to use double precision
============================[ Problem Statistics ]=============================
|                                                                             |
|  Number of variables:            50                                         |
|  Number of clauses:             218                                         |
|  Parse time:                   0.00 s                                       |
|                                                                             |
============================[ Search Statistics ]==============================
| Conflicts |          ORIGINAL         |          LEARNT          | Progress |
|           |    Vars  Clauses Literals |    Limit  Clauses Lit/Cl |          |
===============================================================================
===============================================================================
restarts              : 1
conflicts             : 41             (28711 /sec)
decisions             : 56             (0.00 % random) (39216 /sec)
propagations          : 604            (422969 /sec)
conflict literals     : 191            (15.86 % deleted)
Memory used           : 20.00 MB
CPU time              : 0.001428 s

SATISFIABLE
