WARNING: for repeatability, setting FPU to use double precision
============================[ Problem Statistics ]=============================
|                                                                             |
|  Number of variables:            50                                         |
|  Number of clauses:             218                                         |
|  Parse time:                   0.00 s                                       |
|                                                                             |
============================[ Search Statistics ]==============================
| Conflicts |          ORIGINAL         |          LEARNT          | Progress |
|           |    Vars  Clauses Literals |    Limit  Clauses Lit/Cl |          |
===============================================================================
===============================================================================
restarts              : 1
conflicts             : 10             (7348 /sec)
decisions             : 21             (0.00 % random) (15430 /sec)
propagations          : 172            (126378 /sec)
conflict literals     : 44             (12.00 % deleted)
Memory used           : 20.00 MB
CPU time              : 0.001361 s

SATISFIABLE
