WARNING: for repeatability, setting FPU to use double precision
============================[ Problem Statistics ]=============================
|                                                                             |
|  Number of variables:            50                                         |
|  Number of clauses:             218                                         |
|  Parse time:                   0.00 s                                       |
|                                                                             |
============================[ Search Statistics ]==============================
| Conflicts |          ORIGINAL         |          LEARNT          | Progress |
|           |    Vars  Clauses Literals |    Limit  Clauses Lit/Cl |          |
===============================================================================
===============================================================================
restarts              : 1
conflicts             : 35             (24823 /sec)
decisions             : 60             (0.00 % random) (42553 /sec)
propagations          : 507            (359574 /sec)
conflict literals     : 131            (7.09 % deleted)
Memory used           : 20.00 MB
CPU time              : 0.00141 s

SATISFIABLE
