WARNING: for repeatability, setting FPU to use double precision
============================[ Problem Statistics ]=============================
|                                                                             |
|  Number of variables:            50                                         |
|  Number of clauses:             218                                         |
|  Parse time:                   0.00 s                                       |
|                                                                             |
============================[ Search Statistics ]==============================
| Conflicts |          ORIGINAL         |          LEARNT          | Progress |
|           |    Vars  Clauses Literals |    Limit  Clauses Lit/Cl |          |
===============================================================================
===============================================================================
restarts              : 1
conflicts             : 33             (23355 /sec)
decisions             : 52             (0.00 % random) (36801 /sec)
propagations          : 536            (379335 /sec)
conflict literals     : 121            (20.92 % deleted)
Memory used           : 20.00 MB
CPU time              : 0.001413 s

SATISFIABLE
