WARNING: for repeatability, setting FPU to use double precision
============================[ Problem Statistics ]=============================
|                                                                             |
|  Number of variables:            50                                         |
|  Number of clauses:             218                                         |
|  Parse time:                   0.00 s                                       |
|                                                                             |
============================[ Search Statistics ]==============================
| Conflicts |          ORIGINAL         |          LEARNT          | Progress |
|           |    Vars  Clauses Literals |    Limit  Clauses Lit/Cl |          |
===============================================================================
===============================================================================
restarts              : 1
conflicts             : 14             (10204 /sec)
decisions             : 22             (0.00 % random) (16035 /sec)
propagations          : 205            (149417 /sec)
conflict literals     : 52             (8.77 % deleted)
Memory used           : 20.00 MB
CPU time              : 0.001372 s

SATISFIABLE
