WARNING: for repeatability, setting FPU to use double precision
============================[ Problem Statistics ]=============================
|                                                                             |
|  Number of variables:            50                                         |
|  Number of clauses:             218                                         |
|  Parse time:                   0.00 s                                       |
|                                                                             |
============================[ Search Statistics ]==============================
| Conflicts |          ORIGINAL         |          LEARNT          | Progress |
|           |    Vars  Clauses Literals |    Limit  Clauses Lit/Cl |          |
===============================================================================
===============================================================================
restarts              : 1
conflicts             : 36             (139535 /sec)
decisions             : 62             (0.00 % random) (240310 /sec)
propagations          : 575            (2228682 /sec)
conflict literals     : 141            (19.89 % deleted)
Memory used           : 20.00 MB
CPU time              : 0.000258 s

SATISFIABLE
