WARNING: for repeatability, setting FPU to use double precision
============================[ Problem Statistics ]=============================
|                                                                             |
|  Number of variables:            50                                         |
|  Number of clauses:             218                                         |
|  Parse time:                   0.00 s                                       |
|                                                                             |
============================[ Search Statistics ]==============================
| Conflicts |          ORIGINAL         |          LEARNT          | Progress |
|           |    Vars  Clauses Literals |    Limit  Clauses Lit/Cl |          |
===============================================================================
===============================================================================
restarts              : 1
conflicts             : 10             (7294 /sec)
decisions             : 23             (0.00 % random) (16776 /sec)
propagations          : 205            (149526 /sec)
conflict literals     : 51             (10.53 % deleted)
Memory used           : 20.00 MB
CPU time              : 0.001371 s

SATISFIABLE
