WARNING: for repeatability, setting FPU to use double precision
============================[ Problem Statistics ]=============================
|                                                                             |
|  Number of variables:            50                                         |
|  Number of clauses:             218                                         |
|  Parse time:                   0.00 s                                       |
|                                                                             |
============================[ Search Statistics ]==============================
| Conflicts |          ORIGINAL         |          LEARNT          | Progress |
|           |    Vars  Clauses Literals |    Limit  Clauses Lit/Cl |          |
===============================================================================
===============================================================================
restarts              : 1
conflicts             : 14             (10116 /sec)
decisions             : 35             (0.00 % random) (25289 /sec)
propagations          : 253            (182803 /sec)
conflict literals     : 80             (11.11 % deleted)
Memory used           : 20.00 MB
CPU time              : 0.001384 s

SATISFIABLE
