WARNING: for repeatability, setting FPU to use double precision
============================[ Problem Statistics ]=============================
|                                                                             |
|  Number of variables:            50                                         |
|  Number of clauses:             218                                         |
|  Parse time:                   0.00 s                                       |
|                                                                             |
============================[ Search Statistics ]==============================
| Conflicts |          ORIGINAL         |          LEARNT          | Progress |
|           |    Vars  Clauses Literals |    Limit  Clauses Lit/Cl |          |
===============================================================================
===============================================================================
restarts              : 1
conflicts             : 64             (41857 /sec)
decisions             : 79             (0.00 % random) (51668 /sec)
propagations          : 960            (627861 /sec)
conflict literals     : 266            (14.19 % deleted)
Memory used           : 20.00 MB
CPU time              : 0.001529 s

SATISFIABLE
