WARNING: for repeatability, setting FPU to use double precision
============================[ Problem Statistics ]=============================
|                                                                             |
|  Number of variables:            50                                         |
|  Number of clauses:             218                                         |
|  Parse time:                   0.00 s                                       |
|                                                                             |
============================[ Search Statistics ]==============================
| Conflicts |          ORIGINAL         |          LEARNT          | Progress |
|           |    Vars  Clauses Literals |    Limit  Clauses Lit/Cl |          |
===============================================================================
===============================================================================
restarts              : 1
conflicts             : 48             (317881 /sec)
decisions             : 66             (0.00 % random) (437086 /sec)
propagations          : 701            (4642384 /sec)
conflict literals     : 201            (19.92 % deleted)
Memory used           : 20.00 MB
CPU time              : 0.000151 s

SATISFIABLE
