WARNING: for repeatability, setting FPU to use double precision
============================[ Problem Statistics ]=============================
|                                                                             |
|  Number of variables:            50                                         |
|  Number of clauses:             218                                         |
|  Parse time:                   0.00 s                                       |
|                                                                             |
============================[ Search Statistics ]==============================
| Conflicts |          ORIGINAL         |          LEARNT          | Progress |
|           |    Vars  Clauses Literals |    Limit  Clauses Lit/Cl |          |
===============================================================================
===============================================================================
restarts              : 1
conflicts             : 27             (18974 /sec)
decisions             : 37             (0.00 % random) (26001 /sec)
propagations          : 524            (368236 /sec)
conflict literals     : 150            (7.98 % deleted)
Memory used           : 20.00 MB
CPU time              : 0.001423 s

SATISFIABLE
