WARNING: for repeatability, setting FPU to use double precision
============================[ Problem Statistics ]=============================
|                                                                             |
|  Number of variables:            50                                         |
|  Number of clauses:             218                                         |
|  Parse time:                   0.00 s                                       |
|                                                                             |
============================[ Search Statistics ]==============================
| Conflicts |          ORIGINAL         |          LEARNT          | Progress |
|           |    Vars  Clauses Literals |    Limit  Clauses Lit/Cl |          |
===============================================================================
===============================================================================
restarts              : 1
conflicts             : 71             (278431 /sec)
decisions             : 87             (0.00 % random) (341176 /sec)
propagations          : 1206           (4729412 /sec)
conflict literals     : 302            (20.73 % deleted)
Memory used           : 20.00 MB
CPU time              : 0.000255 s

SATISFIABLE
