WARNING: for repeatability, setting FPU to use double precision
============================[ Problem Statistics ]=============================
|                                                                             |
|  Number of variables:            50                                         |
|  Number of clauses:             218                                         |
|  Parse time:                   0.00 s                                       |
|                                                                             |
============================[ Search Statistics ]==============================
| Conflicts |          ORIGINAL         |          LEARNT          | Progress |
|           |    Vars  Clauses Literals |    Limit  Clauses Lit/Cl |          |
===============================================================================
===============================================================================
restarts              : 1
conflicts             : 74             (48493 /sec)
decisions             : 88             (0.00 % random) (57667 /sec)
propagations          : 1127           (738532 /sec)
conflict literals     : 389            (9.95 % deleted)
Memory used           : 20.00 MB
CPU time              : 0.001526 s

SATISFIABLE
