WARNING: for repeatability, setting FPU to use double precision
============================[ Problem Statistics ]=============================
|                                                                             |
|  Number of variables:            50                                         |
|  Number of clauses:             218                                         |
|  Parse time:                   0.00 s                                       |
|                                                                             |
============================[ Search Statistics ]==============================
| Conflicts |          ORIGINAL         |          LEARNT          | Progress |
|           |    Vars  Clauses Literals |    Limit  Clauses Lit/Cl |          |
===============================================================================
===============================================================================
restarts              : 1
conflicts             : 27             (19481 /sec)
decisions             : 40             (0.00 % random) (28860 /sec)
propagations          : 397            (286436 /sec)
conflict literals     : 157            (7.10 % deleted)
Memory used           : 20.00 MB
CPU time              : 0.001386 s

SATISFIABLE
