WARNING: for repeatability, setting FPU to use double precision
============================[ Problem Statistics ]=============================
|                                                                             |
|  Number of variables:            50                                         |
|  Number of clauses:             218                                         |
|  Parse time:                   0.00 s                                       |
|                                                                             |
============================[ Search Statistics ]==============================
| Conflicts |          ORIGINAL         |          LEARNT          | Progress |
|           |    Vars  Clauses Literals |    Limit  Clauses Lit/Cl |          |
===============================================================================
===============================================================================
restarts              : 1
conflicts             : 41             (27853 /sec)
decisions             : 64             (0.00 % random) (43478 /sec)
propagations          : 623            (423234 /sec)
conflict literals     : 214            (8.94 % deleted)
Memory used           : 20.00 MB
CPU time              : 0.001472 s

SATISFIABLE
