WARNING: for repeatability, setting FPU to use double precision
============================[ Problem Statistics ]=============================
|                                                                             |
|  Number of variables:            50                                         |
|  Number of clauses:             218                                         |
|  Parse time:                   0.00 s                                       |
|                                                                             |
============================[ Search Statistics ]==============================
| Conflicts |          ORIGINAL         |          LEARNT          | Progress |
|           |    Vars  Clauses Literals |    Limit  Clauses Lit/Cl |          |
===============================================================================
===============================================================================
restarts              : 1
conflicts             : 24             (17217 /sec)
decisions             : 36             (0.00 % random) (25825 /sec)
propagations          : 393            (281923 /sec)
conflict literals     : 94             (12.15 % deleted)
Memory used           : 20.00 MB
CPU time              : 0.001394 s

SATISFIABLE
