WARNING: for repeatability, setting FPU to use double precision
============================[ Problem Statistics ]=============================
|                                                                             |
|  Number of variables:            50                                         |
|  Number of clauses:             218                                         |
|  Parse time:                   0.00 s                                       |
|                                                                             |
============================[ Search Statistics ]==============================
| Conflicts |          ORIGINAL         |          LEARNT          | Progress |
|           |    Vars  Clauses Literals |    Limit  Clauses Lit/Cl |          |
===============================================================================
===============================================================================
restarts              : 1
conflicts             : 17             (24079 /sec)
decisions             : 28             (0.00 % random) (39660 /sec)
propagations          : 252            (356941 /sec)
conflict literals     : 68             (11.69 % deleted)
Memory used           : 20.00 MB
CPU time              : 0.000706 s

SATISFIABLE
