WARNING: for repeatability, setting FPU to use double precision
============================[ Problem Statistics ]=============================
|                                                                             |
|  Number of variables:            50                                         |
|  Number of clauses:             218                                         |
|  Parse time:                   0.00 s                                       |
|                                                                             |
============================[ Search Statistics ]==============================
| Conflicts |          ORIGINAL         |          LEARNT          | Progress |
|           |    Vars  Clauses Literals |    Limit  Clauses Lit/Cl |          |
===============================================================================
===============================================================================
restarts              : 1
conflicts             : 21             (15075 /sec)
decisions             : 42             (0.00 % random) (30151 /sec)
propagations          : 339            (243360 /sec)
conflict literals     : 85             (20.56 % deleted)
Memory used           : 20.00 MB
CPU time              : 0.001393 s

SATISFIABLE
