WARNING: for repeatability, setting FPU to use double precision
============================[ Problem Statistics ]=============================
|                                                                             |
|  Number of variables:            50                                         |
|  Number of clauses:             218                                         |
|  Parse time:                   0.00 s                                       |
|                                                                             |
============================[ Search Statistics ]==============================
| Conflicts |          ORIGINAL         |          LEARNT          | Progress |
|           |    Vars  Clauses Literals |    Limit  Clauses Lit/Cl |          |
===============================================================================
===============================================================================
restarts              : 1
conflicts             : 22             (213592 /sec)
decisions             : 36             (0.00 % random) (349515 /sec)
propagations          : 391            (3796117 /sec)
conflict literals     : 100            (7.41 % deleted)
Memory used           : 20.00 MB
CPU time              : 0.000103 s

SATISFIABLE
