WARNING: for repeatability, setting FPU to use double precision
============================[ Problem Statistics ]=============================
|                                                                             |
|  Number of variables:            50                                         |
|  Number of clauses:             218                                         |
|  Parse time:                   0.00 s                                       |
|                                                                             |
============================[ Search Statistics ]==============================
| Conflicts |          ORIGINAL         |          LEARNT          | Progress |
|           |    Vars  Clauses Literals |    Limit  Clauses Lit/Cl |          |
===============================================================================
===============================================================================
restarts              : 1
conflicts             : 60             (39630 /sec)
decisions             : 73             (0.00 % random) (48217 /sec)
propagations          : 988            (652576 /sec)
conflict literals     : 252            (13.99 % deleted)
Memory used           : 20.00 MB
CPU time              : 0.001514 s

SATISFIABLE
