WARNING: for repeatability, setting FPU to use double precision
============================[ Problem Statistics ]=============================
|                                                                             |
|  Number of variables:            50                                         |
|  Number of clauses:             218                                         |
|  Parse time:                   0.00 s                                       |
|                                                                             |
============================[ Search Statistics ]==============================
| Conflicts |          ORIGINAL         |          LEARNT          | Progress |
|           |    Vars  Clauses Literals |    Limit  Clauses Lit/Cl |          |
===============================================================================
===============================================================================
restarts              : 1
conflicts             : 29             (20553 /sec)
decisions             : 50             (0.00 % random) (35436 /sec)
propagations          : 396            (280652 /sec)
conflict literals     : 126            (19.23 % deleted)
Memory used           : 20.00 MB
CPU time              : 0.001411 s

SATISFIABLE
