WARNING: for repeatability, setting FPU to use double precision
============================[ Problem Statistics ]=============================
|                                                                             |
|  Number of variables:            50                                         |
|  Number of clauses:             218                                         |
|  Parse time:                   0.00 s                                       |
|                                                                             |
============================[ Search Statistics ]==============================
| Conflicts |          ORIGINAL         |          LEARNT          | Progress |
|           |    Vars  Clauses Literals |    Limit  Clauses Lit/Cl |          |
===============================================================================
===============================================================================
restarts              : 1
conflicts             : 77             (51197 /sec)
decisions             : 90             (0.00 % random) (59840 /sec)
propagations          : 1059           (704122 /sec)
conflict literals     : 337            (16.17 % deleted)
Memory used           : 20.00 MB
CPU time              : 0.001504 s

SATISFIABLE
