WARNING: for repeatability, setting FPU to use double precision
============================[ Problem Statistics ]=============================
|                                                                             |
|  Number of variables:            50                                         |
|  Number of clauses:             218                                         |
|  Parse time:                   0.00 s                                       |
|                                                                             |
============================[ Search Statistics ]==============================
| Conflicts |          ORIGINAL         |          LEARNT          | Progress |
|           |    Vars  Clauses Literals |    Limit  Clauses Lit/Cl |          |
===============================================================================
===============================================================================
restarts              : 1
conflicts             : 26             (18719 /sec)
decisions             : 39             (0.00 % random) (28078 /sec)
propagations          : 397            (285817 /sec)
conflict literals     : 100            (9.09 % deleted)
Memory used           : 20.00 MB
CPU time              : 0.001389 s

SATISFIABLE
