WARNING: for repeatability, setting FPU to use double precision
============================[ Problem Statistics ]=============================
|                                                                             |
|  Number of variables:            50                                         |
|  Number of clauses:             218                                         |
|  Parse time:                   0.00 s                                       |
|                                                                             |
============================[ Search Statistics ]==============================
| Conflicts |          ORIGINAL         |          LEARNT          | Progress |
|           |    Vars  Clauses Literals |    Limit  Clauses Lit/Cl |          |
===============================================================================
===============================================================================
restarts              : 1
conflicts             : 31             (21970 /sec)
decisions             : 48             (0.00 % random) (34018 /sec)
propagations          : 475            (336641 /sec)
conflict literals     : 153            (9.47 % deleted)
Memory used           : 20.00 MB
CPU time              : 0.001411 s

SATISFIABLE
