WARNING: for repeatability, setting FPU to use double precision
============================[ Problem Statistics ]=============================
|                                                                             |
|  Number of variables:            50                                         |
|  Number of clauses:             218                                         |
|  Parse time:                   0.00 s                                       |
|                                                                             |
============================[ Search Statistics ]==============================
| Conflicts |          ORIGINAL         |          LEARNT          | Progress |
|           |    Vars  Clauses Literals |    Limit  Clauses Lit/Cl |          |
===============================================================================
===============================================================================
restarts              : 1
conflicts             : 19             (218391 /sec)
decisions             : 35             (0.00 % random) (402299 /sec)
propagations          : 317            (3643678 /sec)
conflict literals     : 91             (10.78 % deleted)
Memory used           : 20.00 MB
CPU time              : 8.7e-05 s

SATISFIABLE
