WARNING: for repeatability, setting FPU to use double precision
============================[ Problem Statistics ]=============================
|                                                                             |
|  Number of variables:            50                                         |
|  Number of clauses:             218                                         |
|  Parse time:                   0.00 s                                       |
|                                                                             |
============================[ Search Statistics ]==============================
| Conflicts |          ORIGINAL         |          LEARNT          | Progress |
|           |    Vars  Clauses Literals |    Limit  Clauses Lit/Cl |          |
===============================================================================
===============================================================================
restarts              : 1
conflicts             : 18             (12739 /sec)
decisions             : 35             (0.00 % random) (24770 /sec)
propagations          : 353            (249823 /sec)
conflict literals     : 76             (15.56 % deleted)
Memory used           : 20.00 MB
CPU time              : 0.001413 s

SATISFIABLE
