WARNING: for repeatability, setting FPU to use double precision
============================[ Problem Statistics ]=============================
|                                                                             |
|  Number of variables:            50                                         |
|  Number of clauses:             218                                         |
|  Parse time:                   0.00 s                                       |
|                                                                             |
============================[ Search Statistics ]==============================
| Conflicts |          ORIGINAL         |          LEARNT          | Progress |
|           |    Vars  Clauses Literals |    Limit  Clauses Lit/Cl |          |
===============================================================================
===============================================================================
restarts              : 1
conflicts             : 60             (41124 /sec)
decisions             : 76             (0.00 % random) (52090 /sec)
propagations          : 796            (545579 /sec)
conflict literals     : 236            (21.33 % deleted)
Memory used           : 20.00 MB
CPU time              : 0.001459 s

SATISFIABLE
