WARNING: for repeatability, setting FPU to use double precision
============================[ Problem Statistics ]=============================
|                                                                             |
|  Number of variables:            50                                         |
|  Number of clauses:             218                                         |
|  Parse time:                   0.00 s                                       |
|                                                                             |
============================[ Search Statistics ]==============================
| Conflicts |          ORIGINAL         |          LEARNT          | Progress |
|           |    Vars  Clauses Literals |    Limit  Clauses Lit/Cl |          |
===============================================================================
===============================================================================
restarts              : 1
conflicts             : 25             (17730 /sec)
decisions             : 39             (0.00 % random) (27660 /sec)
propagations          : 363            (257447 /sec)
conflict literals     : 116            (6.45 % deleted)
Memory used           : 20.00 MB
CPU time              : 0.00141 s

SATISFIABLE
