WARNING: for repeatability, setting FPU to use double precision
============================[ Problem Statistics ]=============================
|                                                                             |
|  Number of variables:            50                                         |
|  Number of clauses:             218                                         |
|  Parse time:                   0.00 s                                       |
|                                                                             |
============================[ Search Statistics ]==============================
| Conflicts |          ORIGINAL         |          LEARNT          | Progress |
|           |    Vars  Clauses Literals |    Limit  Clauses Lit/Cl |          |
===============================================================================
===============================================================================
restarts              : 1
conflicts             : 32             (21798 /sec)
decisions             : 49             (0.00 % random) (33379 /sec)
propagations          : 530            (361035 /sec)
conflict literals     : 165            (9.84 % deleted)
Memory used           : 20.00 MB
CPU time              : 0.001468 s

SATISFIABLE
