WARNING: for repeatability, setting FPU to use double precision
============================[ Problem Statistics ]=============================
|                                                                             |
|  Number of variables:            50                                         |
|  Number of clauses:             218                                         |
|  Parse time:                   0.00 s                                       |
|                                                                             |
============================[ Search Statistics ]==============================
| Conflicts |          ORIGINAL         |          LEARNT          | Progress |
|           |    Vars  Clauses Literals |    Limit  Clauses Lit/Cl |          |
===============================================================================
===============================================================================
restarts              : 1
conflicts             : 88             (56302 /sec)
decisions             : 106            (0.00 % random) (67818 /sec)
propagations          : 1196           (765195 /sec)
conflict literals     : 327            (15.50 % deleted)
Memory used           : 20.00 MB
CPU time              : 0.001563 s

SATISFIABLE
