WARNING: for repeatability, setting FPU to use double precision
============================[ Problem Statistics ]=============================
|                                                                             |
|  Number of variables:            50                                         |
|  Number of clauses:             218                                         |
|  Parse time:                   0.00 s                                       |
|                                                                             |
============================[ Search Statistics ]==============================
| Conflicts |          ORIGINAL         |          LEARNT          | Progress |
|           |    Vars  Clauses Literals |    Limit  Clauses Lit/Cl |          |
===============================================================================
===============================================================================
restarts              : 1
conflicts             : 37             (24882 /sec)
decisions             : 45             (0.00 % random) (30262 /sec)
propagations          : 468            (314728 /sec)
conflict literals     : 120            (23.57 % deleted)
Memory used           : 20.00 MB
CPU time              : 0.001487 s

SATISFIABLE
