WARNING: for repeatability, setting FPU to use double precision
============================[ Problem Statistics ]=============================
|                                                                             |
|  Number of variables:            50                                         |
|  Number of clauses:             218                                         |
|  Parse time:                   0.00 s                                       |
|                                                                             |
============================[ Search Statistics ]==============================
| Conflicts |          ORIGINAL         |          LEARNT          | Progress |
|           |    Vars  Clauses Literals |    Limit  Clauses Lit/Cl |          |
===============================================================================
===============================================================================
restarts              : 1
conflicts             : 18             (12931 /sec)
decisions             : 30             (0.00 % random) (21552 /sec)
propagations          : 260            (186782 /sec)
conflict literals     : 74             (9.76 % deleted)
Memory used           : 20.00 MB
CPU time              : 0.001392 s

SATISFIABLE
