WARNING: for repeatability, setting FPU to use double precision
============================[ Problem Statistics ]=============================
|                                                                             |
|  Number of variables:            50                                         |
|  Number of clauses:             218                                         |
|  Parse time:                   0.00 s                                       |
|                                                                             |
============================[ Search Statistics ]==============================
| Conflicts |          ORIGINAL         |          LEARNT          | Progress |
|           |    Vars  Clauses Literals |    Limit  Clauses Lit/Cl |          |
===============================================================================
===============================================================================
restarts              : 1
conflicts             : 93             (249330 /sec)
decisions             : 116            (0.00 % random) (310992 /sec)
propagations          : 1323           (3546917 /sec)
conflict literals     : 439            (14.92 % deleted)
Memory used           : 20.00 MB
CPU time              : 0.000373 s

SATISFIABLE
