WARNING: for repeatability, setting FPU to use double precision
============================[ Problem Statistics ]=============================
|                                                                             |
|  Number of variables:            50                                         |
|  Number of clauses:             218                                         |
|  Parse time:                   0.00 s                                       |
|                                                                             |
============================[ Search Statistics ]==============================
| Conflicts |          ORIGINAL         |          LEARNT          | Progress |
|           |    Vars  Clauses Literals |    Limit  Clauses Lit/Cl |          |
===============================================================================
===============================================================================
restarts              : 1
conflicts             : 49             (302469 /sec)
decisions             : 72             (0.00 % random) (444444 /sec)
propagations          : 727            (4487654 /sec)
conflict literals     : 245            (11.55 % deleted)
Memory used           : 20.00 MB
CPU time              : 0.000162 s

SATISFIABLE
