WARNING: for repeatability, setting FPU to use double precision
============================[ Problem Statistics ]=============================
|                                                                             |
|  Number of variables:            50                                         |
|  Number of clauses:             218                                         |
|  Parse time:                   0.00 s                                       |
|                                                                             |
============================[ Search Statistics ]==============================
| Conflicts |          ORIGINAL         |          LEARNT          | Progress |
|           |    Vars  Clauses Literals |    Limit  Clauses Lit/Cl |          |
===============================================================================
===============================================================================
restarts              : 1
conflicts             : 29             (20714 /sec)
decisions             : 40             (0.00 % random) (28571 /sec)
propagations          : 433            (309286 /sec)
conflict literals     : 141            (14.02 % deleted)
Memory used           : 20.00 MB
CPU time              : 0.0014 s

SATISFIABLE
