WARNING: for repeatability, setting FPU to use double precision
============================[ Problem Statistics ]=============================
|                                                                             |
|  Number of variables:            50                                         |
|  Number of clauses:             218                                         |
|  Parse time:                   0.00 s                                       |
|                                                                             |
============================[ Search Statistics ]==============================
| Conflicts |          ORIGINAL         |          LEARNT          | Progress |
|           |    Vars  Clauses Literals |    Limit  Clauses Lit/Cl |          |
===============================================================================
===============================================================================
restarts              : 1
conflicts             : 64             (41995 /sec)
decisions             : 76             (0.00 % random) (49869 /sec)
propagations          : 989            (648950 /sec)
conflict literals     : 213            (21.40 % deleted)
Memory used           : 20.00 MB
CPU time              : 0.001524 s

SATISFIABLE
