WARNING: for repeatability, setting FPU to use double precision
============================[ Problem Statistics ]=============================
|                                                                             |
|  Number of variables:            50                                         |
|  Number of clauses:             218                                         |
|  Parse time:                   0.00 s                                       |
|                                                                             |
============================[ Search Statistics ]==============================
| Conflicts |          ORIGINAL         |          LEARNT          | Progress |
|           |    Vars  Clauses Literals |    Limit  Clauses Lit/Cl |          |
===============================================================================
===============================================================================
restarts              : 1
conflicts             : 17             (24781 /sec)
decisions             : 28             (0.00 % random) (40816 /sec)
propagations          : 214            (311953 /sec)
conflict literals     : 86             (7.53 % deleted)
Memory used           : 20.00 MB
CPU time              : 0.000686 s

SATISFIABLE
