WARNING: for repeatability, setting FPU to use double precision
============================[ Problem Statistics ]=============================
|                                                                             |
|  Number of variables:            50                                         |
|  Number of clauses:             218                                         |
|  Parse time:                   0.00 s                                       |
|                                                                             |
============================[ Search Statistics ]==============================
| Conflicts |          ORIGINAL         |          LEARNT          | Progress |
|           |    Vars  Clauses Literals |    Limit  Clauses Lit/Cl |          |
===============================================================================
===============================================================================
restarts              : 1
conflicts             : 28             (20043 /sec)
decisions             : 48             (0.00 % random) (34359 /sec)
propagations          : 379            (271296 /sec)
conflict literals     : 104            (14.05 % deleted)
Memory used           : 20.00 MB
CPU time              : 0.001397 s

SATISFIABLE
