WARNING: for repeatability, setting FPU to use double precision
============================[ Problem Statistics ]=============================
|                                                                             |
|  Number of variables:            50                                         |
|  Number of clauses:             218                                         |
|  Parse time:                   0.00 s                                       |
|                                                                             |
============================[ Search Statistics ]==============================
| Conflicts |          ORIGINAL         |          LEARNT          | Progress |
|           |    Vars  Clauses Literals |    Limit  Clauses Lit/Cl |          |
===============================================================================
===============================================================================
restarts              : 1
conflicts             : 29             (20553 /sec)
decisions             : 39             (0.00 % random) (27640 /sec)
propagations          : 445            (315379 /sec)
conflict literals     : 170            (4.49 % deleted)
Memory used           : 20.00 MB
CPU time              : 0.001411 s

SATISFIABLE
