WARNING: for repeatability, setting FPU to use double precision
============================[ Problem Statistics ]=============================
|                                                                             |
|  Number of variables:            50                                         |
|  Number of clauses:             218                                         |
|  Parse time:                   0.00 s                                       |
|                                                                             |
============================[ Search Statistics ]==============================
| Conflicts |          ORIGINAL         |          LEARNT          | Progress |
|           |    Vars  Clauses Literals |    Limit  Clauses Lit/Cl |          |
===============================================================================
===============================================================================
restarts              : 1
conflicts             : 27             (19163 /sec)
decisions             : 48             (0.00 % random) (34067 /sec)
propagations          : 410            (290987 /sec)
conflict literals     : 107            (17.69 % deleted)
Memory used           : 20.00 MB
CPU time              : 0.001409 s

SATISFIABLE
