WARNING: for repeatability, setting FPU to use double precision
============================[ Problem Statistics ]=============================
|                                                                             |
|  Number of variables:            50                                         |
|  Number of clauses:             218                                         |
|  Parse time:                   0.00 s                                       |
|                                                                             |
============================[ Search Statistics ]==============================
| Conflicts |          ORIGINAL         |          LEARNT          | Progress |
|           |    Vars  Clauses Literals |    Limit  Clauses Lit/Cl |          |
===============================================================================
===============================================================================
restarts              : 1
conflicts             : 74             (360976 /sec)
decisions             : 98             (0.00 % random) (478049 /sec)
propagations          : 1009           (4921951 /sec)
conflict literals     : 284            (13.15 % deleted)
Memory used           : 20.00 MB
CPU time              : 0.000205 s

SATISFIABLE
