WARNING: for repeatability, setting FPU to use double precision
============================[ Problem Statistics ]=============================
|                                                                             |
|  Number of variables:            50                                         |
|  Number of clauses:             218                                         |
|  Parse time:                   0.00 s                                       |
|                                                                             |
============================[ Search Statistics ]==============================
| Conflicts |          ORIGINAL         |          LEARNT          | Progress |
|           |    Vars  Clauses Literals |    Limit  Clauses Lit/Cl |          |
===============================================================================
===============================================================================
restarts              : 1
conflicts             : 70             (45632 /sec)
decisions             : 89             (0.00 % random) (58018 /sec)
propagations          : 900            (586701 /sec)
conflict literals     : 263            (14.33 % deleted)
Memory used           : 20.00 MB
CPU time              : 0.001534 s

SATISFIABLE
