WARNING: for repeatability, setting FPU to use double precision
============================[ Problem Statistics ]=============================
|                                                                             |
|  Number of variables:            50                                         |
|  Number of clauses:             218                                         |
|  Parse time:                   0.00 s                                       |
|                                                                             |
============================[ Search Statistics ]==============================
| Conflicts |          ORIGINAL         |          LEARNT          | Progress |
|           |    Vars  Clauses Literals |    Limit  Clauses Lit/Cl |          |
===============================================================================
===============================================================================
restarts              : 1
conflicts             : 26             (18479 /sec)
decisions             : 36             (0.00 % random) (25586 /sec)
propagations          : 399            (283582 /sec)
conflict literals     : 73             (17.05 % deleted)
Memory used           : 20.00 MB
CPU time              : 0.001407 s

SATISFIABLE
