WARNING: for repeatability, setting FPU to use double precision
============================[ Problem Statistics ]=============================
|                                                                             |
|  Number of variables:            50                                         |
|  Number of clauses:             218                                         |
|  Parse time:                   0.00 s                                       |
|                                                                             |
============================[ Search Statistics ]==============================
| Conflicts |          ORIGINAL         |          LEARNT          | Progress |
|           |    Vars  Clauses Literals |    Limit  Clauses Lit/Cl |          |
===============================================================================
===============================================================================
restarts              : 1
conflicts             : 7              (5128 /sec)
decisions             : 20             (0.00 % random) (14652 /sec)
propagations          : 130            (95238 /sec)
conflict literals     : 34             (8.11 % deleted)
Memory used           : 20.00 MB
CPU time              : 0.001365 s

SATISFIABLE
