WARNING: for repeatability, setting FPU to use double precision
============================[ Problem Statistics ]=============================
|                                                                             |
|  Number of variables:            50                                         |
|  Number of clauses:             218                                         |
|  Parse time:                   0.00 s                                       |
|                                                                             |
============================[ Search Statistics ]==============================
| Conflicts |          ORIGINAL         |          LEARNT          | Progress |
|           |    Vars  Clauses Literals |    Limit  Clauses Lit/Cl |          |
===============================================================================
===============================================================================
restarts              : 1
conflicts             : 66             (87071 /sec)
decisions             : 87             (0.00 % random) (114776 /sec)
propagations          : 1019           (1344327 /sec)
conflict literals     : 267            (18.84 % deleted)
Memory used           : 20.00 MB
CPU time              : 0.000758 s

SATISFIABLE
