WARNING: for repeatability, setting FPU to use double precision
============================[ Problem Statistics ]=============================
|                                                                             |
|  Number of variables:            50                                         |
|  Number of clauses:             218                                         |
|  Parse time:                   0.00 s                                       |
|                                                                             |
============================[ Search Statistics ]==============================
| Conflicts |          ORIGINAL         |          LEARNT          | Progress |
|           |    Vars  Clauses Literals |    Limit  Clauses Lit/Cl |          |
===============================================================================
===============================================================================
restarts              : 1
conflicts             : 19             (97938 /sec)
decisions             : 32             (0.00 % random) (164948 /sec)
propagations          : 291            (1500000 /sec)
conflict literals     : 104            (4.59 % deleted)
Memory used           : 20.00 MB
CPU time              : 0.000194 s

SATISFIABLE
