WARNING: for repeatability, setting FPU to use double precision
============================[ Problem Statistics ]=============================
|                                                                             |
|  Number of variables:            50                                         |
|  Number of clauses:             218                                         |
|  Parse time:                   0.00 s                                       |
|                                                                             |
============================[ Search Statistics ]==============================
| Conflicts |          ORIGINAL         |          LEARNT          | Progress |
|           |    Vars  Clauses Literals |    Limit  Clauses Lit/Cl |          |
===============================================================================
|       100 |      49      210      630 |       79       27      5 |  2.042 % |
===============================================================================
restarts              : 2
conflicts             : 128            (247582 /sec)
decisions             : 153            (0.00 % random) (295938 /sec)
propagations          : 1944           (3760155 /sec)
conflict literals     : 599            (15.99 % deleted)
Memory used           : 20.00 MB
CPU time              : 0.000517 s

SATISFIABLE
