WARNING: for repeatability, setting FPU to use double precision
============================[ Problem Statistics ]=============================
|                                                                             |
|  Number of variables:            50                                         |
|  Number of clauses:             218                                         |
|  Parse time:                   0.00 s                                       |
|                                                                             |
============================[ Search Statistics ]==============================
| Conflicts |          ORIGINAL         |          LEARNT          | Progress |
|           |    Vars  Clauses Literals |    Limit  Clauses Lit/Cl |          |
===============================================================================
===============================================================================
restarts              : 1
conflicts             : 35             (23617 /sec)
decisions             : 57             (0.00 % random) (38462 /sec)
propagations          : 447            (301619 /sec)
conflict literals     : 125            (13.79 % deleted)
Memory used           : 20.00 MB
CPU time              : 0.001482 s

SATISFIABLE
