WARNING: for repeatability, setting FPU to use double precision
============================[ Problem Statistics ]=============================
|                                                                             |
|  Number of variables:            50                                         |
|  Number of clauses:             218                                         |
|  Parse time:                   0.00 s                                       |
|                                                                             |
============================[ Search Statistics ]==============================
| Conflicts |          ORIGINAL         |          LEARNT          | Progress |
|           |    Vars  Clauses Literals |    Limit  Clauses Lit/Cl |          |
===============================================================================
===============================================================================
restarts              : 1
conflicts             : 25             (17819 /sec)
decisions             : 41             (0.00 % random) (29223 /sec)
propagations          : 442            (315039 /sec)
conflict literals     : 124            (10.14 % deleted)
Memory used           : 20.00 MB
CPU time              : 0.001403 s

SATISFIABLE
