WARNING: for repeatability, setting FPU to use double precision
============================[ Problem Statistics ]=============================
|                                                                             |
|  Number of variables:            50                                         |
|  Number of clauses:             218                                         |
|  Parse time:                   0.00 s                                       |
|                                                                             |
============================[ Search Statistics ]==============================
| Conflicts |          ORIGINAL         |          LEARNT          | Progress |
|           |    Vars  Clauses Literals |    Limit  Clauses Lit/Cl |          |
===============================================================================
===============================================================================
restarts              : 1
conflicts             : 34             (153153 /sec)
decisions             : 48             (0.00 % random) (216216 /sec)
propagations          : 430            (1936937 /sec)
conflict literals     : 139            (18.71 % deleted)
Memory used           : 20.00 MB
CPU time              : 0.000222 s

SATISFIABLE
