WARNING: for repeatability, setting FPU to use double precision
============================[ Problem Statistics ]=============================
|                                                                             |
|  Number of variables:            50                                         |
|  Number of clauses:             218                                         |
|  Parse time:                   0.00 s                                       |
|                                                                             |
============================[ Search Statistics ]==============================
| Conflicts |          ORIGINAL         |          LEARNT          | Progress |
|           |    Vars  Clauses Literals |    Limit  Clauses Lit/Cl |          |
===============================================================================
===============================================================================
restarts              : 1
conflicts             : 13             (18732 /sec)
decisions             : 27             (0.00 % random) (38905 /sec)
propagations          : 259            (373199 /sec)
conflict literals     : 64             (16.88 % deleted)
Memory used           : 20.00 MB
CPU time              : 0.000694 s

SATISFIABLE
