WARNING: for repeatability, setting FPU to use double precision
============================[ Problem Statistics ]=============================
|                                                                             |
|  Number of variables:            50                                         |
|  Number of clauses:             218                                         |
|  Parse time:                   0.00 s                                       |
|                                                                             |
============================[ Search Statistics ]==============================
| Conflicts |          ORIGINAL         |          LEARNT          | Progress |
|           |    Vars  Clauses Literals |    Limit  Clauses Lit/Cl |          |
===============================================================================
===============================================================================
restarts              : 1
conflicts             : 14             (10108 /sec)
decisions             : 22             (0.00 % random) (15884 /sec)
propagations          : 214            (154513 /sec)
conflict literals     : 77             (8.33 % deleted)
Memory used           : 20.00 MB
CPU time              : 0.001385 s

SATISFIABLE
