WARNING: for repeatability, setting FPU to use double precision
============================[ Problem Statistics ]=============================
|                                                                             |
|  Number of variables:            50                                         |
|  Number of clauses:             218                                         |
|  Parse time:                   0.00 s                                       |
|                                                                             |
============================[ Search Statistics ]==============================
| Conflicts |          ORIGINAL         |          LEARNT          | Progress |
|           |    Vars  Clauses Literals |    Limit  Clauses Lit/Cl |          |
===============================================================================
===============================================================================
restarts              : 1
conflicts             : 67             (44137 /sec)
decisions             : 86             (0.00 % random) (56653 /sec)
propagations          : 1113           (733202 /sec)
conflict literals     : 285            (15.18 % deleted)
Memory used           : 20.00 MB
CPU time              : 0.001518 s

SATISFIABLE
