WARNING: for repeatability, setting FPU to use double precision
============================[ Problem Statistics ]=============================
|                                                                             |
|  Number of variables:            50                                         |
|  Number of clauses:             218                                         |
|  Parse time:                   0.00 s                                       |
|                                                                             |
============================[ Search Statistics ]==============================
| Conflicts |          ORIGINAL         |          LEARNT          | Progress |
|           |    Vars  Clauses Literals |    Limit  Clauses Lit/Cl |          |
===============================================================================
===============================================================================
restarts              : 1
conflicts             : 19             (12125 /sec)
decisions             : 28             (0.00 % random) (17869 /sec)
propagations          : 354            (225909 /sec)
conflict literals     : 107            (15.75 % deleted)
Memory used           : 20.00 MB
CPU time              : 0.001567 s

SATISFIABLE
