WARNING: for repeatability, setting FPU to use double precision
============================[ Problem Statistics ]=============================
|                                                                             |
|  Number of variables:            50                                         |
|  Number of clauses:             218                                         |
|  Parse time:                   0.00 s                                       |
|                                                                             |
============================[ Search Statistics ]==============================
| Conflicts |          ORIGINAL         |          LEARNT          | Progress |
|           |    Vars  Clauses Literals |    Limit  Clauses Lit/Cl |          |
===============================================================================
===============================================================================
restarts              : 1
conflicts             : 17             (11148 /sec)
decisions             : 31             (0.00 % random) (20328 /sec)
propagations          : 279            (182951 /sec)
conflict literals     : 96             (6.80 % deleted)
Memory used           : 20.00 MB
CPU time              : 0.001525 s

SATISFIABLE
