WARNING: for repeatability, setting FPU to use double precision
============================[ Problem Statistics ]=============================
|                                                                             |
|  Number of variables:            50                                         |
|  Number of clauses:             218                                         |
|  Parse time:                   0.00 s                                       |
|                                                                             |
============================[ Search Statistics ]==============================
| Conflicts |          ORIGINAL         |          LEARNT          | Progress |
|           |    Vars  Clauses Literals |    Limit  Clauses Lit/Cl |          |
===============================================================================
===============================================================================
restarts              : 1
conflicts             : 8              (5917 /sec)
decisions             : 17             (0.00 % random) (12574 /sec)
propagations          : 142            (105030 /sec)
conflict literals     : 37             (11.90 % deleted)
Memory used           : 20.00 MB
CPU time              : 0.001352 s

SATISFIABLE
