WARNING: for repeatability, setting FPU to use double precision
============================[ Problem Statistics ]=============================
|                                                                             |
|  Number of variables:            50                                         |
|  Number of clauses:             218                                         |
|  Parse time:                   0.00 s                                       |
|                                                                             |
============================[ Search Statistics ]==============================
| Conflicts |          ORIGINAL         |          LEARNT          | Progress |
|           |    Vars  Clauses Literals |    Limit  Clauses Lit/Cl |          |
===============================================================================
===============================================================================
restarts              : 1
conflicts             : 48             (32787 /sec)
decisions             : 61             (0.00 % random) (41667 /sec)
propagations          : 749            (511612 /sec)
conflict literals     : 188            (17.90 % deleted)
Memory used           : 20.00 MB
CPU time              : 0.001464 s

SATISFIABLE
