WARNING: for repeatability, setting FPU to use double precision
============================[ Problem Statistics ]=============================
|                                                                             |
|  Number of variables:            50                                         |
|  Number of clauses:             218                                         |
|  Parse time:                   0.00 s                                       |
|                                                                             |
============================[ Search Statistics ]==============================
| Conflicts |          ORIGINAL         |          LEARNT          | Progress |
|           |    Vars  Clauses Literals |    Limit  Clauses Lit/Cl |          |
===============================================================================
===============================================================================
restarts              : 1
conflicts             : 50             (34507 /sec)
decisions             : 65             (0.00 % random) (44859 /sec)
propagations          : 695            (479641 /sec)
conflict literals     : 185            (16.67 % deleted)
Memory used           : 20.00 MB
CPU time              : 0.001449 s

SATISFIABLE
