WARNING: for repeatability, setting FPU to use double precision
============================[ Problem Statistics ]=============================
|                                                                             |
|  Number of variables:            50                                         |
|  Number of clauses:             218                                         |
|  Parse time:                   0.00 s                                       |
|                                                                             |
============================[ Search Statistics ]==============================
| Conflicts |          ORIGINAL         |          LEARNT          | Progress |
|           |    Vars  Clauses Literals |    Limit  Clauses Lit/Cl |          |
===============================================================================
===============================================================================
restarts              : 1
conflicts             : 38             (271429 /sec)
decisions             : 59             (0.00 % random) (421429 /sec)
propagations          : 635            (4535714 /sec)
conflict literals     : 155            (19.69 % deleted)
Memory used           : 20.00 MB
CPU time              : 0.00014 s

SATISFIABLE
