WARNING: for repeatability, setting FPU to use double precision
============================[ Problem Statistics ]=============================
|                                                                             |
|  Number of variables:            50                                         |
|  Number of clauses:             218                                         |
|  Parse time:                   0.00 s                                       |
|                                                                             |
============================[ Search Statistics ]==============================
| Conflicts |          ORIGINAL         |          LEARNT          | Progress |
|           |    Vars  Clauses Literals |    Limit  Clauses Lit/Cl |          |
===============================================================================
===============================================================================
restarts              : 1
conflicts             : 45             (178571 /sec)
decisions             : 67             (0.00 % random) (265873 /sec)
propagations          : 640            (2539683 /sec)
conflict literals     : 215            (14.68 % deleted)
Memory used           : 20.00 MB
CPU time              : 0.000252 s

SATISFIABLE
