WARNING: for repeatability, setting FPU to use double precision
============================[ Problem Statistics ]=============================
|                                                                             |
|  Number of variables:            50                                         |
|  Number of clauses:             218                                         |
|  Parse time:                   0.00 s                                       |
|                                                                             |
============================[ Search Statistics ]==============================
| Conflicts |          ORIGINAL         |          LEARNT          | Progress |
|           |    Vars  Clauses Literals |    Limit  Clauses Lit/Cl |          |
===============================================================================
===============================================================================
restarts              : 1
conflicts             : 27             (19565 /sec)
decisions             : 50             (0.00 % random) (36232 /sec)
propagations          : 350            (253623 /sec)
conflict literals     : 106            (2.75 % deleted)
Memory used           : 20.00 MB
CPU time              : 0.00138 s

SATISFIABLE
