WARNING: for repeatability, setting FPU to use double precision
============================[ Problem Statistics ]=============================
|                                                                             |
|  Number of variables:            50                                         |
|  Number of clauses:             218                                         |
|  Parse time:                   0.00 s                                       |
|                                                                             |
============================[ Search Statistics ]==============================
| Conflicts |          ORIGINAL         |          LEARNT          | Progress |
|           |    Vars  Clauses Literals |    Limit  Clauses Lit/Cl |          |
===============================================================================
===============================================================================
restarts              : 1
conflicts             : 3              (2232 /sec)
decisions             : 26             (0.00 % random) (19345 /sec)
propagations          : 90             (66964 /sec)
conflict literals     : 14             (0.00 % deleted)
Memory used           : 20.00 MB
CPU time              : 0.001344 s

SATISFIABLE
