WARNING: for repeatability, setting FPU to use double precision
============================[ Problem Statistics ]=============================
|                                                                             |
|  Number of variables:            50                                         |
|  Number of clauses:             218                                         |
|  Parse time:                   0.00 s                                       |
|                                                                             |
============================[ Search Statistics ]==============================
| Conflicts |          ORIGINAL         |          LEARNT          | Progress |
|           |    Vars  Clauses Literals |    Limit  Clauses Lit/Cl |          |
===============================================================================
===============================================================================
restarts              : 1
conflicts             : 29             (287129 /sec)
decisions             : 36             (0.00 % random) (356436 /sec)
propagations          : 400            (3960396 /sec)
conflict literals     : 122            (24.69 % deleted)
Memory used           : 20.00 MB
CPU time              : 0.000101 s

SATISFIABLE
