WARNING: for repeatability, setting FPU to use double precision
============================[ Problem Statistics ]=============================
|                                                                             |
|  Number of variables:            50                                         |
|  Number of clauses:             218                                         |
|  Parse time:                   0.00 s                                       |
|                                                                             |
============================[ Search Statistics ]==============================
| Conflicts |          ORIGINAL         |          LEARNT          | Progress |
|           |    Vars  Clauses Literals |    Limit  Clauses Lit/Cl |          |
===============================================================================
===============================================================================
restarts              : 1
conflicts             : 38             (285714 /sec)
decisions             : 49             (0.00 % random) (368421 /sec)
propagations          : 666            (5007519 /sec)
conflict literals     : 133            (19.39 % deleted)
Memory used           : 20.00 MB
CPU time              : 0.000133 s

SATISFIABLE
