WARNING: for repeatability, setting FPU to use double precision
============================[ Problem Statistics ]=============================
|                                                                             |
|  Number of variables:            50                                         |
|  Number of clauses:             218                                         |
|  Parse time:                   0.00 s                                       |
|                                                                             |
============================[ Search Statistics ]==============================
| Conflicts |          ORIGINAL         |          LEARNT          | Progress |
|           |    Vars  Clauses Literals |    Limit  Clauses Lit/Cl |          |
===============================================================================
===============================================================================
restarts              : 1
conflicts             : 23             (16788 /sec)
decisions             : 41             (0.00 % random) (29927 /sec)
propagations          : 371            (270803 /sec)
conflict literals     : 112            (6.67 % deleted)
Memory used           : 20.00 MB
CPU time              : 0.00137 s

SATISFIABLE
