WARNING: for repeatability, setting FPU to use double precision
============================[ Problem Statistics ]=============================
|                                                                             |
|  Number of variables:            50                                         |
|  Number of clauses:             218                                         |
|  Parse time:                   0.00 s                                       |
|                                                                             |
============================[ Search Statistics ]==============================
| Conflicts |          ORIGINAL         |          LEARNT          | Progress |
|           |    Vars  Clauses Literals |    Limit  Clauses Lit/Cl |          |
===============================================================================
===============================================================================
restarts              : 1
conflicts             : 8              (5857 /sec)
decisions             : 17             (0.00 % random) (12445 /sec)
propagations          : 149            (109078 /sec)
conflict literals     : 30             (6.25 % deleted)
Memory used           : 20.00 MB
CPU time              : 0.001366 s

SATISFIABLE
