WARNING: for repeatability, setting FPU to use double precision
============================[ Problem Statistics ]=============================
|                                                                             |
|  Number of variables:            50                                         |
|  Number of clauses:             218                                         |
|  Parse time:                   0.00 s                                       |
|                                                                             |
============================[ Search Statistics ]==============================
| Conflicts |          ORIGINAL         |          LEARNT          | Progress |
|           |    Vars  Clauses Literals |    Limit  Clauses Lit/Cl |          |
===============================================================================
===============================================================================
restarts              : 1
conflicts             : 29             (20451 /sec)
decisions             : 46             (0.00 % random) (32440 /sec)
propagations          : 564            (397743 /sec)
conflict literals     : 166            (7.26 % deleted)
Memory used           : 20.00 MB
CPU time              : 0.001418 s

SATISFIABLE
