WARNING: for repeatability, setting FPU to use double precision
============================[ Problem Statistics ]=============================
|                                                                             |
|  Number of variables:            50                                         |
|  Number of clauses:             218                                         |
|  Parse time:                   0.00 s                                       |
|                                                                             |
============================[ Search Statistics ]==============================
| Conflicts |          ORIGINAL         |          LEARNT          | Progress |
|           |    Vars  Clauses Literals |    Limit  Clauses Lit/Cl |          |
===============================================================================
===============================================================================
restarts              : 1
conflicts             : 8              (5874 /sec)
decisions             : 26             (0.00 % random) (19090 /sec)
propagations          : 144            (105727 /sec)
conflict literals     : 35             (2.78 % deleted)
Memory used           : 20.00 MB
CPU time              : 0.001362 s

SATISFIABLE
