WARNING: for repeatability, setting FPU to use double precision
============================[ Problem Statistics ]=============================
|                                                                             |
|  Number of variables:            50                                         |
|  Number of clauses:             218                                         |
|  Parse time:                   0.00 s                                       |
|                                                                             |
============================[ Search Statistics ]==============================
| Conflicts |          ORIGINAL         |          LEARNT          | Progress |
|           |    Vars  Clauses Literals |    Limit  Clauses Lit/Cl |          |
===============================================================================
===============================================================================
restarts              : 1
conflicts             : 21             (15011 /sec)
decisions             : 35             (0.00 % random) (25018 /sec)
propagations          : 409            (292352 /sec)
conflict literals     : 94             (11.32 % deleted)
Memory used           : 20.00 MB
CPU time              : 0.001399 s

SATISFIABLE
