WARNING: for repeatability, setting FPU to use double precision
============================[ Problem Statistics ]=============================
|                                                                             |
|  Number of variables:            50                                         |
|  Number of clauses:             218                                         |
|  Parse time:                   0.00 s                                       |
|                                                                             |
============================[ Search Statistics ]==============================
| Conflicts |          ORIGINAL         |          LEARNT          | Progress |
|           |    Vars  Clauses Literals |    Limit  Clauses Lit/Cl |          |
===============================================================================
===============================================================================
restarts              : 1
conflicts             : 10             (7407 /sec)
decisions             : 22             (0.00 % random) (16296 /sec)
propagations          : 165            (122222 /sec)
conflict literals     : 50             (3.85 % deleted)
Memory used           : 20.00 MB
CPU time              : 0.00135 s

SATISFIABLE
