WARNING: for repeatability, setting FPU to use double precision
============================[ Problem Statistics ]=============================
|                                                                             |
|  Number of variables:            50                                         |
|  Number of clauses:             218                                         |
|  Parse time:                   0.00 s                                       |
|                                                                             |
============================[ Search Statistics ]==============================
| Conflicts |          ORIGINAL         |          LEARNT          | Progress |
|           |    Vars  Clauses Literals |    Limit  Clauses Lit/Cl |          |
===============================================================================
===============================================================================
restarts              : 1
conflicts             : 21             (15097 /sec)
decisions             : 41             (0.00 % random) (29475 /sec)
propagations          : 343            (246585 /sec)
conflict literals     : 79             (10.23 % deleted)
Memory used           : 20.00 MB
CPU time              : 0.001391 s

SATISFIABLE
