WARNING: for repeatability, setting FPU to use double precision
============================[ Problem Statistics ]=============================
|                                                                             |
|  Number of variables:            50                                         |
|  Number of clauses:             218                                         |
|  Parse time:                   0.00 s                                       |
|                                                                             |
============================[ Search Statistics ]==============================
| Conflicts |          ORIGINAL         |          LEARNT          | Progress |
|           |    Vars  Clauses Literals |    Limit  Clauses Lit/Cl |          |
===============================================================================
===============================================================================
restarts              : 1
conflicts             : 18             (12894 /sec)
decisions             : 35             (0.00 % random) (25072 /sec)
propagations          : 314            (224928 /sec)
conflict literals     : 72             (15.29 % deleted)
Memory used           : 20.00 MB
CPU time              : 0.001396 s

SATISFIABLE
