WARNING: for repeatability, setting FPU to use double precision
============================[ Problem Statistics ]=============================
|                                                                             |
|  Number of variables:            50                                         |
|  Number of clauses:             218                                         |
|  Parse time:                   0.00 s                                       |
|                                                                             |
============================[ Search Statistics ]==============================
| Conflicts |          ORIGINAL         |          LEARNT          | Progress |
|           |    Vars  Clauses Literals |    Limit  Clauses Lit/Cl |          |
===============================================================================
===============================================================================
restarts              : 1
conflicts             : 16             (82902 /sec)
decisions             : 27             (0.00 % random) (139896 /sec)
propagations          : 259            (1341969 /sec)
conflict literals     : 73             (5.19 % deleted)
Memory used           : 20.00 MB
CPU time              : 0.000193 s

SATISFIABLE
