WARNING: for repeatability, setting FPU to use double precision
============================[ Problem Statistics ]=============================
|                                                                             |
|  Number of variables:            50                                         |
|  Number of clauses:             218                                         |
|  Parse time:                   0.00 s                                       |
|                                                                             |
============================[ Search Statistics ]==============================
| Conflicts |          ORIGINAL         |          LEARNT          | Progress |
|           |    Vars  Clauses Literals |    Limit  Clauses Lit/Cl |          |
===============================================================================
===============================================================================
restarts              : 1
conflicts             : 92             (57789 /sec)
decisions             : 106            (0.00 % random) (66583 /sec)
propagations          : 1327           (833543 /sec)
conflict literals     : 333            (18.38 % deleted)
Memory used           : 20.00 MB
CPU time              : 0.001592 s

SATISFIABLE
