WARNING: for repeatability, setting FPU to use double precision
============================[ Problem Statistics ]=============================
|                                                                             |
|  Number of variables:            50                                         |
|  Number of clauses:             218                                         |
|  Parse time:                   0.00 s                                       |
|                                                                             |
============================[ Search Statistics ]==============================
| Conflicts |          ORIGINAL         |          LEARNT          | Progress |
|           |    Vars  Clauses Literals |    Limit  Clauses Lit/Cl |          |
===============================================================================
===============================================================================
restarts              : 1
conflicts             : 52             (34278 /sec)
decisions             : 67             (0.00 % random) (44166 /sec)
propagations          : 818            (539222 /sec)
conflict literals     : 263            (10.54 % deleted)
Memory used           : 20.00 MB
CPU time              : 0.001517 s

SATISFIABLE
