WARNING: for repeatability, setting FPU to use double precision
============================[ Problem Statistics ]=============================
|                                                                             |
|  Number of variables:            50                                         |
|  Number of clauses:             218                                         |
|  Parse time:                   0.00 s                                       |
|                                                                             |
============================[ Search Statistics ]==============================
| Conflicts |          ORIGINAL         |          LEARNT          | Progress |
|           |    Vars  Clauses Literals |    Limit  Clauses Lit/Cl |          |
===============================================================================
===============================================================================
restarts              : 1
conflicts             : 32             (42272 /sec)
decisions             : 47             (0.00 % random) (62087 /sec)
propagations          : 425            (561427 /sec)
conflict literals     : 121            (10.37 % deleted)
Memory used           : 20.00 MB
CPU time              : 0.000757 s

SATISFIABLE
