WARNING: for repeatability, setting FPU to use double precision
============================[ Problem Statistics ]=============================
|                                                                             |
|  Number of variables:            50                                         |
|  Number of clauses:             218                                         |
|  Parse time:                   0.00 s                                       |
|                                                                             |
============================[ Search Statistics ]==============================
| Conflicts |          ORIGINAL         |          LEARNT          | Progress |
|           |    Vars  Clauses Literals |    Limit  Clauses Lit/Cl |          |
===============================================================================
===============================================================================
restarts              : 1
conflicts             : 46             (32303 /sec)
decisions             : 67             (0.00 % random) (47051 /sec)
propagations          : 692            (485955 /sec)
conflict literals     : 176            (15.38 % deleted)
Memory used           : 20.00 MB
CPU time              : 0.001424 s

SATISFIABLE
