WARNING: for repeatability, setting FPU to use double precision
============================[ Problem Statistics ]=============================
|                                                                             |
|  Number of variables:            50                                         |
|  Number of clauses:             218                                         |
|  Parse time:                   0.00 s                                       |
|                                                                             |
============================[ Search Statistics ]==============================
| Conflicts |          ORIGINAL         |          LEARNT          | Progress |
|           |    Vars  Clauses Literals |    Limit  Clauses Lit/Cl |          |
===============================================================================
===============================================================================
restarts              : 1
conflicts             : 45             (31557 /sec)
decisions             : 57             (0.00 % random) (39972 /sec)
propagations          : 670            (469846 /sec)
conflict literals     : 246            (9.89 % deleted)
Memory used           : 20.00 MB
CPU time              : 0.001426 s

SATISFIABLE
