WARNING: for repeatability, setting FPU to use double precision
============================[ Problem Statistics ]=============================
|                                                                             |
|  Number of variables:            50                                         |
|  Number of clauses:             218                                         |
|  Parse time:                   0.00 s                                       |
|                                                                             |
============================[ Search Statistics ]==============================
| Conflicts |          ORIGINAL         |          LEARNT          | Progress |
|           |    Vars  Clauses Literals |    Limit  Clauses Lit/Cl |          |
===============================================================================
===============================================================================
restarts              : 1
conflicts             : 13             (71429 /sec)
decisions             : 31             (0.00 % random) (170330 /sec)
propagations          : 230            (1263736 /sec)
conflict literals     : 57             (6.56 % deleted)
Memory used           : 20.00 MB
CPU time              : 0.000182 s

SATISFIABLE
