WARNING: for repeatability, setting FPU to use double precision
============================[ Problem Statistics ]=============================
|                                                                             |
|  Number of variables:            50                                         |
|  Number of clauses:             218                                         |
|  Parse time:                   0.00 s                                       |
|                                                                             |
============================[ Search Statistics ]==============================
| Conflicts |          ORIGINAL         |          LEARNT          | Progress |
|           |    Vars  Clauses Literals |    Limit  Clauses Lit/Cl |          |
===============================================================================
===============================================================================
restarts              : 1
conflicts             : 9              (6593 /sec)
decisions             : 21             (0.00 % random) (15385 /sec)
propagations          : 163            (119414 /sec)
conflict literals     : 38             (7.32 % deleted)
Memory used           : 20.00 MB
CPU time              : 0.001365 s

SATISFIABLE
