WARNING: for repeatability, setting FPU to use double precision
============================[ Problem Statistics ]=============================
|                                                                             |
|  Number of variables:            50                                         |
|  Number of clauses:             218                                         |
|  Parse time:                   0.00 s                                       |
|                                                                             |
============================[ Search Statistics ]==============================
| Conflicts |          ORIGINAL         |          LEARNT          | Progress |
|           |    Vars  Clauses Literals |    Limit  Clauses Lit/Cl |          |
===============================================================================
===============================================================================
restarts              : 1
conflicts             : 9              (6593 /sec)
decisions             : 25             (0.00 % random) (18315 /sec)
propagations          : 232            (169963 /sec)
conflict literals     : 39             (9.30 % deleted)
Memory used           : 20.00 MB
CPU time              : 0.001365 s

SATISFIABLE
