WARNING: for repeatability, setting FPU to use double precision
============================[ Problem Statistics ]=============================
|                                                                             |
|  Number of variables:            50                                         |
|  Number of clauses:             218                                         |
|  Parse time:                   0.00 s                                       |
|                                                                             |
============================[ Search Statistics ]==============================
| Conflicts |          ORIGINAL         |          LEARNT          | Progress |
|           |    Vars  Clauses Literals |    Limit  Clauses Lit/Cl |          |
===============================================================================
===============================================================================
restarts              : 1
conflicts             : 60             (39604 /sec)
decisions             : 84             (0.00 % random) (55446 /sec)
propagations          : 875            (577558 /sec)
conflict literals     : 232            (21.62 % deleted)
Memory used           : 20.00 MB
CPU time              : 0.001515 s

SATISFIABLE
