WARNING: for repeatability, setting FPU to use double precision
============================[ Problem Statistics ]=============================
|                                                                             |
|  Number of variables:            50                                         |
|  Number of clauses:             218                                         |
|  Parse time:                   0.00 s                                       |
|                                                                             |
============================[ Search Statistics ]==============================
| Conflicts |          ORIGINAL         |          LEARNT          | Progress |
|           |    Vars  Clauses Literals |    Limit  Clauses Lit/Cl |          |
===============================================================================
===============================================================================
restarts              : 1
conflicts             : 48             (33218 /sec)
decisions             : 71             (0.00 % random) (49135 /sec)
propagations          : 603            (417301 /sec)
conflict literals     : 180            (15.49 % deleted)
Memory used           : 20.00 MB
CPU time              : 0.001445 s

SATISFIABLE
