WARNING: for repeatability, setting FPU to use double precision
============================[ Problem Statistics ]=============================
|                                                                             |
|  Number of variables:            50                                         |
|  Number of clauses:             218                                         |
|  Parse time:                   0.00 s                                       |
|                                                                             |
============================[ Search Statistics ]==============================
| Conflicts |          ORIGINAL         |          LEARNT          | Progress |
|           |    Vars  Clauses Literals |    Limit  Clauses Lit/Cl |          |
===============================================================================
===============================================================================
restarts              : 1
conflicts             : 8              (5895 /sec)
decisions             : 23             (0.00 % random) (16949 /sec)
propagations          : 136            (100221 /sec)
conflict literals     : 43             (2.27 % deleted)
Memory used           : 20.00 MB
CPU time              : 0.001357 s

SATISFIABLE
