WARNING: for repeatability, setting FPU to use double precision
============================[ Problem Statistics ]=============================
|                                                                             |
|  Number of variables:            50                                         |
|  Number of clauses:             218                                         |
|  Parse time:                   0.00 s                                       |
|                                                                             |
============================[ Search Statistics ]==============================
| Conflicts |          ORIGINAL         |          LEARNT          | Progress |
|           |    Vars  Clauses Literals |    Limit  Clauses Lit/Cl |          |
===============================================================================
===============================================================================
restarts              : 1
conflicts             : 53             (64087 /sec)
decisions             : 68             (0.00 % random) (82225 /sec)
propagations          : 749            (905683 /sec)
conflict literals     : 190            (19.83 % deleted)
Memory used           : 20.00 MB
CPU time              : 0.000827 s

SATISFIABLE
