WARNING: for repeatability, setting FPU to use double precision
============================[ Problem Statistics ]=============================
|                                                                             |
|  Number of variables:            50                                         |
|  Number of clauses:             218                                         |
|  Parse time:                   0.00 s                                       |
|                                                                             |
============================[ Search Statistics ]==============================
| Conflicts |          ORIGINAL         |          LEARNT          | Progress |
|           |    Vars  Clauses Literals |    Limit  Clauses Lit/Cl |          |
===============================================================================
===============================================================================
restarts              : 1
conflicts             : 17             (12239 /sec)
decisions             : 40             (0.00 % random) (28798 /sec)
propagations          : 300            (215983 /sec)
conflict literals     : 83             (15.31 % deleted)
Memory used           : 20.00 MB
CPU time              : 0.001389 s

SATISFIABLE
