WARNING: for repeatability, setting FPU to use double precision
============================[ Problem Statistics ]=============================
|                                                                             |
|  Number of variables:            50                                         |
|  Number of clauses:             218                                         |
|  Parse time:                   0.00 s                                       |
|                                                                             |
============================[ Search Statistics ]==============================
| Conflicts |          ORIGINAL         |          LEARNT          | Progress |
|           |    Vars  Clauses Literals |    Limit  Clauses Lit/Cl |          |
===============================================================================
===============================================================================
restarts              : 1
conflicts             : 35             (289256 /sec)
decisions             : 59             (0.00 % random) (487603 /sec)
propagations          : 523            (4322314 /sec)
conflict literals     : 160            (13.98 % deleted)
Memory used           : 20.00 MB
CPU time              : 0.000121 s

SATISFIABLE
