WARNING: for repeatability, setting FPU to use double precision
============================[ Problem Statistics ]=============================
|                                                                             |
|  Number of variables:            50                                         |
|  Number of clauses:             218                                         |
|  Parse time:                   0.00 s                                       |
|                                                                             |
============================[ Search Statistics ]==============================
| Conflicts |          ORIGINAL         |          LEARNT          | Progress |
|           |    Vars  Clauses Literals |    Limit  Clauses Lit/Cl |          |
===============================================================================
===============================================================================
restarts              : 1
conflicts             : 25             (117925 /sec)
decisions             : 45             (0.00 % random) (212264 /sec)
propagations          : 408            (1924528 /sec)
conflict literals     : 97             (11.01 % deleted)
Memory used           : 20.00 MB
CPU time              : 0.000212 s

SATISFIABLE
