WARNING: for repeatability, setting FPU to use double precision
============================[ Problem Statistics ]=============================
|                                                                             |
|  Number of variables:            50                                         |
|  Number of clauses:             218                                         |
|  Parse time:                   0.00 s                                       |
|                                                                             |
============================[ Search Statistics ]==============================
| Conflicts |          ORIGINAL         |          LEARNT          | Progress |
|           |    Vars  Clauses Literals |    Limit  Clauses Lit/Cl |          |
===============================================================================
===============================================================================
restarts              : 1
conflicts             : 92             (114144 /sec)
decisions             : 108            (0.00 % random) (133995 /sec)
propagations          : 1168           (1449132 /sec)
conflict literals     : 396            (19.84 % deleted)
Memory used           : 20.00 MB
CPU time              : 0.000806 s

SATISFIABLE
