WARNING: for repeatability, setting FPU to use double precision
============================[ Problem Statistics ]=============================
|                                                                             |
|  Number of variables:            50                                         |
|  Number of clauses:             218                                         |
|  Parse time:                   0.00 s                                       |
|                                                                             |
============================[ Search Statistics ]==============================
| Conflicts |          ORIGINAL         |          LEARNT          | Progress |
|           |    Vars  Clauses Literals |    Limit  Clauses Lit/Cl |          |
===============================================================================
===============================================================================
restarts              : 1
conflicts             : 15             (10730 /sec)
decisions             : 29             (0.00 % random) (20744 /sec)
propagations          : 276            (197425 /sec)
conflict literals     : 60             (25.00 % deleted)
Memory used           : 20.00 MB
CPU time              : 0.001398 s

SATISFIABLE
