WARNING: for repeatability, setting FPU to use double precision
============================[ Problem Statistics ]=============================
|                                                                             |
|  Number of variables:            50                                         |
|  Number of clauses:             218                                         |
|  Parse time:                   0.00 s                                       |
|                                                                             |
============================[ Search Statistics ]==============================
| Conflicts |          ORIGINAL         |          LEARNT          | Progress |
|           |    Vars  Clauses Literals |    Limit  Clauses Lit/Cl |          |
===============================================================================
===============================================================================
restarts              : 1
conflicts             : 22             (15839 /sec)
decisions             : 39             (0.00 % random) (28078 /sec)
propagations          : 366            (263499 /sec)
conflict literals     : 89             (19.82 % deleted)
Memory used           : 20.00 MB
CPU time              : 0.001389 s

SATISFIABLE
