WARNING: for repeatability, setting FPU to use double precision
============================[ Problem Statistics ]=============================
|                                                                             |
|  Number of variables:            50                                         |
|  Number of clauses:             218                                         |
|  Parse time:                   0.00 s                                       |
|                                                                             |
============================[ Search Statistics ]==============================
| Conflicts |          ORIGINAL         |          LEARNT          | Progress |
|           |    Vars  Clauses Literals |    Limit  Clauses Lit/Cl |          |
===============================================================================
===============================================================================
restarts              : 1
conflicts             : 20             (14388 /sec)
decisions             : 30             (0.00 % random) (21583 /sec)
propagations          : 342            (246043 /sec)
conflict literals     : 88             (12.00 % deleted)
Memory used           : 20.00 MB
CPU time              : 0.00139 s

SATISFIABLE
