WARNING: for repeatability, setting FPU to use double precision
============================[ Problem Statistics ]=============================
|                                                                             |
|  Number of variables:            50                                         |
|  Number of clauses:             218                                         |
|  Parse time:                   0.00 s                                       |
|                                                                             |
============================[ Search Statistics ]==============================
| Conflicts |          ORIGINAL         |          LEARNT          | Progress |
|           |    Vars  Clauses Literals |    Limit  Clauses Lit/Cl |          |
===============================================================================
===============================================================================
restarts              : 1
conflicts             : 53             (36128 /sec)
decisions             : 75             (0.00 % random) (51125 /sec)
propagations          : 785            (535106 /sec)
conflict literals     : 217            (19.33 % deleted)
Memory used           : 20.00 MB
CPU time              : 0.001467 s

SATISFIABLE
