WARNING: for repeatability, setting FPU to use double precision
============================[ Problem Statistics ]=============================
|                                                                             |
|  Number of variables:            50                                         |
|  Number of clauses:             218                                         |
|  Parse time:                   0.00 s                                       |
|                                                                             |
============================[ Search Statistics ]==============================
| Conflicts |          ORIGINAL         |          LEARNT          | Progress |
|           |    Vars  Clauses Literals |    Limit  Clauses Lit/Cl |          |
===============================================================================
===============================================================================
restarts              : 1
conflicts             : 37             (25552 /sec)
decisions             : 56             (0.00 % random) (38674 /sec)
propagations          : 646            (446133 /sec)
conflict literals     : 195            (14.85 % deleted)
Memory used           : 20.00 MB
CPU time              : 0.001448 s

SATISFIABLE
