WARNING: for repeatability, setting FPU to use double precision
============================[ Problem Statistics ]=============================
|                                                                             |
|  Number of variables:            50                                         |
|  Number of clauses:             218                                         |
|  Parse time:                   0.00 s                                       |
|                                                                             |
============================[ Search Statistics ]==============================
| Conflicts |          ORIGINAL         |          LEARNT          | Progress |
|           |    Vars  Clauses Literals |    Limit  Clauses Lit/Cl |          |
===============================================================================
===============================================================================
restarts              : 1
conflicts             : 16             (190476 /sec)
decisions             : 29             (0.00 % random) (345238 /sec)
propagations          : 253            (3011905 /sec)
conflict literals     : 78             (11.36 % deleted)
Memory used           : 20.00 MB
CPU time              : 8.4e-05 s

SATISFIABLE
