WARNING: for repeatability, setting FPU to use double precision
============================[ Problem Statistics ]=============================
|                                                                             |
|  Number of variables:            50                                         |
|  Number of clauses:             218                                         |
|  Parse time:                   0.00 s                                       |
|                                                                             |
============================[ Search Statistics ]==============================
| Conflicts |          ORIGINAL         |          LEARNT          | Progress |
|           |    Vars  Clauses Literals |    Limit  Clauses Lit/Cl |          |
===============================================================================
===============================================================================
restarts              : 1
conflicts             : 42             (28826 /sec)
decisions             : 58             (0.00 % random) (39808 /sec)
propagations          : 744            (510638 /sec)
conflict literals     : 186            (20.85 % deleted)
Memory used           : 20.00 MB
CPU time              : 0.001457 s

SATISFIABLE
