WARNING: for repeatability, setting FPU to use double precision
============================[ Problem Statistics ]=============================
|                                                                             |
|  Number of variables:            50                                         |
|  Number of clauses:             218                                         |
|  Parse time:                   0.00 s                                       |
|                                                                             |
============================[ Search Statistics ]==============================
| Conflicts |          ORIGINAL         |          LEARNT          | Progress |
|           |    Vars  Clauses Literals |    Limit  Clauses Lit/Cl |          |
===============================================================================
===============================================================================
restarts              : 1
conflicts             : 15             (81967 /sec)
decisions             : 25             (0.00 % random) (136612 /sec)
propagations          : 229            (1251366 /sec)
conflict literals     : 72             (8.86 % deleted)
Memory used           : 20.00 MB
CPU time              : 0.000183 s

SATISFIABLE
