WARNING: for repeatability, setting FPU to use double precision
============================[ Problem Statistics ]=============================
|                                                                             |
|  Number of variables:            50                                         |
|  Number of clauses:             218                                         |
|  Parse time:                   0.00 s                                       |
|                                                                             |
============================[ Search Statistics ]==============================
| Conflicts |          ORIGINAL         |          LEARNT          | Progress |
|           |    Vars  Clauses Literals |    Limit  Clauses Lit/Cl |          |
===============================================================================
===============================================================================
restarts              : 1
conflicts             : 21             (14851 /sec)
decisions             : 34             (0.00 % random) (24045 /sec)
propagations          : 381            (269448 /sec)
conflict literals     : 96             (20.66 % deleted)
Memory used           : 20.00 MB
CPU time              : 0.001414 s

SATISFIABLE
