WARNING: for repeatability, setting FPU to use double precision
============================[ Problem Statistics ]=============================
|                                                                             |
|  Number of variables:            50                                         |
|  Number of clauses:             218                                         |
|  Parse time:                   0.00 s                                       |
|                                                                             |
============================[ Search Statistics ]==============================
| Conflicts |          ORIGINAL         |          LEARNT          | Progress |
|           |    Vars  Clauses Literals |    Limit  Clauses Lit/Cl |          |
===============================================================================
===============================================================================
restarts              : 1
conflicts             : 46             (28913 /sec)
decisions             : 61             (0.00 % random) (38341 /sec)
propagations          : 743            (467002 /sec)
conflict literals     : 208            (19.38 % deleted)
Memory used           : 20.00 MB
CPU time              : 0.001591 s

SATISFIABLE
