WARNING: for repeatability, setting FPU to use double precision
============================[ Problem Statistics ]=============================
|                                                                             |
|  Number of variables:            50                                         |
|  Number of clauses:             218                                         |
|  Parse time:                   0.00 s                                       |
|                                                                             |
============================[ Search Statistics ]==============================
| Conflicts |          ORIGINAL         |          LEARNT          | Progress |
|           |    Vars  Clauses Literals |    Limit  Clauses Lit/Cl |          |
===============================================================================
===============================================================================
restarts              : 1
conflicts             : 87             (304196 /sec)
decisions             : 105            (0.00 % random) (367133 /sec)
propagations          : 1376           (4811189 /sec)
conflict literals     : 377            (19.10 % deleted)
Memory used           : 20.00 MB
CPU time              : 0.000286 s

SATISFIABLE
