WARNING: for repeatability, setting FPU to use double precision
============================[ Problem Statistics ]=============================
|                                                                             |
|  Number of variables:            50                                         |
|  Number of clauses:             218                                         |
|  Parse time:                   0.00 s                                       |
|                                                                             |
============================[ Search Statistics ]==============================
| Conflicts |          ORIGINAL         |          LEARNT          | Progress |
|           |    Vars  Clauses Literals |    Limit  Clauses Lit/Cl |          |
===============================================================================
===============================================================================
restarts              : 1
conflicts             : 13             (9524 /sec)
decisions             : 29             (0.00 % random) (21245 /sec)
propagations          : 210            (153846 /sec)
conflict literals     : 65             (8.45 % deleted)
Memory used           : 20.00 MB
CPU time              : 0.001365 s

SATISFIABLE
