WARNING: for repeatability, setting FPU to use double precision
============================[ Problem Statistics ]=============================
|                                                                             |
|  Number of variables:            50                                         |
|  Number of clauses:             218                                         |
|  Parse time:                   0.00 s                                       |
|                                                                             |
============================[ Search Statistics ]==============================
| Conflicts |          ORIGINAL         |          LEARNT          | Progress |
|           |    Vars  Clauses Literals |    Limit  Clauses Lit/Cl |          |
===============================================================================
===============================================================================
restarts              : 1
conflicts             : 9              (6647 /sec)
decisions             : 24             (0.00 % random) (17725 /sec)
propagations          : 134            (98966 /sec)
conflict literals     : 33             (5.71 % deleted)
Memory used           : 20.00 MB
CPU time              : 0.001354 s

SATISFIABLE
