WARNING: for repeatability, setting FPU to use double precision
============================[ Problem Statistics ]=============================
|                                                                             |
|  Number of variables:            50                                         |
|  Number of clauses:             218                                         |
|  Parse time:                   0.00 s                                       |
|                                                                             |
============================[ Search Statistics ]==============================
| Conflicts |          ORIGINAL         |          LEARNT          | Progress |
|           |    Vars  Clauses Literals |    Limit  Clauses Lit/Cl |          |
===============================================================================
===============================================================================
restarts              : 1
conflicts             : 36             (25281 /sec)
decisions             : 62             (0.00 % random) (43539 /sec)
propagations          : 516            (362360 /sec)
conflict literals     : 136            (21.39 % deleted)
Memory used           : 20.00 MB
CPU time              : 0.001424 s

SATISFIABLE
