WARNING: for repeatability, setting FPU to use double precision
============================[ Problem Statistics ]=============================
|                                                                             |
|  Number of variables:            50                                         |
|  Number of clauses:             218                                         |
|  Parse time:                   0.00 s                                       |
|                                                                             |
============================[ Search Statistics ]==============================
| Conflicts |          ORIGINAL         |          LEARNT          | Progress |
|           |    Vars  Clauses Literals |    Limit  Clauses Lit/Cl |          |
===============================================================================
===============================================================================
restarts              : 1
conflicts             : 21             (14904 /sec)
decisions             : 30             (0.00 % random) (21292 /sec)
propagations          : 353            (250532 /sec)
conflict literals     : 85             (14.14 % deleted)
Memory used           : 20.00 MB
CPU time              : 0.001409 s

SATISFIABLE
