WARNING: for repeatability, setting FPU to use double precision
============================[ Problem Statistics ]=============================
|                                                                             |
|  Number of variables:            50                                         |
|  Number of clauses:             218                                         |
|  Parse time:                   0.00 s                                       |
|                                                                             |
============================[ Search Statistics ]==============================
| Conflicts |          ORIGINAL         |          LEARNT          | Progress |
|           |    Vars  Clauses Literals |    Limit  Clauses Lit/Cl |          |
===============================================================================
===============================================================================
restarts              : 1
conflicts             : 4              (2793 /sec)
decisions             : 18             (0.00 % random) (12570 /sec)
propagations          : 95             (66341 /sec)
conflict literals     : 15             (0.00 % deleted)
Memory used           : 20.00 MB
CPU time              : 0.001432 s

SATISFIABLE
