WARNING: for repeatability, setting FPU to use double precision
============================[ Problem Statistics ]=============================
|                                                                             |
|  Number of variables:            50                                         |
|  Number of clauses:             218                                         |
|  Parse time:                   0.00 s                                       |
|                                                                             |
============================[ Search Statistics ]==============================
| Conflicts |          ORIGINAL         |          LEARNT          | Progress |
|           |    Vars  Clauses Literals |    Limit  Clauses Lit/Cl |          |
===============================================================================
===============================================================================
restarts              : 1
conflicts             : 5              (3720 /sec)
decisions             : 16             (0.00 % random) (11905 /sec)
propagations          : 125            (93006 /sec)
conflict literals     : 29             (3.33 % deleted)
Memory used           : 20.00 MB
CPU time              : 0.001344 s

SATISFIABLE
