WARNING: for repeatability, setting FPU to use double precision
============================[ Problem Statistics ]=============================
|                                                                             |
|  Number of variables:            50                                         |
|  Number of clauses:             218                                         |
|  Parse time:                   0.00 s                                       |
|                                                                             |
============================[ Search Statistics ]==============================
| Conflicts |          ORIGINAL         |          LEARNT          | Progress |
|           |    Vars  Clauses Literals |    Limit  Clauses Lit/Cl |          |
===============================================================================
===============================================================================
restarts              : 1
conflicts             : 58             (38564 /sec)
decisions             : 77             (0.00 % random) (51197 /sec)
propagations          : 791            (525931 /sec)
conflict literals     : 205            (14.58 % deleted)
Memory used           : 20.00 MB
CPU time              : 0.001504 s

SATISFIABLE
