WARNING: for repeatability, setting FPU to use double precision
============================[ Problem Statistics ]=============================
|                                                                             |
|  Number of variables:            50                                         |
|  Number of clauses:             218                                         |
|  Parse time:                   0.00 s                                       |
|                                                                             |
============================[ Search Statistics ]==============================
| Conflicts |          ORIGINAL         |          LEARNT          | Progress |
|           |    Vars  Clauses Literals |    Limit  Clauses Lit/Cl |          |
===============================================================================
===============================================================================
restarts              : 1
conflicts             : 39             (27273 /sec)
decisions             : 55             (0.00 % random) (38462 /sec)
propagations          : 612            (427972 /sec)
conflict literals     : 139            (24.04 % deleted)
Memory used           : 20.00 MB
CPU time              : 0.00143 s

SATISFIABLE
