WARNING: for repeatability, setting FPU to use double precision
============================[ Problem Statistics ]=============================
|                                                                             |
|  Number of variables:            50                                         |
|  Number of clauses:             218                                         |
|  Parse time:                   0.00 s                                       |
|                                                                             |
============================[ Search Statistics ]==============================
| Conflicts |          ORIGINAL         |          LEARNT          | Progress |
|           |    Vars  Clauses Literals |    Limit  Clauses Lit/Cl |          |
===============================================================================
===============================================================================
restarts              : 1
conflicts             : 50             (34106 /sec)
decisions             : 70             (0.00 % random) (47749 /sec)
propagations          : 774            (527967 /sec)
conflict literals     : 190            (18.45 % deleted)
Memory used           : 20.00 MB
CPU time              : 0.001466 s

SATISFIABLE
