WARNING: for repeatability, setting FPU to use double precision
============================[ Problem Statistics ]=============================
|                                                                             |
|  Number of variables:            50                                         |
|  Number of clauses:             218                                         |
|  Parse time:                   0.00 s                                       |
|                                                                             |
============================[ Search Statistics ]==============================
| Conflicts |          ORIGINAL         |          LEARNT          | Progress |
|           |    Vars  Clauses Literals |    Limit  Clauses Lit/Cl |          |
===============================================================================
===============================================================================
restarts              : 1
conflicts             : 24             (17192 /sec)
decisions             : 42             (0.00 % random) (30086 /sec)
propagations          : 359            (257163 /sec)
conflict literals     : 109            (14.84 % deleted)
Memory used           : 20.00 MB
CPU time              : 0.001396 s

SATISFIABLE
