WARNING: for repeatability, setting FPU to use double precision
============================[ Problem Statistics ]=============================
|                                                                             |
|  Number of variables:            50                                         |
|  Number of clauses:             218                                         |
|  Parse time:                   0.00 s                                       |
|                                                                             |
============================[ Search Statistics ]==============================
| Conflicts |          ORIGINAL         |          LEARNT          | Progress |
|           |    Vars  Clauses Literals |    Limit  Clauses Lit/Cl |          |
===============================================================================
===============================================================================
restarts              : 1
conflicts             : 17             (12463 /sec)
decisions             : 37             (0.00 % random) (27126 /sec)
propagations          : 305            (223607 /sec)
conflict literals     : 79             (8.14 % deleted)
Memory used           : 20.00 MB
CPU time              : 0.001364 s

SATISFIABLE
