WARNING: for repeatability, setting FPU to use double precision
============================[ Problem Statistics ]=============================
|                                                                             |
|  Number of variables:            50                                         |
|  Number of clauses:             218                                         |
|  Parse time:                   0.00 s                                       |
|                                                                             |
============================[ Search Statistics ]==============================
| Conflicts |          ORIGINAL         |          LEARNT          | Progress |
|           |    Vars  Clauses Literals |    Limit  Clauses Lit/Cl |          |
===============================================================================
===============================================================================
restarts              : 1
conflicts             : 12             (8683 /sec)
decisions             : 31             (0.00 % random) (22431 /sec)
propagations          : 187            (135311 /sec)
conflict literals     : 56             (1.75 % deleted)
Memory used           : 20.00 MB
CPU time              : 0.001382 s

SATISFIABLE
