WARNING: for repeatability, setting FPU to use double precision
============================[ Problem Statistics ]=============================
|                                                                             |
|  Number of variables:            50                                         |
|  Number of clauses:             218                                         |
|  Parse time:                   0.00 s                                       |
|                                                                             |
============================[ Search Statistics ]==============================
| Conflicts |          ORIGINAL         |          LEARNT          | Progress |
|           |    Vars  Clauses Literals |    Limit  Clauses Lit/Cl |          |
===============================================================================
===============================================================================
restarts              : 1
conflicts             : 36             (24776 /sec)
decisions             : 50             (0.00 % random) (34412 /sec)
propagations          : 558            (384033 /sec)
conflict literals     : 201            (11.45 % deleted)
Memory used           : 20.00 MB
CPU time              : 0.001453 s

SATISFIABLE
