WARNING: for repeatability, setting FPU to use double precision
============================[ Problem Statistics ]=============================
|                                                                             |
|  Number of variables:            50                                         |
|  Number of clauses:             218                                         |
|  Parse time:                   0.00 s                                       |
|                                                                             |
============================[ Search Statistics ]==============================
| Conflicts |          ORIGINAL         |          LEARNT          | Progress |
|           |    Vars  Clauses Literals |    Limit  Clauses Lit/Cl |          |
===============================================================================
===============================================================================
restarts              : 1
conflicts             : 41             (28452 /sec)
decisions             : 59             (0.00 % random) (40944 /sec)
propagations          : 657            (455933 /sec)
conflict literals     : 221            (18.15 % deleted)
Memory used           : 20.00 MB
CPU time              : 0.001441 s

SATISFIABLE
