WARNING: for repeatability, setting FPU to use double precision
============================[ Problem Statistics ]=============================
|                                                                             |
|  Number of variables:            50                                         |
|  Number of clauses:             218                                         |
|  Parse time:                   0.00 s                                       |
|                                                                             |
============================[ Search Statistics ]==============================
| Conflicts |          ORIGINAL         |          LEARNT          | Progress |
|           |    Vars  Clauses Literals |    Limit  Clauses Lit/Cl |          |
===============================================================================
===============================================================================
restarts              : 1
conflicts             : 30             (21201 /sec)
decisions             : 44             (0.00 % random) (31095 /sec)
propagations          : 469            (331449 /sec)
conflict literals     : 149            (9.15 % deleted)
Memory used           : 20.00 MB
CPU time              : 0.001415 s

SATISFIABLE
