WARNING: for repeatability, setting FPU to use double precision
============================[ Problem Statistics ]=============================
|                                                                             |
|  Number of variables:            50                                         |
|  Number of clauses:             218                                         |
|  Parse time:                   0.00 s                                       |
|                                                                             |
============================[ Search Statistics ]==============================
| Conflicts |          ORIGINAL         |          LEARNT          | Progress |
|           |    Vars  Clauses Literals |    Limit  Clauses Lit/Cl |          |
===============================================================================
===============================================================================
restarts              : 1
conflicts             : 41             (28691 /sec)
decisions             : 61             (0.00 % random) (42687 /sec)
propagations          : 619            (433170 /sec)
conflict literals     : 184            (8.46 % deleted)
Memory used           : 20.00 MB
CPU time              : 0.001429 s

SATISFIABLE
