WARNING: for repeatability, setting FPU to use double precision
============================[ Problem Statistics ]=============================
|                                                                             |
|  Number of variables:            50                                         |
|  Number of clauses:             218                                         |
|  Parse time:                   0.00 s                                       |
|                                                                             |
============================[ Search Statistics ]==============================
| Conflicts |          ORIGINAL         |          LEARNT          | Progress |
|           |    Vars  Clauses Literals |    Limit  Clauses Lit/Cl |          |
===============================================================================
===============================================================================
restarts              : 1
conflicts             : 87             (50318 /sec)
decisions             : 107            (0.00 % random) (61885 /sec)
propagations          : 1239           (716599 /sec)
conflict literals     : 358            (17.89 % deleted)
Memory used           : 20.00 MB
CPU time              : 0.001729 s

SATISFIABLE
