WARNING: for repeatability, setting FPU to use double precision
============================[ Problem Statistics ]=============================
|                                                                             |
|  Number of variables:            50                                         |
|  Number of clauses:             218                                         |
|  Parse time:                   0.00 s                                       |
|                                                                             |
============================[ Search Statistics ]==============================
| Conflicts |          ORIGINAL         |          LEARNT          | Progress |
|           |    Vars  Clauses Literals |    Limit  Clauses Lit/Cl |          |
===============================================================================
===============================================================================
restarts              : 1
conflicts             : 41             (28611 /sec)
decisions             : 61             (0.00 % random) (42568 /sec)
propagations          : 626            (436846 /sec)
conflict literals     : 167            (23.04 % deleted)
Memory used           : 20.00 MB
CPU time              : 0.001433 s

SATISFIABLE
