WARNING: for repeatability, setting FPU to use double precision
============================[ Problem Statistics ]=============================
|                                                                             |
|  Number of variables:            50                                         |
|  Number of clauses:             218                                         |
|  Parse time:                   0.00 s                                       |
|                                                                             |
============================[ Search Statistics ]==============================
| Conflicts |          ORIGINAL         |          LEARNT          | Progress |
|           |    Vars  Clauses Literals |    Limit  Clauses Lit/Cl |          |
===============================================================================
===============================================================================
restarts              : 1
conflicts             : 58             (280193 /sec)
decisions             : 75             (0.00 % random) (362319 /sec)
propagations          : 938            (4531401 /sec)
conflict literals     : 234            (16.13 % deleted)
Memory used           : 20.00 MB
CPU time              : 0.000207 s

SATISFIABLE
