WARNING: for repeatability, setting FPU to use double precision
============================[ Problem Statistics ]=============================
|                                                                             |
|  Number of variables:            50                                         |
|  Number of clauses:             218                                         |
|  Parse time:                   0.00 s                                       |
|                                                                             |
============================[ Search Statistics ]==============================
| Conflicts |          ORIGINAL         |          LEARNT          | Progress |
|           |    Vars  Clauses Literals |    Limit  Clauses Lit/Cl |          |
===============================================================================
===============================================================================
restarts              : 1
conflicts             : 15             (10838 /sec)
decisions             : 29             (0.00 % random) (20954 /sec)
propagations          : 282            (203757 /sec)
conflict literals     : 90             (4.26 % deleted)
Memory used           : 20.00 MB
CPU time              : 0.001384 s

SATISFIABLE
