WARNING: for repeatability, setting FPU to use double precision
============================[ Problem Statistics ]=============================
|                                                                             |
|  Number of variables:            50                                         |
|  Number of clauses:             218                                         |
|  Parse time:                   0.00 s                                       |
|                                                                             |
============================[ Search Statistics ]==============================
| Conflicts |          ORIGINAL         |          LEARNT          | Progress |
|           |    Vars  Clauses Literals |    Limit  Clauses Lit/Cl |          |
===============================================================================
===============================================================================
restarts              : 1
conflicts             : 26             (18349 /sec)
decisions             : 42             (0.00 % random) (29640 /sec)
propagations          : 510            (359915 /sec)
conflict literals     : 126            (9.35 % deleted)
Memory used           : 20.00 MB
CPU time              : 0.001417 s

SATISFIABLE
