WARNING: for repeatability, setting FPU to use double precision
============================[ Problem Statistics ]=============================
|                                                                             |
|  Number of variables:            50                                         |
|  Number of clauses:             218                                         |
|  Parse time:                   0.00 s                                       |
|                                                                             |
============================[ Search Statistics ]==============================
| Conflicts |          ORIGINAL         |          LEARNT          | Progress |
|           |    Vars  Clauses Literals |    Limit  Clauses Lit/Cl |          |
===============================================================================
===============================================================================
restarts              : 1
conflicts             : 54             (188153 /sec)
decisions             : 71             (0.00 % random) (247387 /sec)
propagations          : 856            (2982578 /sec)
conflict literals     : 196            (15.88 % deleted)
Memory used           : 20.00 MB
CPU time              : 0.000287 s

SATISFIABLE
