WARNING: for repeatability, setting FPU to use double precision
============================[ Problem Statistics ]=============================
|                                                                             |
|  Number of variables:            50                                         |
|  Number of clauses:             218                                         |
|  Parse time:                   0.00 s                                       |
|                                                                             |
============================[ Search Statistics ]==============================
| Conflicts |          ORIGINAL         |          LEARNT          | Progress |
|           |    Vars  Clauses Literals |    Limit  Clauses Lit/Cl |          |
===============================================================================
===============================================================================
restarts              : 1
conflicts             : 32             (22615 /sec)
decisions             : 42             (0.00 % random) (29682 /sec)
propagations          : 528            (373145 /sec)
conflict literals     : 139            (12.03 % deleted)
Memory used           : 20.00 MB
CPU time              : 0.001415 s

SATISFIABLE
