WARNING: for repeatability, setting FPU to use double precision
============================[ Problem Statistics ]=============================
|                                                                             |
|  Number of variables:            50                                         |
|  Number of clauses:             218                                         |
|  Parse time:                   0.00 s                                       |
|                                                                             |
============================[ Search Statistics ]==============================
| Conflicts |          ORIGINAL         |          LEARNT          | Progress |
|           |    Vars  Clauses Literals |    Limit  Clauses Lit/Cl |          |
===============================================================================
===============================================================================
restarts              : 1
conflicts             : 28             (20072 /sec)
decisions             : 44             (0.00 % random) (31541 /sec)
propagations          : 423            (303226 /sec)
conflict literals     : 112            (13.85 % deleted)
Memory used           : 20.00 MB
CPU time              : 0.001395 s

SATISFIABLE
