WARNING: for repeatability, setting FPU to use double precision
============================[ Problem Statistics ]=============================
|                                                                             |
|  Number of variables:            50                                         |
|  Number of clauses:             218                                         |
|  Parse time:                   0.00 s                                       |
|                                                                             |
============================[ Search Statistics ]==============================
| Conflicts |          ORIGINAL         |          LEARNT          | Progress |
|           |    Vars  Clauses Literals |    Limit  Clauses Lit/Cl |          |
===============================================================================
===============================================================================
restarts              : 1
conflicts             : 29             (20626 /sec)
decisions             : 42             (0.00 % random) (29872 /sec)
propagations          : 397            (282361 /sec)
conflict literals     : 122            (6.15 % deleted)
Memory used           : 20.00 MB
CPU time              : 0.001406 s

SATISFIABLE
