WARNING: for repeatability, setting FPU to use double precision
============================[ Problem Statistics ]=============================
|                                                                             |
|  Number of variables:            50                                         |
|  Number of clauses:             218                                         |
|  Parse time:                   0.00 s                                       |
|                                                                             |
============================[ Search Statistics ]==============================
| Conflicts |          ORIGINAL         |          LEARNT          | Progress |
|           |    Vars  Clauses Literals |    Limit  Clauses Lit/Cl |          |
===============================================================================
===============================================================================
restarts              : 1
conflicts             : 10             (6658 /sec)
decisions             : 23             (0.00 % random) (15313 /sec)
propagations          : 181            (120506 /sec)
conflict literals     : 50             (7.41 % deleted)
Memory used           : 20.00 MB
CPU time              : 0.001502 s

SATISFIABLE
