WARNING: for repeatability, setting FPU to use double precision
============================[ Problem Statistics ]=============================
|                                                                             |
|  Number of variables:            50                                         |
|  Number of clauses:             218                                         |
|  Parse time:                   0.00 s                                       |
|                                                                             |
============================[ Search Statistics ]==============================
| Conflicts |          ORIGINAL         |          LEARNT          | Progress |
|           |    Vars  Clauses Literals |    Limit  Clauses Lit/Cl |          |
===============================================================================
===============================================================================
restarts              : 1
conflicts             : 9              (6613 /sec)
decisions             : 24             (0.00 % random) (17634 /sec)
propagations          : 156            (114622 /sec)
conflict literals     : 42             (8.70 % deleted)
Memory used           : 20.00 MB
CPU time              : 0.001361 s

SATISFIABLE
