WARNING: for repeatability, setting FPU to use double precision
============================[ Problem Statistics ]=============================
|                                                                             |
|  Number of variables:            50                                         |
|  Number of clauses:             218                                         |
|  Parse time:                   0.00 s                                       |
|                                                                             |
============================[ Search Statistics ]==============================
| Conflicts |          ORIGINAL         |          LEARNT          | Progress |
|           |    Vars  Clauses Literals |    Limit  Clauses Lit/Cl |          |
===============================================================================
===============================================================================
restarts              : 1
conflicts             : 39             (26971 /sec)
decisions             : 57             (0.00 % random) (39419 /sec)
propagations          : 573            (396266 /sec)
conflict literals     : 169            (16.34 % deleted)
Memory used           : 20.00 MB
CPU time              : 0.001446 s

SATISFIABLE
