WARNING: for repeatability, setting FPU to use double precision
============================[ Problem Statistics ]=============================
|                                                                             |
|  Number of variables:            50                                         |
|  Number of clauses:             218                                         |
|  Parse time:                   0.00 s                                       |
|                                                                             |
============================[ Search Statistics ]==============================
| Conflicts |          ORIGINAL         |          LEARNT          | Progress |
|           |    Vars  Clauses Literals |    Limit  Clauses Lit/Cl |          |
===============================================================================
===============================================================================
restarts              : 1
conflicts             : 24             (17354 /sec)
decisions             : 38             (0.00 % random) (27477 /sec)
propagations          : 328            (237166 /sec)
conflict literals     : 113            (9.60 % deleted)
Memory used           : 20.00 MB
CPU time              : 0.001383 s

SATISFIABLE
