WARNING: for repeatability, setting FPU to use double precision
============================[ Problem Statistics ]=============================
|                                                                             |
|  Number of variables:            50                                         |
|  Number of clauses:             218                                         |
|  Parse time:                   0.00 s                                       |
|                                                                             |
============================[ Search Statistics ]==============================
| Conflicts |          ORIGINAL         |          LEARNT          | Progress |
|           |    Vars  Clauses Literals |    Limit  Clauses Lit/Cl |          |
===============================================================================
===============================================================================
restarts              : 1
conflicts             : 9              (52023 /sec)
decisions             : 25             (0.00 % random) (144509 /sec)
propagations          : 148            (855491 /sec)
conflict literals     : 35             (12.50 % deleted)
Memory used           : 20.00 MB
CPU time              : 0.000173 s

SATISFIABLE
