WARNING: for repeatability, setting FPU to use double precision
============================[ Problem Statistics ]=============================
|                                                                             |
|  Number of variables:            50                                         |
|  Number of clauses:             218                                         |
|  Parse time:                   0.00 s                                       |
|                                                                             |
============================[ Search Statistics ]==============================
| Conflicts |          ORIGINAL         |          LEARNT          | Progress |
|           |    Vars  Clauses Literals |    Limit  Clauses Lit/Cl |          |
===============================================================================
===============================================================================
restarts              : 1
conflicts             : 25             (17844 /sec)
decisions             : 42             (0.00 % random) (29979 /sec)
propagations          : 371            (264811 /sec)
conflict literals     : 118            (3.28 % deleted)
Memory used           : 20.00 MB
CPU time              : 0.001401 s

SATISFIABLE
