WARNING: for repeatability, setting FPU to use double precision
============================[ Problem Statistics ]=============================
|                                                                             |
|  Number of variables:            50                                         |
|  Number of clauses:             218                                         |
|  Parse time:                   0.00 s                                       |
|                                                                             |
============================[ Search Statistics ]==============================
| Conflicts |          ORIGINAL         |          LEARNT          | Progress |
|           |    Vars  Clauses Literals |    Limit  Clauses Lit/Cl |          |
===============================================================================
===============================================================================
restarts              : 1
conflicts             : 19             (13659 /sec)
decisions             : 34             (0.00 % random) (24443 /sec)
propagations          : 303            (217829 /sec)
conflict literals     : 86             (15.69 % deleted)
Memory used           : 20.00 MB
CPU time              : 0.001391 s

SATISFIABLE
