WARNING: for repeatability, setting FPU to use double precision
============================[ Problem Statistics ]=============================
|                                                                             |
|  Number of variables:            50                                         |
|  Number of clauses:             218                                         |
|  Parse time:                   0.00 s                                       |
|                                                                             |
============================[ Search Statistics ]==============================
| Conflicts |          ORIGINAL         |          LEARNT          | Progress |
|           |    Vars  Clauses Literals |    Limit  Clauses Lit/Cl |          |
===============================================================================
===============================================================================
restarts              : 1
conflicts             : 24             (17279 /sec)
decisions             : 38             (0.00 % random) (27358 /sec)
propagations          : 398            (286537 /sec)
conflict literals     : 95             (18.10 % deleted)
Memory used           : 20.00 MB
CPU time              : 0.001389 s

SATISFIABLE
