WARNING: for repeatability, setting FPU to use double precision
============================[ Problem Statistics ]=============================
|                                                                             |
|  Number of variables:            50                                         |
|  Number of clauses:             218                                         |
|  Parse time:                   0.00 s                                       |
|                                                                             |
============================[ Search Statistics ]==============================
| Conflicts |          ORIGINAL         |          LEARNT          | Progress |
|           |    Vars  Clauses Literals |    Limit  Clauses Lit/Cl |          |
===============================================================================
===============================================================================
restarts              : 1
conflicts             : 26             (18585 /sec)
decisions             : 48             (0.00 % random) (34310 /sec)
propagations          : 345            (246605 /sec)
conflict literals     : 128            (4.48 % deleted)
Memory used           : 20.00 MB
CPU time              : 0.001399 s

SATISFIABLE
