WARNING: for repeatability, setting FPU to use double precision
============================[ Problem Statistics ]=============================
|                                                                             |
|  Number of variables:            50                                         |
|  Number of clauses:             218                                         |
|  Parse time:                   0.00 s                                       |
|                                                                             |
============================[ Search Statistics ]==============================
| Conflicts |          ORIGINAL         |          LEARNT          | Progress |
|           |    Vars  Clauses Literals |    Limit  Clauses Lit/Cl |          |
===============================================================================
===============================================================================
restarts              : 1
conflicts             : 13             (16393 /sec)
decisions             : 33             (0.00 % random) (41614 /sec)
propagations          : 214            (269861 /sec)
conflict literals     : 65             (7.14 % deleted)
Memory used           : 20.00 MB
CPU time              : 0.000793 s

SATISFIABLE
