WARNING: for repeatability, setting FPU to use double precision
============================[ Problem Statistics ]=============================
|                                                                             |
|  Number of variables:            50                                         |
|  Number of clauses:             218                                         |
|  Parse time:                   0.00 s                                       |
|                                                                             |
============================[ Search Statistics ]==============================
| Conflicts |          ORIGINAL         |          LEARNT          | Progress |
|           |    Vars  Clauses Literals |    Limit  Clauses Lit/Cl |          |
===============================================================================
===============================================================================
restarts              : 1
conflicts             : 1              (756 /sec)
decisions             : 11             (0.00 % random) (8314 /sec)
propagations          : 73             (55178 /sec)
conflict literals     : 4              (0.00 % deleted)
Memory used           : 20.00 MB
CPU time              : 0.001323 s

SATISFIABLE
