WARNING: for repeatability, setting FPU to use double precision
============================[ Problem Statistics ]=============================
|                                                                             |
|  Number of variables:            50                                         |
|  Number of clauses:             218                                         |
|  Parse time:                   0.00 s                                       |
|                                                                             |
============================[ Search Statistics ]==============================
| Conflicts |          ORIGINAL         |          LEARNT          | Progress |
|           |    Vars  Clauses Literals |    Limit  Clauses Lit/Cl |          |
===============================================================================
===============================================================================
restarts              : 1
conflicts             : 82             (336066 /sec)
decisions             : 110            (0.00 % random) (450820 /sec)
propagations          : 1243           (5094262 /sec)
conflict literals     : 340            (16.67 % deleted)
Memory used           : 20.00 MB
CPU time              : 0.000244 s

SATISFIABLE
