WARNING: for repeatability, setting FPU to use double precision
============================[ Problem Statistics ]=============================
|                                                                             |
|  Number of variables:            50                                         |
|  Number of clauses:             218                                         |
|  Parse time:                   0.00 s                                       |
|                                                                             |
============================[ Search Statistics ]==============================
| Conflicts |          ORIGINAL         |          LEARNT          | Progress |
|           |    Vars  Clauses Literals |    Limit  Clauses Lit/Cl |          |
===============================================================================
===============================================================================
restarts              : 1
conflicts             : 33             (259843 /sec)
decisions             : 53             (0.00 % random) (417323 /sec)
propagations          : 449            (3535433 /sec)
conflict literals     : 162            (7.95 % deleted)
Memory used           : 20.00 MB
CPU time              : 0.000127 s

SATISFIABLE
