WARNING: for repeatability, setting FPU to use double precision
============================[ Problem Statistics ]=============================
|                                                                             |
|  Number of variables:            50                                         |
|  Number of clauses:             218                                         |
|  Parse time:                   0.00 s                                       |
|                                                                             |
============================[ Search Statistics ]==============================
| Conflicts |          ORIGINAL         |          LEARNT          | Progress |
|           |    Vars  Clauses Literals |    Limit  Clauses Lit/Cl |          |
===============================================================================
===============================================================================
restarts              : 1
conflicts             : 46             (31572 /sec)
decisions             : 56             (0.00 % random) (38435 /sec)
propagations          : 663            (455045 /sec)
conflict literals     : 231            (11.49 % deleted)
Memory used           : 20.00 MB
CPU time              : 0.001457 s

SATISFIABLE
