WARNING: for repeatability, setting FPU to use double precision
============================[ Problem Statistics ]=============================
|                                                                             |
|  Number of variables:            50                                         |
|  Number of clauses:             218                                         |
|  Parse time:                   0.00 s                                       |
|                                                                             |
============================[ Search Statistics ]==============================
| Conflicts |          ORIGINAL         |          LEARNT          | Progress |
|           |    Vars  Clauses Literals |    Limit  Clauses Lit/Cl |          |
===============================================================================
===============================================================================
restarts              : 1
conflicts             : 26             (18759 /sec)
decisions             : 45             (0.00 % random) (32468 /sec)
propagations          : 375            (270563 /sec)
conflict literals     : 120            (13.04 % deleted)
Memory used           : 20.00 MB
CPU time              : 0.001386 s

SATISFIABLE
