WARNING: for repeatability, setting FPU to use double precision
============================[ Problem Statistics ]=============================
|                                                                             |
|  Number of variables:            50                                         |
|  Number of clauses:             218                                         |
|  Parse time:                   0.00 s                                       |
|                                                                             |
============================[ Search Statistics ]==============================
| Conflicts |          ORIGINAL         |          LEARNT          | Progress |
|           |    Vars  Clauses Literals |    Limit  Clauses Lit/Cl |          |
===============================================================================
===============================================================================
restarts              : 1
conflicts             : 40             (27759 /sec)
decisions             : 57             (0.00 % random) (39556 /sec)
propagations          : 645            (447606 /sec)
conflict literals     : 149            (15.82 % deleted)
Memory used           : 20.00 MB
CPU time              : 0.001441 s

SATISFIABLE
