WARNING: for repeatability, setting FPU to use double precision
============================[ Problem Statistics ]=============================
|                                                                             |
|  Number of variables:            50                                         |
|  Number of clauses:             218                                         |
|  Parse time:                   0.00 s                                       |
|                                                                             |
============================[ Search Statistics ]==============================
| Conflicts |          ORIGINAL         |          LEARNT          | Progress |
|           |    Vars  Clauses Literals |    Limit  Clauses Lit/Cl |          |
===============================================================================
===============================================================================
restarts              : 1
conflicts             : 12             (8811 /sec)
decisions             : 21             (0.00 % random) (15419 /sec)
propagations          : 191            (140235 /sec)
conflict literals     : 50             (13.79 % deleted)
Memory used           : 20.00 MB
CPU time              : 0.001362 s

SATISFIABLE
