WARNING: for repeatability, setting FPU to use double precision
============================[ Problem Statistics ]=============================
|                                                                             |
|  Number of variables:            50                                         |
|  Number of clauses:             218                                         |
|  Parse time:                   0.00 s                                       |
|                                                                             |
============================[ Search Statistics ]==============================
| Conflicts |          ORIGINAL         |          LEARNT          | Progress |
|           |    Vars  Clauses Literals |    Limit  Clauses Lit/Cl |          |
===============================================================================
===============================================================================
restarts              : 1
conflicts             : 41             (28433 /sec)
decisions             : 55             (0.00 % random) (38141 /sec)
propagations          : 668            (463245 /sec)
conflict literals     : 167            (20.85 % deleted)
Memory used           : 20.00 MB
CPU time              : 0.001442 s

SATISFIABLE
