WARNING: for repeatability, setting FPU to use double precision
============================[ Problem Statistics ]=============================
|                                                                             |
|  Number of variables:            50                                         |
|  Number of clauses:             218                                         |
|  Parse time:                   0.00 s                                       |
|                                                                             |
============================[ Search Statistics ]==============================
| Conflicts |          ORIGINAL         |          LEARNT          | Progress |
|           |    Vars  Clauses Literals |    Limit  Clauses Lit/Cl |          |
===============================================================================
===============================================================================
restarts              : 1
conflicts             : 65             (42623 /sec)
decisions             : 74             (0.00 % random) (48525 /sec)
propagations          : 1064           (697705 /sec)
conflict literals     : 243            (16.21 % deleted)
Memory used           : 20.00 MB
CPU time              : 0.001525 s

SATISFIABLE
