WARNING: for repeatability, setting FPU to use double precision
============================[ Problem Statistics ]=============================
|                                                                             |
|  Number of variables:            50                                         |
|  Number of clauses:             218                                         |
|  Parse time:                   0.00 s                                       |
|                                                                             |
============================[ Search Statistics ]==============================
| Conflicts |          ORIGINAL         |          LEARNT          | Progress |
|           |    Vars  Clauses Literals |    Limit  Clauses Lit/Cl |          |
===============================================================================
===============================================================================
restarts              : 1
conflicts             : 86             (358333 /sec)
decisions             : 95             (0.00 % random) (395833 /sec)
propagations          : 1090           (4541667 /sec)
conflict literals     : 346            (14.78 % deleted)
Memory used           : 20.00 MB
CPU time              : 0.00024 s

UNSATISFIABLE
