WARNING: for repeatability, setting FPU to use double precision
============================[ Problem Statistics ]=============================
|                                                                             |
|  Number of variables:            50                                         |
|  Number of clauses:             218                                         |
|  Parse time:                   0.00 s                                       |
|                                                                             |
============================[ Search Statistics ]==============================
| Conflicts |          ORIGINAL         |          LEARNT          | Progress |
|           |    Vars  Clauses Literals |    Limit  Clauses Lit/Cl |          |
===============================================================================
===============================================================================
restarts              : 1
conflicts             : 76             (49511 /sec)
decisions             : 82             (0.00 % random) (53420 /sec)
propagations          : 1075           (700326 /sec)
conflict literals     : 295            (18.51 % deleted)
Memory used           : 20.00 MB
CPU time              : 0.001535 s

UNSATISFIABLE
