WARNING: for repeatability, setting FPU to use double precision
============================[ Problem Statistics ]=============================
|                                                                             |
|  Number of variables:            50                                         |
|  Number of clauses:             218                                         |
|  Parse time:                   0.00 s                                       |
|                                                                             |
============================[ Search Statistics ]==============================
| Conflicts |          ORIGINAL         |          LEARNT          | Progress |
|           |    Vars  Clauses Literals |    Limit  Clauses Lit/Cl |          |
===============================================================================
===============================================================================
restarts              : 1
conflicts             : 42             (29289 /sec)
decisions             : 53             (0.00 % random) (36960 /sec)
propagations          : 554            (386332 /sec)
conflict literals     : 127            (10.56 % deleted)
Memory used           : 20.00 MB
CPU time              : 0.001434 s

UNSATISFIABLE
