WARNING: for repeatability, setting FPU to use double precision
============================[ Problem Statistics ]=============================
|                                                                             |
|  Number of variables:            50                                         |
|  Number of clauses:             218                                         |
|  Parse time:                   0.00 s                                       |
|                                                                             |
============================[ Search Statistics ]==============================
| Conflicts |          ORIGINAL         |          LEARNT          | Progress |
|           |    Vars  Clauses Literals |    Limit  Clauses Lit/Cl |          |
===============================================================================
===============================================================================
restarts              : 1
conflicts             : 54             (36024 /sec)
decisions             : 63             (0.00 % random) (42028 /sec)
propagations          : 872            (581721 /sec)
conflict literals     : 178            (21.59 % deleted)
Memory used           : 20.00 MB
CPU time              : 0.001499 s

UNSATISFIABLE
