WARNING: for repeatability, setting FPU to use double precision
============================[ Problem Statistics ]=============================
|                                                                             |
|  Number of variables:            50                                         |
|  Number of clauses:             218                                         |
|  Parse time:                   0.00 s                                       |
|                                                                             |
============================[ Search Statistics ]==============================
| Conflicts |          ORIGINAL         |          LEARNT          | Progress |
|           |    Vars  Clauses Literals |    Limit  Clauses Lit/Cl |          |
===============================================================================
===============================================================================
restarts              : 1
conflicts             : 90             (57915 /sec)
decisions             : 107            (0.00 % random) (68855 /sec)
propagations          : 1302           (837838 /sec)
conflict literals     : 349            (15.09 % deleted)
Memory used           : 20.00 MB
CPU time              : 0.001554 s

UNSATISFIABLE
