WARNING: for repeatability, setting FPU to use double precision
============================[ Problem Statistics ]=============================
|                                                                             |
|  Number of variables:            50                                         |
|  Number of clauses:             218                                         |
|  Parse time:                   0.00 s                                       |
|                                                                             |
============================[ Search Statistics ]==============================
| Conflicts |          ORIGINAL         |          LEARNT          | Progress |
|           |    Vars  Clauses Literals |    Limit  Clauses Lit/Cl |          |
===============================================================================
===============================================================================
restarts              : 1
conflicts             : 91             (57161 /sec)
decisions             : 105            (0.00 % random) (65955 /sec)
propagations          : 1265           (794598 /sec)
conflict literals     : 359            (19.87 % deleted)
Memory used           : 20.00 MB
CPU time              : 0.001592 s

UNSATISFIABLE
