WARNING: for repeatability, setting FPU to use double precision
============================[ Problem Statistics ]=============================
|                                                                             |
|  Number of variables:            50                                         |
|  Number of clauses:             218                                         |
|  Parse time:                   0.00 s                                       |
|                                                                             |
============================[ Search Statistics ]==============================
| Conflicts |          ORIGINAL         |          LEARNT          | Progress |
|           |    Vars  Clauses Literals |    Limit  Clauses Lit/Cl |          |
===============================================================================
===============================================================================
restarts              : 1
conflicts             : 41             (26486 /sec)
decisions             : 54             (0.00 % random) (34884 /sec)
propagations          : 583            (376615 /sec)
conflict literals     : 122            (22.78 % deleted)
Memory used           : 20.00 MB
CPU time              : 0.001548 s

UNSATISFIABLE
