WARNING: for repeatability, setting FPU to use double precision
============================[ Problem Statistics ]=============================
|                                                                             |
|  Number of variables:            50                                         |
|  Number of clauses:             218                                         |
|  Parse time:                   0.00 s                                       |
|                                                                             |
============================[ Search Statistics ]==============================
| Conflicts |          ORIGINAL         |          LEARNT          | Progress |
|           |    Vars  Clauses Literals |    Limit  Clauses Lit/Cl |          |
===============================================================================
===============================================================================
restarts              : 1
conflicts             : 72             (47714 /sec)
decisions             : 75             (0.00 % random) (49702 /sec)
propagations          : 934            (618953 /sec)
conflict literals     : 273            (17.52 % deleted)
Memory used           : 20.00 MB
CPU time              : 0.001509 s

UNSATISFIABLE
