WARNING: for repeatability, setting FPU to use double precision
============================[ Problem Statistics ]=============================
|                                                                             |
|  Number of variables:            50                                         |
|  Number of clauses:             218                                         |
|  Parse time:                   0.00 s                                       |
|                                                                             |
============================[ Search Statistics ]==============================
| Conflicts |          ORIGINAL         |          LEARNT          | Progress |
|           |    Vars  Clauses Literals |    Limit  Clauses Lit/Cl |          |
===============================================================================
|       100 |      49      212      636 |       79       30      4 |  2.133 % |
===============================================================================
restarts              : 2
conflicts             : 153            (86003 /sec)
decisions             : 178            (0.00 % random) (100056 /sec)
propagations          : 2191           (1231591 /sec)
conflict literals     : 625            (20.79 % deleted)
Memory used           : 20.00 MB
CPU time              : 0.001779 s

UNSATISFIABLE
