WARNING: for repeatability, setting FPU to use double precision
============================[ Problem Statistics ]=============================
|                                                                             |
|  Number of variables:            50                                         |
|  Number of clauses:             218                                         |
|  Parse time:                   0.00 s                                       |
|                                                                             |
============================[ Search Statistics ]==============================
| Conflicts |          ORIGINAL         |          LEARNT          | Progress |
|           |    Vars  Clauses Literals |    Limit  Clauses Lit/Cl |          |
===============================================================================
===============================================================================
restarts              : 1
conflicts             : 26             (18692 /sec)
decisions             : 31             (0.00 % random) (22286 /sec)
propagations          : 415            (298347 /sec)
conflict literals     : 72             (15.29 % deleted)
Memory used           : 20.00 MB
CPU time              : 0.001391 s

UNSATISFIABLE
