WARNING: for repeatability, setting FPU to use double precision
============================[ Problem Statistics ]=============================
|                                                                             |
|  Number of variables:            50                                         |
|  Number of clauses:             218                                         |
|  Parse time:                   0.00 s                                       |
|                                                                             |
============================[ Search Statistics ]==============================
| Conflicts |          ORIGINAL         |          LEARNT          | Progress |
|           |    Vars  Clauses Literals |    Limit  Clauses Lit/Cl |          |
===============================================================================
===============================================================================
restarts              : 1
conflicts             : 69             (46000 /sec)
decisions             : 74             (0.00 % random) (49333 /sec)
propagations          : 907            (604667 /sec)
conflict literals     : 258            (19.38 % deleted)
Memory used           : 20.00 MB
CPU time              : 0.0015 s

UNSATISFIABLE
