WARNING: for repeatability, setting FPU to use double precision
============================[ Problem Statistics ]=============================
|                                                                             |
|  Number of variables:            50                                         |
|  Number of clauses:             218                                         |
|  Parse time:                   0.00 s                                       |
|                                                                             |
============================[ Search Statistics ]==============================
| Conflicts |          ORIGINAL         |          LEARNT          | Progress |
|           |    Vars  Clauses Literals |    Limit  Clauses Lit/Cl |          |
===============================================================================
===============================================================================
restarts              : 1
conflicts             : 43             (30496 /sec)
decisions             : 51             (0.00 % random) (36170 /sec)
propagations          : 584            (414184 /sec)
conflict literals     : 129            (17.31 % deleted)
Memory used           : 20.00 MB
CPU time              : 0.00141 s

UNSATISFIABLE
