WARNING: for repeatability, setting FPU to use double precision
============================[ Problem Statistics ]=============================
|                                                                             |
|  Number of variables:            50                                         |
|  Number of clauses:             218                                         |
|  Parse time:                   0.00 s                                       |
|                                                                             |
============================[ Search Statistics ]==============================
| Conflicts |          ORIGINAL         |          LEARNT          | Progress |
|           |    Vars  Clauses Literals |    Limit  Clauses Lit/Cl |          |
===============================================================================
===============================================================================
restarts              : 1
conflicts             : 77             (51333 /sec)
decisions             : 84             (0.00 % random) (56000 /sec)
propagations          : 1063           (708667 /sec)
conflict literals     : 297            (12.65 % deleted)
Memory used           : 20.00 MB
CPU time              : 0.0015 s

UNSATISFIABLE
