WARNING: for repeatability, setting FPU to use double precision
============================[ Problem Statistics ]=============================
|                                                                             |
|  Number of variables:            50                                         |
|  Number of clauses:             218                                         |
|  Parse time:                   0.00 s                                       |
|                                                                             |
============================[ Search Statistics ]==============================
| Conflicts |          ORIGINAL         |          LEARNT          | Progress |
|           |    Vars  Clauses Literals |    Limit  Clauses Lit/Cl |          |
===============================================================================
===============================================================================
restarts              : 1
conflicts             : 52             (298851 /sec)
decisions             : 64             (0.00 % random) (367816 /sec)
propagations          : 719            (4132184 /sec)
conflict literals     : 183            (12.02 % deleted)
Memory used           : 20.00 MB
CPU time              : 0.000174 s

UNSATISFIABLE
