WARNING: for repeatability, setting FPU to use double precision
============================[ Problem Statistics ]=============================
|                                                                             |
|  Number of variables:            50                                         |
|  Number of clauses:             218                                         |
|  Parse time:                   0.00 s                                       |
|                                                                             |
============================[ Search Statistics ]==============================
| Conflicts |          ORIGINAL         |          LEARNT          | Progress |
|           |    Vars  Clauses Literals |    Limit  Clauses Lit/Cl |          |
===============================================================================
===============================================================================
restarts              : 1
conflicts             : 58             (315217 /sec)
decisions             : 71             (0.00 % random) (385870 /sec)
propagations          : 818            (4445652 /sec)
conflict literals     : 188            (21.34 % deleted)
Memory used           : 20.00 MB
CPU time              : 0.000184 s

UNSATISFIABLE
