WARNING: for repeatability, setting FPU to use double precision
============================[ Problem Statistics ]=============================
|                                                                             |
|  Number of variables:            50                                         |
|  Number of clauses:             218                                         |
|  Parse time:                   0.00 s                                       |
|                                                                             |
============================[ Search Statistics ]==============================
| Conflicts |          ORIGINAL         |          LEARNT          | Progress |
|           |    Vars  Clauses Literals |    Limit  Clauses Lit/Cl |          |
===============================================================================
===============================================================================
restarts              : 1
conflicts             : 48             (363636 /sec)
decisions             : 50             (0.00 % random) (378788 /sec)
propagations          : 575            (4356061 /sec)
conflict literals     : 156            (15.22 % deleted)
Memory used           : 20.00 MB
CPU time              : 0.000132 s

UNSATISFIABLE
