WARNING: for repeatability, setting FPU to use double precision
============================[ Problem Statistics ]=============================
|                                                                             |
|  Number of variables:            50                                         |
|  Number of clauses:             218                                         |
|  Parse time:                   0.00 s                                       |
|                                                                             |
============================[ Search Statistics ]==============================
| Conflicts |          ORIGINAL         |          LEARNT          | Progress |
|           |    Vars  Clauses Literals |    Limit  Clauses Lit/Cl |          |
===============================================================================
===============================================================================
restarts              : 1
conflicts             : 65             (43247 /sec)
decisions             : 69             (0.00 % random) (45908 /sec)
propagations          : 970            (645376 /sec)
conflict literals     : 263            (18.07 % deleted)
Memory used           : 20.00 MB
CPU time              : 0.001503 s

UNSATISFIABLE
