WARNING: for repeatability, setting FPU to use double precision
============================[ Problem Statistics ]=============================
|                                                                             |
|  Number of variables:            50                                         |
|  Number of clauses:             218                                         |
|  Parse time:                   0.00 s                                       |
|                                                                             |
============================[ Search Statistics ]==============================
| Conflicts |          ORIGINAL         |          LEARNT          | Progress |
|           |    Vars  Clauses Literals |    Limit  Clauses Lit/Cl |          |
===============================================================================
===============================================================================
restarts              : 1
conflicts             : 61             (41553 /sec)
decisions             : 66             (0.00 % random) (44959 /sec)
propagations          : 827            (563351 /sec)
conflict literals     : 233            (11.74 % deleted)
Memory used           : 20.00 MB
CPU time              : 0.001468 s

UNSATISFIABLE
