WARNING: for repeatability, setting FPU to use double precision
============================[ Problem Statistics ]=============================
|                                                                             |
|  Number of variables:            50                                         |
|  Number of clauses:             218                                         |
|  Parse time:                   0.00 s                                       |
|                                                                             |
============================[ Search Statistics ]==============================
| Conflicts |          ORIGINAL         |          LEARNT          | Progress |
|           |    Vars  Clauses Literals |    Limit  Clauses Lit/Cl |          |
===============================================================================
===============================================================================
restarts              : 1
conflicts             : 63             (41833 /sec)
decisions             : 75             (0.00 % random) (49801 /sec)
propagations          : 930            (617530 /sec)
conflict literals     : 222            (15.91 % deleted)
Memory used           : 20.00 MB
CPU time              : 0.001506 s

UNSATISFIABLE
