WARNING: for repeatability, setting FPU to use double precision
============================[ Problem Statistics ]=============================
|                                                                             |
|  Number of variables:            50                                         |
|  Number of clauses:             218                                         |
|  Parse time:                   0.00 s                                       |
|                                                                             |
============================[ Search Statistics ]==============================
| Conflicts |          ORIGINAL         |          LEARNT          | Progress |
|           |    Vars  Clauses Literals |    Limit  Clauses Lit/Cl |          |
===============================================================================
===============================================================================
restarts              : 1
conflicts             : 53             (36030 /sec)
decisions             : 55             (0.00 % random) (37390 /sec)
propagations          : 750            (509857 /sec)
conflict literals     : 179            (13.94 % deleted)
Memory used           : 20.00 MB
CPU time              : 0.001471 s

UNSATISFIABLE
