WARNING: for repeatability, setting FPU to use double precision
============================[ Problem Statistics ]=============================
|                                                                             |
|  Number of variables:            50                                         |
|  Number of clauses:             218                                         |
|  Parse time:                   0.00 s                                       |
|                                                                             |
============================[ Search Statistics ]==============================
| Conflicts |          ORIGINAL         |          LEARNT          | Progress |
|           |    Vars  Clauses Literals |    Limit  Clauses Lit/Cl |          |
===============================================================================
===============================================================================
restarts              : 1
conflicts             : 78             (52069 /sec)
decisions             : 88             (0.00 % random) (58745 /sec)
propagations          : 983            (656208 /sec)
conflict literals     : 279            (21.63 % deleted)
Memory used           : 20.00 MB
CPU time              : 0.001498 s

UNSATISFIABLE
