WARNING: for repeatability, setting FPU to use double precision
============================[ Problem Statistics ]=============================
|                                                                             |
|  Number of variables:            50                                         |
|  Number of clauses:             218                                         |
|  Parse time:                   0.00 s                                       |
|                                                                             |
============================[ Search Statistics ]==============================
| Conflicts |          ORIGINAL         |          LEARNT          | Progress |
|           |    Vars  Clauses Literals |    Limit  Clauses Lit/Cl |          |
===============================================================================
===============================================================================
restarts              : 1
conflicts             : 47             (271676 /sec)
decisions             : 49             (0.00 % random) (283237 /sec)
propagations          : 696            (4023121 /sec)
conflict literals     : 159            (23.56 % deleted)
Memory used           : 20.00 MB
CPU time              : 0.000173 s

UNSATISFIABLE
