WARNING: for repeatability, setting FPU to use double precision
============================[ Problem Statistics ]=============================
|                                                                             |
|  Number of variables:            50                                         |
|  Number of clauses:             218                                         |
|  Parse time:                   0.00 s                                       |
|                                                                             |
============================[ Search Statistics ]==============================
| Conflicts |          ORIGINAL         |          LEARNT          | Progress |
|           |    Vars  Clauses Literals |    Limit  Clauses Lit/Cl |          |
===============================================================================
===============================================================================
restarts              : 1
conflicts             : 54             (35456 /sec)
decisions             : 60             (0.00 % random) (39396 /sec)
propagations          : 820            (538411 /sec)
conflict literals     : 233            (15.27 % deleted)
Memory used           : 20.00 MB
CPU time              : 0.001523 s

UNSATISFIABLE
