WARNING: for repeatability, setting FPU to use double precision
============================[ Problem Statistics ]=============================
|                                                                             |
|  Number of variables:            50                                         |
|  Number of clauses:             218                                         |
|  Parse time:                   0.00 s                                       |
|                                                                             |
============================[ Search Statistics ]==============================
| Conflicts |          ORIGINAL         |          LEARNT          | Progress |
|           |    Vars  Clauses Literals |    Limit  Clauses Lit/Cl |          |
===============================================================================
===============================================================================
restarts              : 1
conflicts             : 40             (28229 /sec)
decisions             : 45             (0.00 % random) (31757 /sec)
propagations          : 533            (376147 /sec)
conflict literals     : 118            (13.87 % deleted)
Memory used           : 20.00 MB
CPU time              : 0.001417 s

UNSATISFIABLE
