WARNING: for repeatability, setting FPU to use double precision
============================[ Problem Statistics ]=============================
|                                                                             |
|  Number of variables:            50                                         |
|  Number of clauses:             218                                         |
|  Parse time:                   0.00 s                                       |
|                                                                             |
============================[ Search Statistics ]==============================
| Conflicts |          ORIGINAL         |          LEARNT          | Progress |
|           |    Vars  Clauses Literals |    Limit  Clauses Lit/Cl |          |
===============================================================================
===============================================================================
restarts              : 1
conflicts             : 61             (41468 /sec)
decisions             : 65             (0.00 % random) (44188 /sec)
propagations          : 765            (520054 /sec)
conflict literals     : 225            (15.41 % deleted)
Memory used           : 20.00 MB
CPU time              : 0.001471 s

UNSATISFIABLE
