WARNING: for repeatability, setting FPU to use double precision
============================[ Problem Statistics ]=============================
|                                                                             |
|  Number of variables:            50                                         |
|  Number of clauses:             218                                         |
|  Parse time:                   0.00 s                                       |
|                                                                             |
============================[ Search Statistics ]==============================
| Conflicts |          ORIGINAL         |          LEARNT          | Progress |
|           |    Vars  Clauses Literals |    Limit  Clauses Lit/Cl |          |
===============================================================================
===============================================================================
restarts              : 1
conflicts             : 68             (45638 /sec)
decisions             : 76             (0.00 % random) (51007 /sec)
propagations          : 902            (605369 /sec)
conflict literals     : 268            (9.46 % deleted)
Memory used           : 20.00 MB
CPU time              : 0.00149 s

UNSATISFIABLE
