WARNING: for repeatability, setting FPU to use double precision
============================[ Problem Statistics ]=============================
|                                                                             |
|  Number of variables:            50                                         |
|  Number of clauses:             218                                         |
|  Parse time:                   0.00 s                                       |
|                                                                             |
============================[ Search Statistics ]==============================
| Conflicts |          ORIGINAL         |          LEARNT          | Progress |
|           |    Vars  Clauses Literals |    Limit  Clauses Lit/Cl |          |
===============================================================================
===============================================================================
restarts              : 1
conflicts             : 51             (361702 /sec)
decisions             : 55             (0.00 % random) (390071 /sec)
propagations          : 668            (4737589 /sec)
conflict literals     : 170            (16.26 % deleted)
Memory used           : 20.00 MB
CPU time              : 0.000141 s

UNSATISFIABLE
