WARNING: for repeatability, setting FPU to use double precision
============================[ Problem Statistics ]=============================
|                                                                             |
|  Number of variables:            50                                         |
|  Number of clauses:             218                                         |
|  Parse time:                   0.00 s                                       |
|                                                                             |
============================[ Search Statistics ]==============================
| Conflicts |          ORIGINAL         |          LEARNT          | Progress |
|           |    Vars  Clauses Literals |    Limit  Clauses Lit/Cl |          |
===============================================================================
===============================================================================
restarts              : 1
conflicts             : 88             (57441 /sec)
decisions             : 97             (0.00 % random) (63316 /sec)
propagations          : 1090           (711488 /sec)
conflict literals     : 365            (13.10 % deleted)
Memory used           : 20.00 MB
CPU time              : 0.001532 s

UNSATISFIABLE
