WARNING: for repeatability, setting FPU to use double precision
============================[ Problem Statistics ]=============================
|                                                                             |
|  Number of variables:            50                                         |
|  Number of clauses:             218                                         |
|  Parse time:                   0.00 s                                       |
|                                                                             |
============================[ Search Statistics ]==============================
| Conflicts |          ORIGINAL         |          LEARNT          | Progress |
|           |    Vars  Clauses Literals |    Limit  Clauses Lit/Cl |          |
===============================================================================
===============================================================================
restarts              : 1
conflicts             : 64             (205128 /sec)
decisions             : 80             (0.00 % random) (256410 /sec)
propagations          : 959            (3073718 /sec)
conflict literals     : 242            (10.70 % deleted)
Memory used           : 20.00 MB
CPU time              : 0.000312 s

UNSATISFIABLE
