WARNING: for repeatability, setting FPU to use double precision
============================[ Problem Statistics ]=============================
|                                                                             |
|  Number of variables:            50                                         |
|  Number of clauses:             218                                         |
|  Parse time:                   0.00 s                                       |
|                                                                             |
============================[ Search Statistics ]==============================
| Conflicts |          ORIGINAL         |          LEARNT          | Progress |
|           |    Vars  Clauses Literals |    Limit  Clauses Lit/Cl |          |
===============================================================================
===============================================================================
restarts              : 1
conflicts             : 58             (194631 /sec)
decisions             : 60             (0.00 % random) (201342 /sec)
propagations          : 769            (2580537 /sec)
conflict literals     : 218            (15.18 % deleted)
Memory used           : 20.00 MB
CPU time              : 0.000298 s

UNSATISFIABLE
