WARNING: for repeatability, setting FPU to use double precision
============================[ Problem Statistics ]=============================
|                                                                             |
|  Number of variables:            50                                         |
|  Number of clauses:             218                                         |
|  Parse time:                   0.00 s                                       |
|                                                                             |
============================[ Search Statistics ]==============================
| Conflicts |          ORIGINAL         |          LEARNT          | Progress |
|           |    Vars  Clauses Literals |    Limit  Clauses Lit/Cl |          |
===============================================================================
|       100 |      50      218      654 |       79       64      5 |  0.082 % |
===============================================================================
restarts              : 2
conflicts             : 154            (88050 /sec)
decisions             : 180            (0.00 % random) (102916 /sec)
propagations          : 2302           (1316181 /sec)
conflict literals     : 718            (13.39 % deleted)
Memory used           : 20.00 MB
CPU time              : 0.001749 s

UNSATISFIABLE
