WARNING: for repeatability, setting FPU to use double precision
============================[ Problem Statistics ]=============================
|                                                                             |
|  Number of variables:            50                                         |
|  Number of clauses:             218                                         |
|  Parse time:                   0.00 s                                       |
|                                                                             |
============================[ Search Statistics ]==============================
| Conflicts |          ORIGINAL         |          LEARNT          | Progress |
|           |    Vars  Clauses Literals |    Limit  Clauses Lit/Cl |          |
===============================================================================
|       100 |      49      213      639 |       79       48      5 |  2.120 % |
===============================================================================
restarts              : 2
conflicts             : 130            (78078 /sec)
decisions             : 139            (0.00 % random) (83483 /sec)
propagations          : 1847           (1109309 /sec)
conflict literals     : 533            (19.97 % deleted)
Memory used           : 20.00 MB
CPU time              : 0.001665 s

UNSATISFIABLE
