WARNING: for repeatability, setting FPU to use double precision
============================[ Problem Statistics ]=============================
|                                                                             |
|  Number of variables:            50                                         |
|  Number of clauses:             218                                         |
|  Parse time:                   0.00 s                                       |
|                                                                             |
============================[ Search Statistics ]==============================
| Conflicts |          ORIGINAL         |          LEARNT          | Progress |
|           |    Vars  Clauses Literals |    Limit  Clauses Lit/Cl |          |
===============================================================================
===============================================================================
restarts              : 1
conflicts             : 44             (31073 /sec)
decisions             : 50             (0.00 % random) (35311 /sec)
propagations          : 561            (396186 /sec)
conflict literals     : 147            (14.04 % deleted)
Memory used           : 20.00 MB
CPU time              : 0.001416 s

UNSATISFIABLE
