WARNING: for repeatability, setting FPU to use double precision
============================[ Problem Statistics ]=============================
|                                                                             |
|  Number of variables:            50                                         |
|  Number of clauses:             218                                         |
|  Parse time:                   0.00 s                                       |
|                                                                             |
============================[ Search Statistics ]==============================
| Conflicts |          ORIGINAL         |          LEARNT          | Progress |
|           |    Vars  Clauses Literals |    Limit  Clauses Lit/Cl |          |
===============================================================================
===============================================================================
restarts              : 1
conflicts             : 64             (299065 /sec)
decisions             : 77             (0.00 % random) (359813 /sec)
propagations          : 881            (4116822 /sec)
conflict literals     : 243            (15.92 % deleted)
Memory used           : 20.00 MB
CPU time              : 0.000214 s

UNSATISFIABLE
