WARNING: for repeatability, setting FPU to use double precision
============================[ Problem Statistics ]=============================
|                                                                             |
|  Number of variables:            50                                         |
|  Number of clauses:             218                                         |
|  Parse time:                   0.00 s                                       |
|                                                                             |
============================[ Search Statistics ]==============================
| Conflicts |          ORIGINAL         |          LEARNT          | Progress |
|           |    Vars  Clauses Literals |    Limit  Clauses Lit/Cl |          |
===============================================================================
|       100 |      49      216      648 |       79       44      5 |  2.042 % |
===============================================================================
restarts              : 2
conflicts             : 133            (75141 /sec)
decisions             : 144            (0.00 % random) (81356 /sec)
propagations          : 1795           (1014124 /sec)
conflict literals     : 611            (15.61 % deleted)
Memory used           : 20.00 MB
CPU time              : 0.00177 s

UNSATISFIABLE
