WARNING: for repeatability, setting FPU to use double precision
============================[ Problem Statistics ]=============================
|                                                                             |
|  Number of variables:            50                                         |
|  Number of clauses:             218                                         |
|  Parse time:                   0.00 s                                       |
|                                                                             |
============================[ Search Statistics ]==============================
| Conflicts |          ORIGINAL         |          LEARNT          | Progress |
|           |    Vars  Clauses Literals |    Limit  Clauses Lit/Cl |          |
===============================================================================
===============================================================================
restarts              : 1
conflicts             : 46             (32303 /sec)
decisions             : 48             (0.00 % random) (33708 /sec)
propagations          : 658            (462079 /sec)
conflict literals     : 147            (20.97 % deleted)
Memory used           : 20.00 MB
CPU time              : 0.001424 s

UNSATISFIABLE
