WARNING: for repeatability, setting FPU to use double precision
============================[ Problem Statistics ]=============================
|                                                                             |
|  Number of variables:            50                                         |
|  Number of clauses:             218                                         |
|  Parse time:                   0.00 s                                       |
|                                                                             |
============================[ Search Statistics ]==============================
| Conflicts |          ORIGINAL         |          LEARNT          | Progress |
|           |    Vars  Clauses Literals |    Limit  Clauses Lit/Cl |          |
===============================================================================
===============================================================================
restarts              : 1
conflicts             : 85             (55016 /sec)
decisions             : 99             (0.00 % random) (64078 /sec)
propagations          : 1205           (779935 /sec)
conflict literals     : 351            (16.43 % deleted)
Memory used           : 20.00 MB
CPU time              : 0.001545 s

UNSATISFIABLE
