WARNING: for repeatability, setting FPU to use double precision
============================[ Problem Statistics ]=============================
|                                                                             |
|  Number of variables:            50                                         |
|  Number of clauses:             218                                         |
|  Parse time:                   0.00 s                                       |
|                                                                             |
============================[ Search Statistics ]==============================
| Conflicts |          ORIGINAL         |          LEARNT          | Progress |
|           |    Vars  Clauses Literals |    Limit  Clauses Lit/Cl |          |
===============================================================================
===============================================================================
restarts              : 1
conflicts             : 69             (53364 /sec)
decisions             : 79             (0.00 % random) (61098 /sec)
propagations          : 916            (708430 /sec)
conflict literals     : 233            (15.88 % deleted)
Memory used           : 20.00 MB
CPU time              : 0.001293 s

UNSATISFIABLE
