WARNING: for repeatability, setting FPU to use double precision
============================[ Problem Statistics ]=============================
|                                                                             |
|  Number of variables:            50                                         |
|  Number of clauses:             218                                         |
|  Parse time:                   0.00 s                                       |
|                                                                             |
============================[ Search Statistics ]==============================
| Conflicts |          ORIGINAL         |          LEARNT          | Progress |
|           |    Vars  Clauses Literals |    Limit  Clauses Lit/Cl |          |
===============================================================================
===============================================================================
restarts              : 1
conflicts             : 98             (61869 /sec)
decisions             : 108            (0.00 % random) (68182 /sec)
propagations          : 1317           (831439 /sec)
conflict literals     : 418            (18.04 % deleted)
Memory used           : 20.00 MB
CPU time              : 0.001584 s

UNSATISFIABLE
