WARNING: for repeatability, setting FPU to use double precision
============================[ Problem Statistics ]=============================
|                                                                             |
|  Number of variables:            50                                         |
|  Number of clauses:             218                                         |
|  Parse time:                   0.00 s                                       |
|                                                                             |
============================[ Search Statistics ]==============================
| Conflicts |          ORIGINAL         |          LEARNT          | Progress |
|           |    Vars  Clauses Literals |    Limit  Clauses Lit/Cl |          |
===============================================================================
===============================================================================
restarts              : 1
conflicts             : 84             (51064 /sec)
decisions             : 91             (0.00 % random) (55319 /sec)
propagations          : 1102           (669909 /sec)
conflict literals     : 312            (21.01 % deleted)
Memory used           : 20.00 MB
CPU time              : 0.001645 s

UNSATISFIABLE
