WARNING: for repeatability, setting FPU to use double precision
============================[ Problem Statistics ]=============================
|                                                                             |
|  Number of variables:            50                                         |
|  Number of clauses:             218                                         |
|  Parse time:                   0.00 s                                       |
|                                                                             |
============================[ Search Statistics ]==============================
| Conflicts |          ORIGINAL         |          LEARNT          | Progress |
|           |    Vars  Clauses Literals |    Limit  Clauses Lit/Cl |          |
===============================================================================
===============================================================================
restarts              : 1
conflicts             : 55             (37723 /sec)
decisions             : 59             (0.00 % random) (40466 /sec)
propagations          : 736            (504801 /sec)
conflict literals     : 202            (15.13 % deleted)
Memory used           : 20.00 MB
CPU time              : 0.001458 s

UNSATISFIABLE
