WARNING: for repeatability, setting FPU to use double precision
============================[ Problem Statistics ]=============================
|                                                                             |
|  Number of variables:            50                                         |
|  Number of clauses:             218                                         |
|  Parse time:                   0.00 s                                       |
|                                                                             |
============================[ Search Statistics ]==============================
| Conflicts |          ORIGINAL         |          LEARNT          | Progress |
|           |    Vars  Clauses Literals |    Limit  Clauses Lit/Cl |          |
===============================================================================
===============================================================================
restarts              : 1
conflicts             : 45             (184426 /sec)
decisions             : 55             (0.00 % random) (225410 /sec)
propagations          : 582            (2385246 /sec)
conflict literals     : 154            (19.79 % deleted)
Memory used           : 20.00 MB
CPU time              : 0.000244 s

UNSATISFIABLE
