WARNING: for repeatability, setting FPU to use double precision
============================[ Problem Statistics ]=============================
|                                                                             |
|  Number of variables:            50                                         |
|  Number of clauses:             218                                         |
|  Parse time:                   0.00 s                                       |
|                                                                             |
============================[ Search Statistics ]==============================
| Conflicts |          ORIGINAL         |          LEARNT          | Progress |
|           |    Vars  Clauses Literals |    Limit  Clauses Lit/Cl |          |
===============================================================================
===============================================================================
restarts              : 1
conflicts             : 61             (286385 /sec)
decisions             : 74             (0.00 % random) (347418 /sec)
propagations          : 857            (4023474 /sec)
conflict literals     : 208            (21.21 % deleted)
Memory used           : 20.00 MB
CPU time              : 0.000213 s

UNSATISFIABLE
