WARNING: for repeatability, setting FPU to use double precision
============================[ Problem Statistics ]=============================
|                                                                             |
|  Number of variables:            50                                         |
|  Number of clauses:             218                                         |
|  Parse time:                   0.00 s                                       |
|                                                                             |
============================[ Search Statistics ]==============================
| Conflicts |          ORIGINAL         |          LEARNT          | Progress |
|           |    Vars  Clauses Literals |    Limit  Clauses Lit/Cl |          |
===============================================================================
===============================================================================
restarts              : 1
conflicts             : 88             (56811 /sec)
decisions             : 104            (0.00 % random) (67140 /sec)
propagations          : 1291           (833441 /sec)
conflict literals     : 332            (23.15 % deleted)
Memory used           : 20.00 MB
CPU time              : 0.001549 s

UNSATISFIABLE
