WARNING: for repeatability, setting FPU to use double precision
============================[ Problem Statistics ]=============================
|                                                                             |
|  Number of variables:            50                                         |
|  Number of clauses:             218                                         |
|  Parse time:                   0.00 s                                       |
|                                                                             |
============================[ Search Statistics ]==============================
| Conflicts |          ORIGINAL         |          LEARNT          | Progress |
|           |    Vars  Clauses Literals |    Limit  Clauses Lit/Cl |          |
===============================================================================
===============================================================================
restarts              : 1
conflicts             : 50             (173611 /sec)
decisions             : 58             (0.00 % random) (201389 /sec)
propagations          : 742            (2576389 /sec)
conflict literals     : 156            (22.00 % deleted)
Memory used           : 20.00 MB
CPU time              : 0.000288 s

UNSATISFIABLE
