WARNING: for repeatability, setting FPU to use double precision
============================[ Problem Statistics ]=============================
|                                                                             |
|  Number of variables:            50                                         |
|  Number of clauses:             218                                         |
|  Parse time:                   0.00 s                                       |
|                                                                             |
============================[ Search Statistics ]==============================
| Conflicts |          ORIGINAL         |          LEARNT          | Progress |
|           |    Vars  Clauses Literals |    Limit  Clauses Lit/Cl |          |
===============================================================================
===============================================================================
restarts              : 1
conflicts             : 39             (168831 /sec)
decisions             : 43             (0.00 % random) (186147 /sec)
propagations          : 512            (2216450 /sec)
conflict literals     : 131            (12.08 % deleted)
Memory used           : 20.00 MB
CPU time              : 0.000231 s

UNSATISFIABLE
