WARNING: for repeatability, setting FPU to use double precision
============================[ Problem Statistics ]=============================
|                                                                             |
|  Number of variables:            50                                         |
|  Number of clauses:             218                                         |
|  Parse time:                   0.00 s                                       |
|                                                                             |
============================[ Search Statistics ]==============================
| Conflicts |          ORIGINAL         |          LEARNT          | Progress |
|           |    Vars  Clauses Literals |    Limit  Clauses Lit/Cl |          |
===============================================================================
===============================================================================
restarts              : 1
conflicts             : 40             (inf /sec)
decisions             : 45             (0.00 % random) (inf /sec)
propagations          : 570            (inf /sec)
conflict literals     : 127            (20.62 % deleted)
Memory used           : 20.00 MB
CPU time              : 0 s

UNSATISFIABLE
