WARNING: for repeatability, setting FPU to use double precision
============================[ Problem Statistics ]=============================
|                                                                             |
|  Number of variables:            50                                         |
|  Number of clauses:             218                                         |
|  Parse time:                   0.00 s                                       |
|                                                                             |
============================[ Search Statistics ]==============================
| Conflicts |          ORIGINAL         |          LEARNT          | Progress |
|           |    Vars  Clauses Literals |    Limit  Clauses Lit/Cl |          |
===============================================================================
===============================================================================
restarts              : 1
conflicts             : 65             (44038 /sec)
decisions             : 70             (0.00 % random) (47425 /sec)
propagations          : 860            (582656 /sec)
conflict literals     : 213            (18.70 % deleted)
Memory used           : 20.00 MB
CPU time              : 0.001476 s

UNSATISFIABLE
