WARNING: for repeatability, setting FPU to use double precision
============================[ Problem Statistics ]=============================
|                                                                             |
|  Number of variables:            50                                         |
|  Number of clauses:             218                                         |
|  Parse time:                   0.00 s                                       |
|                                                                             |
============================[ Search Statistics ]==============================
| Conflicts |          ORIGINAL         |          LEARNT          | Progress |
|           |    Vars  Clauses Literals |    Limit  Clauses Lit/Cl |          |
===============================================================================
===============================================================================
restarts              : 1
conflicts             : 70             (45366 /sec)
decisions             : 75             (0.00 % random) (48607 /sec)
propagations          : 1080           (699935 /sec)
conflict literals     : 288            (20.00 % deleted)
Memory used           : 20.00 MB
CPU time              : 0.001543 s

UNSATISFIABLE
