WARNING: for repeatability, setting FPU to use double precision
============================[ Problem Statistics ]=============================
|                                                                             |
|  Number of variables:            50                                         |
|  Number of clauses:             218                                         |
|  Parse time:                   0.00 s                                       |
|                                                                             |
============================[ Search Statistics ]==============================
| Conflicts |          ORIGINAL         |          LEARNT          | Progress |
|           |    Vars  Clauses Literals |    Limit  Clauses Lit/Cl |          |
===============================================================================
===============================================================================
restarts              : 1
conflicts             : 59             (38944 /sec)
decisions             : 65             (0.00 % random) (42904 /sec)
propagations          : 773            (510231 /sec)
conflict literals     : 209            (17.72 % deleted)
Memory used           : 20.00 MB
CPU time              : 0.001515 s

UNSATISFIABLE
