WARNING: for repeatability, setting FPU to use double precision
============================[ Problem Statistics ]=============================
|                                                                             |
|  Number of variables:            50                                         |
|  Number of clauses:             218                                         |
|  Parse time:                   0.00 s                                       |
|                                                                             |
============================[ Search Statistics ]==============================
| Conflicts |          ORIGINAL         |          LEARNT          | Progress |
|           |    Vars  Clauses Literals |    Limit  Clauses Lit/Cl |          |
===============================================================================
===============================================================================
restarts              : 1
conflicts             : 65             (43860 /sec)
decisions             : 76             (0.00 % random) (51282 /sec)
propagations          : 859            (579622 /sec)
conflict literals     : 222            (21.28 % deleted)
Memory used           : 20.00 MB
CPU time              : 0.001482 s

UNSATISFIABLE
