WARNING: for repeatability, setting FPU to use double precision
============================[ Problem Statistics ]=============================
|                                                                             |
|  Number of variables:            50                                         |
|  Number of clauses:             218                                         |
|  Parse time:                   0.00 s                                       |
|                                                                             |
============================[ Search Statistics ]==============================
| Conflicts |          ORIGINAL         |          LEARNT          | Progress |
|           |    Vars  Clauses Literals |    Limit  Clauses Lit/Cl |          |
===============================================================================
===============================================================================
restarts              : 1
conflicts             : 49             (33654 /sec)
decisions             : 52             (0.00 % random) (35714 /sec)
propagations          : 745            (511676 /sec)
conflict literals     : 139            (23.63 % deleted)
Memory used           : 20.00 MB
CPU time              : 0.001456 s

UNSATISFIABLE
