WARNING: for repeatability, setting FPU to use double precision
============================[ Problem Statistics ]=============================
|                                                                             |
|  Number of variables:            50                                         |
|  Number of clauses:             218                                         |
|  Parse time:                   0.00 s                                       |
|                                                                             |
============================[ Search Statistics ]==============================
| Conflicts |          ORIGINAL         |          LEARNT          | Progress |
|           |    Vars  Clauses Literals |    Limit  Clauses Lit/Cl |          |
===============================================================================
===============================================================================
restarts              : 1
conflicts             : 63             (42625 /sec)
decisions             : 76             (0.00 % random) (51421 /sec)
propagations          : 857            (579838 /sec)
conflict literals     : 216            (19.10 % deleted)
Memory used           : 20.00 MB
CPU time              : 0.001478 s

UNSATISFIABLE
