WARNING: for repeatability, setting FPU to use double precision
============================[ Problem Statistics ]=============================
|                                                                             |
|  Number of variables:            50                                         |
|  Number of clauses:             218                                         |
|  Parse time:                   0.00 s                                       |
|                                                                             |
============================[ Search Statistics ]==============================
| Conflicts |          ORIGINAL         |          LEARNT          | Progress |
|           |    Vars  Clauses Literals |    Limit  Clauses Lit/Cl |          |
===============================================================================
===============================================================================
restarts              : 1
conflicts             : 73             (48928 /sec)
decisions             : 76             (0.00 % random) (50938 /sec)
propagations          : 920            (616622 /sec)
conflict literals     : 239            (18.15 % deleted)
Memory used           : 20.00 MB
CPU time              : 0.001492 s

UNSATISFIABLE
