WARNING: for repeatability, setting FPU to use double precision
============================[ Problem Statistics ]=============================
|                                                                             |
|  Number of variables:            50                                         |
|  Number of clauses:             218                                         |
|  Parse time:                   0.00 s                                       |
|                                                                             |
============================[ Search Statistics ]==============================
| Conflicts |          ORIGINAL         |          LEARNT          | Progress |
|           |    Vars  Clauses Literals |    Limit  Clauses Lit/Cl |          |
===============================================================================
===============================================================================
restarts              : 1
conflicts             : 52             (35398 /sec)
decisions             : 66             (0.00 % random) (44929 /sec)
propagations          : 630            (428863 /sec)
conflict literals     : 165            (21.05 % deleted)
Memory used           : 20.00 MB
CPU time              : 0.001469 s

UNSATISFIABLE
