WARNING: for repeatability, setting FPU to use double precision
============================[ Problem Statistics ]=============================
|                                                                             |
|  Number of variables:            50                                         |
|  Number of clauses:             218                                         |
|  Parse time:                   0.00 s                                       |
|                                                                             |
============================[ Search Statistics ]==============================
| Conflicts |          ORIGINAL         |          LEARNT          | Progress |
|           |    Vars  Clauses Literals |    Limit  Clauses Lit/Cl |          |
===============================================================================
===============================================================================
restarts              : 1
conflicts             : 52             (35278 /sec)
decisions             : 52             (0.00 % random) (35278 /sec)
propagations          : 821            (556988 /sec)
conflict literals     : 153            (23.12 % deleted)
Memory used           : 20.00 MB
CPU time              : 0.001474 s

UNSATISFIABLE
