WARNING: for repeatability, setting FPU to use double precision
============================[ Problem Statistics ]=============================
|                                                                             |
|  Number of variables:            50                                         |
|  Number of clauses:             218                                         |
|  Parse time:                   0.00 s                                       |
|                                                                             |
============================[ Search Statistics ]==============================
| Conflicts |          ORIGINAL         |          LEARNT          | Progress |
|           |    Vars  Clauses Literals |    Limit  Clauses Lit/Cl |          |
===============================================================================
===============================================================================
restarts              : 1
conflicts             : 39             (27542 /sec)
decisions             : 42             (0.00 % random) (29661 /sec)
propagations          : 547            (386299 /sec)
conflict literals     : 116            (18.31 % deleted)
Memory used           : 20.00 MB
CPU time              : 0.001416 s

UNSATISFIABLE
