WARNING: for repeatability, setting FPU to use double precision
============================[ Problem Statistics ]=============================
|                                                                             |
|  Number of variables:            50                                         |
|  Number of clauses:             218                                         |
|  Parse time:                   0.00 s                                       |
|                                                                             |
============================[ Search Statistics ]==============================
| Conflicts |          ORIGINAL         |          LEARNT          | Progress |
|           |    Vars  Clauses Literals |    Limit  Clauses Lit/Cl |          |
===============================================================================
===============================================================================
restarts              : 1
conflicts             : 76             (50265 /sec)
decisions             : 84             (0.00 % random) (55556 /sec)
propagations          : 1023           (676587 /sec)
conflict literals     : 274            (12.18 % deleted)
Memory used           : 20.00 MB
CPU time              : 0.001512 s

UNSATISFIABLE
