WARNING: for repeatability, setting FPU to use double precision
============================[ Problem Statistics ]=============================
|                                                                             |
|  Number of variables:            50                                         |
|  Number of clauses:             218                                         |
|  Parse time:                   0.00 s                                       |
|                                                                             |
============================[ Search Statistics ]==============================
| Conflicts |          ORIGINAL         |          LEARNT          | Progress |
|           |    Vars  Clauses Literals |    Limit  Clauses Lit/Cl |          |
===============================================================================
===============================================================================
restarts              : 1
conflicts             : 80             (217391 /sec)
decisions             : 86             (0.00 % random) (233696 /sec)
propagations          : 1176           (3195652 /sec)
conflict literals     : 287            (18.93 % deleted)
Memory used           : 20.00 MB
CPU time              : 0.000368 s

UNSATISFIABLE
