WARNING: for repeatability, setting FPU to use double precision
============================[ Problem Statistics ]=============================
|                                                                             |
|  Number of variables:            50                                         |
|  Number of clauses:             218                                         |
|  Parse time:                   0.00 s                                       |
|                                                                             |
============================[ Search Statistics ]==============================
| Conflicts |          ORIGINAL         |          LEARNT          | Progress |
|           |    Vars  Clauses Literals |    Limit  Clauses Lit/Cl |          |
===============================================================================
===============================================================================
restarts              : 1
conflicts             : 52             (287293 /sec)
decisions             : 66             (0.00 % random) (364641 /sec)
propagations          : 740            (4088398 /sec)
conflict literals     : 187            (24.60 % deleted)
Memory used           : 20.00 MB
CPU time              : 0.000181 s

UNSATISFIABLE
