WARNING: for repeatability, setting FPU to use double precision
============================[ Problem Statistics ]=============================
|                                                                             |
|  Number of variables:            50                                         |
|  Number of clauses:             218                                         |
|  Parse time:                   0.00 s                                       |
|                                                                             |
============================[ Search Statistics ]==============================
| Conflicts |          ORIGINAL         |          LEARNT          | Progress |
|           |    Vars  Clauses Literals |    Limit  Clauses Lit/Cl |          |
===============================================================================
===============================================================================
restarts              : 1
conflicts             : 54             (319527 /sec)
decisions             : 60             (0.00 % random) (355030 /sec)
propagations          : 724            (4284024 /sec)
conflict literals     : 167            (13.92 % deleted)
Memory used           : 20.00 MB
CPU time              : 0.000169 s

UNSATISFIABLE
