WARNING: for repeatability, setting FPU to use double precision
============================[ Problem Statistics ]=============================
|                                                                             |
|  Number of variables:            50                                         |
|  Number of clauses:             218                                         |
|  Parse time:                   0.00 s                                       |
|                                                                             |
============================[ Search Statistics ]==============================
| Conflicts |          ORIGINAL         |          LEARNT          | Progress |
|           |    Vars  Clauses Literals |    Limit  Clauses Lit/Cl |          |
===============================================================================
===============================================================================
restarts              : 1
conflicts             : 35             (24805 /sec)
decisions             : 45             (0.00 % random) (31892 /sec)
propagations          : 511            (362155 /sec)
conflict literals     : 100            (17.36 % deleted)
Memory used           : 20.00 MB
CPU time              : 0.001411 s

UNSATISFIABLE
