WARNING: for repeatability, setting FPU to use double precision
============================[ Problem Statistics ]=============================
|                                                                             |
|  Number of variables:            50                                         |
|  Number of clauses:             218                                         |
|  Parse time:                   0.00 s                                       |
|                                                                             |
============================[ Search Statistics ]==============================
| Conflicts |          ORIGINAL         |          LEARNT          | Progress |
|           |    Vars  Clauses Literals |    Limit  Clauses Lit/Cl |          |
===============================================================================
===============================================================================
restarts              : 1
conflicts             : 50             (33898 /sec)
decisions             : 53             (0.00 % random) (35932 /sec)
propagations          : 753            (510508 /sec)
conflict literals     : 154            (22.61 % deleted)
Memory used           : 20.00 MB
CPU time              : 0.001475 s

UNSATISFIABLE
