WARNING: for repeatability, setting FPU to use double precision
============================[ Problem Statistics ]=============================
|                                                                             |
|  Number of variables:            50                                         |
|  Number of clauses:             218                                         |
|  Parse time:                   0.00 s                                       |
|                                                                             |
============================[ Search Statistics ]==============================
| Conflicts |          ORIGINAL         |          LEARNT          | Progress |
|           |    Vars  Clauses Literals |    Limit  Clauses Lit/Cl |          |
===============================================================================
===============================================================================
restarts              : 1
conflicts             : 80             (51546 /sec)
decisions             : 90             (0.00 % random) (57990 /sec)
propagations          : 1198           (771907 /sec)
conflict literals     : 320            (15.57 % deleted)
Memory used           : 20.00 MB
CPU time              : 0.001552 s

UNSATISFIABLE
