WARNING: for repeatability, setting FPU to use double precision
============================[ Problem Statistics ]=============================
|                                                                             |
|  Number of variables:            50                                         |
|  Number of clauses:             218                                         |
|  Parse time:                   0.00 s                                       |
|                                                                             |
============================[ Search Statistics ]==============================
| Conflicts |          ORIGINAL         |          LEARNT          | Progress |
|           |    Vars  Clauses Literals |    Limit  Clauses Lit/Cl |          |
===============================================================================
===============================================================================
restarts              : 1
conflicts             : 51             (35368 /sec)
decisions             : 62             (0.00 % random) (42996 /sec)
propagations          : 744            (515950 /sec)
conflict literals     : 159            (27.06 % deleted)
Memory used           : 20.00 MB
CPU time              : 0.001442 s

UNSATISFIABLE
