WARNING: for repeatability, setting FPU to use double precision
============================[ Problem Statistics ]=============================
|                                                                             |
|  Number of variables:            50                                         |
|  Number of clauses:             218                                         |
|  Parse time:                   0.00 s                                       |
|                                                                             |
============================[ Search Statistics ]==============================
| Conflicts |          ORIGINAL         |          LEARNT          | Progress |
|           |    Vars  Clauses Literals |    Limit  Clauses Lit/Cl |          |
===============================================================================
===============================================================================
restarts              : 1
conflicts             : 79             (51803 /sec)
decisions             : 91             (0.00 % random) (59672 /sec)
propagations          : 1132           (742295 /sec)
conflict literals     : 332            (19.22 % deleted)
Memory used           : 20.00 MB
CPU time              : 0.001525 s

UNSATISFIABLE
