WARNING: for repeatability, setting FPU to use double precision
============================[ Problem Statistics ]=============================
|                                                                             |
|  Number of variables:            50                                         |
|  Number of clauses:             218                                         |
|  Parse time:                   0.00 s                                       |
|                                                                             |
============================[ Search Statistics ]==============================
| Conflicts |          ORIGINAL         |          LEARNT          | Progress |
|           |    Vars  Clauses Literals |    Limit  Clauses Lit/Cl |          |
===============================================================================
===============================================================================
restarts              : 1
conflicts             : 44             (29932 /sec)
decisions             : 56             (0.00 % random) (38095 /sec)
propagations          : 715            (486395 /sec)
conflict literals     : 138            (8.61 % deleted)
Memory used           : 20.00 MB
CPU time              : 0.00147 s

UNSATISFIABLE
