WARNING: for repeatability, setting FPU to use double precision
============================[ Problem Statistics ]=============================
|                                                                             |
|  Number of variables:            50                                         |
|  Number of clauses:             218                                         |
|  Parse time:                   0.00 s                                       |
|                                                                             |
============================[ Search Statistics ]==============================
| Conflicts |          ORIGINAL         |          LEARNT          | Progress |
|           |    Vars  Clauses Literals |    Limit  Clauses Lit/Cl |          |
===============================================================================
===============================================================================
restarts              : 1
conflicts             : 34             (290598 /sec)
decisions             : 38             (0.00 % random) (324786 /sec)
propagations          : 469            (4008547 /sec)
conflict literals     : 97             (21.14 % deleted)
Memory used           : 20.00 MB
CPU time              : 0.000117 s

UNSATISFIABLE
