WARNING: for repeatability, setting FPU to use double precision
============================[ Problem Statistics ]=============================
|                                                                             |
|  Number of variables:            50                                         |
|  Number of clauses:             218                                         |
|  Parse time:                   0.00 s                                       |
|                                                                             |
============================[ Search Statistics ]==============================
| Conflicts |          ORIGINAL         |          LEARNT          | Progress |
|           |    Vars  Clauses Literals |    Limit  Clauses Lit/Cl |          |
===============================================================================
===============================================================================
restarts              : 1
conflicts             : 94             (58421 /sec)
decisions             : 104            (0.00 % random) (64636 /sec)
propagations          : 1452           (902424 /sec)
conflict literals     : 377            (18.40 % deleted)
Memory used           : 20.00 MB
CPU time              : 0.001609 s

UNSATISFIABLE
