WARNING: for repeatability, setting FPU to use double precision
============================[ Problem Statistics ]=============================
|                                                                             |
|  Number of variables:            50                                         |
|  Number of clauses:             218                                         |
|  Parse time:                   0.00 s                                       |
|                                                                             |
============================[ Search Statistics ]==============================
| Conflicts |          ORIGINAL         |          LEARNT          | Progress |
|           |    Vars  Clauses Literals |    Limit  Clauses Lit/Cl |          |
===============================================================================
===============================================================================
restarts              : 1
conflicts             : 36             (25550 /sec)
decisions             : 45             (0.00 % random) (31938 /sec)
propagations          : 451            (320085 /sec)
conflict literals     : 112            (22.22 % deleted)
Memory used           : 20.00 MB
CPU time              : 0.001409 s

UNSATISFIABLE
