WARNING: for repeatability, setting FPU to use double precision
============================[ Problem Statistics ]=============================
|                                                                             |
|  Number of variables:            50                                         |
|  Number of clauses:             218                                         |
|  Parse time:                   0.00 s                                       |
|                                                                             |
============================[ Search Statistics ]==============================
| Conflicts |          ORIGINAL         |          LEARNT          | Progress |
|           |    Vars  Clauses Literals |    Limit  Clauses Lit/Cl |          |
===============================================================================
===============================================================================
restarts              : 1
conflicts             : 60             (40431 /sec)
decisions             : 73             (0.00 % random) (49191 /sec)
propagations          : 802            (540431 /sec)
conflict literals     : 225            (13.46 % deleted)
Memory used           : 20.00 MB
CPU time              : 0.001484 s

UNSATISFIABLE
