WARNING: for repeatability, setting FPU to use double precision
============================[ Problem Statistics ]=============================
|                                                                             |
|  Number of variables:            50                                         |
|  Number of clauses:             218                                         |
|  Parse time:                   0.00 s                                       |
|                                                                             |
============================[ Search Statistics ]==============================
| Conflicts |          ORIGINAL         |          LEARNT          | Progress |
|           |    Vars  Clauses Literals |    Limit  Clauses Lit/Cl |          |
===============================================================================
===============================================================================
restarts              : 1
conflicts             : 36             (25568 /sec)
decisions             : 40             (0.00 % random) (28409 /sec)
propagations          : 412            (292614 /sec)
conflict literals     : 108            (8.47 % deleted)
Memory used           : 20.00 MB
CPU time              : 0.001408 s

UNSATISFIABLE
