WARNING: for repeatability, setting FPU to use double precision
============================[ Problem Statistics ]=============================
|                                                                             |
|  Number of variables:            50                                         |
|  Number of clauses:             218                                         |
|  Parse time:                   0.00 s                                       |
|                                                                             |
============================[ Search Statistics ]==============================
| Conflicts |          ORIGINAL         |          LEARNT          | Progress |
|           |    Vars  Clauses Literals |    Limit  Clauses Lit/Cl |          |
===============================================================================
===============================================================================
restarts              : 1
conflicts             : 35             (309735 /sec)
decisions             : 43             (0.00 % random) (380531 /sec)
propagations          : 409            (3619469 /sec)
conflict literals     : 99             (17.50 % deleted)
Memory used           : 20.00 MB
CPU time              : 0.000113 s

UNSATISFIABLE
