WARNING: for repeatability, setting FPU to use double precision
============================[ Problem Statistics ]=============================
|                                                                             |
|  Number of variables:            50                                         |
|  Number of clauses:             218                                         |
|  Parse time:                   0.00 s                                       |
|                                                                             |
============================[ Search Statistics ]==============================
| Conflicts |          ORIGINAL         |          LEARNT          | Progress |
|           |    Vars  Clauses Literals |    Limit  Clauses Lit/Cl |          |
===============================================================================
===============================================================================
restarts              : 1
conflicts             : 78             (51656 /sec)
decisions             : 88             (0.00 % random) (58278 /sec)
propagations          : 1042           (690066 /sec)
conflict literals     : 284            (15.73 % deleted)
Memory used           : 20.00 MB
CPU time              : 0.00151 s

UNSATISFIABLE
