WARNING: for repeatability, setting FPU to use double precision
============================[ Problem Statistics ]=============================
|                                                                             |
|  Number of variables:            50                                         |
|  Number of clauses:             218                                         |
|  Parse time:                   0.00 s                                       |
|                                                                             |
============================[ Search Statistics ]==============================
| Conflicts |          ORIGINAL         |          LEARNT          | Progress |
|           |    Vars  Clauses Literals |    Limit  Clauses Lit/Cl |          |
===============================================================================
===============================================================================
restarts              : 1
conflicts             : 59             (329609 /sec)
decisions             : 68             (0.00 % random) (379888 /sec)
propagations          : 808            (4513966 /sec)
conflict literals     : 231            (21.43 % deleted)
Memory used           : 20.00 MB
CPU time              : 0.000179 s

UNSATISFIABLE
