WARNING: for repeatability, setting FPU to use double precision
============================[ Problem Statistics ]=============================
|                                                                             |
|  Number of variables:            50                                         |
|  Number of clauses:             218                                         |
|  Parse time:                   0.00 s                                       |
|                                                                             |
============================[ Search Statistics ]==============================
| Conflicts |          ORIGINAL         |          LEARNT          | Progress |
|           |    Vars  Clauses Literals |    Limit  Clauses Lit/Cl |          |
===============================================================================
===============================================================================
restarts              : 1
conflicts             : 81             (53219 /sec)
decisions             : 99             (0.00 % random) (65046 /sec)
propagations          : 1057           (694481 /sec)
conflict literals     : 297            (17.04 % deleted)
Memory used           : 20.00 MB
CPU time              : 0.001522 s

UNSATISFIABLE
