WARNING: for repeatability, setting FPU to use double precision
============================[ Problem Statistics ]=============================
|                                                                             |
|  Number of variables:            50                                         |
|  Number of clauses:             218                                         |
|  Parse time:                   0.00 s                                       |
|                                                                             |
============================[ Search Statistics ]==============================
| Conflicts |          ORIGINAL         |          LEARNT          | Progress |
|           |    Vars  Clauses Literals |    Limit  Clauses Lit/Cl |          |
===============================================================================
===============================================================================
restarts              : 1
conflicts             : 68             (45576 /sec)
decisions             : 78             (0.00 % random) (52279 /sec)
propagations          : 937            (628016 /sec)
conflict literals     : 243            (21.36 % deleted)
Memory used           : 20.00 MB
CPU time              : 0.001492 s

UNSATISFIABLE
