WARNING: for repeatability, setting FPU to use double precision
============================[ Problem Statistics ]=============================
|                                                                             |
|  Number of variables:            50                                         |
|  Number of clauses:             218                                         |
|  Parse time:                   0.00 s                                       |
|                                                                             |
============================[ Search Statistics ]==============================
| Conflicts |          ORIGINAL         |          LEARNT          | Progress |
|           |    Vars  Clauses Literals |    Limit  Clauses Lit/Cl |          |
===============================================================================
===============================================================================
restarts              : 1
conflicts             : 58             (324022 /sec)
decisions             : 63             (0.00 % random) (351955 /sec)
propagations          : 777            (4340782 /sec)
conflict literals     : 179            (21.49 % deleted)
Memory used           : 20.00 MB
CPU time              : 0.000179 s

UNSATISFIABLE
