WARNING: for repeatability, setting FPU to use double precision
============================[ Problem Statistics ]=============================
|                                                                             |
|  Number of variables:            50                                         |
|  Number of clauses:             218                                         |
|  Parse time:                   0.00 s                                       |
|                                                                             |
============================[ Search Statistics ]==============================
| Conflicts |          ORIGINAL         |          LEARNT          | Progress |
|           |    Vars  Clauses Literals |    Limit  Clauses Lit/Cl |          |
===============================================================================
===============================================================================
restarts              : 1
conflicts             : 74             (49268 /sec)
decisions             : 92             (0.00 % random) (61252 /sec)
propagations          : 1017           (677097 /sec)
conflict literals     : 278            (17.51 % deleted)
Memory used           : 20.00 MB
CPU time              : 0.001502 s

UNSATISFIABLE
