WARNING: for repeatability, setting FPU to use double precision
============================[ Problem Statistics ]=============================
|                                                                             |
|  Number of variables:            50                                         |
|  Number of clauses:             218                                         |
|  Parse time:                   0.00 s                                       |
|                                                                             |
============================[ Search Statistics ]==============================
| Conflicts |          ORIGINAL         |          LEARNT          | Progress |
|           |    Vars  Clauses Literals |    Limit  Clauses Lit/Cl |          |
===============================================================================
===============================================================================
restarts              : 1
conflicts             : 68             (45333 /sec)
decisions             : 72             (0.00 % random) (48000 /sec)
propagations          : 889            (592667 /sec)
conflict literals     : 238            (14.08 % deleted)
Memory used           : 20.00 MB
CPU time              : 0.0015 s

UNSATISFIABLE
