WARNING: for repeatability, setting FPU to use double precision
============================[ Problem Statistics ]=============================
|                                                                             |
|  Number of variables:            50                                         |
|  Number of clauses:             218                                         |
|  Parse time:                   0.00 s                                       |
|                                                                             |
============================[ Search Statistics ]==============================
| Conflicts |          ORIGINAL         |          LEARNT          | Progress |
|           |    Vars  Clauses Literals |    Limit  Clauses Lit/Cl |          |
===============================================================================
===============================================================================
restarts              : 1
conflicts             : 32             (22284 /sec)
decisions             : 40             (0.00 % random) (27855 /sec)
propagations          : 522            (363510 /sec)
conflict literals     : 108            (17.56 % deleted)
Memory used           : 20.00 MB
CPU time              : 0.001436 s

UNSATISFIABLE
