WARNING: for repeatability, setting FPU to use double precision
============================[ Problem Statistics ]=============================
|                                                                             |
|  Number of variables:            50                                         |
|  Number of clauses:             218                                         |
|  Parse time:                   0.00 s                                       |
|                                                                             |
============================[ Search Statistics ]==============================
| Conflicts |          ORIGINAL         |          LEARNT          | Progress |
|           |    Vars  Clauses Literals |    Limit  Clauses Lit/Cl |          |
===============================================================================
|       100 |      46      207      621 |       79       51      4 |  8.043 % |
===============================================================================
restarts              : 2
conflicts             : 107            (337539 /sec)
decisions             : 114            (0.00 % random) (359621 /sec)
propagations          : 1552           (4895899 /sec)
conflict literals     : 412            (22.26 % deleted)
Memory used           : 20.00 MB
CPU time              : 0.000317 s

UNSATISFIABLE
