WARNING: for repeatability, setting FPU to use double precision
============================[ Problem Statistics ]=============================
|                                                                             |
|  Number of variables:            50                                         |
|  Number of clauses:             218                                         |
|  Parse time:                   0.00 s                                       |
|                                                                             |
============================[ Search Statistics ]==============================
| Conflicts |          ORIGINAL         |          LEARNT          | Progress |
|           |    Vars  Clauses Literals |    Limit  Clauses Lit/Cl |          |
===============================================================================
===============================================================================
restarts              : 1
conflicts             : 87             (56974 /sec)
decisions             : 94             (0.00 % random) (61559 /sec)
propagations          : 1108           (725606 /sec)
conflict literals     : 319            (14.71 % deleted)
Memory used           : 20.00 MB
CPU time              : 0.001527 s

UNSATISFIABLE
