WARNING: for repeatability, setting FPU to use double precision
============================[ Problem Statistics ]=============================
|                                                                             |
|  Number of variables:            50                                         |
|  Number of clauses:             218                                         |
|  Parse time:                   0.00 s                                       |
|                                                                             |
============================[ Search Statistics ]==============================
| Conflicts |          ORIGINAL         |          LEARNT          | Progress |
|           |    Vars  Clauses Literals |    Limit  Clauses Lit/Cl |          |
===============================================================================
===============================================================================
restarts              : 1
conflicts             : 52             (35862 /sec)
decisions             : 57             (0.00 % random) (39310 /sec)
propagations          : 605            (417241 /sec)
conflict literals     : 190            (13.24 % deleted)
Memory used           : 20.00 MB
CPU time              : 0.00145 s

UNSATISFIABLE
