WARNING: for repeatability, setting FPU to use double precision
============================[ Problem Statistics ]=============================
|                                                                             |
|  Number of variables:            50                                         |
|  Number of clauses:             218                                         |
|  Parse time:                   0.00 s                                       |
|                                                                             |
============================[ Search Statistics ]==============================
| Conflicts |          ORIGINAL         |          LEARNT          | Progress |
|           |    Vars  Clauses Literals |    Limit  Clauses Lit/Cl |          |
===============================================================================
===============================================================================
restarts              : 1
conflicts             : 55             (37238 /sec)
decisions             : 63             (0.00 % random) (42654 /sec)
propagations          : 790            (534868 /sec)
conflict literals     : 200            (13.42 % deleted)
Memory used           : 20.00 MB
CPU time              : 0.001477 s

UNSATISFIABLE
