WARNING: for repeatability, setting FPU to use double precision
============================[ Problem Statistics ]=============================
|                                                                             |
|  Number of variables:            50                                         |
|  Number of clauses:             218                                         |
|  Parse time:                   0.00 s                                       |
|                                                                             |
============================[ Search Statistics ]==============================
| Conflicts |          ORIGINAL         |          LEARNT          | Progress |
|           |    Vars  Clauses Literals |    Limit  Clauses Lit/Cl |          |
===============================================================================
===============================================================================
restarts              : 1
conflicts             : 78             (51485 /sec)
decisions             : 97             (0.00 % random) (64026 /sec)
propagations          : 1085           (716172 /sec)
conflict literals     : 328            (15.68 % deleted)
Memory used           : 20.00 MB
CPU time              : 0.001515 s

UNSATISFIABLE
