WARNING: for repeatability, setting FPU to use double precision
============================[ Problem Statistics ]=============================
|                                                                             |
|  Number of variables:            50                                         |
|  Number of clauses:             218                                         |
|  Parse time:                   0.00 s                                       |
|                                                                             |
============================[ Search Statistics ]==============================
| Conflicts |          ORIGINAL         |          LEARNT          | Progress |
|           |    Vars  Clauses Literals |    Limit  Clauses Lit/Cl |          |
===============================================================================
===============================================================================
restarts              : 1
conflicts             : 81             (52427 /sec)
decisions             : 103            (0.00 % random) (66667 /sec)
propagations          : 1321           (855016 /sec)
conflict literals     : 266            (20.36 % deleted)
Memory used           : 20.00 MB
CPU time              : 0.001545 s

UNSATISFIABLE
