WARNING: for repeatability, setting FPU to use double precision
============================[ Problem Statistics ]=============================
|                                                                             |
|  Number of variables:            50                                         |
|  Number of clauses:             218                                         |
|  Parse time:                   0.00 s                                       |
|                                                                             |
============================[ Search Statistics ]==============================
| Conflicts |          ORIGINAL         |          LEARNT          | Progress |
|           |    Vars  Clauses Literals |    Limit  Clauses Lit/Cl |          |
===============================================================================
===============================================================================
restarts              : 1
conflicts             : 71             (44908 /sec)
decisions             : 77             (0.00 % random) (48703 /sec)
propagations          : 999            (631879 /sec)
conflict literals     : 294            (18.56 % deleted)
Memory used           : 20.00 MB
CPU time              : 0.001581 s

UNSATISFIABLE
