WARNING: for repeatability, setting FPU to use double precision
============================[ Problem Statistics ]=============================
|                                                                             |
|  Number of variables:            50                                         |
|  Number of clauses:             218                                         |
|  Parse time:                   0.00 s                                       |
|                                                                             |
============================[ Search Statistics ]==============================
| Conflicts |          ORIGINAL         |          LEARNT          | Progress |
|           |    Vars  Clauses Literals |    Limit  Clauses Lit/Cl |          |
===============================================================================
===============================================================================
restarts              : 1
conflicts             : 82             (52767 /sec)
decisions             : 93             (0.00 % random) (59846 /sec)
propagations          : 1181           (759974 /sec)
conflict literals     : 337            (20.71 % deleted)
Memory used           : 20.00 MB
CPU time              : 0.001554 s

UNSATISFIABLE
