WARNING: for repeatability, setting FPU to use double precision
============================[ Problem Statistics ]=============================
|                                                                             |
|  Number of variables:            50                                         |
|  Number of clauses:             218                                         |
|  Parse time:                   0.00 s                                       |
|                                                                             |
============================[ Search Statistics ]==============================
| Conflicts |          ORIGINAL         |          LEARNT          | Progress |
|           |    Vars  Clauses Literals |    Limit  Clauses Lit/Cl |          |
===============================================================================
===============================================================================
restarts              : 1
conflicts             : 36             (25460 /sec)
decisions             : 43             (0.00 % random) (30410 /sec)
propagations          : 525            (371287 /sec)
conflict literals     : 94             (19.66 % deleted)
Memory used           : 20.00 MB
CPU time              : 0.001414 s

UNSATISFIABLE
