WARNING: for repeatability, setting FPU to use double precision
============================[ Problem Statistics ]=============================
|                                                                             |
|  Number of variables:            50                                         |
|  Number of clauses:             218                                         |
|  Parse time:                   0.00 s                                       |
|                                                                             |
============================[ Search Statistics ]==============================
| Conflicts |          ORIGINAL         |          LEARNT          | Progress |
|           |    Vars  Clauses Literals |    Limit  Clauses Lit/Cl |          |
===============================================================================
===============================================================================
restarts              : 1
conflicts             : 71             (47020 /sec)
decisions             : 76             (0.00 % random) (50331 /sec)
propagations          : 1017           (673510 /sec)
conflict literals     : 275            (19.83 % deleted)
Memory used           : 20.00 MB
CPU time              : 0.00151 s

UNSATISFIABLE
