WARNING: for repeatability, setting FPU to use double precision
============================[ Problem Statistics ]=============================
|                                                                             |
|  Number of variables:            50                                         |
|  Number of clauses:             218                                         |
|  Parse time:                   0.00 s                                       |
|                                                                             |
============================[ Search Statistics ]==============================
| Conflicts |          ORIGINAL         |          LEARNT          | Progress |
|           |    Vars  Clauses Literals |    Limit  Clauses Lit/Cl |          |
===============================================================================
===============================================================================
restarts              : 1
conflicts             : 58             (38667 /sec)
decisions             : 61             (0.00 % random) (40667 /sec)
propagations          : 890            (593333 /sec)
conflict literals     : 204            (22.43 % deleted)
Memory used           : 20.00 MB
CPU time              : 0.0015 s

UNSATISFIABLE
