WARNING: for repeatability, setting FPU to use double precision
============================[ Problem Statistics ]=============================
|                                                                             |
|  Number of variables:            50                                         |
|  Number of clauses:             218                                         |
|  Parse time:                   0.00 s                                       |
|                                                                             |
============================[ Search Statistics ]==============================
| Conflicts |          ORIGINAL         |          LEARNT          | Progress |
|           |    Vars  Clauses Literals |    Limit  Clauses Lit/Cl |          |
===============================================================================
===============================================================================
restarts              : 1
conflicts             : 40             (27341 /sec)
decisions             : 44             (0.00 % random) (30075 /sec)
propagations          : 586            (400547 /sec)
conflict literals     : 133            (26.52 % deleted)
Memory used           : 20.00 MB
CPU time              : 0.001463 s

UNSATISFIABLE
