WARNING: for repeatability, setting FPU to use double precision
============================[ Problem Statistics ]=============================
|                                                                             |
|  Number of variables:            50                                         |
|  Number of clauses:             218                                         |
|  Parse time:                   0.00 s                                       |
|                                                                             |
============================[ Search Statistics ]==============================
| Conflicts |          ORIGINAL         |          LEARNT          | Progress |
|           |    Vars  Clauses Literals |    Limit  Clauses Lit/Cl |          |
===============================================================================
===============================================================================
restarts              : 1
conflicts             : 86             (55448 /sec)
decisions             : 98             (0.00 % random) (63185 /sec)
propagations          : 1154           (744036 /sec)
conflict literals     : 348            (13.65 % deleted)
Memory used           : 20.00 MB
CPU time              : 0.001551 s

UNSATISFIABLE
