WARNING: for repeatability, setting FPU to use double precision
============================[ Problem Statistics ]=============================
|                                                                             |
|  Number of variables:            50                                         |
|  Number of clauses:             218                                         |
|  Parse time:                   0.00 s                                       |
|                                                                             |
============================[ Search Statistics ]==============================
| Conflicts |          ORIGINAL         |          LEARNT          | Progress |
|           |    Vars  Clauses Literals |    Limit  Clauses Lit/Cl |          |
===============================================================================
===============================================================================
restarts              : 1
conflicts             : 37             (26260 /sec)
decisions             : 39             (0.00 % random) (27679 /sec)
propagations          : 506            (359120 /sec)
conflict literals     : 102            (12.82 % deleted)
Memory used           : 20.00 MB
CPU time              : 0.001409 s

UNSATISFIABLE
