WARNING: for repeatability, setting FPU to use double precision
============================[ Problem Statistics ]=============================
|                                                                             |
|  Number of variables:            50                                         |
|  Number of clauses:             218                                         |
|  Parse time:                   0.00 s                                       |
|                                                                             |
============================[ Search Statistics ]==============================
| Conflicts |          ORIGINAL         |          LEARNT          | Progress |
|           |    Vars  Clauses Literals |    Limit  Clauses Lit/Cl |          |
===============================================================================
===============================================================================
restarts              : 1
conflicts             : 54             (36660 /sec)
decisions             : 57             (0.00 % random) (38697 /sec)
propagations          : 725            (492193 /sec)
conflict literals     : 187            (17.26 % deleted)
Memory used           : 20.00 MB
CPU time              : 0.001473 s

UNSATISFIABLE
