WARNING: for repeatability, setting FPU to use double precision
============================[ Problem Statistics ]=============================
|                                                                             |
|  Number of variables:            50                                         |
|  Number of clauses:             218                                         |
|  Parse time:                   0.00 s                                       |
|                                                                             |
============================[ Search Statistics ]==============================
| Conflicts |          ORIGINAL         |          LEARNT          | Progress |
|           |    Vars  Clauses Literals |    Limit  Clauses Lit/Cl |          |
===============================================================================
===============================================================================
restarts              : 1
conflicts             : 61             (40775 /sec)
decisions             : 67             (0.00 % random) (44786 /sec)
propagations          : 837            (559492 /sec)
conflict literals     : 217            (17.49 % deleted)
Memory used           : 20.00 MB
CPU time              : 0.001496 s

UNSATISFIABLE
