WARNING: for repeatability, setting FPU to use double precision
============================[ Problem Statistics ]=============================
|                                                                             |
|  Number of variables:            50                                         |
|  Number of clauses:             218                                         |
|  Parse time:                   0.00 s                                       |
|                                                                             |
============================[ Search Statistics ]==============================
| Conflicts |          ORIGINAL         |          LEARNT          | Progress |
|           |    Vars  Clauses Literals |    Limit  Clauses Lit/Cl |          |
===============================================================================
===============================================================================
restarts              : 1
conflicts             : 81             (228814 /sec)
decisions             : 93             (0.00 % random) (262712 /sec)
propagations          : 1276           (3604520 /sec)
conflict literals     : 317            (13.62 % deleted)
Memory used           : 20.00 MB
CPU time              : 0.000354 s

UNSATISFIABLE
