WARNING: for repeatability, setting FPU to use double precision
============================[ Problem Statistics ]=============================
|                                                                             |
|  Number of variables:            50                                         |
|  Number of clauses:             218                                         |
|  Parse time:                   0.00 s                                       |
|                                                                             |
============================[ Search Statistics ]==============================
| Conflicts |          ORIGINAL         |          LEARNT          | Progress |
|           |    Vars  Clauses Literals |    Limit  Clauses Lit/Cl |          |
===============================================================================
===============================================================================
restarts              : 1
conflicts             : 51             (283333 /sec)
decisions             : 51             (0.00 % random) (283333 /sec)
propagations          : 727            (4038889 /sec)
conflict literals     : 190            (14.80 % deleted)
Memory used           : 20.00 MB
CPU time              : 0.00018 s

UNSATISFIABLE
