WARNING: for repeatability, setting FPU to use double precision
============================[ Problem Statistics ]=============================
|                                                                             |
|  Number of variables:            50                                         |
|  Number of clauses:             218                                         |
|  Parse time:                   0.00 s                                       |
|                                                                             |
============================[ Search Statistics ]==============================
| Conflicts |          ORIGINAL         |          LEARNT          | Progress |
|           |    Vars  Clauses Literals |    Limit  Clauses Lit/Cl |          |
===============================================================================
===============================================================================
restarts              : 1
conflicts             : 72             (93264 /sec)
decisions             : 78             (0.00 % random) (101036 /sec)
propagations          : 1010           (1308290 /sec)
conflict literals     : 288            (20.88 % deleted)
Memory used           : 20.00 MB
CPU time              : 0.000772 s

UNSATISFIABLE
