WARNING: for repeatability, setting FPU to use double precision
============================[ Problem Statistics ]=============================
|                                                                             |
|  Number of variables:            50                                         |
|  Number of clauses:             218                                         |
|  Parse time:                   0.00 s                                       |
|                                                                             |
============================[ Search Statistics ]==============================
| Conflicts |          ORIGINAL         |          LEARNT          | Progress |
|           |    Vars  Clauses Literals |    Limit  Clauses Lit/Cl |          |
===============================================================================
===============================================================================
restarts              : 1
conflicts             : 76             (49511 /sec)
decisions             : 80             (0.00 % random) (52117 /sec)
propagations          : 1228           (800000 /sec)
conflict literals     : 307            (15.43 % deleted)
Memory used           : 20.00 MB
CPU time              : 0.001535 s

UNSATISFIABLE
