WARNING: for repeatability, setting FPU to use double precision
============================[ Problem Statistics ]=============================
|                                                                             |
|  Number of variables:            50                                         |
|  Number of clauses:             218                                         |
|  Parse time:                   0.00 s                                       |
|                                                                             |
============================[ Search Statistics ]==============================
| Conflicts |          ORIGINAL         |          LEARNT          | Progress |
|           |    Vars  Clauses Literals |    Limit  Clauses Lit/Cl |          |
===============================================================================
===============================================================================
restarts              : 1
conflicts             : 88             (56921 /sec)
decisions             : 105            (0.00 % random) (67917 /sec)
propagations          : 1254           (811125 /sec)
conflict literals     : 341            (14.96 % deleted)
Memory used           : 20.00 MB
CPU time              : 0.001546 s

UNSATISFIABLE
