WARNING: for repeatability, setting FPU to use double precision
============================[ Problem Statistics ]=============================
|                                                                             |
|  Number of variables:            50                                         |
|  Number of clauses:             218                                         |
|  Parse time:                   0.00 s                                       |
|                                                                             |
============================[ Search Statistics ]==============================
| Conflicts |          ORIGINAL         |          LEARNT          | Progress |
|           |    Vars  Clauses Literals |    Limit  Clauses Lit/Cl |          |
===============================================================================
===============================================================================
restarts              : 1
conflicts             : 53             (35714 /sec)
decisions             : 62             (0.00 % random) (41779 /sec)
propagations          : 756            (509434 /sec)
conflict literals     : 199            (15.68 % deleted)
Memory used           : 20.00 MB
CPU time              : 0.001484 s

UNSATISFIABLE
