WARNING: for repeatability, setting FPU to use double precision
============================[ Problem Statistics ]=============================
|                                                                             |
|  Number of variables:            50                                         |
|  Number of clauses:             218                                         |
|  Parse time:                   0.00 s                                       |
|                                                                             |
============================[ Search Statistics ]==============================
| Conflicts |          ORIGINAL         |          LEARNT          | Progress |
|           |    Vars  Clauses Literals |    Limit  Clauses Lit/Cl |          |
===============================================================================
===============================================================================
restarts              : 1
conflicts             : 71             (210059 /sec)
decisions             : 75             (0.00 % random) (221893 /sec)
propagations          : 1162           (3437870 /sec)
conflict literals     : 278            (16.77 % deleted)
Memory used           : 20.00 MB
CPU time              : 0.000338 s

UNSATISFIABLE
