WARNING: for repeatability, setting FPU to use double precision
============================[ Problem Statistics ]=============================
|                                                                             |
|  Number of variables:            50                                         |
|  Number of clauses:             218                                         |
|  Parse time:                   0.00 s                                       |
|                                                                             |
============================[ Search Statistics ]==============================
| Conflicts |          ORIGINAL         |          LEARNT          | Progress |
|           |    Vars  Clauses Literals |    Limit  Clauses Lit/Cl |          |
===============================================================================
===============================================================================
restarts              : 1
conflicts             : 56             (37940 /sec)
decisions             : 61             (0.00 % random) (41328 /sec)
propagations          : 793            (537263 /sec)
conflict literals     : 199            (17.43 % deleted)
Memory used           : 20.00 MB
CPU time              : 0.001476 s

UNSATISFIABLE
