WARNING: for repeatability, setting FPU to use double precision
============================[ Problem Statistics ]=============================
|                                                                             |
|  Number of variables:            50                                         |
|  Number of clauses:             218                                         |
|  Parse time:                   0.00 s                                       |
|                                                                             |
============================[ Search Statistics ]==============================
| Conflicts |          ORIGINAL         |          LEARNT          | Progress |
|           |    Vars  Clauses Literals |    Limit  Clauses Lit/Cl |          |
===============================================================================
===============================================================================
restarts              : 1
conflicts             : 72             (211765 /sec)
decisions             : 82             (0.00 % random) (241176 /sec)
propagations          : 1013           (2979412 /sec)
conflict literals     : 266            (16.88 % deleted)
Memory used           : 20.00 MB
CPU time              : 0.00034 s

UNSATISFIABLE
