WARNING: for repeatability, setting FPU to use double precision
============================[ Problem Statistics ]=============================
|                                                                             |
|  Number of variables:            50                                         |
|  Number of clauses:             218                                         |
|  Parse time:                   0.00 s                                       |
|                                                                             |
============================[ Search Statistics ]==============================
| Conflicts |          ORIGINAL         |          LEARNT          | Progress |
|           |    Vars  Clauses Literals |    Limit  Clauses Lit/Cl |          |
===============================================================================
===============================================================================
restarts              : 1
conflicts             : 54             (308571 /sec)
decisions             : 58             (0.00 % random) (331429 /sec)
propagations          : 784            (4480000 /sec)
conflict literals     : 191            (21.72 % deleted)
Memory used           : 20.00 MB
CPU time              : 0.000175 s

UNSATISFIABLE
