WARNING: for repeatability, setting FPU to use double precision
============================[ Problem Statistics ]=============================
|                                                                             |
|  Number of variables:            50                                         |
|  Number of clauses:             218                                         |
|  Parse time:                   0.00 s                                       |
|                                                                             |
============================[ Search Statistics ]==============================
| Conflicts |          ORIGINAL         |          LEARNT          | Progress |
|           |    Vars  Clauses Literals |    Limit  Clauses Lit/Cl |          |
===============================================================================
===============================================================================
restarts              : 1
conflicts             : 73             (48058 /sec)
decisions             : 83             (0.00 % random) (54641 /sec)
propagations          : 1062           (699144 /sec)
conflict literals     : 303            (12.68 % deleted)
Memory used           : 20.00 MB
CPU time              : 0.001519 s

UNSATISFIABLE
