WARNING: for repeatability, setting FPU to use double precision
============================[ Problem Statistics ]=============================
|                                                                             |
|  Number of variables:            50                                         |
|  Number of clauses:             218                                         |
|  Parse time:                   0.00 s                                       |
|                                                                             |
============================[ Search Statistics ]==============================
| Conflicts |          ORIGINAL         |          LEARNT          | Progress |
|           |    Vars  Clauses Literals |    Limit  Clauses Lit/Cl |          |
===============================================================================
===============================================================================
restarts              : 1
conflicts             : 58             (39563 /sec)
decisions             : 64             (0.00 % random) (43656 /sec)
propagations          : 718            (489768 /sec)
conflict literals     : 201            (12.23 % deleted)
Memory used           : 20.00 MB
CPU time              : 0.001466 s

UNSATISFIABLE
