WARNING: for repeatability, setting FPU to use double precision
============================[ Problem Statistics ]=============================
|                                                                             |
|  Number of variables:            50                                         |
|  Number of clauses:             218                                         |
|  Parse time:                   0.00 s                                       |
|                                                                             |
============================[ Search Statistics ]==============================
| Conflicts |          ORIGINAL         |          LEARNT          | Progress |
|           |    Vars  Clauses Literals |    Limit  Clauses Lit/Cl |          |
===============================================================================
===============================================================================
restarts              : 1
conflicts             : 46             (31165 /sec)
decisions             : 47             (0.00 % random) (31843 /sec)
propagations          : 731            (495257 /sec)
conflict literals     : 170            (15.84 % deleted)
Memory used           : 20.00 MB
CPU time              : 0.001476 s

UNSATISFIABLE
