WARNING: for repeatability, setting FPU to use double precision
============================[ Problem Statistics ]=============================
|                                                                             |
|  Number of variables:            50                                         |
|  Number of clauses:             218                                         |
|  Parse time:                   0.00 s                                       |
|                                                                             |
============================[ Search Statistics ]==============================
| Conflicts |          ORIGINAL         |          LEARNT          | Progress |
|           |    Vars  Clauses Literals |    Limit  Clauses Lit/Cl |          |
===============================================================================
===============================================================================
restarts              : 1
conflicts             : 47             (303226 /sec)
decisions             : 55             (0.00 % random) (354839 /sec)
propagations          : 666            (4296774 /sec)
conflict literals     : 170            (11.92 % deleted)
Memory used           : 20.00 MB
CPU time              : 0.000155 s

UNSATISFIABLE
