WARNING: for repeatability, setting FPU to use double precision
============================[ Problem Statistics ]=============================
|                                                                             |
|  Number of variables:            50                                         |
|  Number of clauses:             218                                         |
|  Parse time:                   0.00 s                                       |
|                                                                             |
============================[ Search Statistics ]==============================
| Conflicts |          ORIGINAL         |          LEARNT          | Progress |
|           |    Vars  Clauses Literals |    Limit  Clauses Lit/Cl |          |
===============================================================================
===============================================================================
restarts              : 1
conflicts             : 59             (40082 /sec)
decisions             : 80             (0.00 % random) (54348 /sec)
propagations          : 706            (479620 /sec)
conflict literals     : 228            (12.64 % deleted)
Memory used           : 20.00 MB
CPU time              : 0.001472 s

UNSATISFIABLE
