WARNING: for repeatability, setting FPU to use double precision
============================[ Problem Statistics ]=============================
|                                                                             |
|  Number of variables:            50                                         |
|  Number of clauses:             218                                         |
|  Parse time:                   0.00 s                                       |
|                                                                             |
============================[ Search Statistics ]==============================
| Conflicts |          ORIGINAL         |          LEARNT          | Progress |
|           |    Vars  Clauses Literals |    Limit  Clauses Lit/Cl |          |
===============================================================================
===============================================================================
restarts              : 1
conflicts             : 83             (333333 /sec)
decisions             : 95             (0.00 % random) (381526 /sec)
propagations          : 1189           (4775100 /sec)
conflict literals     : 317            (22.87 % deleted)
Memory used           : 20.00 MB
CPU time              : 0.000249 s

UNSATISFIABLE
