WARNING: for repeatability, setting FPU to use double precision
============================[ Problem Statistics ]=============================
|                                                                             |
|  Number of variables:            50                                         |
|  Number of clauses:             218                                         |
|  Parse time:                   0.00 s                                       |
|                                                                             |
============================[ Search Statistics ]==============================
| Conflicts |          ORIGINAL         |          LEARNT          | Progress |
|           |    Vars  Clauses Literals |    Limit  Clauses Lit/Cl |          |
===============================================================================
===============================================================================
restarts              : 1
conflicts             : 50             (173611 /sec)
decisions             : 54             (0.00 % random) (187500 /sec)
propagations          : 834            (2895833 /sec)
conflict literals     : 160            (21.18 % deleted)
Memory used           : 20.00 MB
CPU time              : 0.000288 s

UNSATISFIABLE
