WARNING: for repeatability, setting FPU to use double precision
============================[ Problem Statistics ]=============================
|                                                                             |
|  Number of variables:            50                                         |
|  Number of clauses:             218                                         |
|  Parse time:                   0.00 s                                       |
|                                                                             |
============================[ Search Statistics ]==============================
| Conflicts |          ORIGINAL         |          LEARNT          | Progress |
|           |    Vars  Clauses Literals |    Limit  Clauses Lit/Cl |          |
===============================================================================
===============================================================================
restarts              : 1
conflicts             : 73             (48280 /sec)
decisions             : 88             (0.00 % random) (58201 /sec)
propagations          : 1049           (693783 /sec)
conflict literals     : 270            (20.82 % deleted)
Memory used           : 20.00 MB
CPU time              : 0.001512 s

UNSATISFIABLE
