WARNING: for repeatability, setting FPU to use double precision
============================[ Problem Statistics ]=============================
|                                                                             |
|  Number of variables:            50                                         |
|  Number of clauses:             218                                         |
|  Parse time:                   0.00 s                                       |
|                                                                             |
============================[ Search Statistics ]==============================
| Conflicts |          ORIGINAL         |          LEARNT          | Progress |
|           |    Vars  Clauses Literals |    Limit  Clauses Lit/Cl |          |
===============================================================================
===============================================================================
restarts              : 1
conflicts             : 97             (61981 /sec)
decisions             : 111            (0.00 % random) (70927 /sec)
propagations          : 1286           (821725 /sec)
conflict literals     : 371            (17.00 % deleted)
Memory used           : 20.00 MB
CPU time              : 0.001565 s

UNSATISFIABLE
