WARNING: for repeatability, setting FPU to use double precision
============================[ Problem Statistics ]=============================
|                                                                             |
|  Number of variables:            50                                         |
|  Number of clauses:             218                                         |
|  Parse time:                   0.00 s                                       |
|                                                                             |
============================[ Search Statistics ]==============================
| Conflicts |          ORIGINAL         |          LEARNT          | Progress |
|           |    Vars  Clauses Literals |    Limit  Clauses Lit/Cl |          |
===============================================================================
===============================================================================
restarts              : 1
conflicts             : 79             (236527 /sec)
decisions             : 85             (0.00 % random) (254491 /sec)
propagations          : 994            (2976048 /sec)
conflict literals     : 288            (22.99 % deleted)
Memory used           : 20.00 MB
CPU time              : 0.000334 s

UNSATISFIABLE
