WARNING: for repeatability, setting FPU to use double precision
============================[ Problem Statistics ]=============================
|                                                                             |
|  Number of variables:            50                                         |
|  Number of clauses:             218                                         |
|  Parse time:                   0.00 s                                       |
|                                                                             |
============================[ Search Statistics ]==============================
| Conflicts |          ORIGINAL         |          LEARNT          | Progress |
|           |    Vars  Clauses Literals |    Limit  Clauses Lit/Cl |          |
===============================================================================
===============================================================================
restarts              : 1
conflicts             : 94             (59008 /sec)
decisions             : 105            (0.00 % random) (65913 /sec)
propagations          : 1287           (807910 /sec)
conflict literals     : 426            (11.98 % deleted)
Memory used           : 20.00 MB
CPU time              : 0.001593 s

UNSATISFIABLE
