WARNING: for repeatability, setting FPU to use double precision
============================[ Problem Statistics ]=============================
|                                                                             |
|  Number of variables:            50                                         |
|  Number of clauses:             218                                         |
|  Parse time:                   0.00 s                                       |
|                                                                             |
============================[ Search Statistics ]==============================
| Conflicts |          ORIGINAL         |          LEARNT          | Progress |
|           |    Vars  Clauses Literals |    Limit  Clauses Lit/Cl |          |
===============================================================================
===============================================================================
restarts              : 1
conflicts             : 49             (34170 /sec)
decisions             : 54             (0.00 % random) (37657 /sec)
propagations          : 593            (413529 /sec)
conflict literals     : 166            (16.16 % deleted)
Memory used           : 20.00 MB
CPU time              : 0.001434 s

UNSATISFIABLE
