WARNING: for repeatability, setting FPU to use double precision
============================[ Problem Statistics ]=============================
|                                                                             |
|  Number of variables:            50                                         |
|  Number of clauses:             218                                         |
|  Parse time:                   0.00 s                                       |
|                                                                             |
============================[ Search Statistics ]==============================
| Conflicts |          ORIGINAL         |          LEARNT          | Progress |
|           |    Vars  Clauses Literals |    Limit  Clauses Lit/Cl |          |
===============================================================================
===============================================================================
restarts              : 1
conflicts             : 40             (168067 /sec)
decisions             : 42             (0.00 % random) (176471 /sec)
propagations          : 521            (2189076 /sec)
conflict literals     : 131            (15.48 % deleted)
Memory used           : 20.00 MB
CPU time              : 0.000238 s

UNSATISFIABLE
