WARNING: for repeatability, setting FPU to use double precision
============================[ Problem Statistics ]=============================
|                                                                             |
|  Number of variables:            50                                         |
|  Number of clauses:             218                                         |
|  Parse time:                   0.00 s                                       |
|                                                                             |
============================[ Search Statistics ]==============================
| Conflicts |          ORIGINAL         |          LEARNT          | Progress |
|           |    Vars  Clauses Literals |    Limit  Clauses Lit/Cl |          |
===============================================================================
===============================================================================
restarts              : 1
conflicts             : 89             (56942 /sec)
decisions             : 97             (0.00 % random) (62060 /sec)
propagations          : 1290           (825336 /sec)
conflict literals     : 339            (16.71 % deleted)
Memory used           : 20.00 MB
CPU time              : 0.001563 s

UNSATISFIABLE
