WARNING: for repeatability, setting FPU to use double precision
============================[ Problem Statistics ]=============================
|                                                                             |
|  Number of variables:            50                                         |
|  Number of clauses:             218                                         |
|  Parse time:                   0.00 s                                       |
|                                                                             |
============================[ Search Statistics ]==============================
| Conflicts |          ORIGINAL         |          LEARNT          | Progress |
|           |    Vars  Clauses Literals |    Limit  Clauses Lit/Cl |          |
===============================================================================
===============================================================================
restarts              : 1
conflicts             : 98             (343860 /sec)
decisions             : 104            (0.00 % random) (364912 /sec)
propagations          : 1348           (4729825 /sec)
conflict literals     : 375            (16.48 % deleted)
Memory used           : 20.00 MB
CPU time              : 0.000285 s

UNSATISFIABLE
