WARNING: for repeatability, setting FPU to use double precision
============================[ Problem Statistics ]=============================
|                                                                             |
|  Number of variables:            50                                         |
|  Number of clauses:             218                                         |
|  Parse time:                   0.00 s                                       |
|                                                                             |
============================[ Search Statistics ]==============================
| Conflicts |          ORIGINAL         |          LEARNT          | Progress |
|           |    Vars  Clauses Literals |    Limit  Clauses Lit/Cl |          |
===============================================================================
===============================================================================
restarts              : 1
conflicts             : 64             (43331 /sec)
decisions             : 67             (0.00 % random) (45362 /sec)
propagations          : 842            (570074 /sec)
conflict literals     : 279            (9.71 % deleted)
Memory used           : 20.00 MB
CPU time              : 0.001477 s

UNSATISFIABLE
