WARNING: for repeatability, setting FPU to use double precision
============================[ Problem Statistics ]=============================
|                                                                             |
|  Number of variables:            50                                         |
|  Number of clauses:             218                                         |
|  Parse time:                   0.00 s                                       |
|                                                                             |
============================[ Search Statistics ]==============================
| Conflicts |          ORIGINAL         |          LEARNT          | Progress |
|           |    Vars  Clauses Literals |    Limit  Clauses Lit/Cl |          |
===============================================================================
===============================================================================
restarts              : 1
conflicts             : 71             (46803 /sec)
decisions             : 74             (0.00 % random) (48780 /sec)
propagations          : 1060           (698748 /sec)
conflict literals     : 254            (17.53 % deleted)
Memory used           : 20.00 MB
CPU time              : 0.001517 s

UNSATISFIABLE
