WARNING: for repeatability, setting FPU to use double precision
============================[ Problem Statistics ]=============================
|                                                                             |
|  Number of variables:            50                                         |
|  Number of clauses:             218                                         |
|  Parse time:                   0.00 s                                       |
|                                                                             |
============================[ Search Statistics ]==============================
| Conflicts |          ORIGINAL         |          LEARNT          | Progress |
|           |    Vars  Clauses Literals |    Limit  Clauses Lit/Cl |          |
===============================================================================
===============================================================================
restarts              : 1
conflicts             : 54             (36364 /sec)
decisions             : 63             (0.00 % random) (42424 /sec)
propagations          : 789            (531313 /sec)
conflict literals     : 204            (15.00 % deleted)
Memory used           : 20.00 MB
CPU time              : 0.001485 s

UNSATISFIABLE
