WARNING: for repeatability, setting FPU to use double precision
============================[ Problem Statistics ]=============================
|                                                                             |
|  Number of variables:            50                                         |
|  Number of clauses:             218                                         |
|  Parse time:                   0.00 s                                       |
|                                                                             |
============================[ Search Statistics ]==============================
| Conflicts |          ORIGINAL         |          LEARNT          | Progress |
|           |    Vars  Clauses Literals |    Limit  Clauses Lit/Cl |          |
===============================================================================
===============================================================================
restarts              : 1
conflicts             : 67             (204268 /sec)
decisions             : 73             (0.00 % random) (222561 /sec)
propagations          : 981            (2990854 /sec)
conflict literals     : 226            (20.70 % deleted)
Memory used           : 20.00 MB
CPU time              : 0.000328 s

UNSATISFIABLE
