WARNING: for repeatability, setting FPU to use double precision
============================[ Problem Statistics ]=============================
|                                                                             |
|  Number of variables:            50                                         |
|  Number of clauses:             218                                         |
|  Parse time:                   0.00 s                                       |
|                                                                             |
============================[ Search Statistics ]==============================
| Conflicts |          ORIGINAL         |          LEARNT          | Progress |
|           |    Vars  Clauses Literals |    Limit  Clauses Lit/Cl |          |
===============================================================================
===============================================================================
restarts              : 1
conflicts             : 63             (41529 /sec)
decisions             : 68             (0.00 % random) (44825 /sec)
propagations          : 911            (600527 /sec)
conflict literals     : 224            (22.49 % deleted)
Memory used           : 20.00 MB
CPU time              : 0.001517 s

UNSATISFIABLE
