WARNING: for repeatability, setting FPU to use double precision
============================[ Problem Statistics ]=============================
|                                                                             |
|  Number of variables:            50                                         |
|  Number of clauses:             218                                         |
|  Parse time:                   0.00 s                                       |
|                                                                             |
============================[ Search Statistics ]==============================
| Conflicts |          ORIGINAL         |          LEARNT          | Progress |
|           |    Vars  Clauses Literals |    Limit  Clauses Lit/Cl |          |
===============================================================================
===============================================================================
restarts              : 1
conflicts             : 65             (43218 /sec)
decisions             : 69             (0.00 % random) (45878 /sec)
propagations          : 999            (664229 /sec)
conflict literals     : 245            (16.38 % deleted)
Memory used           : 20.00 MB
CPU time              : 0.001504 s

UNSATISFIABLE
