WARNING: for repeatability, setting FPU to use double precision
============================[ Problem Statistics ]=============================
|                                                                             |
|  Number of variables:            50                                         |
|  Number of clauses:             218                                         |
|  Parse time:                   0.00 s                                       |
|                                                                             |
============================[ Search Statistics ]==============================
| Conflicts |          ORIGINAL         |          LEARNT          | Progress |
|           |    Vars  Clauses Literals |    Limit  Clauses Lit/Cl |          |
===============================================================================
===============================================================================
restarts              : 1
conflicts             : 72             (47431 /sec)
decisions             : 78             (0.00 % random) (51383 /sec)
propagations          : 1019           (671278 /sec)
conflict literals     : 269            (15.94 % deleted)
Memory used           : 20.00 MB
CPU time              : 0.001518 s

UNSATISFIABLE
