WARNING: for repeatability, setting FPU to use double precision
============================[ Problem Statistics ]=============================
|                                                                             |
|  Number of variables:            50                                         |
|  Number of clauses:             218                                         |
|  Parse time:                   0.00 s                                       |
|                                                                             |
============================[ Search Statistics ]==============================
| Conflicts |          ORIGINAL         |          LEARNT          | Progress |
|           |    Vars  Clauses Literals |    Limit  Clauses Lit/Cl |          |
===============================================================================
===============================================================================
restarts              : 1
conflicts             : 79             (50771 /sec)
decisions             : 86             (0.00 % random) (55270 /sec)
propagations          : 1204           (773779 /sec)
conflict literals     : 303            (18.11 % deleted)
Memory used           : 20.00 MB
CPU time              : 0.001556 s

UNSATISFIABLE
