WARNING: for repeatability, setting FPU to use double precision
============================[ Problem Statistics ]=============================
|                                                                             |
|  Number of variables:            50                                         |
|  Number of clauses:             218                                         |
|  Parse time:                   0.00 s                                       |
|                                                                             |
============================[ Search Statistics ]==============================
| Conflicts |          ORIGINAL         |          LEARNT          | Progress |
|           |    Vars  Clauses Literals |    Limit  Clauses Lit/Cl |          |
===============================================================================
===============================================================================
restarts              : 1
conflicts             : 70             (318182 /sec)
decisions             : 81             (0.00 % random) (368182 /sec)
propagations          : 1000           (4545455 /sec)
conflict literals     : 271            (18.13 % deleted)
Memory used           : 20.00 MB
CPU time              : 0.00022 s

UNSATISFIABLE
