WARNING: for repeatability, setting FPU to use double precision
============================[ Problem Statistics ]=============================
|                                                                             |
|  Number of variables:            50                                         |
|  Number of clauses:             218                                         |
|  Parse time:                   0.00 s                                       |
|                                                                             |
============================[ Search Statistics ]==============================
| Conflicts |          ORIGINAL         |          LEARNT          | Progress |
|           |    Vars  Clauses Literals |    Limit  Clauses Lit/Cl |          |
===============================================================================
===============================================================================
restarts              : 1
conflicts             : 57             (304813 /sec)
decisions             : 65             (0.00 % random) (347594 /sec)
propagations          : 758            (4053476 /sec)
conflict literals     : 236            (12.59 % deleted)
Memory used           : 20.00 MB
CPU time              : 0.000187 s

UNSATISFIABLE
