WARNING: for repeatability, setting FPU to use double precision
============================[ Problem Statistics ]=============================
|                                                                             |
|  Number of variables:            50                                         |
|  Number of clauses:             218                                         |
|  Parse time:                   0.00 s                                       |
|                                                                             |
============================[ Search Statistics ]==============================
| Conflicts |          ORIGINAL         |          LEARNT          | Progress |
|           |    Vars  Clauses Literals |    Limit  Clauses Lit/Cl |          |
===============================================================================
===============================================================================
restarts              : 1
conflicts             : 89             (58132 /sec)
decisions             : 100            (0.00 % random) (65317 /sec)
propagations          : 1302           (850425 /sec)
conflict literals     : 327            (24.65 % deleted)
Memory used           : 20.00 MB
CPU time              : 0.001531 s

UNSATISFIABLE
