WARNING: for repeatability, setting FPU to use double precision
============================[ Problem Statistics ]=============================
|                                                                             |
|  Number of variables:            50                                         |
|  Number of clauses:             218                                         |
|  Parse time:                   0.00 s                                       |
|                                                                             |
============================[ Search Statistics ]==============================
| Conflicts |          ORIGINAL         |          LEARNT          | Progress |
|           |    Vars  Clauses Literals |    Limit  Clauses Lit/Cl |          |
===============================================================================
===============================================================================
restarts              : 1
conflicts             : 49             (289941 /sec)
decisions             : 56             (0.00 % random) (331361 /sec)
propagations          : 720            (4260355 /sec)
conflict literals     : 142            (26.42 % deleted)
Memory used           : 20.00 MB
CPU time              : 0.000169 s

UNSATISFIABLE
