WARNING: for repeatability, setting FPU to use double precision
============================[ Problem Statistics ]=============================
|                                                                             |
|  Number of variables:            50                                         |
|  Number of clauses:             218                                         |
|  Parse time:                   0.00 s                                       |
|                                                                             |
============================[ Search Statistics ]==============================
| Conflicts |          ORIGINAL         |          LEARNT          | Progress |
|           |    Vars  Clauses Literals |    Limit  Clauses Lit/Cl |          |
===============================================================================
===============================================================================
restarts              : 1
conflicts             : 48             (33520 /sec)
decisions             : 52             (0.00 % random) (36313 /sec)
propagations          : 597            (416899 /sec)
conflict literals     : 168            (10.16 % deleted)
Memory used           : 20.00 MB
CPU time              : 0.001432 s

UNSATISFIABLE
