WARNING: for repeatability, setting FPU to use double precision
============================[ Problem Statistics ]=============================
|                                                                             |
|  Number of variables:            50                                         |
|  Number of clauses:             218                                         |
|  Parse time:                   0.00 s                                       |
|                                                                             |
============================[ Search Statistics ]==============================
| Conflicts |          ORIGINAL         |          LEARNT          | Progress |
|           |    Vars  Clauses Literals |    Limit  Clauses Lit/Cl |          |
===============================================================================
===============================================================================
restarts              : 1
conflicts             : 52             (182456 /sec)
decisions             : 61             (0.00 % random) (214035 /sec)
propagations          : 741            (2600000 /sec)
conflict literals     : 183            (20.43 % deleted)
Memory used           : 20.00 MB
CPU time              : 0.000285 s

UNSATISFIABLE
