WARNING: for repeatability, setting FPU to use double precision
============================[ Problem Statistics ]=============================
|                                                                             |
|  Number of variables:            50                                         |
|  Number of clauses:             218                                         |
|  Parse time:                   0.00 s                                       |
|                                                                             |
============================[ Search Statistics ]==============================
| Conflicts |          ORIGINAL         |          LEARNT          | Progress |
|           |    Vars  Clauses Literals |    Limit  Clauses Lit/Cl |          |
===============================================================================
===============================================================================
restarts              : 1
conflicts             : 69             (297414 /sec)
decisions             : 75             (0.00 % random) (323276 /sec)
propagations          : 1105           (4762931 /sec)
conflict literals     : 254            (25.29 % deleted)
Memory used           : 20.00 MB
CPU time              : 0.000232 s

UNSATISFIABLE
