WARNING: for repeatability, setting FPU to use double precision
============================[ Problem Statistics ]=============================
|                                                                             |
|  Number of variables:            50                                         |
|  Number of clauses:             218                                         |
|  Parse time:                   0.00 s                                       |
|                                                                             |
============================[ Search Statistics ]==============================
| Conflicts |          ORIGINAL         |          LEARNT          | Progress |
|           |    Vars  Clauses Literals |    Limit  Clauses Lit/Cl |          |
===============================================================================
===============================================================================
restarts              : 1
conflicts             : 55             (37853 /sec)
decisions             : 64             (0.00 % random) (44047 /sec)
propagations          : 687            (472815 /sec)
conflict literals     : 190            (11.63 % deleted)
Memory used           : 20.00 MB
CPU time              : 0.001453 s

UNSATISFIABLE
