WARNING: for repeatability, setting FPU to use double precision
============================[ Problem Statistics ]=============================
|                                                                             |
|  Number of variables:            50                                         |
|  Number of clauses:             218                                         |
|  Parse time:                   0.00 s                                       |
|                                                                             |
============================[ Search Statistics ]==============================
| Conflicts |          ORIGINAL         |          LEARNT          | Progress |
|           |    Vars  Clauses Literals |    Limit  Clauses Lit/Cl |          |
===============================================================================
===============================================================================
restarts              : 1
conflicts             : 61             (41356 /sec)
decisions             : 68             (0.00 % random) (46102 /sec)
propagations          : 793            (537627 /sec)
conflict literals     : 232            (16.85 % deleted)
Memory used           : 20.00 MB
CPU time              : 0.001475 s

UNSATISFIABLE
