WARNING: for repeatability, setting FPU to use double precision
============================[ Problem Statistics ]=============================
|                                                                             |
|  Number of variables:            50                                         |
|  Number of clauses:             218                                         |
|  Parse time:                   0.00 s                                       |
|                                                                             |
============================[ Search Statistics ]==============================
| Conflicts |          ORIGINAL         |          LEARNT          | Progress |
|           |    Vars  Clauses Literals |    Limit  Clauses Lit/Cl |          |
===============================================================================
===============================================================================
restarts              : 1
conflicts             : 88             (102088 /sec)
decisions             : 97             (0.00 % random) (112529 /sec)
propagations          : 1080           (1252900 /sec)
conflict literals     : 397            (12.94 % deleted)
Memory used           : 20.00 MB
CPU time              : 0.000862 s

UNSATISFIABLE
