WARNING: for repeatability, setting FPU to use double precision
============================[ Problem Statistics ]=============================
|                                                                             |
|  Number of variables:            50                                         |
|  Number of clauses:             218                                         |
|  Parse time:                   0.00 s                                       |
|                                                                             |
============================[ Search Statistics ]==============================
| Conflicts |          ORIGINAL         |          LEARNT          | Progress |
|           |    Vars  Clauses Literals |    Limit  Clauses Lit/Cl |          |
===============================================================================
===============================================================================
restarts              : 1
conflicts             : 41             (28996 /sec)
decisions             : 48             (0.00 % random) (33946 /sec)
propagations          : 587            (415134 /sec)
conflict literals     : 122            (15.86 % deleted)
Memory used           : 20.00 MB
CPU time              : 0.001414 s

UNSATISFIABLE
