WARNING: for repeatability, setting FPU to use double precision
============================[ Problem Statistics ]=============================
|                                                                             |
|  Number of variables:            50                                         |
|  Number of clauses:             218                                         |
|  Parse time:                   0.00 s                                       |
|                                                                             |
============================[ Search Statistics ]==============================
| Conflicts |          ORIGINAL         |          LEARNT          | Progress |
|           |    Vars  Clauses Literals |    Limit  Clauses Lit/Cl |          |
===============================================================================
===============================================================================
restarts              : 1
conflicts             : 65             (43949 /sec)
decisions             : 73             (0.00 % random) (49358 /sec)
propagations          : 938            (634212 /sec)
conflict literals     : 244            (16.72 % deleted)
Memory used           : 20.00 MB
CPU time              : 0.001479 s

UNSATISFIABLE
