WARNING: for repeatability, setting FPU to use double precision
============================[ Problem Statistics ]=============================
|                                                                             |
|  Number of variables:            50                                         |
|  Number of clauses:             218                                         |
|  Parse time:                   0.00 s                                       |
|                                                                             |
============================[ Search Statistics ]==============================
| Conflicts |          ORIGINAL         |          LEARNT          | Progress |
|           |    Vars  Clauses Literals |    Limit  Clauses Lit/Cl |          |
===============================================================================
===============================================================================
restarts              : 1
conflicts             : 44             (30812 /sec)
decisions             : 51             (0.00 % random) (35714 /sec)
propagations          : 582            (407563 /sec)
conflict literals     : 133            (20.36 % deleted)
Memory used           : 20.00 MB
CPU time              : 0.001428 s

UNSATISFIABLE
