WARNING: for repeatability, setting FPU to use double precision
============================[ Problem Statistics ]=============================
|                                                                             |
|  Number of variables:            50                                         |
|  Number of clauses:             218                                         |
|  Parse time:                   0.00 s                                       |
|                                                                             |
============================[ Search Statistics ]==============================
| Conflicts |          ORIGINAL         |          LEARNT          | Progress |
|           |    Vars  Clauses Literals |    Limit  Clauses Lit/Cl |          |
===============================================================================
===============================================================================
restarts              : 1
conflicts             : 65             (85752 /sec)
decisions             : 72             (0.00 % random) (94987 /sec)
propagations          : 939            (1238786 /sec)
conflict literals     : 228            (21.65 % deleted)
Memory used           : 20.00 MB
CPU time              : 0.000758 s

UNSATISFIABLE
