WARNING: for repeatability, setting FPU to use double precision
============================[ Problem Statistics ]=============================
|                                                                             |
|  Number of variables:            50                                         |
|  Number of clauses:             218                                         |
|  Parse time:                   0.00 s                                       |
|                                                                             |
============================[ Search Statistics ]==============================
| Conflicts |          ORIGINAL         |          LEARNT          | Progress |
|           |    Vars  Clauses Literals |    Limit  Clauses Lit/Cl |          |
===============================================================================
===============================================================================
restarts              : 1
conflicts             : 57             (38000 /sec)
decisions             : 63             (0.00 % random) (42000 /sec)
propagations          : 794            (529333 /sec)
conflict literals     : 187            (16.52 % deleted)
Memory used           : 20.00 MB
CPU time              : 0.0015 s

UNSATISFIABLE
