WARNING: for repeatability, setting FPU to use double precision
============================[ Problem Statistics ]=============================
|                                                                             |
|  Number of variables:            50                                         |
|  Number of clauses:             218                                         |
|  Parse time:                   0.00 s                                       |
|                                                                             |
============================[ Search Statistics ]==============================
| Conflicts |          ORIGINAL         |          LEARNT          | Progress |
|           |    Vars  Clauses Literals |    Limit  Clauses Lit/Cl |          |
===============================================================================
===============================================================================
restarts              : 1
conflicts             : 89             (55834 /sec)
decisions             : 106            (0.00 % random) (66499 /sec)
propagations          : 1358           (851945 /sec)
conflict literals     : 340            (20.00 % deleted)
Memory used           : 20.00 MB
CPU time              : 0.001594 s

UNSATISFIABLE
