WARNING: for repeatability, setting FPU to use double precision
============================[ Problem Statistics ]=============================
|                                                                             |
|  Number of variables:            50                                         |
|  Number of clauses:             218                                         |
|  Parse time:                   0.00 s                                       |
|                                                                             |
============================[ Search Statistics ]==============================
| Conflicts |          ORIGINAL         |          LEARNT          | Progress |
|           |    Vars  Clauses Literals |    Limit  Clauses Lit/Cl |          |
===============================================================================
===============================================================================
restarts              : 1
conflicts             : 39             (27877 /sec)
decisions             : 39             (0.00 % random) (27877 /sec)
propagations          : 504            (360257 /sec)
conflict literals     : 123            (19.08 % deleted)
Memory used           : 20.00 MB
CPU time              : 0.001399 s

UNSATISFIABLE
