WARNING: for repeatability, setting FPU to use double precision
============================[ Problem Statistics ]=============================
|                                                                             |
|  Number of variables:            50                                         |
|  Number of clauses:             218                                         |
|  Parse time:                   0.00 s                                       |
|                                                                             |
============================[ Search Statistics ]==============================
| Conflicts |          ORIGINAL         |          LEARNT          | Progress |
|           |    Vars  Clauses Literals |    Limit  Clauses Lit/Cl |          |
===============================================================================
===============================================================================
restarts              : 1
conflicts             : 66             (44177 /sec)
decisions             : 84             (0.00 % random) (56225 /sec)
propagations          : 863            (577644 /sec)
conflict literals     : 228            (20.56 % deleted)
Memory used           : 20.00 MB
CPU time              : 0.001494 s

UNSATISFIABLE
