WARNING: for repeatability, setting FPU to use double precision
============================[ Problem Statistics ]=============================
|                                                                             |
|  Number of variables:            50                                         |
|  Number of clauses:             218                                         |
|  Parse time:                   0.00 s                                       |
|                                                                             |
============================[ Search Statistics ]==============================
| Conflicts |          ORIGINAL         |          LEARNT          | Progress |
|           |    Vars  Clauses Literals |    Limit  Clauses Lit/Cl |          |
===============================================================================
===============================================================================
restarts              : 1
conflicts             : 57             (38488 /sec)
decisions             : 67             (0.00 % random) (45240 /sec)
propagations          : 872            (588791 /sec)
conflict literals     : 181            (17.35 % deleted)
Memory used           : 20.00 MB
CPU time              : 0.001481 s

UNSATISFIABLE
