WARNING: for repeatability, setting FPU to use double precision
============================[ Problem Statistics ]=============================
|                                                                             |
|  Number of variables:            50                                         |
|  Number of clauses:             218                                         |
|  Parse time:                   0.00 s                                       |
|                                                                             |
============================[ Search Statistics ]==============================
| Conflicts |          ORIGINAL         |          LEARNT          | Progress |
|           |    Vars  Clauses Literals |    Limit  Clauses Lit/Cl |          |
===============================================================================
===============================================================================
restarts              : 1
conflicts             : 68             (45485 /sec)
decisions             : 81             (0.00 % random) (54181 /sec)
propagations          : 878            (587291 /sec)
conflict literals     : 229            (20.21 % deleted)
Memory used           : 20.00 MB
CPU time              : 0.001495 s

UNSATISFIABLE
