WARNING: for repeatability, setting FPU to use double precision
============================[ Problem Statistics ]=============================
|                                                                             |
|  Number of variables:            50                                         |
|  Number of clauses:             218                                         |
|  Parse time:                   0.00 s                                       |
|                                                                             |
============================[ Search Statistics ]==============================
| Conflicts |          ORIGINAL         |          LEARNT          | Progress |
|           |    Vars  Clauses Literals |    Limit  Clauses Lit/Cl |          |
===============================================================================
===============================================================================
restarts              : 1
conflicts             : 60             (80537 /sec)
decisions             : 65             (0.00 % random) (87248 /sec)
propagations          : 847            (1136913 /sec)
conflict literals     : 217            (13.20 % deleted)
Memory used           : 20.00 MB
CPU time              : 0.000745 s

UNSATISFIABLE
