WARNING: for repeatability, setting FPU to use double precision
============================[ Problem Statistics ]=============================
|                                                                             |
|  Number of variables:            50                                         |
|  Number of clauses:             218                                         |
|  Parse time:                   0.00 s                                       |
|                                                                             |
============================[ Search Statistics ]==============================
| Conflicts |          ORIGINAL         |          LEARNT          | Progress |
|           |    Vars  Clauses Literals |    Limit  Clauses Lit/Cl |          |
===============================================================================
===============================================================================
restarts              : 1
conflicts             : 58             (39536 /sec)
decisions             : 70             (0.00 % random) (47716 /sec)
propagations          : 794            (541241 /sec)
conflict literals     : 227            (22.79 % deleted)
Memory used           : 20.00 MB
CPU time              : 0.001467 s

UNSATISFIABLE
