WARNING: for repeatability, setting FPU to use double precision
============================[ Problem Statistics ]=============================
|                                                                             |
|  Number of variables:            50                                         |
|  Number of clauses:             218                                         |
|  Parse time:                   0.00 s                                       |
|                                                                             |
============================[ Search Statistics ]==============================
| Conflicts |          ORIGINAL         |          LEARNT          | Progress |
|           |    Vars  Clauses Literals |    Limit  Clauses Lit/Cl |          |
===============================================================================
===============================================================================
restarts              : 1
conflicts             : 33             (23571 /sec)
decisions             : 36             (0.00 % random) (25714 /sec)
propagations          : 508            (362857 /sec)
conflict literals     : 87             (32.03 % deleted)
Memory used           : 20.00 MB
CPU time              : 0.0014 s

UNSATISFIABLE
