WARNING: for repeatability, setting FPU to use double precision
============================[ Problem Statistics ]=============================
|                                                                             |
|  Number of variables:            50                                         |
|  Number of clauses:             218                                         |
|  Parse time:                   0.00 s                                       |
|                                                                             |
============================[ Search Statistics ]==============================
| Conflicts |          ORIGINAL         |          LEARNT          | Progress |
|           |    Vars  Clauses Literals |    Limit  Clauses Lit/Cl |          |
===============================================================================
===============================================================================
restarts              : 1
conflicts             : 96             (61578 /sec)
decisions             : 121            (0.00 % random) (77614 /sec)
propagations          : 1357           (870430 /sec)
conflict literals     : 360            (19.64 % deleted)
Memory used           : 20.00 MB
CPU time              : 0.001559 s

UNSATISFIABLE
