WARNING: for repeatability, setting FPU to use double precision
============================[ Problem Statistics ]=============================
|                                                                             |
|  Number of variables:            50                                         |
|  Number of clauses:             218                                         |
|  Parse time:                   0.00 s                                       |
|                                                                             |
============================[ Search Statistics ]==============================
| Conflicts |          ORIGINAL         |          LEARNT          | Progress |
|           |    Vars  Clauses Literals |    Limit  Clauses Lit/Cl |          |
===============================================================================
===============================================================================
restarts              : 1
conflicts             : 62             (40763 /sec)
decisions             : 70             (0.00 % random) (46022 /sec)
propagations          : 827            (543721 /sec)
conflict literals     : 210            (19.85 % deleted)
Memory used           : 20.00 MB
CPU time              : 0.001521 s

UNSATISFIABLE
