WARNING: for repeatability, setting FPU to use double precision
============================[ Problem Statistics ]=============================
|                                                                             |
|  Number of variables:            50                                         |
|  Number of clauses:             218                                         |
|  Parse time:                   0.00 s                                       |
|                                                                             |
============================[ Search Statistics ]==============================
| Conflicts |          ORIGINAL         |          LEARNT          | Progress |
|           |    Vars  Clauses Literals |    Limit  Clauses Lit/Cl |          |
===============================================================================
===============================================================================
restarts              : 1
conflicts             : 85             (56254 /sec)
decisions             : 97             (0.00 % random) (64196 /sec)
propagations          : 1134           (750496 /sec)
conflict literals     : 352            (11.56 % deleted)
Memory used           : 20.00 MB
CPU time              : 0.001511 s

UNSATISFIABLE
