WARNING: for repeatability, setting FPU to use double precision
============================[ Problem Statistics ]=============================
|                                                                             |
|  Number of variables:            50                                         |
|  Number of clauses:             218                                         |
|  Parse time:                   0.00 s                                       |
|                                                                             |
============================[ Search Statistics ]==============================
| Conflicts |          ORIGINAL         |          LEARNT          | Progress |
|           |    Vars  Clauses Literals |    Limit  Clauses Lit/Cl |          |
===============================================================================
===============================================================================
restarts              : 1
conflicts             : 55             (193662 /sec)
decisions             : 57             (0.00 % random) (200704 /sec)
propagations          : 725            (2552817 /sec)
conflict literals     : 178            (18.35 % deleted)
Memory used           : 20.00 MB
CPU time              : 0.000284 s

UNSATISFIABLE
