WARNING: for repeatability, setting FPU to use double precision
============================[ Problem Statistics ]=============================
|                                                                             |
|  Number of variables:            50                                         |
|  Number of clauses:             218                                         |
|  Parse time:                   0.00 s                                       |
|                                                                             |
============================[ Search Statistics ]==============================
| Conflicts |          ORIGINAL         |          LEARNT          | Progress |
|           |    Vars  Clauses Literals |    Limit  Clauses Lit/Cl |          |
===============================================================================
===============================================================================
restarts              : 1
conflicts             : 62             (41751 /sec)
decisions             : 69             (0.00 % random) (46465 /sec)
propagations          : 734            (494276 /sec)
conflict literals     : 221            (11.60 % deleted)
Memory used           : 20.00 MB
CPU time              : 0.001485 s

UNSATISFIABLE
