WARNING: for repeatability, setting FPU to use double precision
============================[ Problem Statistics ]=============================
|                                                                             |
|  Number of variables:            50                                         |
|  Number of clauses:             218                                         |
|  Parse time:                   0.00 s                                       |
|                                                                             |
============================[ Search Statistics ]==============================
| Conflicts |          ORIGINAL         |          LEARNT          | Progress |
|           |    Vars  Clauses Literals |    Limit  Clauses Lit/Cl |          |
===============================================================================
===============================================================================
restarts              : 1
conflicts             : 67             (44459 /sec)
decisions             : 72             (0.00 % random) (47777 /sec)
propagations          : 956            (634373 /sec)
conflict literals     : 235            (20.07 % deleted)
Memory used           : 20.00 MB
CPU time              : 0.001507 s

UNSATISFIABLE
