WARNING: for repeatability, setting FPU to use double precision
============================[ Problem Statistics ]=============================
|                                                                             |
|  Number of variables:            50                                         |
|  Number of clauses:             218                                         |
|  Parse time:                   0.00 s                                       |
|                                                                             |
============================[ Search Statistics ]==============================
| Conflicts |          ORIGINAL         |          LEARNT          | Progress |
|           |    Vars  Clauses Literals |    Limit  Clauses Lit/Cl |          |
===============================================================================
===============================================================================
restarts              : 1
conflicts             : 68             (45576 /sec)
decisions             : 76             (0.00 % random) (50938 /sec)
propagations          : 863            (578418 /sec)
conflict literals     : 248            (14.48 % deleted)
Memory used           : 20.00 MB
CPU time              : 0.001492 s

UNSATISFIABLE
