WARNING: for repeatability, setting FPU to use double precision
============================[ Problem Statistics ]=============================
|                                                                             |
|  Number of variables:            50                                         |
|  Number of clauses:             218                                         |
|  Parse time:                   0.00 s                                       |
|                                                                             |
============================[ Search Statistics ]==============================
| Conflicts |          ORIGINAL         |          LEARNT          | Progress |
|           |    Vars  Clauses Literals |    Limit  Clauses Lit/Cl |          |
===============================================================================
===============================================================================
restarts              : 1
conflicts             : 78             (322314 /sec)
decisions             : 91             (0.00 % random) (376033 /sec)
propagations          : 1138           (4702479 /sec)
conflict literals     : 275            (18.64 % deleted)
Memory used           : 20.00 MB
CPU time              : 0.000242 s

UNSATISFIABLE
