WARNING: for repeatability, setting FPU to use double precision
============================[ Problem Statistics ]=============================
|                                                                             |
|  Number of variables:            50                                         |
|  Number of clauses:             218                                         |
|  Parse time:                   0.00 s                                       |
|                                                                             |
============================[ Search Statistics ]==============================
| Conflicts |          ORIGINAL         |          LEARNT          | Progress |
|           |    Vars  Clauses Literals |    Limit  Clauses Lit/Cl |          |
===============================================================================
===============================================================================
restarts              : 1
conflicts             : 82             (361233 /sec)
decisions             : 98             (0.00 % random) (431718 /sec)
propagations          : 1171           (5158590 /sec)
conflict literals     : 333            (18.98 % deleted)
Memory used           : 20.00 MB
CPU time              : 0.000227 s

UNSATISFIABLE
