WARNING: for repeatability, setting FPU to use double precision
============================[ Problem Statistics ]=============================
|                                                                             |
|  Number of variables:            50                                         |
|  Number of clauses:             218                                         |
|  Parse time:                   0.00 s                                       |
|                                                                             |
============================[ Search Statistics ]==============================
| Conflicts |          ORIGINAL         |          LEARNT          | Progress |
|           |    Vars  Clauses Literals |    Limit  Clauses Lit/Cl |          |
===============================================================================
===============================================================================
restarts              : 1
conflicts             : 47             (333333 /sec)
decisions             : 50             (0.00 % random) (354610 /sec)
propagations          : 675            (4787234 /sec)
conflict literals     : 170            (15.42 % deleted)
Memory used           : 20.00 MB
CPU time              : 0.000141 s

UNSATISFIABLE
