WARNING: for repeatability, setting FPU to use double precision
============================[ Problem Statistics ]=============================
|                                                                             |
|  Number of variables:            50                                         |
|  Number of clauses:             218                                         |
|  Parse time:                   0.00 s                                       |
|                                                                             |
============================[ Search Statistics ]==============================
| Conflicts |          ORIGINAL         |          LEARNT          | Progress |
|           |    Vars  Clauses Literals |    Limit  Clauses Lit/Cl |          |
===============================================================================
===============================================================================
restarts              : 1
conflicts             : 98             (358974 /sec)
decisions             : 109            (0.00 % random) (399267 /sec)
propagations          : 1304           (4776557 /sec)
conflict literals     : 406            (12.88 % deleted)
Memory used           : 20.00 MB
CPU time              : 0.000273 s

UNSATISFIABLE
