WARNING: for repeatability, setting FPU to use double precision
============================[ Problem Statistics ]=============================
|                                                                             |
|  Number of variables:            50                                         |
|  Number of clauses:             218                                         |
|  Parse time:                   0.00 s                                       |
|                                                                             |
============================[ Search Statistics ]==============================
| Conflicts |          ORIGINAL         |          LEARNT          | Progress |
|           |    Vars  Clauses Literals |    Limit  Clauses Lit/Cl |          |
===============================================================================
===============================================================================
restarts              : 1
conflicts             : 64             (216216 /sec)
decisions             : 66             (0.00 % random) (222973 /sec)
propagations          : 833            (2814189 /sec)
conflict literals     : 241            (14.84 % deleted)
Memory used           : 20.00 MB
CPU time              : 0.000296 s

UNSATISFIABLE
