WARNING: for repeatability, setting FPU to use double precision
============================[ Problem Statistics ]=============================
|                                                                             |
|  Number of variables:            50                                         |
|  Number of clauses:             218                                         |
|  Parse time:                   0.00 s                                       |
|                                                                             |
============================[ Search Statistics ]==============================
| Conflicts |          ORIGINAL         |          LEARNT          | Progress |
|           |    Vars  Clauses Literals |    Limit  Clauses Lit/Cl |          |
===============================================================================
===============================================================================
restarts              : 1
conflicts             : 54             (36660 /sec)
decisions             : 58             (0.00 % random) (39375 /sec)
propagations          : 858            (582485 /sec)
conflict literals     : 184            (22.36 % deleted)
Memory used           : 20.00 MB
CPU time              : 0.001473 s

UNSATISFIABLE
