WARNING: for repeatability, setting FPU to use double precision
============================[ Problem Statistics ]=============================
|                                                                             |
|  Number of variables:            50                                         |
|  Number of clauses:             218                                         |
|  Parse time:                   0.00 s                                       |
|                                                                             |
============================[ Search Statistics ]==============================
| Conflicts |          ORIGINAL         |          LEARNT          | Progress |
|           |    Vars  Clauses Literals |    Limit  Clauses Lit/Cl |          |
===============================================================================
===============================================================================
restarts              : 1
conflicts             : 73             (341121 /sec)
decisions             : 89             (0.00 % random) (415888 /sec)
propagations          : 955            (4462617 /sec)
conflict literals     : 275            (16.16 % deleted)
Memory used           : 20.00 MB
CPU time              : 0.000214 s

UNSATISFIABLE
