WARNING: for repeatability, setting FPU to use double precision
============================[ Problem Statistics ]=============================
|                                                                             |
|  Number of variables:            50                                         |
|  Number of clauses:             218                                         |
|  Parse time:                   0.00 s                                       |
|                                                                             |
============================[ Search Statistics ]==============================
| Conflicts |          ORIGINAL         |          LEARNT          | Progress |
|           |    Vars  Clauses Literals |    Limit  Clauses Lit/Cl |          |
===============================================================================
===============================================================================
restarts              : 1
conflicts             : 55             (37187 /sec)
decisions             : 63             (0.00 % random) (42596 /sec)
propagations          : 814            (550372 /sec)
conflict literals     : 195            (17.02 % deleted)
Memory used           : 20.00 MB
CPU time              : 0.001479 s

UNSATISFIABLE
