WARNING: for repeatability, setting FPU to use double precision
============================[ Problem Statistics ]=============================
|                                                                             |
|  Number of variables:            50                                         |
|  Number of clauses:             218                                         |
|  Parse time:                   0.00 s                                       |
|                                                                             |
============================[ Search Statistics ]==============================
| Conflicts |          ORIGINAL         |          LEARNT          | Progress |
|           |    Vars  Clauses Literals |    Limit  Clauses Lit/Cl |          |
===============================================================================
===============================================================================
restarts              : 1
conflicts             : 49             (203320 /sec)
decisions             : 61             (0.00 % random) (253112 /sec)
propagations          : 582            (2414938 /sec)
conflict literals     : 151            (20.53 % deleted)
Memory used           : 20.00 MB
CPU time              : 0.000241 s

UNSATISFIABLE
