WARNING: for repeatability, setting FPU to use double precision
============================[ Problem Statistics ]=============================
|                                                                             |
|  Number of variables:            50                                         |
|  Number of clauses:             218                                         |
|  Parse time:                   0.00 s                                       |
|                                                                             |
============================[ Search Statistics ]==============================
| Conflicts |          ORIGINAL         |          LEARNT          | Progress |
|           |    Vars  Clauses Literals |    Limit  Clauses Lit/Cl |          |
===============================================================================
===============================================================================
restarts              : 1
conflicts             : 73             (47869 /sec)
decisions             : 82             (0.00 % random) (53770 /sec)
propagations          : 1040           (681967 /sec)
conflict literals     : 325            (12.87 % deleted)
Memory used           : 20.00 MB
CPU time              : 0.001525 s

UNSATISFIABLE
