WARNING: for repeatability, setting FPU to use double precision
============================[ Problem Statistics ]=============================
|                                                                             |
|  Number of variables:            50                                         |
|  Number of clauses:             218                                         |
|  Parse time:                   0.00 s                                       |
|                                                                             |
============================[ Search Statistics ]==============================
| Conflicts |          ORIGINAL         |          LEARNT          | Progress |
|           |    Vars  Clauses Literals |    Limit  Clauses Lit/Cl |          |
===============================================================================
===============================================================================
restarts              : 1
conflicts             : 27             (19537 /sec)
decisions             : 37             (0.00 % random) (26773 /sec)
propagations          : 373            (269899 /sec)
conflict literals     : 80             (19.19 % deleted)
Memory used           : 20.00 MB
CPU time              : 0.001382 s

UNSATISFIABLE
