WARNING: for repeatability, setting FPU to use double precision
============================[ Problem Statistics ]=============================
|                                                                             |
|  Number of variables:            50                                         |
|  Number of clauses:             218                                         |
|  Parse time:                   0.00 s                                       |
|                                                                             |
============================[ Search Statistics ]==============================
| Conflicts |          ORIGINAL         |          LEARNT          | Progress |
|           |    Vars  Clauses Literals |    Limit  Clauses Lit/Cl |          |
===============================================================================
===============================================================================
restarts              : 1
conflicts             : 79             (379808 /sec)
decisions             : 89             (0.00 % random) (427885 /sec)
propagations          : 1007           (4841346 /sec)
conflict literals     : 291            (13.65 % deleted)
Memory used           : 20.00 MB
CPU time              : 0.000208 s

UNSATISFIABLE
