WARNING: for repeatability, setting FPU to use double precision
============================[ Problem Statistics ]=============================
|                                                                             |
|  Number of variables:            50                                         |
|  Number of clauses:             218                                         |
|  Parse time:                   0.00 s                                       |
|                                                                             |
============================[ Search Statistics ]==============================
| Conflicts |          ORIGINAL         |          LEARNT          | Progress |
|           |    Vars  Clauses Literals |    Limit  Clauses Lit/Cl |          |
===============================================================================
===============================================================================
restarts              : 1
conflicts             : 40             (317460 /sec)
decisions             : 42             (0.00 % random) (333333 /sec)
propagations          : 470            (3730159 /sec)
conflict literals     : 127            (15.33 % deleted)
Memory used           : 20.00 MB
CPU time              : 0.000126 s

UNSATISFIABLE
