WARNING: for repeatability, setting FPU to use double precision
============================[ Problem Statistics ]=============================
|                                                                             |
|  Number of variables:            50                                         |
|  Number of clauses:             218                                         |
|  Parse time:                   0.00 s                                       |
|                                                                             |
============================[ Search Statistics ]==============================
| Conflicts |          ORIGINAL         |          LEARNT          | Progress |
|           |    Vars  Clauses Literals |    Limit  Clauses Lit/Cl |          |
===============================================================================
===============================================================================
restarts              : 1
conflicts             : 59             (287805 /sec)
decisions             : 66             (0.00 % random) (321951 /sec)
propagations          : 868            (4234146 /sec)
conflict literals     : 215            (17.62 % deleted)
Memory used           : 20.00 MB
CPU time              : 0.000205 s

UNSATISFIABLE
