WARNING: for repeatability, setting FPU to use double precision
============================[ Problem Statistics ]=============================
|                                                                             |
|  Number of variables:            50                                         |
|  Number of clauses:             218                                         |
|  Parse time:                   0.00 s                                       |
|                                                                             |
============================[ Search Statistics ]==============================
| Conflicts |          ORIGINAL         |          LEARNT          | Progress |
|           |    Vars  Clauses Literals |    Limit  Clauses Lit/Cl |          |
===============================================================================
===============================================================================
restarts              : 1
conflicts             : 46             (32011 /sec)
decisions             : 50             (0.00 % random) (34795 /sec)
propagations          : 618            (430063 /sec)
conflict literals     : 152            (18.72 % deleted)
Memory used           : 20.00 MB
CPU time              : 0.001437 s

UNSATISFIABLE
