WARNING: for repeatability, setting FPU to use double precision
============================[ Problem Statistics ]=============================
|                                                                             |
|  Number of variables:            50                                         |
|  Number of clauses:             218                                         |
|  Parse time:                   0.00 s                                       |
|                                                                             |
============================[ Search Statistics ]==============================
| Conflicts |          ORIGINAL         |          LEARNT          | Progress |
|           |    Vars  Clauses Literals |    Limit  Clauses Lit/Cl |          |
===============================================================================
===============================================================================
restarts              : 1
conflicts             : 62             (41499 /sec)
decisions             : 73             (0.00 % random) (48862 /sec)
propagations          : 736            (492637 /sec)
conflict literals     : 234            (18.18 % deleted)
Memory used           : 20.00 MB
CPU time              : 0.001494 s

UNSATISFIABLE
