WARNING: for repeatability, setting FPU to use double precision
============================[ Problem Statistics ]=============================
|                                                                             |
|  Number of variables:            50                                         |
|  Number of clauses:             218                                         |
|  Parse time:                   0.00 s                                       |
|                                                                             |
============================[ Search Statistics ]==============================
| Conflicts |          ORIGINAL         |          LEARNT          | Progress |
|           |    Vars  Clauses Literals |    Limit  Clauses Lit/Cl |          |
===============================================================================
===============================================================================
restarts              : 1
conflicts             : 65             (43132 /sec)
decisions             : 65             (0.00 % random) (43132 /sec)
propagations          : 907            (601858 /sec)
conflict literals     : 250            (17.76 % deleted)
Memory used           : 20.00 MB
CPU time              : 0.001507 s

UNSATISFIABLE
