WARNING: for repeatability, setting FPU to use double precision
============================[ Problem Statistics ]=============================
|                                                                             |
|  Number of variables:            50                                         |
|  Number of clauses:             218                                         |
|  Parse time:                   0.00 s                                       |
|                                                                             |
============================[ Search Statistics ]==============================
| Conflicts |          ORIGINAL         |          LEARNT          | Progress |
|           |    Vars  Clauses Literals |    Limit  Clauses Lit/Cl |          |
===============================================================================
===============================================================================
restarts              : 1
conflicts             : 59             (368750 /sec)
decisions             : 71             (0.00 % random) (443750 /sec)
propagations          : 768            (4800000 /sec)
conflict literals     : 234            (13.01 % deleted)
Memory used           : 20.00 MB
CPU time              : 0.00016 s

UNSATISFIABLE
