WARNING: for repeatability, setting FPU to use double precision
============================[ Problem Statistics ]=============================
|                                                                             |
|  Number of variables:            50                                         |
|  Number of clauses:             218                                         |
|  Parse time:                   0.00 s                                       |
|                                                                             |
============================[ Search Statistics ]==============================
| Conflicts |          ORIGINAL         |          LEARNT          | Progress |
|           |    Vars  Clauses Literals |    Limit  Clauses Lit/Cl |          |
===============================================================================
===============================================================================
restarts              : 1
conflicts             : 65             (43046 /sec)
decisions             : 75             (0.00 % random) (49669 /sec)
propagations          : 939            (621854 /sec)
conflict literals     : 259            (22.22 % deleted)
Memory used           : 20.00 MB
CPU time              : 0.00151 s

UNSATISFIABLE
