WARNING: for repeatability, setting FPU to use double precision
============================[ Problem Statistics ]=============================
|                                                                             |
|  Number of variables:            50                                         |
|  Number of clauses:             218                                         |
|  Parse time:                   0.00 s                                       |
|                                                                             |
============================[ Search Statistics ]==============================
| Conflicts |          ORIGINAL         |          LEARNT          | Progress |
|           |    Vars  Clauses Literals |    Limit  Clauses Lit/Cl |          |
===============================================================================
===============================================================================
restarts              : 1
conflicts             : 81             (340336 /sec)
decisions             : 86             (0.00 % random) (361345 /sec)
propagations          : 1075           (4516807 /sec)
conflict literals     : 314            (15.14 % deleted)
Memory used           : 20.00 MB
CPU time              : 0.000238 s

UNSATISFIABLE
