WARNING: for repeatability, setting FPU to use double precision
============================[ Problem Statistics ]=============================
|                                                                             |
|  Number of variables:            50                                         |
|  Number of clauses:             218                                         |
|  Parse time:                   0.00 s                                       |
|                                                                             |
============================[ Search Statistics ]==============================
| Conflicts |          ORIGINAL         |          LEARNT          | Progress |
|           |    Vars  Clauses Literals |    Limit  Clauses Lit/Cl |          |
===============================================================================
===============================================================================
restarts              : 1
conflicts             : 85             (55665 /sec)
decisions             : 100            (0.00 % random) (65488 /sec)
propagations          : 1226           (802881 /sec)
conflict literals     : 353            (14.73 % deleted)
Memory used           : 20.00 MB
CPU time              : 0.001527 s

UNSATISFIABLE
