WARNING: for repeatability, setting FPU to use double precision
============================[ Problem Statistics ]=============================
|                                                                             |
|  Number of variables:            50                                         |
|  Number of clauses:             218                                         |
|  Parse time:                   0.00 s                                       |
|                                                                             |
============================[ Search Statistics ]==============================
| Conflicts |          ORIGINAL         |          LEARNT          | Progress |
|           |    Vars  Clauses Literals |    Limit  Clauses Lit/Cl |          |
===============================================================================
|       100 |      45      210      630 |       79       45      4 | 10.046 % |
===============================================================================
restarts              : 2
conflicts             : 106            (65594 /sec)
decisions             : 113            (0.00 % random) (69926 /sec)
propagations          : 1458           (902228 /sec)
conflict literals     : 417            (20.11 % deleted)
Memory used           : 20.00 MB
CPU time              : 0.001616 s

UNSATISFIABLE
