WARNING: for repeatability, setting FPU to use double precision
============================[ Problem Statistics ]=============================
|                                                                             |
|  Number of variables:            50                                         |
|  Number of clauses:             218                                         |
|  Parse time:                   0.00 s                                       |
|                                                                             |
============================[ Search Statistics ]==============================
| Conflicts |          ORIGINAL         |          LEARNT          | Progress |
|           |    Vars  Clauses Literals |    Limit  Clauses Lit/Cl |          |
===============================================================================
===============================================================================
restarts              : 1
conflicts             : 66             (50730 /sec)
decisions             : 82             (0.00 % random) (63028 /sec)
propagations          : 1050           (807071 /sec)
conflict literals     : 271            (10.26 % deleted)
Memory used           : 20.00 MB
CPU time              : 0.001301 s

UNSATISFIABLE
