WARNING: for repeatability, setting FPU to use double precision
============================[ Problem Statistics ]=============================
|                                                                             |
|  Number of variables:            50                                         |
|  Number of clauses:             218                                         |
|  Parse time:                   0.00 s                                       |
|                                                                             |
============================[ Search Statistics ]==============================
| Conflicts |          ORIGINAL         |          LEARNT          | Progress |
|           |    Vars  Clauses Literals |    Limit  Clauses Lit/Cl |          |
===============================================================================
===============================================================================
restarts              : 1
conflicts             : 70             (46296 /sec)
decisions             : 84             (0.00 % random) (55556 /sec)
propagations          : 917            (606481 /sec)
conflict literals     : 260            (13.04 % deleted)
Memory used           : 20.00 MB
CPU time              : 0.001512 s

UNSATISFIABLE
