WARNING: for repeatability, setting FPU to use double precision
============================[ Problem Statistics ]=============================
|                                                                             |
|  Number of variables:            50                                         |
|  Number of clauses:             218                                         |
|  Parse time:                   0.00 s                                       |
|                                                                             |
============================[ Search Statistics ]==============================
| Conflicts |          ORIGINAL         |          LEARNT          | Progress |
|           |    Vars  Clauses Literals |    Limit  Clauses Lit/Cl |          |
===============================================================================
===============================================================================
restarts              : 1
conflicts             : 36             (297521 /sec)
decisions             : 39             (0.00 % random) (322314 /sec)
propagations          : 473            (3909091 /sec)
conflict literals     : 102            (19.69 % deleted)
Memory used           : 20.00 MB
CPU time              : 0.000121 s

UNSATISFIABLE
