WARNING: for repeatability, setting FPU to use double precision
============================[ Problem Statistics ]=============================
|                                                                             |
|  Number of variables:            50                                         |
|  Number of clauses:             218                                         |
|  Parse time:                   0.00 s                                       |
|                                                                             |
============================[ Search Statistics ]==============================
| Conflicts |          ORIGINAL         |          LEARNT          | Progress |
|           |    Vars  Clauses Literals |    Limit  Clauses Lit/Cl |          |
===============================================================================
===============================================================================
restarts              : 1
conflicts             : 63             (42481 /sec)
decisions             : 68             (0.00 % random) (45853 /sec)
propagations          : 903            (608901 /sec)
conflict literals     : 235            (11.65 % deleted)
Memory used           : 20.00 MB
CPU time              : 0.001483 s

UNSATISFIABLE
