WARNING: for repeatability, setting FPU to use double precision
============================[ Problem Statistics ]=============================
|                                                                             |
|  Number of variables:            50                                         |
|  Number of clauses:             218                                         |
|  Parse time:                   0.00 s                                       |
|                                                                             |
============================[ Search Statistics ]==============================
| Conflicts |          ORIGINAL         |          LEARNT          | Progress |
|           |    Vars  Clauses Literals |    Limit  Clauses Lit/Cl |          |
===============================================================================
===============================================================================
restarts              : 1
conflicts             : 60             (40706 /sec)
decisions             : 73             (0.00 % random) (49525 /sec)
propagations          : 813            (551560 /sec)
conflict literals     : 200            (15.25 % deleted)
Memory used           : 20.00 MB
CPU time              : 0.001474 s

UNSATISFIABLE
