WARNING: for repeatability, setting FPU to use double precision
============================[ Problem Statistics ]=============================
|                                                                             |
|  Number of variables:            50                                         |
|  Number of clauses:             218                                         |
|  Parse time:                   0.00 s                                       |
|                                                                             |
============================[ Search Statistics ]==============================
| Conflicts |          ORIGINAL         |          LEARNT          | Progress |
|           |    Vars  Clauses Literals |    Limit  Clauses Lit/Cl |          |
===============================================================================
===============================================================================
restarts              : 1
conflicts             : 59             (40027 /sec)
decisions             : 64             (0.00 % random) (43419 /sec)
propagations          : 765            (518996 /sec)
conflict literals     : 192            (23.81 % deleted)
Memory used           : 20.00 MB
CPU time              : 0.001474 s

UNSATISFIABLE
