WARNING: for repeatability, setting FPU to use double precision
============================[ Problem Statistics ]=============================
|                                                                             |
|  Number of variables:            50                                         |
|  Number of clauses:             218                                         |
|  Parse time:                   0.00 s                                       |
|                                                                             |
============================[ Search Statistics ]==============================
| Conflicts |          ORIGINAL         |          LEARNT          | Progress |
|           |    Vars  Clauses Literals |    Limit  Clauses Lit/Cl |          |
===============================================================================
===============================================================================
restarts              : 1
conflicts             : 41             (29016 /sec)
decisions             : 47             (0.00 % random) (33263 /sec)
propagations          : 496            (351026 /sec)
conflict literals     : 110            (18.52 % deleted)
Memory used           : 20.00 MB
CPU time              : 0.001413 s

UNSATISFIABLE
