WARNING: for repeatability, setting FPU to use double precision
============================[ Problem Statistics ]=============================
|                                                                             |
|  Number of variables:            50                                         |
|  Number of clauses:             218                                         |
|  Parse time:                   0.00 s                                       |
|                                                                             |
============================[ Search Statistics ]==============================
| Conflicts |          ORIGINAL         |          LEARNT          | Progress |
|           |    Vars  Clauses Literals |    Limit  Clauses Lit/Cl |          |
===============================================================================
===============================================================================
restarts              : 1
conflicts             : 68             (40428 /sec)
decisions             : 77             (0.00 % random) (45779 /sec)
propagations          : 1053           (626040 /sec)
conflict literals     : 245            (17.23 % deleted)
Memory used           : 20.00 MB
CPU time              : 0.001682 s

UNSATISFIABLE
