WARNING: for repeatability, setting FPU to use double precision
============================[ Problem Statistics ]=============================
|                                                                             |
|  Number of variables:            50                                         |
|  Number of clauses:             218                                         |
|  Parse time:                   0.00 s                                       |
|                                                                             |
============================[ Search Statistics ]==============================
| Conflicts |          ORIGINAL         |          LEARNT          | Progress |
|           |    Vars  Clauses Literals |    Limit  Clauses Lit/Cl |          |
===============================================================================
===============================================================================
restarts              : 1
conflicts             : 85             (53797 /sec)
decisions             : 91             (0.00 % random) (57595 /sec)
propagations          : 1297           (820886 /sec)
conflict literals     : 333            (18.18 % deleted)
Memory used           : 20.00 MB
CPU time              : 0.00158 s

UNSATISFIABLE
