WARNING: for repeatability, setting FPU to use double precision
============================[ Problem Statistics ]=============================
|                                                                             |
|  Number of variables:            50                                         |
|  Number of clauses:             218                                         |
|  Parse time:                   0.00 s                                       |
|                                                                             |
============================[ Search Statistics ]==============================
| Conflicts |          ORIGINAL         |          LEARNT          | Progress |
|           |    Vars  Clauses Literals |    Limit  Clauses Lit/Cl |          |
===============================================================================
===============================================================================
restarts              : 1
conflicts             : 53             (35690 /sec)
decisions             : 58             (0.00 % random) (39057 /sec)
propagations          : 722            (486195 /sec)
conflict literals     : 197            (10.86 % deleted)
Memory used           : 20.00 MB
CPU time              : 0.001485 s

UNSATISFIABLE
