WARNING: for repeatability, setting FPU to use double precision
============================[ Problem Statistics ]=============================
|                                                                             |
|  Number of variables:            50                                         |
|  Number of clauses:             218                                         |
|  Parse time:                   0.00 s                                       |
|                                                                             |
============================[ Search Statistics ]==============================
| Conflicts |          ORIGINAL         |          LEARNT          | Progress |
|           |    Vars  Clauses Literals |    Limit  Clauses Lit/Cl |          |
===============================================================================
===============================================================================
restarts              : 1
conflicts             : 46             (31357 /sec)
decisions             : 50             (0.00 % random) (34083 /sec)
propagations          : 703            (479209 /sec)
conflict literals     : 156            (20.81 % deleted)
Memory used           : 20.00 MB
CPU time              : 0.001467 s

UNSATISFIABLE
