WARNING: for repeatability, setting FPU to use double precision
============================[ Problem Statistics ]=============================
|                                                                             |
|  Number of variables:            50                                         |
|  Number of clauses:             218                                         |
|  Parse time:                   0.00 s                                       |
|                                                                             |
============================[ Search Statistics ]==============================
| Conflicts |          ORIGINAL         |          LEARNT          | Progress |
|           |    Vars  Clauses Literals |    Limit  Clauses Lit/Cl |          |
===============================================================================
===============================================================================
restarts              : 1
conflicts             : 57             (38697 /sec)
decisions             : 66             (0.00 % random) (44807 /sec)
propagations          : 776            (526816 /sec)
conflict literals     : 194            (22.71 % deleted)
Memory used           : 20.00 MB
CPU time              : 0.001473 s

UNSATISFIABLE
