WARNING: for repeatability, setting FPU to use double precision
============================[ Problem Statistics ]=============================
|                                                                             |
|  Number of variables:            50                                         |
|  Number of clauses:             218                                         |
|  Parse time:                   0.00 s                                       |
|                                                                             |
============================[ Search Statistics ]==============================
| Conflicts |          ORIGINAL         |          LEARNT          | Progress |
|           |    Vars  Clauses Literals |    Limit  Clauses Lit/Cl |          |
===============================================================================
===============================================================================
restarts              : 1
conflicts             : 94             (368627 /sec)
decisions             : 101            (0.00 % random) (396078 /sec)
propagations          : 1335           (5235294 /sec)
conflict literals     : 382            (15.67 % deleted)
Memory used           : 20.00 MB
CPU time              : 0.000255 s

UNSATISFIABLE
