WARNING: for repeatability, setting FPU to use double precision
============================[ Problem Statistics ]=============================
|                                                                             |
|  Number of variables:            50                                         |
|  Number of clauses:             218                                         |
|  Parse time:                   0.00 s                                       |
|                                                                             |
============================[ Search Statistics ]==============================
| Conflicts |          ORIGINAL         |          LEARNT          | Progress |
|           |    Vars  Clauses Literals |    Limit  Clauses Lit/Cl |          |
===============================================================================
===============================================================================
restarts              : 1
conflicts             : 72             (47556 /sec)
decisions             : 78             (0.00 % random) (51519 /sec)
propagations          : 997            (658520 /sec)
conflict literals     : 228            (25.00 % deleted)
Memory used           : 20.00 MB
CPU time              : 0.001514 s

UNSATISFIABLE
