WARNING: for repeatability, setting FPU to use double precision
============================[ Problem Statistics ]=============================
|                                                                             |
|  Number of variables:            50                                         |
|  Number of clauses:             218                                         |
|  Parse time:                   0.00 s                                       |
|                                                                             |
============================[ Search Statistics ]==============================
| Conflicts |          ORIGINAL         |          LEARNT          | Progress |
|           |    Vars  Clauses Literals |    Limit  Clauses Lit/Cl |          |
===============================================================================
===============================================================================
restarts              : 1
conflicts             : 58             (39322 /sec)
decisions             : 60             (0.00 % random) (40678 /sec)
propagations          : 795            (538983 /sec)
conflict literals     : 181            (24.27 % deleted)
Memory used           : 20.00 MB
CPU time              : 0.001475 s

UNSATISFIABLE
