WARNING: for repeatability, setting FPU to use double precision
============================[ Problem Statistics ]=============================
|                                                                             |
|  Number of variables:            50                                         |
|  Number of clauses:             218                                         |
|  Parse time:                   0.00 s                                       |
|                                                                             |
============================[ Search Statistics ]==============================
| Conflicts |          ORIGINAL         |          LEARNT          | Progress |
|           |    Vars  Clauses Literals |    Limit  Clauses Lit/Cl |          |
===============================================================================
===============================================================================
restarts              : 1
conflicts             : 45             (176471 /sec)
decisions             : 52             (0.00 % random) (203922 /sec)
propagations          : 604            (2368627 /sec)
conflict literals     : 150            (25.37 % deleted)
Memory used           : 20.00 MB
CPU time              : 0.000255 s

UNSATISFIABLE
