WARNING: for repeatability, setting FPU to use double precision
============================[ Problem Statistics ]=============================
|                                                                             |
|  Number of variables:            50                                         |
|  Number of clauses:             218                                         |
|  Parse time:                   0.00 s                                       |
|                                                                             |
============================[ Search Statistics ]==============================
| Conflicts |          ORIGINAL         |          LEARNT          | Progress |
|           |    Vars  Clauses Literals |    Limit  Clauses Lit/Cl |          |
===============================================================================
===============================================================================
restarts              : 1
conflicts             : 90             (367347 /sec)
decisions             : 97             (0.00 % random) (395918 /sec)
propagations          : 1217           (4967347 /sec)
conflict literals     : 321            (24.11 % deleted)
Memory used           : 20.00 MB
CPU time              : 0.000245 s

UNSATISFIABLE
