WARNING: for repeatability, setting FPU to use double precision
============================[ Problem Statistics ]=============================
|                                                                             |
|  Number of variables:            50                                         |
|  Number of clauses:             218                                         |
|  Parse time:                   0.00 s                                       |
|                                                                             |
============================[ Search Statistics ]==============================
| Conflicts |          ORIGINAL         |          LEARNT          | Progress |
|           |    Vars  Clauses Literals |    Limit  Clauses Lit/Cl |          |
===============================================================================
===============================================================================
restarts              : 1
conflicts             : 71             (44739 /sec)
decisions             : 76             (0.00 % random) (47889 /sec)
propagations          : 1048           (660365 /sec)
conflict literals     : 242            (20.92 % deleted)
Memory used           : 20.00 MB
CPU time              : 0.001587 s

UNSATISFIABLE
