WARNING: for repeatability, setting FPU to use double precision
============================[ Problem Statistics ]=============================
|                                                                             |
|  Number of variables:            50                                         |
|  Number of clauses:             218                                         |
|  Parse time:                   0.00 s                                       |
|                                                                             |
============================[ Search Statistics ]==============================
| Conflicts |          ORIGINAL         |          LEARNT          | Progress |
|           |    Vars  Clauses Literals |    Limit  Clauses Lit/Cl |          |
===============================================================================
|       100 |      46      214      642 |       79       47      4 |  8.080 % |
===============================================================================
restarts              : 1
conflicts             : 102            (64030 /sec)
decisions             : 109            (0.00 % random) (68424 /sec)
propagations          : 1333           (836786 /sec)
conflict literals     : 430            (16.83 % deleted)
Memory used           : 20.00 MB
CPU time              : 0.001593 s

UNSATISFIABLE
