WARNING: for repeatability, setting FPU to use double precision
============================[ Problem Statistics ]=============================
|                                                                             |
|  Number of variables:            50                                         |
|  Number of clauses:             218                                         |
|  Parse time:                   0.00 s                                       |
|                                                                             |
============================[ Search Statistics ]==============================
| Conflicts |          ORIGINAL         |          LEARNT          | Progress |
|           |    Vars  Clauses Literals |    Limit  Clauses Lit/Cl |          |
===============================================================================
===============================================================================
restarts              : 1
conflicts             : 28             (19594 /sec)
decisions             : 35             (0.00 % random) (24493 /sec)
propagations          : 455            (318404 /sec)
conflict literals     : 90             (21.05 % deleted)
Memory used           : 20.00 MB
CPU time              : 0.001429 s

UNSATISFIABLE
