WARNING: for repeatability, setting FPU to use double precision
============================[ Problem Statistics ]=============================
|                                                                             |
|  Number of variables:            50                                         |
|  Number of clauses:             218                                         |
|  Parse time:                   0.00 s                                       |
|                                                                             |
============================[ Search Statistics ]==============================
| Conflicts |          ORIGINAL         |          LEARNT          | Progress |
|           |    Vars  Clauses Literals |    Limit  Clauses Lit/Cl |          |
===============================================================================
===============================================================================
restarts              : 1
conflicts             : 80             (311284 /sec)
decisions             : 91             (0.00 % random) (354086 /sec)
propagations          : 1201           (4673152 /sec)
conflict literals     : 306            (18.40 % deleted)
Memory used           : 20.00 MB
CPU time              : 0.000257 s

UNSATISFIABLE
