WARNING: for repeatability, setting FPU to use double precision
============================[ Problem Statistics ]=============================
|                                                                             |
|  Number of variables:            50                                         |
|  Number of clauses:             218                                         |
|  Parse time:                   0.00 s                                       |
|                                                                             |
============================[ Search Statistics ]==============================
| Conflicts |          ORIGINAL         |          LEARNT          | Progress |
|           |    Vars  Clauses Literals |    Limit  Clauses Lit/Cl |          |
===============================================================================
===============================================================================
restarts              : 1
conflicts             : 90             (57325 /sec)
decisions             : 102            (0.00 % random) (64968 /sec)
propagations          : 1328           (845860 /sec)
conflict literals     : 357            (21.88 % deleted)
Memory used           : 20.00 MB
CPU time              : 0.00157 s

UNSATISFIABLE
