WARNING: for repeatability, setting FPU to use double precision
============================[ Problem Statistics ]=============================
|                                                                             |
|  Number of variables:            50                                         |
|  Number of clauses:             218                                         |
|  Parse time:                   0.00 s                                       |
|                                                                             |
============================[ Search Statistics ]==============================
| Conflicts |          ORIGINAL         |          LEARNT          | Progress |
|           |    Vars  Clauses Literals |    Limit  Clauses Lit/Cl |          |
===============================================================================
===============================================================================
restarts              : 1
conflicts             : 67             (44786 /sec)
decisions             : 77             (0.00 % random) (51471 /sec)
propagations          : 998            (667112 /sec)
conflict literals     : 252            (21.50 % deleted)
Memory used           : 20.00 MB
CPU time              : 0.001496 s

UNSATISFIABLE
