WARNING: for repeatability, setting FPU to use double precision
============================[ Problem Statistics ]=============================
|                                                                             |
|  Number of variables:            50                                         |
|  Number of clauses:             218                                         |
|  Parse time:                   0.00 s                                       |
|                                                                             |
============================[ Search Statistics ]==============================
| Conflicts |          ORIGINAL         |          LEARNT          | Progress |
|           |    Vars  Clauses Literals |    Limit  Clauses Lit/Cl |          |
===============================================================================
===============================================================================
restarts              : 1
conflicts             : 57             (38025 /sec)
decisions             : 61             (0.00 % random) (40694 /sec)
propagations          : 830            (553702 /sec)
conflict literals     : 196            (20.33 % deleted)
Memory used           : 20.00 MB
CPU time              : 0.001499 s

UNSATISFIABLE
