WARNING: for repeatability, setting FPU to use double precision
============================[ Problem Statistics ]=============================
|                                                                             |
|  Number of variables:            50                                         |
|  Number of clauses:             218                                         |
|  Parse time:                   0.00 s                                       |
|                                                                             |
============================[ Search Statistics ]==============================
| Conflicts |          ORIGINAL         |          LEARNT          | Progress |
|           |    Vars  Clauses Literals |    Limit  Clauses Lit/Cl |          |
===============================================================================
===============================================================================
restarts              : 1
conflicts             : 60             (307692 /sec)
decisions             : 71             (0.00 % random) (364103 /sec)
propagations          : 844            (4328205 /sec)
conflict literals     : 218            (17.42 % deleted)
Memory used           : 20.00 MB
CPU time              : 0.000195 s

UNSATISFIABLE
