WARNING: for repeatability, setting FPU to use double precision
============================[ Problem Statistics ]=============================
|                                                                             |
|  Number of variables:            50                                         |
|  Number of clauses:             218                                         |
|  Parse time:                   0.00 s                                       |
|                                                                             |
============================[ Search Statistics ]==============================
| Conflicts |          ORIGINAL         |          LEARNT          | Progress |
|           |    Vars  Clauses Literals |    Limit  Clauses Lit/Cl |          |
===============================================================================
===============================================================================
restarts              : 1
conflicts             : 47             (32821 /sec)
decisions             : 57             (0.00 % random) (39804 /sec)
propagations          : 617            (430866 /sec)
conflict literals     : 175            (17.84 % deleted)
Memory used           : 20.00 MB
CPU time              : 0.001432 s

UNSATISFIABLE
