WARNING: for repeatability, setting FPU to use double precision
============================[ Problem Statistics ]=============================
|                                                                             |
|  Number of variables:            50                                         |
|  Number of clauses:             218                                         |
|  Parse time:                   0.00 s                                       |
|                                                                             |
============================[ Search Statistics ]==============================
| Conflicts |          ORIGINAL         |          LEARNT          | Progress |
|           |    Vars  Clauses Literals |    Limit  Clauses Lit/Cl |          |
===============================================================================
===============================================================================
restarts              : 1
conflicts             : 79             (51668 /sec)
decisions             : 83             (0.00 % random) (54284 /sec)
propagations          : 1000           (654022 /sec)
conflict literals     : 285            (14.93 % deleted)
Memory used           : 20.00 MB
CPU time              : 0.001529 s

UNSATISFIABLE
