WARNING: for repeatability, setting FPU to use double precision
============================[ Problem Statistics ]=============================
|                                                                             |
|  Number of variables:            50                                         |
|  Number of clauses:             218                                         |
|  Parse time:                   0.00 s                                       |
|                                                                             |
============================[ Search Statistics ]==============================
| Conflicts |          ORIGINAL         |          LEARNT          | Progress |
|           |    Vars  Clauses Literals |    Limit  Clauses Lit/Cl |          |
===============================================================================
===============================================================================
restarts              : 1
conflicts             : 86             (245014 /sec)
decisions             : 97             (0.00 % random) (276353 /sec)
propagations          : 1286           (3663818 /sec)
conflict literals     : 317            (18.09 % deleted)
Memory used           : 20.00 MB
CPU time              : 0.000351 s

UNSATISFIABLE
