WARNING: for repeatability, setting FPU to use double precision
============================[ Problem Statistics ]=============================
|                                                                             |
|  Number of variables:            50                                         |
|  Number of clauses:             218                                         |
|  Parse time:                   0.00 s                                       |
|                                                                             |
============================[ Search Statistics ]==============================
| Conflicts |          ORIGINAL         |          LEARNT          | Progress |
|           |    Vars  Clauses Literals |    Limit  Clauses Lit/Cl |          |
===============================================================================
===============================================================================
restarts              : 1
conflicts             : 65             (192308 /sec)
decisions             : 70             (0.00 % random) (207101 /sec)
propagations          : 912            (2698225 /sec)
conflict literals     : 212            (20.90 % deleted)
Memory used           : 20.00 MB
CPU time              : 0.000338 s

UNSATISFIABLE
