WARNING: for repeatability, setting FPU to use double precision
============================[ Problem Statistics ]=============================
|                                                                             |
|  Number of variables:            50                                         |
|  Number of clauses:             218                                         |
|  Parse time:                   0.00 s                                       |
|                                                                             |
============================[ Search Statistics ]==============================
| Conflicts |          ORIGINAL         |          LEARNT          | Progress |
|           |    Vars  Clauses Literals |    Limit  Clauses Lit/Cl |          |
===============================================================================
|       100 |      49      216      648 |       79       43      5 |  2.203 % |
===============================================================================
restarts              : 2
conflicts             : 112            (69093 /sec)
decisions             : 127            (0.00 % random) (78347 /sec)
propagations          : 1534           (946329 /sec)
conflict literals     : 537            (15.03 % deleted)
Memory used           : 20.00 MB
CPU time              : 0.001621 s

UNSATISFIABLE
