WARNING: for repeatability, setting FPU to use double precision
============================[ Problem Statistics ]=============================
|                                                                             |
|  Number of variables:            50                                         |
|  Number of clauses:             218                                         |
|  Parse time:                   0.00 s                                       |
|                                                                             |
============================[ Search Statistics ]==============================
| Conflicts |          ORIGINAL         |          LEARNT          | Progress |
|           |    Vars  Clauses Literals |    Limit  Clauses Lit/Cl |          |
===============================================================================
===============================================================================
restarts              : 1
conflicts             : 83             (50334 /sec)
decisions             : 94             (0.00 % random) (57004 /sec)
propagations          : 1196           (725288 /sec)
conflict literals     : 340            (17.27 % deleted)
Memory used           : 20.00 MB
CPU time              : 0.001649 s

UNSATISFIABLE
