WARNING: for repeatability, setting FPU to use double precision
============================[ Problem Statistics ]=============================
|                                                                             |
|  Number of variables:            50                                         |
|  Number of clauses:             218                                         |
|  Parse time:                   0.00 s                                       |
|                                                                             |
============================[ Search Statistics ]==============================
| Conflicts |          ORIGINAL         |          LEARNT          | Progress |
|           |    Vars  Clauses Literals |    Limit  Clauses Lit/Cl |          |
===============================================================================
|       100 |      50      218      654 |       79       61      5 |  0.125 % |
===============================================================================
restarts              : 2
conflicts             : 153            (85237 /sec)
decisions             : 175            (0.00 % random) (97493 /sec)
propagations          : 2370           (1320334 /sec)
conflict literals     : 738            (16.70 % deleted)
Memory used           : 20.00 MB
CPU time              : 0.001795 s

UNSATISFIABLE
