WARNING: for repeatability, setting FPU to use double precision
============================[ Problem Statistics ]=============================
|                                                                             |
|  Number of variables:            50                                         |
|  Number of clauses:             218                                         |
|  Parse time:                   0.00 s                                       |
|                                                                             |
============================[ Search Statistics ]==============================
| Conflicts |          ORIGINAL         |          LEARNT          | Progress |
|           |    Vars  Clauses Literals |    Limit  Clauses Lit/Cl |          |
===============================================================================
===============================================================================
restarts              : 1
conflicts             : 98             (62065 /sec)
decisions             : 105            (0.00 % random) (66498 /sec)
propagations          : 1390           (880304 /sec)
conflict literals     : 381            (19.11 % deleted)
Memory used           : 20.00 MB
CPU time              : 0.001579 s

UNSATISFIABLE
