WARNING: for repeatability, setting FPU to use double precision
============================[ Problem Statistics ]=============================
|                                                                             |
|  Number of variables:            50                                         |
|  Number of clauses:             218                                         |
|  Parse time:                   0.00 s                                       |
|                                                                             |
============================[ Search Statistics ]==============================
| Conflicts |          ORIGINAL         |          LEARNT          | Progress |
|           |    Vars  Clauses Literals |    Limit  Clauses Lit/Cl |          |
===============================================================================
===============================================================================
restarts              : 1
conflicts             : 77             (63795 /sec)
decisions             : 79             (0.00 % random) (65452 /sec)
propagations          : 1133           (938691 /sec)
conflict literals     : 292            (16.81 % deleted)
Memory used           : 20.00 MB
CPU time              : 0.001207 s

UNSATISFIABLE
