WARNING: for repeatability, setting FPU to use double precision
============================[ Problem Statistics ]=============================
|                                                                             |
|  Number of variables:            50                                         |
|  Number of clauses:             218                                         |
|  Parse time:                   0.00 s                                       |
|                                                                             |
============================[ Search Statistics ]==============================
| Conflicts |          ORIGINAL         |          LEARNT          | Progress |
|           |    Vars  Clauses Literals |    Limit  Clauses Lit/Cl |          |
===============================================================================
===============================================================================
restarts              : 1
conflicts             : 79             (52076 /sec)
decisions             : 90             (0.00 % random) (59328 /sec)
propagations          : 1027           (676994 /sec)
conflict literals     : 310            (12.68 % deleted)
Memory used           : 20.00 MB
CPU time              : 0.001517 s

UNSATISFIABLE
