WARNING: for repeatability, setting FPU to use double precision
============================[ Problem Statistics ]=============================
|                                                                             |
|  Number of variables:            50                                         |
|  Number of clauses:             218                                         |
|  Parse time:                   0.00 s                                       |
|                                                                             |
============================[ Search Statistics ]==============================
| Conflicts |          ORIGINAL         |          LEARNT          | Progress |
|           |    Vars  Clauses Literals |    Limit  Clauses Lit/Cl |          |
===============================================================================
===============================================================================
restarts              : 1
conflicts             : 91             (59206 /sec)
decisions             : 97             (0.00 % random) (63110 /sec)
propagations          : 1156           (752115 /sec)
conflict literals     : 333            (17.78 % deleted)
Memory used           : 20.00 MB
CPU time              : 0.001537 s

UNSATISFIABLE
