WARNING: for repeatability, setting FPU to use double precision
============================[ Problem Statistics ]=============================
|                                                                             |
|  Number of variables:            50                                         |
|  Number of clauses:             218                                         |
|  Parse time:                   0.00 s                                       |
|                                                                             |
============================[ Search Statistics ]==============================
| Conflicts |          ORIGINAL         |          LEARNT          | Progress |
|           |    Vars  Clauses Literals |    Limit  Clauses Lit/Cl |          |
===============================================================================
===============================================================================
restarts              : 1
conflicts             : 52             (191176 /sec)
decisions             : 52             (0.00 % random) (191176 /sec)
propagations          : 825            (3033088 /sec)
conflict literals     : 173            (24.78 % deleted)
Memory used           : 20.00 MB
CPU time              : 0.000272 s

UNSATISFIABLE
