WARNING: for repeatability, setting FPU to use double precision
============================[ Problem Statistics ]=============================
|                                                                             |
|  Number of variables:            50                                         |
|  Number of clauses:             218                                         |
|  Parse time:                   0.00 s                                       |
|                                                                             |
============================[ Search Statistics ]==============================
| Conflicts |          ORIGINAL         |          LEARNT          | Progress |
|           |    Vars  Clauses Literals |    Limit  Clauses Lit/Cl |          |
===============================================================================
===============================================================================
restarts              : 1
conflicts             : 60             (209790 /sec)
decisions             : 62             (0.00 % random) (216783 /sec)
propagations          : 845            (2954545 /sec)
conflict literals     : 233            (19.66 % deleted)
Memory used           : 20.00 MB
CPU time              : 0.000286 s

UNSATISFIABLE
