WARNING: for repeatability, setting FPU to use double precision
============================[ Problem Statistics ]=============================
|                                                                             |
|  Number of variables:            50                                         |
|  Number of clauses:             218                                         |
|  Parse time:                   0.00 s                                       |
|                                                                             |
============================[ Search Statistics ]==============================
| Conflicts |          ORIGINAL         |          LEARNT          | Progress |
|           |    Vars  Clauses Literals |    Limit  Clauses Lit/Cl |          |
===============================================================================
===============================================================================
restarts              : 1
conflicts             : 56             (37534 /sec)
decisions             : 65             (0.00 % random) (43566 /sec)
propagations          : 775            (519437 /sec)
conflict literals     : 178            (19.82 % deleted)
Memory used           : 20.00 MB
CPU time              : 0.001492 s

UNSATISFIABLE
