WARNING: for repeatability, setting FPU to use double precision
============================[ Problem Statistics ]=============================
|                                                                             |
|  Number of variables:            50                                         |
|  Number of clauses:             218                                         |
|  Parse time:                   0.00 s                                       |
|                                                                             |
============================[ Search Statistics ]==============================
| Conflicts |          ORIGINAL         |          LEARNT          | Progress |
|           |    Vars  Clauses Literals |    Limit  Clauses Lit/Cl |          |
===============================================================================
===============================================================================
restarts              : 1
conflicts             : 87             (56021 /sec)
decisions             : 101            (0.00 % random) (65035 /sec)
propagations          : 1110           (714746 /sec)
conflict literals     : 361            (17.95 % deleted)
Memory used           : 20.00 MB
CPU time              : 0.001553 s

UNSATISFIABLE
