WARNING: for repeatability, setting FPU to use double precision
============================[ Problem Statistics ]=============================
|                                                                             |
|  Number of variables:            50                                         |
|  Number of clauses:             218                                         |
|  Parse time:                   0.00 s                                       |
|                                                                             |
============================[ Search Statistics ]==============================
| Conflicts |          ORIGINAL         |          LEARNT          | Progress |
|           |    Vars  Clauses Literals |    Limit  Clauses Lit/Cl |          |
===============================================================================
===============================================================================
restarts              : 1
conflicts             : 53             (35146 /sec)
decisions             : 66             (0.00 % random) (43767 /sec)
propagations          : 725            (480769 /sec)
conflict literals     : 177            (18.43 % deleted)
Memory used           : 20.00 MB
CPU time              : 0.001508 s

UNSATISFIABLE
