WARNING: for repeatability, setting FPU to use double precision
============================[ Problem Statistics ]=============================
|                                                                             |
|  Number of variables:            50                                         |
|  Number of clauses:             218                                         |
|  Parse time:                   0.00 s                                       |
|                                                                             |
============================[ Search Statistics ]==============================
| Conflicts |          ORIGINAL         |          LEARNT          | Progress |
|           |    Vars  Clauses Literals |    Limit  Clauses Lit/Cl |          |
===============================================================================
===============================================================================
restarts              : 1
conflicts             : 57             (38410 /sec)
decisions             : 61             (0.00 % random) (41105 /sec)
propagations          : 817            (550539 /sec)
conflict literals     : 198            (17.84 % deleted)
Memory used           : 20.00 MB
CPU time              : 0.001484 s

UNSATISFIABLE
