WARNING: for repeatability, setting FPU to use double precision
============================[ Problem Statistics ]=============================
|                                                                             |
|  Number of variables:            50                                         |
|  Number of clauses:             218                                         |
|  Parse time:                   0.00 s                                       |
|                                                                             |
============================[ Search Statistics ]==============================
| Conflicts |          ORIGINAL         |          LEARNT          | Progress |
|           |    Vars  Clauses Literals |    Limit  Clauses Lit/Cl |          |
===============================================================================
===============================================================================
restarts              : 1
conflicts             : 93             (59961 /sec)
decisions             : 102            (0.00 % random) (65764 /sec)
propagations          : 1248           (804642 /sec)
conflict literals     : 376            (16.63 % deleted)
Memory used           : 20.00 MB
CPU time              : 0.001551 s

UNSATISFIABLE
