WARNING: for repeatability, setting FPU to use double precision
============================[ Problem Statistics ]=============================
|                                                                             |
|  Number of variables:            50                                         |
|  Number of clauses:             218                                         |
|  Parse time:                   0.00 s                                       |
|                                                                             |
============================[ Search Statistics ]==============================
| Conflicts |          ORIGINAL         |          LEARNT          | Progress |
|           |    Vars  Clauses Literals |    Limit  Clauses Lit/Cl |          |
===============================================================================
===============================================================================
restarts              : 1
conflicts             : 57             (38881 /sec)
decisions             : 59             (0.00 % random) (40246 /sec)
propagations          : 754            (514325 /sec)
conflict literals     : 197            (14.72 % deleted)
Memory used           : 20.00 MB
CPU time              : 0.001466 s

UNSATISFIABLE
