WARNING: for repeatability, setting FPU to use double precision
============================[ Problem Statistics ]=============================
|                                                                             |
|  Number of variables:            50                                         |
|  Number of clauses:             218                                         |
|  Parse time:                   0.00 s                                       |
|                                                                             |
============================[ Search Statistics ]==============================
| Conflicts |          ORIGINAL         |          LEARNT          | Progress |
|           |    Vars  Clauses Literals |    Limit  Clauses Lit/Cl |          |
===============================================================================
===============================================================================
restarts              : 1
conflicts             : 38             (26685 /sec)
decisions             : 46             (0.00 % random) (32303 /sec)
propagations          : 507            (356039 /sec)
conflict literals     : 120            (18.37 % deleted)
Memory used           : 20.00 MB
CPU time              : 0.001424 s

UNSATISFIABLE
