WARNING: for repeatability, setting FPU to use double precision
============================[ Problem Statistics ]=============================
|                                                                             |
|  Number of variables:            50                                         |
|  Number of clauses:             218                                         |
|  Parse time:                   0.00 s                                       |
|                                                                             |
============================[ Search Statistics ]==============================
| Conflicts |          ORIGINAL         |          LEARNT          | Progress |
|           |    Vars  Clauses Literals |    Limit  Clauses Lit/Cl |          |
===============================================================================
===============================================================================
restarts              : 1
conflicts             : 66             (44088 /sec)
decisions             : 71             (0.00 % random) (47428 /sec)
propagations          : 1056           (705411 /sec)
conflict literals     : 234            (24.27 % deleted)
Memory used           : 20.00 MB
CPU time              : 0.001497 s

UNSATISFIABLE
