WARNING: for repeatability, setting FPU to use double precision
============================[ Problem Statistics ]=============================
|                                                                             |
|  Number of variables:            50                                         |
|  Number of clauses:             218                                         |
|  Parse time:                   0.00 s                                       |
|                                                                             |
============================[ Search Statistics ]==============================
| Conflicts |          ORIGINAL         |          LEARNT          | Progress |
|           |    Vars  Clauses Literals |    Limit  Clauses Lit/Cl |          |
===============================================================================
===============================================================================
restarts              : 1
conflicts             : 74             (48845 /sec)
decisions             : 78             (0.00 % random) (51485 /sec)
propagations          : 923            (609241 /sec)
conflict literals     : 268            (16.25 % deleted)
Memory used           : 20.00 MB
CPU time              : 0.001515 s

UNSATISFIABLE
