WARNING: for repeatability, setting FPU to use double precision
============================[ Problem Statistics ]=============================
|                                                                             |
|  Number of variables:            50                                         |
|  Number of clauses:             218                                         |
|  Parse time:                   0.00 s                                       |
|                                                                             |
============================[ Search Statistics ]==============================
| Conflicts |          ORIGINAL         |          LEARNT          | Progress |
|           |    Vars  Clauses Literals |    Limit  Clauses Lit/Cl |          |
===============================================================================
===============================================================================
restarts              : 1
conflicts             : 75             (360577 /sec)
decisions             : 81             (0.00 % random) (389423 /sec)
propagations          : 964            (4634615 /sec)
conflict literals     : 304            (14.37 % deleted)
Memory used           : 20.00 MB
CPU time              : 0.000208 s

UNSATISFIABLE
