WARNING: for repeatability, setting FPU to use double precision
============================[ Problem Statistics ]=============================
|                                                                             |
|  Number of variables:            50                                         |
|  Number of clauses:             218                                         |
|  Parse time:                   0.00 s                                       |
|                                                                             |
============================[ Search Statistics ]==============================
| Conflicts |          ORIGINAL         |          LEARNT          | Progress |
|           |    Vars  Clauses Literals |    Limit  Clauses Lit/Cl |          |
===============================================================================
===============================================================================
restarts              : 1
conflicts             : 53             (191336 /sec)
decisions             : 62             (0.00 % random) (223827 /sec)
propagations          : 737            (2660650 /sec)
conflict literals     : 160            (21.18 % deleted)
Memory used           : 20.00 MB
CPU time              : 0.000277 s

UNSATISFIABLE
