WARNING: for repeatability, setting FPU to use double precision
============================[ Problem Statistics ]=============================
|                                                                             |
|  Number of variables:            50                                         |
|  Number of clauses:             218                                         |
|  Parse time:                   0.00 s                                       |
|                                                                             |
============================[ Search Statistics ]==============================
| Conflicts |          ORIGINAL         |          LEARNT          | Progress |
|           |    Vars  Clauses Literals |    Limit  Clauses Lit/Cl |          |
===============================================================================
===============================================================================
restarts              : 1
conflicts             : 62             (41196 /sec)
decisions             : 63             (0.00 % random) (41860 /sec)
propagations          : 972            (645847 /sec)
conflict literals     : 241            (22.01 % deleted)
Memory used           : 20.00 MB
CPU time              : 0.001505 s

UNSATISFIABLE
