WARNING: for repeatability, setting FPU to use double precision
============================[ Problem Statistics ]=============================
|                                                                             |
|  Number of variables:            50                                         |
|  Number of clauses:             218                                         |
|  Parse time:                   0.00 s                                       |
|                                                                             |
============================[ Search Statistics ]==============================
| Conflicts |          ORIGINAL         |          LEARNT          | Progress |
|           |    Vars  Clauses Literals |    Limit  Clauses Lit/Cl |          |
===============================================================================
===============================================================================
restarts              : 1
conflicts             : 89             (57531 /sec)
decisions             : 105            (0.00 % random) (67873 /sec)
propagations          : 1282           (828701 /sec)
conflict literals     : 365            (16.67 % deleted)
Memory used           : 20.00 MB
CPU time              : 0.001547 s

UNSATISFIABLE
