WARNING: for repeatability, setting FPU to use double precision
============================[ Problem Statistics ]=============================
|                                                                             |
|  Number of variables:            50                                         |
|  Number of clauses:             218                                         |
|  Parse time:                   0.00 s                                       |
|                                                                             |
============================[ Search Statistics ]==============================
| Conflicts |          ORIGINAL         |          LEARNT          | Progress |
|           |    Vars  Clauses Literals |    Limit  Clauses Lit/Cl |          |
===============================================================================
===============================================================================
restarts              : 1
conflicts             : 58             (39590 /sec)
decisions             : 65             (0.00 % random) (44369 /sec)
propagations          : 870            (593857 /sec)
conflict literals     : 224            (18.55 % deleted)
Memory used           : 20.00 MB
CPU time              : 0.001465 s

UNSATISFIABLE
