WARNING: for repeatability, setting FPU to use double precision
============================[ Problem Statistics ]=============================
|                                                                             |
|  Number of variables:            50                                         |
|  Number of clauses:             218                                         |
|  Parse time:                   0.00 s                                       |
|                                                                             |
============================[ Search Statistics ]==============================
| Conflicts |          ORIGINAL         |          LEARNT          | Progress |
|           |    Vars  Clauses Literals |    Limit  Clauses Lit/Cl |          |
===============================================================================
===============================================================================
restarts              : 1
conflicts             : 47             (326389 /sec)
decisions             : 57             (0.00 % random) (395833 /sec)
propagations          : 643            (4465278 /sec)
conflict literals     : 154            (12.00 % deleted)
Memory used           : 20.00 MB
CPU time              : 0.000144 s

UNSATISFIABLE
