WARNING: for repeatability, setting FPU to use double precision
============================[ Problem Statistics ]=============================
|                                                                             |
|  Number of variables:            50                                         |
|  Number of clauses:             218                                         |
|  Parse time:                   0.00 s                                       |
|                                                                             |
============================[ Search Statistics ]==============================
| Conflicts |          ORIGINAL         |          LEARNT          | Progress |
|           |    Vars  Clauses Literals |    Limit  Clauses Lit/Cl |          |
===============================================================================
===============================================================================
restarts              : 1
conflicts             : 99             (360000 /sec)
decisions             : 117            (0.00 % random) (425455 /sec)
propagations          : 1338           (4865455 /sec)
conflict literals     : 436            (12.63 % deleted)
Memory used           : 20.00 MB
CPU time              : 0.000275 s

UNSATISFIABLE
