WARNING: for repeatability, setting FPU to use double precision
============================[ Problem Statistics ]=============================
|                                                                             |
|  Number of variables:            50                                         |
|  Number of clauses:             218                                         |
|  Parse time:                   0.00 s                                       |
|                                                                             |
============================[ Search Statistics ]==============================
| Conflicts |          ORIGINAL         |          LEARNT          | Progress |
|           |    Vars  Clauses Literals |    Limit  Clauses Lit/Cl |          |
===============================================================================
===============================================================================
restarts              : 1
conflicts             : 43             (30028 /sec)
decisions             : 53             (0.00 % random) (37011 /sec)
propagations          : 608            (424581 /sec)
conflict literals     : 116            (19.44 % deleted)
Memory used           : 20.00 MB
CPU time              : 0.001432 s

UNSATISFIABLE
