WARNING: for repeatability, setting FPU to use double precision
============================[ Problem Statistics ]=============================
|                                                                             |
|  Number of variables:            50                                         |
|  Number of clauses:             218                                         |
|  Parse time:                   0.00 s                                       |
|                                                                             |
============================[ Search Statistics ]==============================
| Conflicts |          ORIGINAL         |          LEARNT          | Progress |
|           |    Vars  Clauses Literals |    Limit  Clauses Lit/Cl |          |
===============================================================================
===============================================================================
restarts              : 1
conflicts             : 18             (13034 /sec)
decisions             : 22             (0.00 % random) (15930 /sec)
propagations          : 252            (182476 /sec)
conflict literals     : 49             (12.50 % deleted)
Memory used           : 20.00 MB
CPU time              : 0.001381 s

UNSATISFIABLE
