WARNING: for repeatability, setting FPU to use double precision
============================[ Problem Statistics ]=============================
|                                                                             |
|  Number of variables:            50                                         |
|  Number of clauses:             218                                         |
|  Parse time:                   0.00 s                                       |
|                                                                             |
============================[ Search Statistics ]==============================
| Conflicts |          ORIGINAL         |          LEARNT          | Progress |
|           |    Vars  Clauses Literals |    Limit  Clauses Lit/Cl |          |
===============================================================================
===============================================================================
restarts              : 1
conflicts             : 59             (40246 /sec)
decisions             : 65             (0.00 % random) (44338 /sec)
propagations          : 829            (565484 /sec)
conflict literals     : 242            (11.03 % deleted)
Memory used           : 20.00 MB
CPU time              : 0.001466 s

UNSATISFIABLE
