WARNING: for repeatability, setting FPU to use double precision
============================[ Problem Statistics ]=============================
|                                                                             |
|  Number of variables:            50                                         |
|  Number of clauses:             218                                         |
|  Parse time:                   0.00 s                                       |
|                                                                             |
============================[ Search Statistics ]==============================
| Conflicts |          ORIGINAL         |          LEARNT          | Progress |
|           |    Vars  Clauses Literals |    Limit  Clauses Lit/Cl |          |
===============================================================================
===============================================================================
restarts              : 1
conflicts             : 52             (36186 /sec)
decisions             : 59             (0.00 % random) (41058 /sec)
propagations          : 617            (429367 /sec)
conflict literals     : 170            (21.66 % deleted)
Memory used           : 20.00 MB
CPU time              : 0.001437 s

UNSATISFIABLE
