WARNING: for repeatability, setting FPU to use double precision
============================[ Problem Statistics ]=============================
|                                                                             |
|  Number of variables:            50                                         |
|  Number of clauses:             218                                         |
|  Parse time:                   0.00 s                                       |
|                                                                             |
============================[ Search Statistics ]==============================
| Conflicts |          ORIGINAL         |          LEARNT          | Progress |
|           |    Vars  Clauses Literals |    Limit  Clauses Lit/Cl |          |
===============================================================================
===============================================================================
restarts              : 1
conflicts             : 63             (318182 /sec)
decisions             : 74             (0.00 % random) (373737 /sec)
propagations          : 883            (4459596 /sec)
conflict literals     : 220            (14.73 % deleted)
Memory used           : 20.00 MB
CPU time              : 0.000198 s

UNSATISFIABLE
