WARNING: for repeatability, setting FPU to use double precision
============================[ Problem Statistics ]=============================
|                                                                             |
|  Number of variables:            50                                         |
|  Number of clauses:             218                                         |
|  Parse time:                   0.00 s                                       |
|                                                                             |
============================[ Search Statistics ]==============================
| Conflicts |          ORIGINAL         |          LEARNT          | Progress |
|           |    Vars  Clauses Literals |    Limit  Clauses Lit/Cl |          |
===============================================================================
===============================================================================
restarts              : 1
conflicts             : 48             (32720 /sec)
decisions             : 62             (0.00 % random) (42263 /sec)
propagations          : 719            (490116 /sec)
conflict literals     : 166            (17.82 % deleted)
Memory used           : 20.00 MB
CPU time              : 0.001467 s

UNSATISFIABLE
