WARNING: for repeatability, setting FPU to use double precision
============================[ Problem Statistics ]=============================
|                                                                             |
|  Number of variables:            50                                         |
|  Number of clauses:             218                                         |
|  Parse time:                   0.00 s                                       |
|                                                                             |
============================[ Search Statistics ]==============================
| Conflicts |          ORIGINAL         |          LEARNT          | Progress |
|           |    Vars  Clauses Literals |    Limit  Clauses Lit/Cl |          |
===============================================================================
===============================================================================
restarts              : 1
conflicts             : 35             (inf /sec)
decisions             : 37             (0.00 % random) (inf /sec)
propagations          : 446            (inf /sec)
conflict literals     : 103            (24.26 % deleted)
Memory used           : 20.00 MB
CPU time              : 0 s

UNSATISFIABLE
