WARNING: for repeatability, setting FPU to use double precision
============================[ Problem Statistics ]=============================
|                                                                             |
|  Number of variables:            50                                         |
|  Number of clauses:             218                                         |
|  Parse time:                   0.00 s                                       |
|                                                                             |
============================[ Search Statistics ]==============================
| Conflicts |          ORIGINAL         |          LEARNT          | Progress |
|           |    Vars  Clauses Literals |    Limit  Clauses Lit/Cl |          |
===============================================================================
===============================================================================
restarts              : 1
conflicts             : 56             (262911 /sec)
decisions             : 60             (0.00 % random) (281690 /sec)
propagations          : 794            (3727700 /sec)
conflict literals     : 220            (16.35 % deleted)
Memory used           : 20.00 MB
CPU time              : 0.000213 s

UNSATISFIABLE
