WARNING: for repeatability, setting FPU to use double precision
============================[ Problem Statistics ]=============================
|                                                                             |
|  Number of variables:            50                                         |
|  Number of clauses:             218                                         |
|  Parse time:                   0.00 s                                       |
|                                                                             |
============================[ Search Statistics ]==============================
| Conflicts |          ORIGINAL         |          LEARNT          | Progress |
|           |    Vars  Clauses Literals |    Limit  Clauses Lit/Cl |          |
===============================================================================
===============================================================================
restarts              : 1
conflicts             : 50             (34294 /sec)
decisions             : 53             (0.00 % random) (36351 /sec)
propagations          : 682            (467764 /sec)
conflict literals     : 173            (16.43 % deleted)
Memory used           : 20.00 MB
CPU time              : 0.001458 s

UNSATISFIABLE
