WARNING: for repeatability, setting FPU to use double precision
============================[ Problem Statistics ]=============================
|                                                                             |
|  Number of variables:            50                                         |
|  Number of clauses:             218                                         |
|  Parse time:                   0.00 s                                       |
|                                                                             |
============================[ Search Statistics ]==============================
| Conflicts |          ORIGINAL         |          LEARNT          | Progress |
|           |    Vars  Clauses Literals |    Limit  Clauses Lit/Cl |          |
===============================================================================
===============================================================================
restarts              : 1
conflicts             : 66             (202454 /sec)
decisions             : 70             (0.00 % random) (214724 /sec)
propagations          : 934            (2865031 /sec)
conflict literals     : 230            (17.27 % deleted)
Memory used           : 20.00 MB
CPU time              : 0.000326 s

UNSATISFIABLE
