WARNING: for repeatability, setting FPU to use double precision
============================[ Problem Statistics ]=============================
|                                                                             |
|  Number of variables:            50                                         |
|  Number of clauses:             218                                         |
|  Parse time:                   0.00 s                                       |
|                                                                             |
============================[ Search Statistics ]==============================
| Conflicts |          ORIGINAL         |          LEARNT          | Progress |
|           |    Vars  Clauses Literals |    Limit  Clauses Lit/Cl |          |
===============================================================================
===============================================================================
restarts              : 1
conflicts             : 34             (155963 /sec)
decisions             : 40             (0.00 % random) (183486 /sec)
propagations          : 505            (2316514 /sec)
conflict literals     : 90             (29.13 % deleted)
Memory used           : 20.00 MB
CPU time              : 0.000218 s

UNSATISFIABLE
