WARNING: for repeatability, setting FPU to use double precision
============================[ Problem Statistics ]=============================
|                                                                             |
|  Number of variables:            50                                         |
|  Number of clauses:             218                                         |
|  Parse time:                   0.00 s                                       |
|                                                                             |
============================[ Search Statistics ]==============================
| Conflicts |          ORIGINAL         |          LEARNT          | Progress |
|           |    Vars  Clauses Literals |    Limit  Clauses Lit/Cl |          |
===============================================================================
|       100 |      39      213      639 |       79       41      4 | 22.122 % |
===============================================================================
restarts              : 2
conflicts             : 105            (336538 /sec)
decisions             : 115            (0.00 % random) (368590 /sec)
propagations          : 1459           (4676282 /sec)
conflict literals     : 447            (15.02 % deleted)
Memory used           : 20.00 MB
CPU time              : 0.000312 s

UNSATISFIABLE
