WARNING: for repeatability, setting FPU to use double precision
============================[ Problem Statistics ]=============================
|                                                                             |
|  Number of variables:            50                                         |
|  Number of clauses:             218                                         |
|  Parse time:                   0.00 s                                       |
|                                                                             |
============================[ Search Statistics ]==============================
| Conflicts |          ORIGINAL         |          LEARNT          | Progress |
|           |    Vars  Clauses Literals |    Limit  Clauses Lit/Cl |          |
===============================================================================
===============================================================================
restarts              : 1
conflicts             : 86             (322097 /sec)
decisions             : 105            (0.00 % random) (393258 /sec)
propagations          : 1279           (4790262 /sec)
conflict literals     : 330            (21.43 % deleted)
Memory used           : 20.00 MB
CPU time              : 0.000267 s

UNSATISFIABLE
