WARNING: for repeatability, setting FPU to use double precision
============================[ Problem Statistics ]=============================
|                                                                             |
|  Number of variables:            50                                         |
|  Number of clauses:             218                                         |
|  Parse time:                   0.00 s                                       |
|                                                                             |
============================[ Search Statistics ]==============================
| Conflicts |          ORIGINAL         |          LEARNT          | Progress |
|           |    Vars  Clauses Literals |    Limit  Clauses Lit/Cl |          |
===============================================================================
===============================================================================
restarts              : 1
conflicts             : 63             (42367 /sec)
decisions             : 73             (0.00 % random) (49092 /sec)
propagations          : 855            (574983 /sec)
conflict literals     : 226            (19.57 % deleted)
Memory used           : 20.00 MB
CPU time              : 0.001487 s

UNSATISFIABLE
