WARNING: for repeatability, setting FPU to use double precision
============================[ Problem Statistics ]=============================
|                                                                             |
|  Number of variables:            50                                         |
|  Number of clauses:             218                                         |
|  Parse time:                   0.00 s                                       |
|                                                                             |
============================[ Search Statistics ]==============================
| Conflicts |          ORIGINAL         |          LEARNT          | Progress |
|           |    Vars  Clauses Literals |    Limit  Clauses Lit/Cl |          |
===============================================================================
===============================================================================
restarts              : 1
conflicts             : 77             (50758 /sec)
decisions             : 88             (0.00 % random) (58009 /sec)
propagations          : 1075           (708635 /sec)
conflict literals     : 287            (16.33 % deleted)
Memory used           : 20.00 MB
CPU time              : 0.001517 s

UNSATISFIABLE
