WARNING: for repeatability, setting FPU to use double precision
============================[ Problem Statistics ]=============================
|                                                                             |
|  Number of variables:            50                                         |
|  Number of clauses:             218                                         |
|  Parse time:                   0.00 s                                       |
|                                                                             |
============================[ Search Statistics ]==============================
| Conflicts |          ORIGINAL         |          LEARNT          | Progress |
|           |    Vars  Clauses Literals |    Limit  Clauses Lit/Cl |          |
===============================================================================
===============================================================================
restarts              : 1
conflicts             : 86             (54430 /sec)
decisions             : 98             (0.00 % random) (62025 /sec)
propagations          : 1230           (778481 /sec)
conflict literals     : 338            (14.86 % deleted)
Memory used           : 20.00 MB
CPU time              : 0.00158 s

UNSATISFIABLE
