WARNING: for repeatability, setting FPU to use double precision
============================[ Problem Statistics ]=============================
|                                                                             |
|  Number of variables:            50                                         |
|  Number of clauses:             218                                         |
|  Parse time:                   0.00 s                                       |
|                                                                             |
============================[ Search Statistics ]==============================
| Conflicts |          ORIGINAL         |          LEARNT          | Progress |
|           |    Vars  Clauses Literals |    Limit  Clauses Lit/Cl |          |
===============================================================================
===============================================================================
restarts              : 1
conflicts             : 75             (50067 /sec)
decisions             : 92             (0.00 % random) (61415 /sec)
propagations          : 1064           (710280 /sec)
conflict literals     : 311            (16.17 % deleted)
Memory used           : 20.00 MB
CPU time              : 0.001498 s

UNSATISFIABLE
