WARNING: for repeatability, setting FPU to use double precision
============================[ Problem Statistics ]=============================
|                                                                             |
|  Number of variables:            50                                         |
|  Number of clauses:             218                                         |
|  Parse time:                   0.00 s                                       |
|                                                                             |
============================[ Search Statistics ]==============================
| Conflicts |          ORIGINAL         |          LEARNT          | Progress |
|           |    Vars  Clauses Literals |    Limit  Clauses Lit/Cl |          |
===============================================================================
===============================================================================
restarts              : 1
conflicts             : 54             (36685 /sec)
decisions             : 59             (0.00 % random) (40082 /sec)
propagations          : 809            (549592 /sec)
conflict literals     : 186            (17.33 % deleted)
Memory used           : 20.00 MB
CPU time              : 0.001472 s

UNSATISFIABLE
