WARNING: for repeatability, setting FPU to use double precision
============================[ Problem Statistics ]=============================
|                                                                             |
|  Number of variables:            50                                         |
|  Number of clauses:             218                                         |
|  Parse time:                   0.00 s                                       |
|                                                                             |
============================[ Search Statistics ]==============================
| Conflicts |          ORIGINAL         |          LEARNT          | Progress |
|           |    Vars  Clauses Literals |    Limit  Clauses Lit/Cl |          |
===============================================================================
===============================================================================
restarts              : 1
conflicts             : 32             (23055 /sec)
decisions             : 37             (0.00 % random) (26657 /sec)
propagations          : 401            (288905 /sec)
conflict literals     : 91             (17.27 % deleted)
Memory used           : 20.00 MB
CPU time              : 0.001388 s

UNSATISFIABLE
