WARNING: for repeatability, setting FPU to use double precision
============================[ Problem Statistics ]=============================
|                                                                             |
|  Number of variables:            50                                         |
|  Number of clauses:             218                                         |
|  Parse time:                   0.00 s                                       |
|                                                                             |
============================[ Search Statistics ]==============================
| Conflicts |          ORIGINAL         |          LEARNT          | Progress |
|           |    Vars  Clauses Literals |    Limit  Clauses Lit/Cl |          |
===============================================================================
===============================================================================
restarts              : 1
conflicts             : 87             (55805 /sec)
decisions             : 101            (0.00 % random) (64785 /sec)
propagations          : 1197           (767800 /sec)
conflict literals     : 340            (22.90 % deleted)
Memory used           : 20.00 MB
CPU time              : 0.001559 s

UNSATISFIABLE
