WARNING: for repeatability, setting FPU to use double precision
============================[ Problem Statistics ]=============================
|                                                                             |
|  Number of variables:            50                                         |
|  Number of clauses:             218                                         |
|  Parse time:                   0.00 s                                       |
|                                                                             |
============================[ Search Statistics ]==============================
| Conflicts |          ORIGINAL         |          LEARNT          | Progress |
|           |    Vars  Clauses Literals |    Limit  Clauses Lit/Cl |          |
===============================================================================
===============================================================================
restarts              : 1
conflicts             : 67             (44254 /sec)
decisions             : 80             (0.00 % random) (52840 /sec)
propagations          : 1145           (756275 /sec)
conflict literals     : 270            (16.15 % deleted)
Memory used           : 20.00 MB
CPU time              : 0.001514 s

UNSATISFIABLE
