WARNING: for repeatability, setting FPU to use double precision
============================[ Problem Statistics ]=============================
|                                                                             |
|  Number of variables:            50                                         |
|  Number of clauses:             218                                         |
|  Parse time:                   0.00 s                                       |
|                                                                             |
============================[ Search Statistics ]==============================
| Conflicts |          ORIGINAL         |          LEARNT          | Progress |
|           |    Vars  Clauses Literals |    Limit  Clauses Lit/Cl |          |
===============================================================================
===============================================================================
restarts              : 1
conflicts             : 73             (47433 /sec)
decisions             : 83             (0.00 % random) (53931 /sec)
propagations          : 1107           (719298 /sec)
conflict literals     : 272            (17.33 % deleted)
Memory used           : 20.00 MB
CPU time              : 0.001539 s

UNSATISFIABLE
