WARNING: for repeatability, setting FPU to use double precision
============================[ Problem Statistics ]=============================
|                                                                             |
|  Number of variables:            50                                         |
|  Number of clauses:             218                                         |
|  Parse time:                   0.00 s                                       |
|                                                                             |
============================[ Search Statistics ]==============================
| Conflicts |          ORIGINAL         |          LEARNT          | Progress |
|           |    Vars  Clauses Literals |    Limit  Clauses Lit/Cl |          |
===============================================================================
|       100 |      48      212      636 |       79       59      4 |  4.200 % |
===============================================================================
restarts              : 2
conflicts             : 104            (260000 /sec)
decisions             : 133            (0.00 % random) (332500 /sec)
propagations          : 1423           (3557500 /sec)
conflict literals     : 407            (14.85 % deleted)
Memory used           : 20.00 MB
CPU time              : 0.0004 s

UNSATISFIABLE
