WARNING: for repeatability, setting FPU to use double precision
============================[ Problem Statistics ]=============================
|                                                                             |
|  Number of variables:            50                                         |
|  Number of clauses:             218                                         |
|  Parse time:                   0.00 s                                       |
|                                                                             |
============================[ Search Statistics ]==============================
| Conflicts |          ORIGINAL         |          LEARNT          | Progress |
|           |    Vars  Clauses Literals |    Limit  Clauses Lit/Cl |          |
===============================================================================
===============================================================================
restarts              : 1
conflicts             : 94             (58240 /sec)
decisions             : 112            (0.00 % random) (69393 /sec)
propagations          : 1296           (802974 /sec)
conflict literals     : 395            (17.88 % deleted)
Memory used           : 20.00 MB
CPU time              : 0.001614 s

UNSATISFIABLE
