WARNING: for repeatability, setting FPU to use double precision
============================[ Problem Statistics ]=============================
|                                                                             |
|  Number of variables:            50                                         |
|  Number of clauses:             218                                         |
|  Parse time:                   0.00 s                                       |
|                                                                             |
============================[ Search Statistics ]==============================
| Conflicts |          ORIGINAL         |          LEARNT          | Progress |
|           |    Vars  Clauses Literals |    Limit  Clauses Lit/Cl |          |
===============================================================================
|       100 |      48      211      633 |       79       50      4 |  4.280 % |
===============================================================================
restarts              : 2
conflicts             : 109            (347134 /sec)
decisions             : 119            (0.00 % random) (378981 /sec)
propagations          : 1592           (5070064 /sec)
conflict literals     : 428            (19.40 % deleted)
Memory used           : 20.00 MB
CPU time              : 0.000314 s

UNSATISFIABLE
