WARNING: for repeatability, setting FPU to use double precision
============================[ Problem Statistics ]=============================
|                                                                             |
|  Number of variables:            50                                         |
|  Number of clauses:             218                                         |
|  Parse time:                   0.00 s                                       |
|                                                                             |
============================[ Search Statistics ]==============================
| Conflicts |          ORIGINAL         |          LEARNT          | Progress |
|           |    Vars  Clauses Literals |    Limit  Clauses Lit/Cl |          |
===============================================================================
===============================================================================
restarts              : 1
conflicts             : 82             (330645 /sec)
decisions             : 99             (0.00 % random) (399194 /sec)
propagations          : 1237           (4987903 /sec)
conflict literals     : 285            (25.78 % deleted)
Memory used           : 20.00 MB
CPU time              : 0.000248 s

UNSATISFIABLE
