WARNING: for repeatability, setting FPU to use double precision
============================[ Problem Statistics ]=============================
|                                                                             |
|  Number of variables:            50                                         |
|  Number of clauses:             218                                         |
|  Parse time:                   0.00 s                                       |
|                                                                             |
============================[ Search Statistics ]==============================
| Conflicts |          ORIGINAL         |          LEARNT          | Progress |
|           |    Vars  Clauses Literals |    Limit  Clauses Lit/Cl |          |
===============================================================================
===============================================================================
restarts              : 1
conflicts             : 59             (40578 /sec)
decisions             : 68             (0.00 % random) (46768 /sec)
propagations          : 761            (523384 /sec)
conflict literals     : 221            (10.89 % deleted)
Memory used           : 20.00 MB
CPU time              : 0.001454 s

UNSATISFIABLE
