WARNING: for repeatability, setting FPU to use double precision
============================[ Problem Statistics ]=============================
|                                                                             |
|  Number of variables:            50                                         |
|  Number of clauses:             218                                         |
|  Parse time:                   0.00 s                                       |
|                                                                             |
============================[ Search Statistics ]==============================
| Conflicts |          ORIGINAL         |          LEARNT          | Progress |
|           |    Vars  Clauses Literals |    Limit  Clauses Lit/Cl |          |
===============================================================================
===============================================================================
restarts              : 1
conflicts             : 97             (61509 /sec)
decisions             : 117            (0.00 % random) (74192 /sec)
propagations          : 1324           (839569 /sec)
conflict literals     : 369            (22.15 % deleted)
Memory used           : 20.00 MB
CPU time              : 0.001577 s

UNSATISFIABLE
