WARNING: for repeatability, setting FPU to use double precision
============================[ Problem Statistics ]=============================
|                                                                             |
|  Number of variables:            50                                         |
|  Number of clauses:             218                                         |
|  Parse time:                   0.00 s                                       |
|                                                                             |
============================[ Search Statistics ]==============================
| Conflicts |          ORIGINAL         |          LEARNT          | Progress |
|           |    Vars  Clauses Literals |    Limit  Clauses Lit/Cl |          |
===============================================================================
===============================================================================
restarts              : 1
conflicts             : 73             (48090 /sec)
decisions             : 91             (0.00 % random) (59947 /sec)
propagations          : 981            (646245 /sec)
conflict literals     : 237            (23.05 % deleted)
Memory used           : 20.00 MB
CPU time              : 0.001518 s

UNSATISFIABLE
