WARNING: for repeatability, setting FPU to use double precision
============================[ Problem Statistics ]=============================
|                                                                             |
|  Number of variables:            50                                         |
|  Number of clauses:             218                                         |
|  Parse time:                   0.00 s                                       |
|                                                                             |
============================[ Search Statistics ]==============================
| Conflicts |          ORIGINAL         |          LEARNT          | Progress |
|           |    Vars  Clauses Literals |    Limit  Clauses Lit/Cl |          |
===============================================================================
===============================================================================
restarts              : 1
conflicts             : 69             (45939 /sec)
decisions             : 71             (0.00 % random) (47270 /sec)
propagations          : 913            (607856 /sec)
conflict literals     : 274            (13.29 % deleted)
Memory used           : 20.00 MB
CPU time              : 0.001502 s

UNSATISFIABLE
