WARNING: for repeatability, setting FPU to use double precision
============================[ Problem Statistics ]=============================
|                                                                             |
|  Number of variables:            50                                         |
|  Number of clauses:             218                                         |
|  Parse time:                   0.00 s                                       |
|                                                                             |
============================[ Search Statistics ]==============================
| Conflicts |          ORIGINAL         |          LEARNT          | Progress |
|           |    Vars  Clauses Literals |    Limit  Clauses Lit/Cl |          |
===============================================================================
===============================================================================
restarts              : 1
conflicts             : 56             (37308 /sec)
decisions             : 60             (0.00 % random) (39973 /sec)
propagations          : 735            (489674 /sec)
conflict literals     : 200            (16.67 % deleted)
Memory used           : 20.00 MB
CPU time              : 0.001501 s

UNSATISFIABLE
