WARNING: for repeatability, setting FPU to use double precision
============================[ Problem Statistics ]=============================
|                                                                             |
|  Number of variables:            50                                         |
|  Number of clauses:             218                                         |
|  Parse time:                   0.00 s                                       |
|                                                                             |
============================[ Search Statistics ]==============================
| Conflicts |          ORIGINAL         |          LEARNT          | Progress |
|           |    Vars  Clauses Literals |    Limit  Clauses Lit/Cl |          |
===============================================================================
===============================================================================
restarts              : 1
conflicts             : 30             (21536 /sec)
decisions             : 34             (0.00 % random) (24408 /sec)
propagations          : 411            (295047 /sec)
conflict literals     : 92             (20.69 % deleted)
Memory used           : 20.00 MB
CPU time              : 0.001393 s

UNSATISFIABLE
