WARNING: for repeatability, setting FPU to use double precision
============================[ Problem Statistics ]=============================
|                                                                             |
|  Number of variables:            50                                         |
|  Number of clauses:             218                                         |
|  Parse time:                   0.00 s                                       |
|                                                                             |
============================[ Search Statistics ]==============================
| Conflicts |          ORIGINAL         |          LEARNT          | Progress |
|           |    Vars  Clauses Literals |    Limit  Clauses Lit/Cl |          |
===============================================================================
===============================================================================
restarts              : 1
conflicts             : 76             (50870 /sec)
decisions             : 81             (0.00 % random) (54217 /sec)
propagations          : 1038           (694779 /sec)
conflict literals     : 321            (12.05 % deleted)
Memory used           : 20.00 MB
CPU time              : 0.001494 s

UNSATISFIABLE
