WARNING: for repeatability, setting FPU to use double precision
============================[ Problem Statistics ]=============================
|                                                                             |
|  Number of variables:            50                                         |
|  Number of clauses:             218                                         |
|  Parse time:                   0.00 s                                       |
|                                                                             |
============================[ Search Statistics ]==============================
| Conflicts |          ORIGINAL         |          LEARNT          | Progress |
|           |    Vars  Clauses Literals |    Limit  Clauses Lit/Cl |          |
===============================================================================
===============================================================================
restarts              : 1
conflicts             : 87             (55769 /sec)
decisions             : 95             (0.00 % random) (60897 /sec)
propagations          : 1160           (743590 /sec)
conflict literals     : 330            (14.51 % deleted)
Memory used           : 20.00 MB
CPU time              : 0.00156 s

UNSATISFIABLE
