WARNING: for repeatability, setting FPU to use double precision
============================[ Problem Statistics ]=============================
|                                                                             |
|  Number of variables:            50                                         |
|  Number of clauses:             218                                         |
|  Parse time:                   0.00 s                                       |
|                                                                             |
============================[ Search Statistics ]==============================
| Conflicts |          ORIGINAL         |          LEARNT          | Progress |
|           |    Vars  Clauses Literals |    Limit  Clauses Lit/Cl |          |
===============================================================================
===============================================================================
restarts              : 1
conflicts             : 58             (38259 /sec)
decisions             : 67             (0.00 % random) (44195 /sec)
propagations          : 795            (524406 /sec)
conflict literals     : 207            (15.16 % deleted)
Memory used           : 20.00 MB
CPU time              : 0.001516 s

UNSATISFIABLE
