WARNING: for repeatability, setting FPU to use double precision
============================[ Problem Statistics ]=============================
|                                                                             |
|  Number of variables:            50                                         |
|  Number of clauses:             218                                         |
|  Parse time:                   0.00 s                                       |
|                                                                             |
============================[ Search Statistics ]==============================
| Conflicts |          ORIGINAL         |          LEARNT          | Progress |
|           |    Vars  Clauses Literals |    Limit  Clauses Lit/Cl |          |
===============================================================================
===============================================================================
restarts              : 1
conflicts             : 60             (193548 /sec)
decisions             : 72             (0.00 % random) (232258 /sec)
propagations          : 886            (2858065 /sec)
conflict literals     : 232            (13.75 % deleted)
Memory used           : 20.00 MB
CPU time              : 0.00031 s

UNSATISFIABLE
