WARNING: for repeatability, setting FPU to use double precision
============================[ Problem Statistics ]=============================
|                                                                             |
|  Number of variables:            50                                         |
|  Number of clauses:             218                                         |
|  Parse time:                   0.00 s                                       |
|                                                                             |
============================[ Search Statistics ]==============================
| Conflicts |          ORIGINAL         |          LEARNT          | Progress |
|           |    Vars  Clauses Literals |    Limit  Clauses Lit/Cl |          |
===============================================================================
===============================================================================
restarts              : 1
conflicts             : 62             (41278 /sec)
decisions             : 75             (0.00 % random) (49933 /sec)
propagations          : 899            (598535 /sec)
conflict literals     : 213            (16.80 % deleted)
Memory used           : 20.00 MB
CPU time              : 0.001502 s

UNSATISFIABLE
