WARNING: for repeatability, setting FPU to use double precision
============================[ Problem Statistics ]=============================
|                                                                             |
|  Number of variables:            50                                         |
|  Number of clauses:             218                                         |
|  Parse time:                   0.00 s                                       |
|                                                                             |
============================[ Search Statistics ]==============================
| Conflicts |          ORIGINAL         |          LEARNT          | Progress |
|           |    Vars  Clauses Literals |    Limit  Clauses Lit/Cl |          |
===============================================================================
===============================================================================
restarts              : 1
conflicts             : 32             (22599 /sec)
decisions             : 32             (0.00 % random) (22599 /sec)
propagations          : 504            (355932 /sec)
conflict literals     : 91             (19.47 % deleted)
Memory used           : 20.00 MB
CPU time              : 0.001416 s

UNSATISFIABLE
