WARNING: for repeatability, setting FPU to use double precision
============================[ Problem Statistics ]=============================
|                                                                             |
|  Number of variables:            50                                         |
|  Number of clauses:             218                                         |
|  Parse time:                   0.00 s                                       |
|                                                                             |
============================[ Search Statistics ]==============================
| Conflicts |          ORIGINAL         |          LEARNT          | Progress |
|           |    Vars  Clauses Literals |    Limit  Clauses Lit/Cl |          |
===============================================================================
===============================================================================
restarts              : 1
conflicts             : 54             (36339 /sec)
decisions             : 60             (0.00 % random) (40377 /sec)
propagations          : 747            (502692 /sec)
conflict literals     : 165            (25.00 % deleted)
Memory used           : 20.00 MB
CPU time              : 0.001486 s

UNSATISFIABLE
