WARNING: for repeatability, setting FPU to use double precision
============================[ Problem Statistics ]=============================
|                                                                             |
|  Number of variables:            50                                         |
|  Number of clauses:             218                                         |
|  Parse time:                   0.00 s                                       |
|                                                                             |
============================[ Search Statistics ]==============================
| Conflicts |          ORIGINAL         |          LEARNT          | Progress |
|           |    Vars  Clauses Literals |    Limit  Clauses Lit/Cl |          |
===============================================================================
===============================================================================
restarts              : 1
conflicts             : 81             (52057 /sec)
decisions             : 88             (0.00 % random) (56555 /sec)
propagations          : 1042           (669666 /sec)
conflict literals     : 302            (17.71 % deleted)
Memory used           : 20.00 MB
CPU time              : 0.001556 s

UNSATISFIABLE
