WARNING: for repeatability, setting FPU to use double precision
============================[ Problem Statistics ]=============================
|                                                                             |
|  Number of variables:            50                                         |
|  Number of clauses:             218                                         |
|  Parse time:                   0.00 s                                       |
|                                                                             |
============================[ Search Statistics ]==============================
| Conflicts |          ORIGINAL         |          LEARNT          | Progress |
|           |    Vars  Clauses Literals |    Limit  Clauses Lit/Cl |          |
===============================================================================
===============================================================================
restarts              : 1
conflicts             : 44             (30513 /sec)
decisions             : 53             (0.00 % random) (36755 /sec)
propagations          : 536            (371706 /sec)
conflict literals     : 138            (19.30 % deleted)
Memory used           : 20.00 MB
CPU time              : 0.001442 s

UNSATISFIABLE
