WARNING: for repeatability, setting FPU to use double precision
============================[ Problem Statistics ]=============================
|                                                                             |
|  Number of variables:            50                                         |
|  Number of clauses:             218                                         |
|  Parse time:                   0.00 s                                       |
|                                                                             |
============================[ Search Statistics ]==============================
| Conflicts |          ORIGINAL         |          LEARNT          | Progress |
|           |    Vars  Clauses Literals |    Limit  Clauses Lit/Cl |          |
===============================================================================
===============================================================================
restarts              : 1
conflicts             : 32             (22727 /sec)
decisions             : 35             (0.00 % random) (24858 /sec)
propagations          : 395            (280540 /sec)
conflict literals     : 90             (18.92 % deleted)
Memory used           : 20.00 MB
CPU time              : 0.001408 s

UNSATISFIABLE
