WARNING: for repeatability, setting FPU to use double precision
============================[ Problem Statistics ]=============================
|                                                                             |
|  Number of variables:            50                                         |
|  Number of clauses:             218                                         |
|  Parse time:                   0.00 s                                       |
|                                                                             |
============================[ Search Statistics ]==============================
| Conflicts |          ORIGINAL         |          LEARNT          | Progress |
|           |    Vars  Clauses Literals |    Limit  Clauses Lit/Cl |          |
===============================================================================
===============================================================================
restarts              : 1
conflicts             : 57             (38670 /sec)
decisions             : 65             (0.00 % random) (44098 /sec)
propagations          : 712            (483039 /sec)
conflict literals     : 187            (13.02 % deleted)
Memory used           : 20.00 MB
CPU time              : 0.001474 s

UNSATISFIABLE
