WARNING: for repeatability, setting FPU to use double precision
============================[ Problem Statistics ]=============================
|                                                                             |
|  Number of variables:            50                                         |
|  Number of clauses:             218                                         |
|  Parse time:                   0.00 s                                       |
|                                                                             |
============================[ Search Statistics ]==============================
| Conflicts |          ORIGINAL         |          LEARNT          | Progress |
|           |    Vars  Clauses Literals |    Limit  Clauses Lit/Cl |          |
===============================================================================
===============================================================================
restarts              : 1
conflicts             : 76             (224852 /sec)
decisions             : 81             (0.00 % random) (239645 /sec)
propagations          : 1158           (3426036 /sec)
conflict literals     : 289            (20.82 % deleted)
Memory used           : 20.00 MB
CPU time              : 0.000338 s

UNSATISFIABLE
