WARNING: for repeatability, setting FPU to use double precision
============================[ Problem Statistics ]=============================
|                                                                             |
|  Number of variables:            50                                         |
|  Number of clauses:             218                                         |
|  Parse time:                   0.00 s                                       |
|                                                                             |
============================[ Search Statistics ]==============================
| Conflicts |          ORIGINAL         |          LEARNT          | Progress |
|           |    Vars  Clauses Literals |    Limit  Clauses Lit/Cl |          |
===============================================================================
===============================================================================
restarts              : 1
conflicts             : 71             (47460 /sec)
decisions             : 80             (0.00 % random) (53476 /sec)
propagations          : 1039           (694519 /sec)
conflict literals     : 278            (18.71 % deleted)
Memory used           : 20.00 MB
CPU time              : 0.001496 s

UNSATISFIABLE
