WARNING: for repeatability, setting FPU to use double precision
============================[ Problem Statistics ]=============================
|                                                                             |
|  Number of variables:            50                                         |
|  Number of clauses:             218                                         |
|  Parse time:                   0.00 s                                       |
|                                                                             |
============================[ Search Statistics ]==============================
| Conflicts |          ORIGINAL         |          LEARNT          | Progress |
|           |    Vars  Clauses Literals |    Limit  Clauses Lit/Cl |          |
===============================================================================
===============================================================================
restarts              : 1
conflicts             : 45             (30633 /sec)
decisions             : 48             (0.00 % random) (32675 /sec)
propagations          : 581            (395507 /sec)
conflict literals     : 155            (12.92 % deleted)
Memory used           : 20.00 MB
CPU time              : 0.001469 s

UNSATISFIABLE
