WARNING: for repeatability, setting FPU to use double precision
============================[ Problem Statistics ]=============================
|                                                                             |
|  Number of variables:            50                                         |
|  Number of clauses:             218                                         |
|  Parse time:                   0.00 s                                       |
|                                                                             |
============================[ Search Statistics ]==============================
| Conflicts |          ORIGINAL         |          LEARNT          | Progress |
|           |    Vars  Clauses Literals |    Limit  Clauses Lit/Cl |          |
===============================================================================
===============================================================================
restarts              : 1
conflicts             : 64             (278261 /sec)
decisions             : 79             (0.00 % random) (343478 /sec)
propagations          : 1073           (4665217 /sec)
conflict literals     : 231            (14.76 % deleted)
Memory used           : 20.00 MB
CPU time              : 0.00023 s

UNSATISFIABLE
