WARNING: for repeatability, setting FPU to use double precision
============================[ Problem Statistics ]=============================
|                                                                             |
|  Number of variables:            50                                         |
|  Number of clauses:             218                                         |
|  Parse time:                   0.00 s                                       |
|                                                                             |
============================[ Search Statistics ]==============================
| Conflicts |          ORIGINAL         |          LEARNT          | Progress |
|           |    Vars  Clauses Literals |    Limit  Clauses Lit/Cl |          |
===============================================================================
===============================================================================
restarts              : 1
conflicts             : 23             (16559 /sec)
decisions             : 25             (0.00 % random) (17999 /sec)
propagations          : 426            (306695 /sec)
conflict literals     : 61             (21.79 % deleted)
Memory used           : 20.00 MB
CPU time              : 0.001389 s

UNSATISFIABLE
