WARNING: for repeatability, setting FPU to use double precision
============================[ Problem Statistics ]=============================
|                                                                             |
|  Number of variables:            50                                         |
|  Number of clauses:             218                                         |
|  Parse time:                   0.00 s                                       |
|                                                                             |
============================[ Search Statistics ]==============================
| Conflicts |          ORIGINAL         |          LEARNT          | Progress |
|           |    Vars  Clauses Literals |    Limit  Clauses Lit/Cl |          |
===============================================================================
===============================================================================
restarts              : 1
conflicts             : 72             (47431 /sec)
decisions             : 82             (0.00 % random) (54018 /sec)
propagations          : 904            (595520 /sec)
conflict literals     : 254            (20.62 % deleted)
Memory used           : 20.00 MB
CPU time              : 0.001518 s

UNSATISFIABLE
