WARNING: for repeatability, setting FPU to use double precision
============================[ Problem Statistics ]=============================
|                                                                             |
|  Number of variables:            50                                         |
|  Number of clauses:             218                                         |
|  Parse time:                   0.00 s                                       |
|                                                                             |
============================[ Search Statistics ]==============================
| Conflicts |          ORIGINAL         |          LEARNT          | Progress |
|           |    Vars  Clauses Literals |    Limit  Clauses Lit/Cl |          |
===============================================================================
===============================================================================
restarts              : 1
conflicts             : 47             (174721 /sec)
decisions             : 51             (0.00 % random) (189591 /sec)
propagations          : 751            (2791822 /sec)
conflict literals     : 151            (23.74 % deleted)
Memory used           : 20.00 MB
CPU time              : 0.000269 s

UNSATISFIABLE
