WARNING: for repeatability, setting FPU to use double precision
============================[ Problem Statistics ]=============================
|                                                                             |
|  Number of variables:            50                                         |
|  Number of clauses:             218                                         |
|  Parse time:                   0.00 s                                       |
|                                                                             |
============================[ Search Statistics ]==============================
| Conflicts |          ORIGINAL         |          LEARNT          | Progress |
|           |    Vars  Clauses Literals |    Limit  Clauses Lit/Cl |          |
===============================================================================
===============================================================================
restarts              : 1
conflicts             : 76             (49934 /sec)
decisions             : 86             (0.00 % random) (56505 /sec)
propagations          : 1201           (789093 /sec)
conflict literals     : 265            (24.29 % deleted)
Memory used           : 20.00 MB
CPU time              : 0.001522 s

UNSATISFIABLE
