WARNING: for repeatability, setting FPU to use double precision
============================[ Problem Statistics ]=============================
|                                                                             |
|  Number of variables:            50                                         |
|  Number of clauses:             218                                         |
|  Parse time:                   0.00 s                                       |
|                                                                             |
============================[ Search Statistics ]==============================
| Conflicts |          ORIGINAL         |          LEARNT          | Progress |
|           |    Vars  Clauses Literals |    Limit  Clauses Lit/Cl |          |
===============================================================================
===============================================================================
restarts              : 1
conflicts             : 66             (191860 /sec)
decisions             : 72             (0.00 % random) (209302 /sec)
propagations          : 1042           (3029070 /sec)
conflict literals     : 254            (20.62 % deleted)
Memory used           : 20.00 MB
CPU time              : 0.000344 s

UNSATISFIABLE
