WARNING: for repeatability, setting FPU to use double precision
============================[ Problem Statistics ]=============================
|                                                                             |
|  Number of variables:            50                                         |
|  Number of clauses:             218                                         |
|  Parse time:                   0.00 s                                       |
|                                                                             |
============================[ Search Statistics ]==============================
| Conflicts |          ORIGINAL         |          LEARNT          | Progress |
|           |    Vars  Clauses Literals |    Limit  Clauses Lit/Cl |          |
===============================================================================
===============================================================================
restarts              : 1
conflicts             : 39             (27465 /sec)
decisions             : 50             (0.00 % random) (35211 /sec)
propagations          : 529            (372535 /sec)
conflict literals     : 124            (17.88 % deleted)
Memory used           : 20.00 MB
CPU time              : 0.00142 s

UNSATISFIABLE
