WARNING: for repeatability, setting FPU to use double precision
============================[ Problem Statistics ]=============================
|                                                                             |
|  Number of variables:            50                                         |
|  Number of clauses:             218                                         |
|  Parse time:                   0.00 s                                       |
|                                                                             |
============================[ Search Statistics ]==============================
| Conflicts |          ORIGINAL         |          LEARNT          | Progress |
|           |    Vars  Clauses Literals |    Limit  Clauses Lit/Cl |          |
===============================================================================
===============================================================================
restarts              : 1
conflicts             : 82             (53947 /sec)
decisions             : 101            (0.00 % random) (66447 /sec)
propagations          : 1031           (678289 /sec)
conflict literals     : 346            (17.81 % deleted)
Memory used           : 20.00 MB
CPU time              : 0.00152 s

UNSATISFIABLE
