WARNING: for repeatability, setting FPU to use double precision
============================[ Problem Statistics ]=============================
|                                                                             |
|  Number of variables:            50                                         |
|  Number of clauses:             218                                         |
|  Parse time:                   0.00 s                                       |
|                                                                             |
============================[ Search Statistics ]==============================
| Conflicts |          ORIGINAL         |          LEARNT          | Progress |
|           |    Vars  Clauses Literals |    Limit  Clauses Lit/Cl |          |
===============================================================================
===============================================================================
restarts              : 1
conflicts             : 55             (37594 /sec)
decisions             : 60             (0.00 % random) (41012 /sec)
propagations          : 671            (458647 /sec)
conflict literals     : 179            (14.76 % deleted)
Memory used           : 20.00 MB
CPU time              : 0.001463 s

UNSATISFIABLE
