WARNING: for repeatability, setting FPU to use double precision
============================[ Problem Statistics ]=============================
|                                                                             |
|  Number of variables:            50                                         |
|  Number of clauses:             218                                         |
|  Parse time:                   0.00 s                                       |
|                                                                             |
============================[ Search Statistics ]==============================
| Conflicts |          ORIGINAL         |          LEARNT          | Progress |
|           |    Vars  Clauses Literals |    Limit  Clauses Lit/Cl |          |
===============================================================================
===============================================================================
restarts              : 1
conflicts             : 87             (55308 /sec)
decisions             : 96             (0.00 % random) (61030 /sec)
propagations          : 1214           (771774 /sec)
conflict literals     : 336            (16.21 % deleted)
Memory used           : 20.00 MB
CPU time              : 0.001573 s

UNSATISFIABLE
