WARNING: for repeatability, setting FPU to use double precision
============================[ Problem Statistics ]=============================
|                                                                             |
|  Number of variables:            50                                         |
|  Number of clauses:             218                                         |
|  Parse time:                   0.00 s                                       |
|                                                                             |
============================[ Search Statistics ]==============================
| Conflicts |          ORIGINAL         |          LEARNT          | Progress |
|           |    Vars  Clauses Literals |    Limit  Clauses Lit/Cl |          |
===============================================================================
===============================================================================
restarts              : 1
conflicts             : 76             (50132 /sec)
decisions             : 81             (0.00 % random) (53430 /sec)
propagations          : 1058           (697889 /sec)
conflict literals     : 267            (17.08 % deleted)
Memory used           : 20.00 MB
CPU time              : 0.001516 s

UNSATISFIABLE
