WARNING: for repeatability, setting FPU to use double precision
============================[ Problem Statistics ]=============================
|                                                                             |
|  Number of variables:            50                                         |
|  Number of clauses:             218                                         |
|  Parse time:                   0.00 s                                       |
|                                                                             |
============================[ Search Statistics ]==============================
| Conflicts |          ORIGINAL         |          LEARNT          | Progress |
|           |    Vars  Clauses Literals |    Limit  Clauses Lit/Cl |          |
===============================================================================
===============================================================================
restarts              : 1
conflicts             : 87             (232000 /sec)
decisions             : 106            (0.00 % random) (282667 /sec)
propagations          : 1261           (3362667 /sec)
conflict literals     : 346            (15.20 % deleted)
Memory used           : 20.00 MB
CPU time              : 0.000375 s

UNSATISFIABLE
