WARNING: for repeatability, setting FPU to use double precision
============================[ Problem Statistics ]=============================
|                                                                             |
|  Number of variables:            50                                         |
|  Number of clauses:             218                                         |
|  Parse time:                   0.00 s                                       |
|                                                                             |
============================[ Search Statistics ]==============================
| Conflicts |          ORIGINAL         |          LEARNT          | Progress |
|           |    Vars  Clauses Literals |    Limit  Clauses Lit/Cl |          |
===============================================================================
===============================================================================
restarts              : 1
conflicts             : 51             (34297 /sec)
decisions             : 51             (0.00 % random) (34297 /sec)
propagations          : 643            (432414 /sec)
conflict literals     : 175            (15.05 % deleted)
Memory used           : 20.00 MB
CPU time              : 0.001487 s

UNSATISFIABLE
