WARNING: for repeatability, setting FPU to use double precision
============================[ Problem Statistics ]=============================
|                                                                             |
|  Number of variables:            50                                         |
|  Number of clauses:             218                                         |
|  Parse time:                   0.00 s                                       |
|                                                                             |
============================[ Search Statistics ]==============================
| Conflicts |          ORIGINAL         |          LEARNT          | Progress |
|           |    Vars  Clauses Literals |    Limit  Clauses Lit/Cl |          |
===============================================================================
===============================================================================
restarts              : 1
conflicts             : 63             (42084 /sec)
decisions             : 72             (0.00 % random) (48096 /sec)
propagations          : 801            (535070 /sec)
conflict literals     : 237            (11.90 % deleted)
Memory used           : 20.00 MB
CPU time              : 0.001497 s

UNSATISFIABLE
