WARNING: for repeatability, setting FPU to use double precision
============================[ Problem Statistics ]=============================
|                                                                             |
|  Number of variables:            50                                         |
|  Number of clauses:             218                                         |
|  Parse time:                   0.00 s                                       |
|                                                                             |
============================[ Search Statistics ]==============================
| Conflicts |          ORIGINAL         |          LEARNT          | Progress |
|           |    Vars  Clauses Literals |    Limit  Clauses Lit/Cl |          |
===============================================================================
===============================================================================
restarts              : 1
conflicts             : 55             (37440 /sec)
decisions             : 62             (0.00 % random) (42206 /sec)
propagations          : 693            (471749 /sec)
conflict literals     : 187            (16.89 % deleted)
Memory used           : 20.00 MB
CPU time              : 0.001469 s

UNSATISFIABLE
