WARNING: for repeatability, setting FPU to use double precision
============================[ Problem Statistics ]=============================
|                                                                             |
|  Number of variables:            50                                         |
|  Number of clauses:             218                                         |
|  Parse time:                   0.00 s                                       |
|                                                                             |
============================[ Search Statistics ]==============================
| Conflicts |          ORIGINAL         |          LEARNT          | Progress |
|           |    Vars  Clauses Literals |    Limit  Clauses Lit/Cl |          |
===============================================================================
===============================================================================
restarts              : 1
conflicts             : 91             (59245 /sec)
decisions             : 106            (0.00 % random) (69010 /sec)
propagations          : 1190           (774740 /sec)
conflict literals     : 380            (18.28 % deleted)
Memory used           : 20.00 MB
CPU time              : 0.001536 s

UNSATISFIABLE
