WARNING: for repeatability, setting FPU to use double precision
============================[ Problem Statistics ]=============================
|                                                                             |
|  Number of variables:            50                                         |
|  Number of clauses:             218                                         |
|  Parse time:                   0.00 s                                       |
|                                                                             |
============================[ Search Statistics ]==============================
| Conflicts |          ORIGINAL         |          LEARNT          | Progress |
|           |    Vars  Clauses Literals |    Limit  Clauses Lit/Cl |          |
===============================================================================
===============================================================================
restarts              : 1
conflicts             : 64             (42440 /sec)
decisions             : 75             (0.00 % random) (49735 /sec)
propagations          : 896            (594164 /sec)
conflict literals     : 211            (21.27 % deleted)
Memory used           : 20.00 MB
CPU time              : 0.001508 s

UNSATISFIABLE
