WARNING: for repeatability, setting FPU to use double precision
============================[ Problem Statistics ]=============================
|                                                                             |
|  Number of variables:            50                                         |
|  Number of clauses:             218                                         |
|  Parse time:                   0.00 s                                       |
|                                                                             |
============================[ Search Statistics ]==============================
| Conflicts |          ORIGINAL         |          LEARNT          | Progress |
|           |    Vars  Clauses Literals |    Limit  Clauses Lit/Cl |          |
===============================================================================
===============================================================================
restarts              : 1
conflicts             : 38             (26099 /sec)
decisions             : 42             (0.00 % random) (28846 /sec)
propagations          : 470            (322802 /sec)
conflict literals     : 115            (9.45 % deleted)
Memory used           : 20.00 MB
CPU time              : 0.001456 s

UNSATISFIABLE
