WARNING: for repeatability, setting FPU to use double precision
============================[ Problem Statistics ]=============================
|                                                                             |
|  Number of variables:            50                                         |
|  Number of clauses:             218                                         |
|  Parse time:                   0.00 s                                       |
|                                                                             |
============================[ Search Statistics ]==============================
| Conflicts |          ORIGINAL         |          LEARNT          | Progress |
|           |    Vars  Clauses Literals |    Limit  Clauses Lit/Cl |          |
===============================================================================
===============================================================================
restarts              : 1
conflicts             : 46             (63100 /sec)
decisions             : 57             (0.00 % random) (78189 /sec)
propagations          : 682            (935528 /sec)
conflict literals     : 162            (18.18 % deleted)
Memory used           : 20.00 MB
CPU time              : 0.000729 s

UNSATISFIABLE
