WARNING: for repeatability, setting FPU to use double precision
============================[ Problem Statistics ]=============================
|                                                                             |
|  Number of variables:            50                                         |
|  Number of clauses:             218                                         |
|  Parse time:                   0.00 s                                       |
|                                                                             |
============================[ Search Statistics ]==============================
| Conflicts |          ORIGINAL         |          LEARNT          | Progress |
|           |    Vars  Clauses Literals |    Limit  Clauses Lit/Cl |          |
===============================================================================
===============================================================================
restarts              : 1
conflicts             : 71             (46649 /sec)
decisions             : 82             (0.00 % random) (53876 /sec)
propagations          : 1000           (657030 /sec)
conflict literals     : 254            (19.37 % deleted)
Memory used           : 20.00 MB
CPU time              : 0.001522 s

UNSATISFIABLE
