WARNING: for repeatability, setting FPU to use double precision
============================[ Problem Statistics ]=============================
|                                                                             |
|  Number of variables:            50                                         |
|  Number of clauses:             218                                         |
|  Parse time:                   0.00 s                                       |
|                                                                             |
============================[ Search Statistics ]==============================
| Conflicts |          ORIGINAL         |          LEARNT          | Progress |
|           |    Vars  Clauses Literals |    Limit  Clauses Lit/Cl |          |
===============================================================================
===============================================================================
restarts              : 1
conflicts             : 50             (32982 /sec)
decisions             : 53             (0.00 % random) (34960 /sec)
propagations          : 682            (449868 /sec)
conflict literals     : 175            (22.22 % deleted)
Memory used           : 20.00 MB
CPU time              : 0.001516 s

UNSATISFIABLE
