WARNING: for repeatability, setting FPU to use double precision
============================[ Problem Statistics ]=============================
|                                                                             |
|  Number of variables:            50                                         |
|  Number of clauses:             218                                         |
|  Parse time:                   0.00 s                                       |
|                                                                             |
============================[ Search Statistics ]==============================
| Conflicts |          ORIGINAL         |          LEARNT          | Progress |
|           |    Vars  Clauses Literals |    Limit  Clauses Lit/Cl |          |
===============================================================================
===============================================================================
restarts              : 1
conflicts             : 46             (32235 /sec)
decisions             : 51             (0.00 % random) (35739 /sec)
propagations          : 632            (442887 /sec)
conflict literals     : 139            (17.75 % deleted)
Memory used           : 20.00 MB
CPU time              : 0.001427 s

UNSATISFIABLE
