WARNING: for repeatability, setting FPU to use double precision
============================[ Problem Statistics ]=============================
|                                                                             |
|  Number of variables:            50                                         |
|  Number of clauses:             218                                         |
|  Parse time:                   0.00 s                                       |
|                                                                             |
============================[ Search Statistics ]==============================
| Conflicts |          ORIGINAL         |          LEARNT          | Progress |
|           |    Vars  Clauses Literals |    Limit  Clauses Lit/Cl |          |
===============================================================================
===============================================================================
restarts              : 1
conflicts             : 76             (334802 /sec)
decisions             : 84             (0.00 % random) (370044 /sec)
propagations          : 1083           (4770925 /sec)
conflict literals     : 287            (18.23 % deleted)
Memory used           : 20.00 MB
CPU time              : 0.000227 s

UNSATISFIABLE
