WARNING: for repeatability, setting FPU to use double precision
============================[ Problem Statistics ]=============================
|                                                                             |
|  Number of variables:            50                                         |
|  Number of clauses:             218                                         |
|  Parse time:                   0.00 s                                       |
|                                                                             |
============================[ Search Statistics ]==============================
| Conflicts |          ORIGINAL         |          LEARNT          | Progress |
|           |    Vars  Clauses Literals |    Limit  Clauses Lit/Cl |          |
===============================================================================
===============================================================================
restarts              : 1
conflicts             : 67             (44906 /sec)
decisions             : 71             (0.00 % random) (47587 /sec)
propagations          : 897            (601206 /sec)
conflict literals     : 264            (11.71 % deleted)
Memory used           : 20.00 MB
CPU time              : 0.001492 s

UNSATISFIABLE
