WARNING: for repeatability, setting FPU to use double precision
============================[ Problem Statistics ]=============================
|                                                                             |
|  Number of variables:            50                                         |
|  Number of clauses:             218                                         |
|  Parse time:                   0.00 s                                       |
|                                                                             |
============================[ Search Statistics ]==============================
| Conflicts |          ORIGINAL         |          LEARNT          | Progress |
|           |    Vars  Clauses Literals |    Limit  Clauses Lit/Cl |          |
===============================================================================
===============================================================================
restarts              : 1
conflicts             : 42             (177215 /sec)
decisions             : 43             (0.00 % random) (181435 /sec)
propagations          : 576            (2430380 /sec)
conflict literals     : 142            (15.98 % deleted)
Memory used           : 20.00 MB
CPU time              : 0.000237 s

UNSATISFIABLE
