WARNING: for repeatability, setting FPU to use double precision
============================[ Problem Statistics ]=============================
|                                                                             |
|  Number of variables:            50                                         |
|  Number of clauses:             218                                         |
|  Parse time:                   0.00 s                                       |
|                                                                             |
============================[ Search Statistics ]==============================
| Conflicts |          ORIGINAL         |          LEARNT          | Progress |
|           |    Vars  Clauses Literals |    Limit  Clauses Lit/Cl |          |
===============================================================================
===============================================================================
restarts              : 1
conflicts             : 52             (35159 /sec)
decisions             : 57             (0.00 % random) (38540 /sec)
propagations          : 683            (461799 /sec)
conflict literals     : 170            (18.27 % deleted)
Memory used           : 20.00 MB
CPU time              : 0.001479 s

UNSATISFIABLE
