WARNING: for repeatability, setting FPU to use double precision
============================[ Problem Statistics ]=============================
|                                                                             |
|  Number of variables:            50                                         |
|  Number of clauses:             218                                         |
|  Parse time:                   0.00 s                                       |
|                                                                             |
============================[ Search Statistics ]==============================
| Conflicts |          ORIGINAL         |          LEARNT          | Progress |
|           |    Vars  Clauses Literals |    Limit  Clauses Lit/Cl |          |
===============================================================================
===============================================================================
restarts              : 1
conflicts             : 81             (52495 /sec)
decisions             : 94             (0.00 % random) (60920 /sec)
propagations          : 1211           (784835 /sec)
conflict literals     : 331            (15.56 % deleted)
Memory used           : 20.00 MB
CPU time              : 0.001543 s

UNSATISFIABLE
