WARNING: for repeatability, setting FPU to use double precision
============================[ Problem Statistics ]=============================
|                                                                             |
|  Number of variables:            50                                         |
|  Number of clauses:             218                                         |
|  Parse time:                   0.00 s                                       |
|                                                                             |
============================[ Search Statistics ]==============================
| Conflicts |          ORIGINAL         |          LEARNT          | Progress |
|           |    Vars  Clauses Literals |    Limit  Clauses Lit/Cl |          |
===============================================================================
===============================================================================
restarts              : 1
conflicts             : 90             (57508 /sec)
decisions             : 94             (0.00 % random) (60064 /sec)
propagations          : 1174           (750160 /sec)
conflict literals     : 353            (16.35 % deleted)
Memory used           : 20.00 MB
CPU time              : 0.001565 s

UNSATISFIABLE
