WARNING: for repeatability, setting FPU to use double precision
============================[ Problem Statistics ]=============================
|                                                                             |
|  Number of variables:            50                                         |
|  Number of clauses:             218                                         |
|  Parse time:                   0.00 s                                       |
|                                                                             |
============================[ Search Statistics ]==============================
| Conflicts |          ORIGINAL         |          LEARNT          | Progress |
|           |    Vars  Clauses Literals |    Limit  Clauses Lit/Cl |          |
===============================================================================
===============================================================================
restarts              : 1
conflicts             : 78             (230769 /sec)
decisions             : 87             (0.00 % random) (257396 /sec)
propagations          : 1099           (3251479 /sec)
conflict literals     : 276            (22.69 % deleted)
Memory used           : 20.00 MB
CPU time              : 0.000338 s

UNSATISFIABLE
