WARNING: for repeatability, setting FPU to use double precision
============================[ Problem Statistics ]=============================
|                                                                             |
|  Number of variables:            50                                         |
|  Number of clauses:             218                                         |
|  Parse time:                   0.00 s                                       |
|                                                                             |
============================[ Search Statistics ]==============================
| Conflicts |          ORIGINAL         |          LEARNT          | Progress |
|           |    Vars  Clauses Literals |    Limit  Clauses Lit/Cl |          |
===============================================================================
===============================================================================
restarts              : 1
conflicts             : 78             (51621 /sec)
decisions             : 89             (0.00 % random) (58901 /sec)
propagations          : 1160           (767704 /sec)
conflict literals     : 257            (22.36 % deleted)
Memory used           : 20.00 MB
CPU time              : 0.001511 s

UNSATISFIABLE
