WARNING: for repeatability, setting FPU to use double precision
============================[ Problem Statistics ]=============================
|                                                                             |
|  Number of variables:            50                                         |
|  Number of clauses:             218                                         |
|  Parse time:                   0.00 s                                       |
|                                                                             |
============================[ Search Statistics ]==============================
| Conflicts |          ORIGINAL         |          LEARNT          | Progress |
|           |    Vars  Clauses Literals |    Limit  Clauses Lit/Cl |          |
===============================================================================
===============================================================================
restarts              : 1
conflicts             : 53             (317365 /sec)
decisions             : 58             (0.00 % random) (347305 /sec)
propagations          : 682            (4083832 /sec)
conflict literals     : 167            (19.32 % deleted)
Memory used           : 20.00 MB
CPU time              : 0.000167 s

UNSATISFIABLE
