 0.001601 
 0.001686 
 0.001548 
 0.000803 
 0.000862 
 0.000817 
 0 
 0.001635 
 0.000248 
 0.001618 
 0 
 0.001665 
 0.001623 
 0.001577 
 0 
 0 
 0 
 0.00158 
 0.001649 
 0.001638 
 0.001587 
 0.001598 
 0.001295 
 0.001581 
 0.001645 
 0.001487 
 0.001546 
 0 
 0.000338 
 0.000185 
 0.001522 
 0.001609 
 0.001548 
 0.000799 
 0.000181 
 0 
 0.001501 
 0.001614 
 0 
 0.00024 
 0.001469 
 0.001546 
 0.001508 
 0.000249 
 0.001456 
 0.001469 
 0.000733 
 0.000219 
 0.00177 
 0.001634 
 0.001516 
 0.001427 
 0 
 0 
 0.001543 
 0.001546 
 0 
 0.000252 
 0.001463 
 0.001448 
 0.000375 
 0.00156 
 0 
 0.001436 
 0 
 0 
 0.001547 
 0.001429 
 0 
 0 
 0.001472 
 0.00157 
 0 
 0 
 0.001438 
 0 
 0.000167 
 0 
 0.001416 
 0 
 0.00154 
 0.001495 
 0.001434 
 0.000142 
 0.001529 
 0.001545 
 0 
 0.000255 
 0.001487 
 0.00145 
 0 
 0.001483 
 0.001522 
 0.001487 
 0 
 0.000169 
 0.001428 
 0.001574 
 0 
 0 
 0.001437 
 0 
 0 
 0.001507 
 0.001443 
 0.000307 
 0.000228 
 0.001473 
 0.001434 
 0.000251 
 0.001545 
 0.001441 
 0 
 0 
 0.001443 
 0.001492 
 0.000134 
 0 
 0.001524 
 0.001489 
 0.001559 
 0.001512 
 0 
 0.001207 
 0 
 0.001491 
 0 
 0.001467 
 0.001543 
 0.00147 
 0 
 0.000297 
 0.001519 
 0.00158 
 0 
 0.00017 
 0.001417 
 0 
 0.00026 
 0 
 0.001574 
 0.001522 
 0.001449 
 0.001464 
 0.001485 
 0.000317 
 0.000329 
 0 
 0.001414 
 0.000294 
 0.001515 
 0.001487 
 0.001525 
 0.000289 
 0.001417 
 0.001492 
 0 
 0.001516 
 0.001413 
 0 
 0.000167 
 0.001508 
 0.001531 
 0 
 0.000227 
 0.001421 
 0 
 0.000208 
 0 
 0.001508 
 0 
 0 
 0.00151 
 0.001506 
 0.001586 
 0.001442 
 0.0015 
 0.001427 
 0.000126 
 0.001421 
 0.001468 
 0.000211 
 0 
 0.001404 
 0.000334 
 0.001389 
 0.0017 
 0.001463 
 0 
 0.001496 
 0.00142 
 0.001492 
 0.000208 
 0 
 0.001458 
 0 
 0.000306 
 0 
 0 
 0 
 0.000201 
 0.00149 
 0.001565 
 0.000733 
 0.001488 
 0.001492 
 0.001513 
 0.000936 
 0 
 0.00019 
 0.001479 
 0.00148 
 0.000228 
 0 
 0.001499 
 0.001458 
 0 
 0.00156 
 0.001435 
 0.001499 
 0.001408 
 0.001531 
 0 
 0 
 0.00151 
 0.000755 
 0.000226 
 0 
 0.0015 
 0.000288 
 0.000195 
 0.001418 
 0.001476 
 0.000214 
 0 
 0.001473 
 0 
 0.00016 
 0.001506 
 0.001531 
 0.000323 
 0.000177 
 0.001387 
 0.001473 
 0.000151 
 0.001471 
 0.001483 
 0.000284 
 0.00027 
 0.001496 
 0.001511 
 0 
 0.000227 
 0.001495 
 0.001554 
 0.0004 
 0.00018 
 0.001444 
 0.001537 
 0 
 0.000251 
 0.001496 
 0.001516 
 0 
 0.000231 
 0.001473 
 0.00152 
 0.001473 
 0 
 0.001504 
 0.001494 
 0.000265 
 0 
 0.001514 
 0.001398 
 0.000198 
 0.001472 
 0 
 0.000338 
 0 
 0.00149 
 0 
 0.000314 
 0 
 0.001665 
 0.001482 
 0 
 0.001297 
 0.001483 
 0.001524 
 0 
 0.00141 
 0.001482 
 0 
 0.001582 
 0.001519 
 0.001462 
 0 
 0.0002 
 0.001527 
 0.001502 
 0.001465 
 0.00151 
 0.001454 
 0.001399 
 0.001497 
 0.00152 
 0.001439 
 0 
 0 
 0.001423 
 0.001414 
 0 
 0.001433 
 0.001404 
 0.001398 
 0.001474 
 0.001402 
 0.001301 
 0.001413 
 0.001456 
 0.000232 
 0.001409 
 0.001431 
 0.000348 
 0.001434 
 0.001429 
 0 
 0.000175 
 0.00149 
 0.001474 
 0.000351 
 0.000194 
 0.001555 
 0.001485 
 0 
 0.001565 
 0.001475 
 0.001478 
 0 
 0.001496 
 0.001522 
 0.0014 
 0.001484 
 0.001512 
 0.001517 
 0.001516 
 0.000155 
 0.001477 
 0.0014 
 0.000255 
 0.001485 
 0.001509 
 0 
 0.00023 
 0 
 0.001489 
 0 
 0.001592 
 0.00153 
 0.00152 
 0 
 0 
 0.001479 
 0.00153 
 0.001491 
 0.000238 
 0 
 0.001454 
 0 
 0.000209 
 0.001452 
 0.001529 
 0 
 0 
 0.001519 
 0.00143 
 0.000211 
 0.001524 
 0.001473 
 0.001502 
 0.000205 
 0.0015 
 0.001518 
 0 
 0.000126 
 0.001432 
 0.001541 
 0 
 0.00022 
 0 
 0.001579 
 0.001497 
 0.000285 
 0 
 0.001515 
 0.001526 
 0.000125 
 0 
 0.001512 
 0.000237 
 0 
 0.001411 
 0 
 0.000197 
 0.001432 
 0.001391 
 0.001458 
 0.001521 
 0.001482 
 0.000328 
 0.000214 
 0.001543 
 0 
 0.001466 
 0.001545 
 0.001547 
 0.001438 
 0 
 0.000187 
 0.00151 
 0.001402 
 0.000269 
 0.000242 
 0.001503 
 0.001557 
 0.000288 
 0 
 0.001506 
 0 
 0.000173 
 0.001461 
 0.001549 
 0 
 0.000203 
 0.00141 
 0.001541 
 0.000402 
 0.001527 
 0.001621 
 0.001428 
 0 
 0 
 0.001433 
 0 
 0.001293 
 0.001499 
 0.001458 
 0.000272 
 0 
 0.001492 
 0.001454 
 0.000184 
 0.001409 
 0.001517 
 0.000241 
 0.001494 
 0.001463 
 0.000745 
 0.001534 
 0.0015 
 0.001498 
 0 
 0.000249 
 0.001416 
 0 
 0.000185 
 0.001466 
 0.001505 
 0 
 0 
 0.001397 
 0.001503 
 0.000214 
 0 
 0.00149 
 0 
 0 
 0 
 0.001477 
 0.000121 
 0.001514 
 0.001455 
 0.000338 
 0.001498 
 0.001461 
 0.001415 
 0.000183 
 0.00152 
 0.001542 
 0 
 0.00014 
 0.001434 
 0.001487 
 0.000117 
 0.001492 
 0.001465 
 0 
 0.00024 
 0.0015 
 0.001525 
 0.000269 
 0.001563 
 0.001497 
 0.001492 
 0.001453 
 0 
 0.001496 
 0 
 0 
 0.001428 
 0.001431 
 0.000183 
 0.00142 
 0.001466 
 0.000166 
 0.001507 
 0.001593 
 0 
 9.2e-05 
 0.001442 
 0.001465 
 0.000189 
 0 
 0.001536 
 0.001382 
 0.000221 
 0.00149 
 0.001538 
 0.001491 
 0.000144 
 0.001795 
 0 
 0.001482 
 0.000761 
 0.000141 
 0.001432 
 0 
 0.000256 
 0 
 0.001494 
 0 
 0.0002 
 0.001508 
 0.001587 
 0.001437 
 0.000187 
 0.001456 
 0.001496 
 0 
 0.001557 
 0.001486 
 0.00149 
 0 
 0.001501 
 0.001484 
 0.001522 
 0.000289 
 0 
 0.001485 
 0 
 0.000298 
 0 
 0.001682 
 0.001471 
 0.000312 
 0 
 0.001537 
 0.00163 
 0.001517 
 0.000132 
 0.0015 
 0.00148 
 0 
 0.00025 
 0.001598 
 0.001434 
 0 
 0.001388 
 0.001415 
 0 
 0 
 0.001496 
 0.00154 
 0.000277 
 0.001541 
 0.001519 
 0.001502 
 0.000238 
 0.001427 
 0.001417 
 0.000349 
 0 
 0.001426 
 0.001481 
 0.000157 
 0.00145 
 0.001532 
 0.000288 
 0.001525 
 0.00147 
 0.001467 
 0.00023 
 0.001554 
 0.001462 
 0.001504 
 0.000179 
 0 
 0.001469 
 0 
 0.000179 
 0.00153 
 0.001457 
 0.000336 
 0.000152 
 0.001477 
 0.001488 
 0.00031 
 0.001497 
 0.001416 
 0.00152 
 0.001517 
 0.001467 
 0.001546 
 0.001511 
 0.000113 
 0.001447 
 0 
 0.001515 
 0 
 0.001539 
 0.001407 
 0.000275 
 0 
 0.001409 
 0.00034 
 0 
 0.001413 
 0.001393 
 0.000175 
 0.001437 
 0.00151 
 0.000335 
 0.001438 
 0.001545 
 0.001468 
 0.000174 
 0.001552 
 0.00157 
 0.001483 
 0 
 0.001485 
 0.001538 
 0.001395 
 0.000273 
 0 
 0.001639 
 0.001476 
 0.001525 
 0.001426 
 0.001518 
 0 
 0.001507 
 0.001559 
 0.001514 
 0.001424 
 0.001301 
 0.001485 
 0.001395 
 0.001475 
 0 
 0.001511 
 0 
 0.000215 
 0.001515 
 0.001498 
 0.000231 
 0.001485 
 0.001492 
 0.001496 
 0.000189 
 0.001501 
 0.001471 
 0 
 0.001507 
 0.001472 
 0.001527 
 0.001551 
 0 
 0.001481 
 0.001468 
 0.000189 
 0.001471 
 0.001446 
 0.000254 
 0 
 0.001399 
 0.000286 
 0.001466 
 0.001439 
 0.001449 
 0.000242 
 0.001564 
 0.0015 
 0 
 0.000331 
 0.001474 
 0.001495 
 0.000777 
 0.000419 
 0.001616 
 0.001514 
 0.001552 
 0.001522 
 0.000218 
 0.001423 
 0.001564 
 0.001457 
 0.000241 
 0.001508 
 0.001524 
 0.001504 
 0.000128 
 0.001492 
 0.001447 
 0.000328 
 0.000238 
 0.001441 
 0.001424 
 0.000141 
 0.001538 
 0.001439 
 0 
 0.00149 
 0.001507 
 0.001444 
 0.000301 
 0.001655 
 0 
 0.001457 
 0 
 0.001581 
 0.001492 
 0.001486 
 0.00151 
 0.001428 
 0.001525 
 0.001512 
 0 
 0 
 0.00141 
 0.001458 
 0.001492 
 0.001475 
 0.001511 
 0.000285 
 0.00021 
 0.001499 
 0.001391 
 0.000192 
 0.001483 
 0.001466 
 0 
 0 
 0.001515 
 0.00147 
 0.000141 
 0.001408 
 0.001453 
 0.000344 
 0 
 0.001391 
 0 
 0.001749 
 0.001432 
 0.00148 
 0 
 0 
 0.001487 
 0.001495 
 0.001507 
 0.001418 
 0.00149 
 0 
 0 
 0.001497 
 0 
 0.00148 
 0 
 0.001489 
 0.001535 
 0.000243 
 0 
 0.00151 
 0 
 0.001452 
 0 
 0.001545 
 0 
 0.000174 
 0.001507 
 0.001466 
 0.000307 
 0.00158 
 0.001541 
 0.001539 
 0.001638 
 0 
 0.000312 
 0.000434 
 0.001501 
 0.001414 
 0.000393 
 0.001414 
 0.001545 
 0.0015 
 0 
 0 
 0.00148 
 0.001527 
 0.000213 
 0.001505 
 0.001518 
 0.001481 
 0.000169 
 0 
 0.001445 
 0.000296 
 0 
 0.001489 
 0.00142 
 0.000245 
 0 
 0.001481 
 0 
 0.00021 
 0 
 0.001516 
 0.001452 
 0.001507 
 0.00143 
 0.001463 
 0.000209 
 0 
 0.001561 
 0.000758 
 0.001513 
 0.001499 
 0.001438 
 0.000333 
 0.000238 
 0.001481 
 0.001584 
 0 
 0 
 0.001502 
 0.001462 
 0.000368 
 0 
 0.001556 
 0.001508 
 0 
 0.00142 
 0.001444 
 0.001553 
 0.000383 
 0.001434 
 0.001515 
 0.001495 
 0.000326 
 0 
 0.001452 
 0.001517 
 0.000337 
 0.001573 
 0.001486 
 0.001515 
 0.000244 
 0.001779 
 0.000267 
 0.001528 
 0.001499 
 0.000243 
 0.001442 
 0.00166 
 0.001532 
 0 
 0.001594 
 0.001506 
 0.001421 
 0.000729 
 0.000212 
 0 
 0.001515 
 0.00075 
 0.000213 
 0.001471 
 0.001518 
 0 
 0.001467 
 0.001507 
 0.001514 
 0 
 0.001411 
 0.001556 
 0.000772 
 0.000241 
 0.001561 
 0.001522 
 0.001491 
 0.00031 
 0.000317 
 0.001523 
 0.001519 
 0 
 0.000215 
 0.001524 
 0.001508 
 0.001397 
 0.001556 
 0.001407 
 0.001486 
 0.001521 
 0.001492 
 0.001623 
 0.001408 
 0.000338 
 0.001502 
 0.001535 
 0.001577 
 0 
 0.000189 
 0 
 0.001494 
 0.001475 
 0.000128 
 0.001593 
 0.001551 
 0 
 0.000205 
 0 
 0.001513 
 0.001474 
 0.000222 
 0.001571 
 0.001543 
 0.001484 
 0.000461 
 0.000144 
 0.001514 
 0.001437 
 0.001504 
 0 
 0.00143 
 0.000712 
 0.001428 
 0.00149 
 0.001479 
 0.000215 
 0 
 0.001381 
 0.000344 
 0.001413 
 0.001438 
 0.000727 
 0.001438 
 0.001476 
 0 
 0.000203 
 0 
 0.001455 
 0.000354 
 0.001512 
 0.001487 
 0.001534 
 0.000789 
 0.000257 
 0.001635 
 0.001518 
 0.001464 
 0 
 0.001415 
 0.001388 
 0.000314 
 0.001463 
 0.001433 
 0.001475 
 0.001579 
 0.001537 
 0.001439 
 0.001481 
 0.000204 
 0.001487 
 0.001498 
 0 
 0 
 0.001517 
 0 
 0.000177 
 0.001504 
Total Time is 0.942415
